<?xml version="1.0" encoding="utf-8"?>
<TestRun id="fce24a56-83ce-482a-beeb-e2c8b0408d15" name="von12@DESKTOP-OVPKDKR 2026-09-15 11:14:35" runUser="DESKTOP-OVPKDKR\von12" xmlns="http://microsoft.com/schemas/VisualStudio/TeamTest/2010">
  <Times creation="2026-09-15T11:14:35.0487235+10:00" queuing="2026-09-15T11:14:35.0487237+10:00" start="2026-09-15T11:14:33.9063905+10:00" finish="2026-09-15T11:14:35.1722812+10:00" />
  <TestSettings name="default" id="82ea09d9-14aa-4cd9-b1bb-0281b7bf8efd">
    <Deployment runDeploymentRoot="von12_DESKTOP-OVPKDKR_2026-09-15_11_14_35" />
  </TestSettings>
  <Results>
    <UnitTestResult executionId="2a7574bd-471e-44cd-868b-9c92002a551c" testId="3929502a-36c6-3a3e-c139-65f4421c00b0" testName="IFX.Modules.CRM.Domain.Tests.Entities.PartyRelationshipTests.Create_WithEmptyTenantId_ThrowsArgumentException" computerName="DESKTOP-OVPKDKR" duration="00:00:00.0003156" startTime="2026-09-15T11:14:35.0287793+10:00" endTime="2026-09-15T11:14:35.0287794+10:00" testType="13cdc9d9-ddb5-4fa4-a97d-d965ccfc6d4b" outcome="Passed" testListId="8c84fa94-04c1-424b-9868-57a2d4851a1d" relativeResultsDirectory="2a7574bd-471e-44cd-868b-9c92002a551c" />
    <UnitTestResult executionId="ac39a5c6-5133-400f-bdf7-d18b801c79b8" testId="c8f611ee-8d1e-2741-4e73-b3ee3250f5cd" testName="IFX.Modules.CRM.Domain.Tests.Entities.PartyRelationshipTests.Create_WithEmptyFromPartyId_ThrowsArgumentException" computerName="DESKTOP-OVPKDKR" duration="00:00:00.0004967" startTime="2026-09-15T11:14:35.0289638+10:00" endTime="2026-09-15T11:14:35.0289638+10:00" testType="13cdc9d9-ddb5-4fa4-a97d-d965ccfc6d4b" outcome="Passed" testListId="8c84fa94-04c1-424b-9868-57a2d4851a1d" relativeResultsDirectory="ac39a5c6-5133-400f-bdf7-d18b801c79b8" />
    <UnitTestResult executionId="91137052-e48f-4f72-9e6c-7c8faac1dd55" testId="eee87a93-d723-493d-f941-8d7038c349b2" testName="IFX.Modules.CRM.Domain.Tests.Entities.InvestorTests.Create_WithEmptyName_ThrowsArgumentException(name: &quot;&quot;)" computerName="DESKTOP-OVPKDKR" duration="00:00:00.0003000" startTime="2026-09-15T11:14:35.0341717+10:00" endTime="2026-09-15T11:14:35.0341718+10:00" testType="13cdc9d9-ddb5-4fa4-a97d-d965ccfc6d4b" outcome="Passed" testListId="8c84fa94-04c1-424b-9868-57a2d4851a1d" relativeResultsDirectory="91137052-e48f-4f72-9e6c-7c8faac1dd55" />
    <UnitTestResult executionId="eb794110-4152-4a9a-a9bf-8247cf770ec7" testId="481bacf1-40ee-1ef3-2730-e5618f6c2eea" testName="IFX.Modules.CRM.Domain.Tests.Entities.InvestmentAccountTests.Deactivate_SetsStatusToInactive" computerName="DESKTOP-OVPKDKR" duration="00:00:00.0000950" startTime="2026-09-15T11:14:35.0288254+10:00" endTime="2026-09-15T11:14:35.0288255+10:00" testType="13cdc9d9-ddb5-4fa4-a97d-d965ccfc6d4b" outcome="Passed" testListId="8c84fa94-04c1-424b-9868-57a2d4851a1d" relativeResultsDirectory="eb794110-4152-4a9a-a9bf-8247cf770ec7" />
    <UnitTestResult executionId="dcc858b6-9547-4acf-ad07-be13ce0a5529" testId="7ef79ecf-08bf-92e9-fde9-27bd46c90f78" testName="IFX.Modules.CRM.Domain.Tests.Entities.PartyRelationshipTests.IsActive_BeforeEffectiveDate_ReturnsFalse" computerName="DESKTOP-OVPKDKR" duration="00:00:00.0001689" startTime="2026-09-15T11:14:35.0284419+10:00" endTime="2026-09-15T11:14:35.0284420+10:00" testType="13cdc9d9-ddb5-4fa4-a97d-d965ccfc6d4b" outcome="Passed" testListId="8c84fa94-04c1-424b-9868-57a2d4851a1d" relativeResultsDirectory="dcc858b6-9547-4acf-ad07-be13ce0a5529" />
    <UnitTestResult executionId="7d95491d-1537-4ccd-9b40-2c3e26439490" testId="5034a566-40ac-4ddb-be9a-6da717c926a6" testName="IFX.Modules.CRM.Domain.Tests.Entities.AdvisorInvestmentAccountLinkTests.Expire_SetsExpiryDate" computerName="DESKTOP-OVPKDKR" duration="00:00:00.0001282" startTime="2026-09-15T11:14:35.0277536+10:00" endTime="2026-09-15T11:14:35.0277537+10:00" testType="13cdc9d9-ddb5-4fa4-a97d-d965ccfc6d4b" outcome="Passed" testListId="8c84fa94-04c1-424b-9868-57a2d4851a1d" relativeResultsDirectory="7d95491d-1537-4ccd-9b40-2c3e26439490" />
    <UnitTestResult executionId="a2b31742-e917-4be7-b98b-f91edbe7d029" testId="833bbddc-5fe1-8099-1f52-be3e9b02d384" testName="IFX.Modules.CRM.Domain.Tests.Entities.AdvisorInvestmentAccountLinkTests.Create_WithInvalidRebateRate_ThrowsArgumentException(rate: -0.01)" computerName="DESKTOP-OVPKDKR" duration="00:00:00.0031644" startTime="2026-09-15T11:14:34.9918468+10:00" endTime="2026-09-15T11:14:34.9918469+10:00" testType="13cdc9d9-ddb5-4fa4-a97d-d965ccfc6d4b" outcome="Passed" testListId="8c84fa94-04c1-424b-9868-57a2d4851a1d" relativeResultsDirectory="a2b31742-e917-4be7-b98b-f91edbe7d029" />
    <UnitTestResult executionId="2ac923a5-2657-4488-b797-8c595cb4b831" testId="2c47bfe6-d201-8abf-5007-396bb0af720c" testName="IFX.Modules.CRM.Domain.Tests.Entities.PartyRelationshipTests.Create_WhenFromAndToPartySame_ThrowsArgumentException" computerName="DESKTOP-OVPKDKR" duration="00:00:00.0003704" startTime="2026-09-15T11:14:35.0283070+10:00" endTime="2026-09-15T11:14:35.0283070+10:00" testType="13cdc9d9-ddb5-4fa4-a97d-d965ccfc6d4b" outcome="Passed" testListId="8c84fa94-04c1-424b-9868-57a2d4851a1d" relativeResultsDirectory="2ac923a5-2657-4488-b797-8c595cb4b831" />
    <UnitTestResult executionId="fe0b5b44-71e6-4385-a569-263fa6ee8a7b" testId="b0b383e8-947c-7cb9-a0e2-5b8959be0dd7" testName="IFX.Modules.CRM.Domain.Tests.Entities.InvestorTests.Create_WithTaxResidencyCountry_NormalizesToUpperCase" computerName="DESKTOP-OVPKDKR" duration="00:00:00.0001230" startTime="2026-09-15T11:14:35.0292671+10:00" endTime="2026-09-15T11:14:35.0292671+10:00" testType="13cdc9d9-ddb5-4fa4-a97d-d965ccfc6d4b" outcome="Passed" testListId="8c84fa94-04c1-424b-9868-57a2d4851a1d" relativeResultsDirectory="fe0b5b44-71e6-4385-a569-263fa6ee8a7b" />
    <UnitTestResult executionId="527cd249-8fbd-4bb2-8512-58f5d12c407d" testId="324bf2b5-3d40-b18b-1536-fff8ba4ac6b3" testName="IFX.Modules.CRM.Domain.Tests.Entities.InvestmentAccountTests.Update_WithValidParameters_UpdatesFields" computerName="DESKTOP-OVPKDKR" duration="00:00:00.0005620" startTime="2026-09-15T11:14:35.0284971+10:00" endTime="2026-09-15T11:14:35.0284971+10:00" testType="13cdc9d9-ddb5-4fa4-a97d-d965ccfc6d4b" outcome="Passed" testListId="8c84fa94-04c1-424b-9868-57a2d4851a1d" relativeResultsDirectory="527cd249-8fbd-4bb2-8512-58f5d12c407d" />
    <UnitTestResult executionId="40e6d854-8597-48db-bcb9-74ef4cfad19b" testId="959feb1b-388e-6237-e1eb-2359dd6cac64" testName="IFX.Modules.CRM.Domain.Tests.Entities.PartyRelationshipTests.IsActive_AfterExpiry_ReturnsFalse" computerName="DESKTOP-OVPKDKR" duration="00:00:00.0000838" startTime="2026-09-15T11:14:35.0288123+10:00" endTime="2026-09-15T11:14:35.0288123+10:00" testType="13cdc9d9-ddb5-4fa4-a97d-d965ccfc6d4b" outcome="Passed" testListId="8c84fa94-04c1-424b-9868-57a2d4851a1d" relativeResultsDirectory="40e6d854-8597-48db-bcb9-74ef4cfad19b" />
    <UnitTestResult executionId="884c312d-a890-44f5-b3da-d703c0f82fee" testId="3db6ffdb-fc7e-c65e-f7b5-1250f3cfaab2" testName="IFX.Modules.CRM.Domain.Tests.Entities.PartyTests.Create_WithEmptyName_ThrowsArgumentException(name: &quot;&quot;)" computerName="DESKTOP-OVPKDKR" duration="00:00:00.0047006" startTime="2026-09-15T11:14:34.9913771+10:00" endTime="2026-09-15T11:14:34.9913772+10:00" testType="13cdc9d9-ddb5-4fa4-a97d-d965ccfc6d4b" outcome="Passed" testListId="8c84fa94-04c1-424b-9868-57a2d4851a1d" relativeResultsDirectory="884c312d-a890-44f5-b3da-d703c0f82fee" />
    <UnitTestResult executionId="946cb4d1-7293-4f93-9378-c46c7f5875e6" testId="273a368b-ef67-e7a8-2246-ca840d32ba24" testName="IFX.Modules.CRM.Domain.Tests.Entities.AdvisorInvestmentAccountLinkTests.Create_WithEmptyAccountId_ThrowsArgumentException" computerName="DESKTOP-OVPKDKR" duration="00:00:00.0006597" startTime="2026-09-15T11:14:35.0265643+10:00" endTime="2026-09-15T11:14:35.0265644+10:00" testType="13cdc9d9-ddb5-4fa4-a97d-d965ccfc6d4b" outcome="Passed" testListId="8c84fa94-04c1-424b-9868-57a2d4851a1d" relativeResultsDirectory="946cb4d1-7293-4f93-9378-c46c7f5875e6" />
    <UnitTestResult executionId="f560a9d0-daf9-43d2-a9b7-e930cb112c7a" testId="2eb7d05a-e4e4-6b5e-9119-cd3ad8975eec" testName="IFX.Modules.CRM.Domain.Tests.Entities.InvestmentAccountTests.Create_WithEmptyTenantId_ThrowsArgumentException" computerName="DESKTOP-OVPKDKR" duration="00:00:00.0003993" startTime="2026-09-15T11:14:35.0283612+10:00" endTime="2026-09-15T11:14:35.0283612+10:00" testType="13cdc9d9-ddb5-4fa4-a97d-d965ccfc6d4b" outcome="Passed" testListId="8c84fa94-04c1-424b-9868-57a2d4851a1d" relativeResultsDirectory="f560a9d0-daf9-43d2-a9b7-e930cb112c7a" />
    <UnitTestResult executionId="d69484e9-6f79-4ee3-a7e4-9d11f90e11e8" testId="9d89a3f9-0c43-a6cf-d05a-09f9561e4681" testName="IFX.Modules.CRM.Domain.Tests.Entities.PartyRelationshipTests.Create_WithValidParameters_ReturnsRelationship" computerName="DESKTOP-OVPKDKR" duration="00:00:00.0006311" startTime="2026-09-15T11:14:35.0284152+10:00" endTime="2026-09-15T11:14:35.0284152+10:00" testType="13cdc9d9-ddb5-4fa4-a97d-d965ccfc6d4b" outcome="Passed" testListId="8c84fa94-04c1-424b-9868-57a2d4851a1d" relativeResultsDirectory="d69484e9-6f79-4ee3-a7e4-9d11f90e11e8" />
    <UnitTestResult executionId="03329579-d338-43d6-9a65-49c4d3764721" testId="882026b4-1cf7-1da5-d97e-fa1006162c52" testName="IFX.Modules.CRM.Domain.Tests.Entities.InvestorTests.UpdateAmlStatus_SetsAmlFieldsCorrectly" computerName="DESKTOP-OVPKDKR" duration="00:00:00.0012774" startTime="2026-09-15T11:14:35.0301375+10:00" endTime="2026-09-15T11:14:35.0301377+10:00" testType="13cdc9d9-ddb5-4fa4-a97d-d965ccfc6d4b" outcome="Passed" testListId="8c84fa94-04c1-424b-9868-57a2d4851a1d" relativeResultsDirectory="03329579-d338-43d6-9a65-49c4d3764721" />
    <UnitTestResult executionId="051e1e07-40fa-4f5f-8a49-66da89489510" testId="266d35f4-1386-a2b3-112d-24a2584b99ac" testName="IFX.Modules.CRM.Domain.Tests.Entities.PartyTests.Create_TrimsWhitespace" computerName="DESKTOP-OVPKDKR" duration="00:00:00.0001577" startTime="2026-09-15T11:14:35.0268063+10:00" endTime="2026-09-15T11:14:35.0268064+10:00" testType="13cdc9d9-ddb5-4fa4-a97d-d965ccfc6d4b" outcome="Passed" testListId="8c84fa94-04c1-424b-9868-57a2d4851a1d" relativeResultsDirectory="051e1e07-40fa-4f5f-8a49-66da89489510" />
    <UnitTestResult executionId="72d3d96b-bfc0-470c-803f-7ab8da52421b" testId="eda7313f-289f-4bf4-ff42-334cdead6981" testName="IFX.Modules.CRM.Domain.Tests.Entities.InvestmentAccountTests.Create_WithEmptyAccountNumber_ThrowsArgumentException(number: &quot;   &quot;)" computerName="DESKTOP-OVPKDKR" duration="00:00:00.0002730" startTime="2026-09-15T11:14:35.0280177+10:00" endTime="2026-09-15T11:14:35.0280177+10:00" testType="13cdc9d9-ddb5-4fa4-a97d-d965ccfc6d4b" outcome="Passed" testListId="8c84fa94-04c1-424b-9868-57a2d4851a1d" relativeResultsDirectory="72d3d96b-bfc0-470c-803f-7ab8da52421b" />
    <UnitTestResult executionId="45e85b38-c083-48cf-a959-eddd863f07e9" testId="d4f18515-7ee3-cd4a-d216-7e34b1c5f954" testName="IFX.Modules.CRM.Domain.Tests.Entities.InvestorTests.Create_WithEmptyTenantId_ThrowsArgumentException" computerName="DESKTOP-OVPKDKR" duration="00:00:00.0004614" startTime="2026-09-15T11:14:35.0353405+10:00" endTime="2026-09-15T11:14:35.0353406+10:00" testType="13cdc9d9-ddb5-4fa4-a97d-d965ccfc6d4b" outcome="Passed" testListId="8c84fa94-04c1-424b-9868-57a2d4851a1d" relativeResultsDirectory="45e85b38-c083-48cf-a959-eddd863f07e9" />
    <UnitTestResult executionId="5a3f3b75-d420-4f4a-9a93-efbb21e4a984" testId="71e472f1-bd12-b76e-dc19-d890cd5de769" testName="IFX.Modules.CRM.Domain.Tests.Entities.AdvisorInvestmentAccountLinkTests.IsActive_BeforeEffectiveDate_ReturnsFalse" computerName="DESKTOP-OVPKDKR" duration="00:00:00.0000986" startTime="2026-09-15T11:14:35.0278862+10:00" endTime="2026-09-15T11:14:35.0278863+10:00" testType="13cdc9d9-ddb5-4fa4-a97d-d965ccfc6d4b" outcome="Passed" testListId="8c84fa94-04c1-424b-9868-57a2d4851a1d" relativeResultsDirectory="5a3f3b75-d420-4f4a-9a93-efbb21e4a984" />
    <UnitTestResult executionId="5e288922-8518-4bcd-8364-524ea150d705" testId="3a75366c-d53a-28f5-8065-adde5ddad48c" testName="IFX.Modules.CRM.Domain.Tests.Entities.PartyTests.Create_WithEmptyPartyCode_ThrowsArgumentException(code: &quot;&quot;)" computerName="DESKTOP-OVPKDKR" duration="00:00:00.0002586" startTime="2026-09-15T11:14:34.9918806+10:00" endTime="2026-09-15T11:14:34.9918806+10:00" testType="13cdc9d9-ddb5-4fa4-a97d-d965ccfc6d4b" outcome="Passed" testListId="8c84fa94-04c1-424b-9868-57a2d4851a1d" relativeResultsDirectory="5e288922-8518-4bcd-8364-524ea150d705" />
    <UnitTestResult executionId="09eb0e37-a0a3-469e-9109-a23e2700b93b" testId="5680a7a6-3a24-c1d0-4c09-d8a3a704ad6d" testName="IFX.Modules.CRM.Domain.Tests.Entities.InvestorTests.UpdateAmlStatus_BlockedStatus_SetsAmlStatusToBlocked" computerName="DESKTOP-OVPKDKR" duration="00:00:00.0002175" startTime="2026-09-15T11:14:35.0315375+10:00" endTime="2026-09-15T11:14:35.0315375+10:00" testType="13cdc9d9-ddb5-4fa4-a97d-d965ccfc6d4b" outcome="Passed" testListId="8c84fa94-04c1-424b-9868-57a2d4851a1d" relativeResultsDirectory="09eb0e37-a0a3-469e-9109-a23e2700b93b" />
    <UnitTestResult executionId="fa0d6c28-c125-4958-9950-a0259343dadf" testId="a73b6791-d5db-d0dc-1ff5-6aab224280c9" testName="IFX.Modules.CRM.Domain.Tests.Entities.InvestorTests.Create_WithValidParameters_ReturnsInvestor" computerName="DESKTOP-OVPKDKR" duration="00:00:00.0015329" startTime="2026-09-15T11:14:35.0292366+10:00" endTime="2026-09-15T11:14:35.0292367+10:00" testType="13cdc9d9-ddb5-4fa4-a97d-d965ccfc6d4b" outcome="Passed" testListId="8c84fa94-04c1-424b-9868-57a2d4851a1d" relativeResultsDirectory="fa0d6c28-c125-4958-9950-a0259343dadf" />
    <UnitTestResult executionId="0b2c3667-b302-45cd-ba5d-80f1abe26295" testId="6137a2fc-9166-fbd8-c245-3693a379e3f5" testName="IFX.Modules.CRM.Domain.Tests.Entities.PartyTests.Create_WithEmptyName_ThrowsArgumentException(name: &quot;   &quot;)" computerName="DESKTOP-OVPKDKR" duration="00:00:00.0003882" startTime="2026-09-15T11:14:34.9917979+10:00" endTime="2026-09-15T11:14:34.9917979+10:00" testType="13cdc9d9-ddb5-4fa4-a97d-d965ccfc6d4b" outcome="Passed" testListId="8c84fa94-04c1-424b-9868-57a2d4851a1d" relativeResultsDirectory="0b2c3667-b302-45cd-ba5d-80f1abe26295" />
    <UnitTestResult executionId="0b561f42-726b-47b1-9884-90b0f859b931" testId="e1823c80-8391-9c89-1791-5a4ac24b0ae0" testName="IFX.Modules.CRM.Domain.Tests.Entities.InvestorTests.Create_WithEmptyInvestorCode_ThrowsArgumentException(code: &quot;   &quot;)" computerName="DESKTOP-OVPKDKR" duration="00:00:00.0005571" startTime="2026-09-15T11:14:35.0307464+10:00" endTime="2026-09-15T11:14:35.0307465+10:00" testType="13cdc9d9-ddb5-4fa4-a97d-d965ccfc6d4b" outcome="Passed" testListId="8c84fa94-04c1-424b-9868-57a2d4851a1d" relativeResultsDirectory="0b561f42-726b-47b1-9884-90b0f859b931" />
    <UnitTestResult executionId="ca61e473-8290-4027-a3df-e0eca640ed5f" testId="4e8c3bca-ccef-153f-3692-bedab2bf5a32" testName="IFX.Modules.CRM.Domain.Tests.Entities.PartyRelationshipTests.Expire_IsIdempotent" computerName="DESKTOP-OVPKDKR" duration="00:00:00.0005462" startTime="2026-09-15T11:14:35.0279876+10:00" endTime="2026-09-15T11:14:35.0279876+10:00" testType="13cdc9d9-ddb5-4fa4-a97d-d965ccfc6d4b" outcome="Passed" testListId="8c84fa94-04c1-424b-9868-57a2d4851a1d" relativeResultsDirectory="ca61e473-8290-4027-a3df-e0eca640ed5f" />
    <UnitTestResult executionId="23257c4b-45ca-4db9-8d27-c99ec0bbd178" testId="907abe21-3c1b-9e64-0f94-7a884538919a" testName="IFX.Modules.CRM.Domain.Tests.Entities.PartyRelationshipTests.Expire_SetsExpiryDate" computerName="DESKTOP-OVPKDKR" duration="00:00:00.0001076" startTime="2026-09-15T11:14:35.0283355+10:00" endTime="2026-09-15T11:14:35.0283355+10:00" testType="13cdc9d9-ddb5-4fa4-a97d-d965ccfc6d4b" outcome="Passed" testListId="8c84fa94-04c1-424b-9868-57a2d4851a1d" relativeResultsDirectory="23257c4b-45ca-4db9-8d27-c99ec0bbd178" />
    <UnitTestResult executionId="04a558a3-9dc2-40a2-a3fd-01be830e8290" testId="8437a3c8-bf5e-1dbe-1edd-751762253ba8" testName="IFX.Modules.CRM.Domain.Tests.Entities.InvestmentAccountTests.Create_WithEmptyAccountNumber_ThrowsArgumentException(number: &quot;&quot;)" computerName="DESKTOP-OVPKDKR" duration="00:00:00.0006022" startTime="2026-09-15T11:14:35.0279706+10:00" endTime="2026-09-15T11:14:35.0279707+10:00" testType="13cdc9d9-ddb5-4fa4-a97d-d965ccfc6d4b" outcome="Passed" testListId="8c84fa94-04c1-424b-9868-57a2d4851a1d" relativeResultsDirectory="04a558a3-9dc2-40a2-a3fd-01be830e8290" />
    <UnitTestResult executionId="83c6df0e-fb0d-49a1-8c46-12e8fe69e57c" testId="e3ed56fc-fe18-cf27-0505-8a73b4c106a9" testName="IFX.Modules.CRM.Domain.Tests.Entities.AdvisorInvestmentAccountLinkTests.Create_WithRebateRate_StoresRebateRate" computerName="DESKTOP-OVPKDKR" duration="00:00:00.0007079" startTime="2026-09-15T11:14:35.0278247+10:00" endTime="2026-09-15T11:14:35.0278247+10:00" testType="13cdc9d9-ddb5-4fa4-a97d-d965ccfc6d4b" outcome="Passed" testListId="8c84fa94-04c1-424b-9868-57a2d4851a1d" relativeResultsDirectory="83c6df0e-fb0d-49a1-8c46-12e8fe69e57c" />
    <UnitTestResult executionId="d64e6296-1dd4-4828-b66e-d0df45552b84" testId="3ba62fef-dd04-a9e6-8a98-69c940ceedc6" testName="IFX.Modules.CRM.Domain.Tests.Entities.InvestorTests.UpdateAmlStatus_DefaultsToNotChecked" computerName="DESKTOP-OVPKDKR" duration="00:00:00.0001225" startTime="2026-09-15T11:14:35.0311931+10:00" endTime="2026-09-15T11:14:35.0311931+10:00" testType="13cdc9d9-ddb5-4fa4-a97d-d965ccfc6d4b" outcome="Passed" testListId="8c84fa94-04c1-424b-9868-57a2d4851a1d" relativeResultsDirectory="d64e6296-1dd4-4828-b66e-d0df45552b84" />
    <UnitTestResult executionId="07a263b9-88ca-4d62-baef-0faeadb74561" testId="0c6f129f-78ca-f8f3-4258-aa64f2f7de95" testName="IFX.Modules.CRM.Domain.Tests.Entities.InvestorTests.UpdateKyc_SetsKycStatusAndTimestamp" computerName="DESKTOP-OVPKDKR" duration="00:00:00.0011642" startTime="2026-09-15T11:14:35.0328059+10:00" endTime="2026-09-15T11:14:35.0328061+10:00" testType="13cdc9d9-ddb5-4fa4-a97d-d965ccfc6d4b" outcome="Passed" testListId="8c84fa94-04c1-424b-9868-57a2d4851a1d" relativeResultsDirectory="07a263b9-88ca-4d62-baef-0faeadb74561" />
    <UnitTestResult executionId="ea1e3a79-f89b-4a82-a544-a55b5494d330" testId="b3826872-6aa3-4c20-df84-16f5576c6bca" testName="IFX.Modules.CRM.Domain.Tests.Entities.AdvisorInvestmentAccountLinkTests.Create_WithInvalidRebateRate_ThrowsArgumentException(rate: 100.01000000000001)" computerName="DESKTOP-OVPKDKR" duration="00:00:00.0002923" startTime="2026-09-15T11:14:34.9919676+10:00" endTime="2026-09-15T11:14:34.9919677+10:00" testType="13cdc9d9-ddb5-4fa4-a97d-d965ccfc6d4b" outcome="Passed" testListId="8c84fa94-04c1-424b-9868-57a2d4851a1d" relativeResultsDirectory="ea1e3a79-f89b-4a82-a544-a55b5494d330" />
    <UnitTestResult executionId="d9fd104e-acb1-40a6-9578-6e93d370eb8f" testId="f00a83dc-3ce6-632c-9882-93a0c01643b5" testName="IFX.Modules.CRM.Domain.Tests.Entities.AdvisorInvestmentAccountLinkTests.Create_WithEmptyTenantId_ThrowsArgumentException" computerName="DESKTOP-OVPKDKR" duration="00:00:00.0003467" startTime="2026-09-15T11:14:35.0267528+10:00" endTime="2026-09-15T11:14:35.0267528+10:00" testType="13cdc9d9-ddb5-4fa4-a97d-d965ccfc6d4b" outcome="Passed" testListId="8c84fa94-04c1-424b-9868-57a2d4851a1d" relativeResultsDirectory="d9fd104e-acb1-40a6-9578-6e93d370eb8f" />
    <UnitTestResult executionId="a5f7ab8e-9a7f-4000-953c-be21e71c9163" testId="0d0f21b5-3b06-272a-288f-1be8509eb484" testName="IFX.Modules.CRM.Domain.Tests.Entities.InvestmentAccountTests.Create_WithCertificateDate_StoresCertificateDate" computerName="DESKTOP-OVPKDKR" duration="00:00:00.0000984" startTime="2026-09-15T11:14:35.0287555+10:00" endTime="2026-09-15T11:14:35.0287556+10:00" testType="13cdc9d9-ddb5-4fa4-a97d-d965ccfc6d4b" outcome="Passed" testListId="8c84fa94-04c1-424b-9868-57a2d4851a1d" relativeResultsDirectory="a5f7ab8e-9a7f-4000-953c-be21e71c9163" />
    <UnitTestResult executionId="f49fd720-0579-4ebd-b768-8919bbe7ca59" testId="8ad8f7ac-8516-e545-716c-c9b5586a29db" testName="IFX.Modules.CRM.Domain.Tests.Entities.InvestmentAccountTests.Lock_SetsStatusToLocked" computerName="DESKTOP-OVPKDKR" duration="00:00:00.0001083" startTime="2026-09-15T11:14:35.0289190+10:00" endTime="2026-09-15T11:14:35.0289190+10:00" testType="13cdc9d9-ddb5-4fa4-a97d-d965ccfc6d4b" outcome="Passed" testListId="8c84fa94-04c1-424b-9868-57a2d4851a1d" relativeResultsDirectory="f49fd720-0579-4ebd-b768-8919bbe7ca59" />
    <UnitTestResult executionId="59685eda-c343-43db-950b-352ba88850fe" testId="d037736d-8f8d-d335-dbcd-18f77b3e63ad" testName="IFX.Modules.CRM.Domain.Tests.Entities.InvestorTests.Update_WithValidParameters_UpdatesFields" computerName="DESKTOP-OVPKDKR" duration="00:00:00.0003119" startTime="2026-09-15T11:14:35.0345705+10:00" endTime="2026-09-15T11:14:35.0345706+10:00" testType="13cdc9d9-ddb5-4fa4-a97d-d965ccfc6d4b" outcome="Passed" testListId="8c84fa94-04c1-424b-9868-57a2d4851a1d" relativeResultsDirectory="59685eda-c343-43db-950b-352ba88850fe" />
    <UnitTestResult executionId="a2d988c9-9ce1-4079-86e8-99bc4b579b01" testId="4dc20daa-6824-e1d3-ca3b-8dcebba2d034" testName="IFX.Modules.CRM.Domain.Tests.Entities.PartyTests.Create_WithEmptyTenantId_ThrowsArgumentException" computerName="DESKTOP-OVPKDKR" duration="00:00:00.0005678" startTime="2026-09-15T11:14:35.0268704+10:00" endTime="2026-09-15T11:14:35.0268704+10:00" testType="13cdc9d9-ddb5-4fa4-a97d-d965ccfc6d4b" outcome="Passed" testListId="8c84fa94-04c1-424b-9868-57a2d4851a1d" relativeResultsDirectory="a2d988c9-9ce1-4079-86e8-99bc4b579b01" />
    <UnitTestResult executionId="aea672bd-8472-4b26-9f31-589a02bf9b75" testId="9356ca15-323d-a286-e69e-902ed5a6447a" testName="IFX.Modules.CRM.Domain.Tests.Entities.PartyRelationshipTests.Create_WithEmptyToPartyId_ThrowsArgumentException" computerName="DESKTOP-OVPKDKR" duration="00:00:00.0002797" startTime="2026-09-15T11:14:35.0288883+10:00" endTime="2026-09-15T11:14:35.0288884+10:00" testType="13cdc9d9-ddb5-4fa4-a97d-d965ccfc6d4b" outcome="Passed" testListId="8c84fa94-04c1-424b-9868-57a2d4851a1d" relativeResultsDirectory="aea672bd-8472-4b26-9f31-589a02bf9b75" />
    <UnitTestResult executionId="3f5a2634-dd59-4aaa-b4c0-67fb05ea7a78" testId="4cba8cc0-a187-3955-addf-69c1cf1edeb9" testName="IFX.Modules.CRM.Domain.Tests.Entities.InvestmentAccountTests.Create_WithValidParameters_ReturnsAccount" computerName="DESKTOP-OVPKDKR" duration="00:00:00.0002421" startTime="2026-09-15T11:14:35.0288631+10:00" endTime="2026-09-15T11:14:35.0288631+10:00" testType="13cdc9d9-ddb5-4fa4-a97d-d965ccfc6d4b" outcome="Passed" testListId="8c84fa94-04c1-424b-9868-57a2d4851a1d" relativeResultsDirectory="3f5a2634-dd59-4aaa-b4c0-67fb05ea7a78" />
    <UnitTestResult executionId="03dccc1a-19d9-496a-81ae-5a15289d5592" testId="29fc15d3-8cac-7fd4-54ca-ad08e426d509" testName="IFX.Modules.CRM.Domain.Tests.Entities.InvestmentAccountTests.Activate_SetsStatusToActive" computerName="DESKTOP-OVPKDKR" duration="00:00:00.0003629" startTime="2026-09-15T11:14:35.0283879+10:00" endTime="2026-09-15T11:14:35.0283879+10:00" testType="13cdc9d9-ddb5-4fa4-a97d-d965ccfc6d4b" outcome="Passed" testListId="8c84fa94-04c1-424b-9868-57a2d4851a1d" relativeResultsDirectory="03dccc1a-19d9-496a-81ae-5a15289d5592" />
    <UnitTestResult executionId="83ca88f0-ce8d-4f2b-bf97-e59d8a19960c" testId="b7e2dc81-a4e5-4b99-39e9-23480522deb6" testName="IFX.Modules.CRM.Domain.Tests.Entities.AdvisorInvestmentAccountLinkTests.IsActive_OnEffectiveDate_ReturnsTrue" computerName="DESKTOP-OVPKDKR" duration="00:00:00.0002295" startTime="2026-09-15T11:14:35.0279212+10:00" endTime="2026-09-15T11:14:35.0279212+10:00" testType="13cdc9d9-ddb5-4fa4-a97d-d965ccfc6d4b" outcome="Passed" testListId="8c84fa94-04c1-424b-9868-57a2d4851a1d" relativeResultsDirectory="83ca88f0-ce8d-4f2b-bf97-e59d8a19960c" />
    <UnitTestResult executionId="4a35c192-afc7-44bc-9c18-5c8e45e910b9" testId="b29bb96b-d63d-4669-36ea-b88fb46e700a" testName="IFX.Modules.CRM.Domain.Tests.Entities.PartyTests.Update_WithEmptyName_ThrowsArgumentException(name: &quot;&quot;)" computerName="DESKTOP-OVPKDKR" duration="00:00:00.0006363" startTime="2026-09-15T11:14:34.9919988+10:00" endTime="2026-09-15T11:14:34.9919988+10:00" testType="13cdc9d9-ddb5-4fa4-a97d-d965ccfc6d4b" outcome="Passed" testListId="8c84fa94-04c1-424b-9868-57a2d4851a1d" relativeResultsDirectory="4a35c192-afc7-44bc-9c18-5c8e45e910b9" />
    <UnitTestResult executionId="d35189a2-d132-407f-affa-6ac4b34255ce" testId="24d4d26f-586b-adb3-cb6f-08b2cbf428ca" testName="IFX.Modules.CRM.Domain.Tests.Entities.AdvisorInvestmentAccountLinkTests.Create_WithValidParameters_ReturnsLink" computerName="DESKTOP-OVPKDKR" duration="00:00:00.0127203" startTime="2026-09-15T11:14:35.0268573+10:00" endTime="2026-09-15T11:14:35.0268574+10:00" testType="13cdc9d9-ddb5-4fa4-a97d-d965ccfc6d4b" outcome="Passed" testListId="8c84fa94-04c1-424b-9868-57a2d4851a1d" relativeResultsDirectory="d35189a2-d132-407f-affa-6ac4b34255ce" />
    <UnitTestResult executionId="0a086715-b992-4279-8751-be0a7cd3bee1" testId="70d02112-e54c-20fa-5a0e-588c1f0f9de9" testName="IFX.Modules.CRM.Domain.Tests.Entities.PartyRelationshipTests.IsActive_OnEffectiveDate_ReturnsTrue" computerName="DESKTOP-OVPKDKR" duration="00:00:00.0000687" startTime="2026-09-15T11:14:35.0284682+10:00" endTime="2026-09-15T11:14:35.0284683+10:00" testType="13cdc9d9-ddb5-4fa4-a97d-d965ccfc6d4b" outcome="Passed" testListId="8c84fa94-04c1-424b-9868-57a2d4851a1d" relativeResultsDirectory="0a086715-b992-4279-8751-be0a7cd3bee1" />
    <UnitTestResult executionId="483511df-d275-41b6-817a-d62809c828a8" testId="56f0de39-f641-f1f4-4364-229969fddf9f" testName="IFX.Modules.CRM.Domain.Tests.Entities.InvestorTests.Close_SetsStatusToClosed" computerName="DESKTOP-OVPKDKR" duration="00:00:00.0001101" startTime="2026-09-15T11:14:35.0355326+10:00" endTime="2026-09-15T11:14:35.0355326+10:00" testType="13cdc9d9-ddb5-4fa4-a97d-d965ccfc6d4b" outcome="Passed" testListId="8c84fa94-04c1-424b-9868-57a2d4851a1d" relativeResultsDirectory="483511df-d275-41b6-817a-d62809c828a8" />
    <UnitTestResult executionId="95485485-708b-4f3e-80f3-deb300bcc77d" testId="2b6bb680-ee7e-e252-fa92-fb05a05c5574" testName="IFX.Modules.CRM.Domain.Tests.Entities.InvestorTests.Create_WithEmptyInvestorCode_ThrowsArgumentException(code: &quot;&quot;)" computerName="DESKTOP-OVPKDKR" duration="00:00:00.0002632" startTime="2026-09-15T11:14:35.0310407+10:00" endTime="2026-09-15T11:14:35.0310408+10:00" testType="13cdc9d9-ddb5-4fa4-a97d-d965ccfc6d4b" outcome="Passed" testListId="8c84fa94-04c1-424b-9868-57a2d4851a1d" relativeResultsDirectory="95485485-708b-4f3e-80f3-deb300bcc77d" />
    <UnitTestResult executionId="75e21d3b-f033-4665-969f-27db2f3ccb15" testId="bf10229a-a493-ccef-79cb-e437531f0abd" testName="IFX.Modules.CRM.Domain.Tests.Entities.PartyTests.Update_WithValidParameters_UpdatesParty" computerName="DESKTOP-OVPKDKR" duration="00:00:00.0015019" startTime="2026-09-15T11:14:35.0267763+10:00" endTime="2026-09-15T11:14:35.0267763+10:00" testType="13cdc9d9-ddb5-4fa4-a97d-d965ccfc6d4b" outcome="Passed" testListId="8c84fa94-04c1-424b-9868-57a2d4851a1d" relativeResultsDirectory="75e21d3b-f033-4665-969f-27db2f3ccb15" />
    <UnitTestResult executionId="79bb4f16-71e9-4dc5-9355-421fbe414575" testId="6b2a8eda-2e8d-4063-2dcc-07ba21c31aa8" testName="IFX.Modules.CRM.Domain.Tests.Entities.InvestorTests.Create_WithEmptyName_ThrowsArgumentException(name: &quot;   &quot;)" computerName="DESKTOP-OVPKDKR" duration="00:00:00.0005526" startTime="2026-09-15T11:14:35.0334590+10:00" endTime="2026-09-15T11:14:35.0334591+10:00" testType="13cdc9d9-ddb5-4fa4-a97d-d965ccfc6d4b" outcome="Passed" testListId="8c84fa94-04c1-424b-9868-57a2d4851a1d" relativeResultsDirectory="79bb4f16-71e9-4dc5-9355-421fbe414575" />
    <UnitTestResult executionId="2d247952-de5e-43ed-a1d9-f971d2effc94" testId="c4bef83d-927e-6e6e-7844-f233826a6527" testName="IFX.Modules.CRM.Domain.Tests.Entities.InvestorTests.UpdateKyc_CanTransitionToRejected" computerName="DESKTOP-OVPKDKR" duration="00:00:00.0001134" startTime="2026-09-15T11:14:35.0347825+10:00" endTime="2026-09-15T11:14:35.0347825+10:00" testType="13cdc9d9-ddb5-4fa4-a97d-d965ccfc6d4b" outcome="Passed" testListId="8c84fa94-04c1-424b-9868-57a2d4851a1d" relativeResultsDirectory="2d247952-de5e-43ed-a1d9-f971d2effc94" />
    <UnitTestResult executionId="c9039b52-35cc-4809-b5b1-fed684537784" testId="93dddc5f-81c4-7f08-8ca6-6952b66391fe" testName="IFX.Modules.CRM.Domain.Tests.Entities.PartyTests.Close_SetsStatusToClosed" computerName="DESKTOP-OVPKDKR" duration="00:00:00.0442556" startTime="2026-09-15T11:14:34.9811937+10:00" endTime="2026-09-15T11:14:34.9812053+10:00" testType="13cdc9d9-ddb5-4fa4-a97d-d965ccfc6d4b" outcome="Passed" testListId="8c84fa94-04c1-424b-9868-57a2d4851a1d" relativeResultsDirectory="c9039b52-35cc-4809-b5b1-fed684537784" />
    <UnitTestResult executionId="be8efb7c-ccf5-4982-b2f5-490f81ac5902" testId="c0445102-cc34-04d3-d099-bf70cc52dc2d" testName="IFX.Modules.CRM.Domain.Tests.Entities.AdvisorInvestmentAccountLinkTests.IsActive_AfterExpiry_ReturnsFalse" computerName="DESKTOP-OVPKDKR" duration="00:00:00.0007538" startTime="2026-09-15T11:14:35.0267190+10:00" endTime="2026-09-15T11:14:35.0267190+10:00" testType="13cdc9d9-ddb5-4fa4-a97d-d965ccfc6d4b" outcome="Passed" testListId="8c84fa94-04c1-424b-9868-57a2d4851a1d" relativeResultsDirectory="be8efb7c-ccf5-4982-b2f5-490f81ac5902" />
    <UnitTestResult executionId="cb67aa54-9ed0-4c99-9f66-0776d4888bf7" testId="a7d5e35c-0660-24fe-aa09-a544d852a70b" testName="IFX.Modules.CRM.Domain.Tests.Entities.InvestmentAccountTests.Create_NormalizesAccountNumberToUpperCase" computerName="DESKTOP-OVPKDKR" duration="00:00:00.0000777" startTime="2026-09-15T11:14:35.0289465+10:00" endTime="2026-09-15T11:14:35.0289466+10:00" testType="13cdc9d9-ddb5-4fa4-a97d-d965ccfc6d4b" outcome="Passed" testListId="8c84fa94-04c1-424b-9868-57a2d4851a1d" relativeResultsDirectory="cb67aa54-9ed0-4c99-9f66-0776d4888bf7" />
    <UnitTestResult executionId="3067449c-6942-4f00-9804-7b0d1e1d76f7" testId="da197819-1a98-d25c-148c-4b50fb8829c5" testName="IFX.Modules.CRM.Domain.Tests.Entities.PartyTests.Create_WithEmptyPartyCode_ThrowsArgumentException(code: &quot;   &quot;)" computerName="DESKTOP-OVPKDKR" duration="00:00:00.0003803" startTime="2026-09-15T11:14:34.9918342+10:00" endTime="2026-09-15T11:14:34.9918342+10:00" testType="13cdc9d9-ddb5-4fa4-a97d-d965ccfc6d4b" outcome="Passed" testListId="8c84fa94-04c1-424b-9868-57a2d4851a1d" relativeResultsDirectory="3067449c-6942-4f00-9804-7b0d1e1d76f7" />
    <UnitTestResult executionId="c5a0890a-5237-4b12-8506-bc676b491c7e" testId="d5e90ddb-73fd-3ff4-8cf7-7efd5d2738c6" testName="IFX.Modules.CRM.Domain.Tests.Entities.PartyTests.Update_WithEmptyName_ThrowsArgumentException(name: &quot;   &quot;)" computerName="DESKTOP-OVPKDKR" duration="00:00:00.0002421" startTime="2026-09-15T11:14:35.0266894+10:00" endTime="2026-09-15T11:14:35.0266894+10:00" testType="13cdc9d9-ddb5-4fa4-a97d-d965ccfc6d4b" outcome="Passed" testListId="8c84fa94-04c1-424b-9868-57a2d4851a1d" relativeResultsDirectory="c5a0890a-5237-4b12-8506-bc676b491c7e" />
    <UnitTestResult executionId="f7b5bc8f-f917-4bfd-8213-960ab8d7eaa2" testId="730545cb-b44b-d2a2-c213-ad9b6c519483" testName="IFX.Modules.CRM.Domain.Tests.Entities.PartyTests.Create_WithValidParameters_ReturnsParty" computerName="DESKTOP-OVPKDKR" duration="00:00:00.0113460" startTime="2026-09-15T11:14:35.0268320+10:00" endTime="2026-09-15T11:14:35.0268320+10:00" testType="13cdc9d9-ddb5-4fa4-a97d-d965ccfc6d4b" outcome="Passed" testListId="8c84fa94-04c1-424b-9868-57a2d4851a1d" relativeResultsDirectory="f7b5bc8f-f917-4bfd-8213-960ab8d7eaa2" />
    <UnitTestResult executionId="d6e044c8-c4cd-4a75-856a-ac225a13a359" testId="6d63a999-be80-d8f9-9a2f-15ade938d8cd" testName="IFX.Modules.CRM.Domain.Tests.Entities.AdvisorInvestmentAccountLinkTests.Create_WithEmptyAdvisorId_ThrowsArgumentException" computerName="DESKTOP-OVPKDKR" duration="00:00:00.0004365" startTime="2026-09-15T11:14:35.0278524+10:00" endTime="2026-09-15T11:14:35.0278524+10:00" testType="13cdc9d9-ddb5-4fa4-a97d-d965ccfc6d4b" outcome="Passed" testListId="8c84fa94-04c1-424b-9868-57a2d4851a1d" relativeResultsDirectory="d6e044c8-c4cd-4a75-856a-ac225a13a359" />
  </Results>
  <TestDefinitions>
    <UnitTest name="IFX.Modules.CRM.Domain.Tests.Entities.InvestorTests.Create_WithEmptyInvestorCode_ThrowsArgumentException(code: &quot;&quot;)" storage="d:\ifx\tests\ifx.modules.crm.domain.tests\bin\debug\net8.0\ifx.modules.crm.domain.tests.dll" id="2b6bb680-ee7e-e252-fa92-fb05a05c5574">
      <Execution id="95485485-708b-4f3e-80f3-deb300bcc77d" />
      <TestMethod codeBase="D:\IFX\tests\IFX.Modules.CRM.Domain.Tests\bin\Debug\net8.0\IFX.Modules.CRM.Domain.Tests.dll" adapterTypeName="executor://xunit/VsTestRunner2/netcoreapp" className="IFX.Modules.CRM.Domain.Tests.Entities.InvestorTests" name="Create_WithEmptyInvestorCode_ThrowsArgumentException" />
    </UnitTest>
    <UnitTest name="IFX.Modules.CRM.Domain.Tests.Entities.InvestorTests.Create_WithValidParameters_ReturnsInvestor" storage="d:\ifx\tests\ifx.modules.crm.domain.tests\bin\debug\net8.0\ifx.modules.crm.domain.tests.dll" id="a73b6791-d5db-d0dc-1ff5-6aab224280c9">
      <Execution id="fa0d6c28-c125-4958-9950-a0259343dadf" />
      <TestMethod codeBase="D:\IFX\tests\IFX.Modules.CRM.Domain.Tests\bin\Debug\net8.0\IFX.Modules.CRM.Domain.Tests.dll" adapterTypeName="executor://xunit/VsTestRunner2/netcoreapp" className="IFX.Modules.CRM.Domain.Tests.Entities.InvestorTests" name="Create_WithValidParameters_ReturnsInvestor" />
    </UnitTest>
    <UnitTest name="IFX.Modules.CRM.Domain.Tests.Entities.AdvisorInvestmentAccountLinkTests.IsActive_AfterExpiry_ReturnsFalse" storage="d:\ifx\tests\ifx.modules.crm.domain.tests\bin\debug\net8.0\ifx.modules.crm.domain.tests.dll" id="c0445102-cc34-04d3-d099-bf70cc52dc2d">
      <Execution id="be8efb7c-ccf5-4982-b2f5-490f81ac5902" />
      <TestMethod codeBase="D:\IFX\tests\IFX.Modules.CRM.Domain.Tests\bin\Debug\net8.0\IFX.Modules.CRM.Domain.Tests.dll" adapterTypeName="executor://xunit/VsTestRunner2/netcoreapp" className="IFX.Modules.CRM.Domain.Tests.Entities.AdvisorInvestmentAccountLinkTests" name="IsActive_AfterExpiry_ReturnsFalse" />
    </UnitTest>
    <UnitTest name="IFX.Modules.CRM.Domain.Tests.Entities.InvestmentAccountTests.Create_WithEmptyTenantId_ThrowsArgumentException" storage="d:\ifx\tests\ifx.modules.crm.domain.tests\bin\debug\net8.0\ifx.modules.crm.domain.tests.dll" id="2eb7d05a-e4e4-6b5e-9119-cd3ad8975eec">
      <Execution id="f560a9d0-daf9-43d2-a9b7-e930cb112c7a" />
      <TestMethod codeBase="D:\IFX\tests\IFX.Modules.CRM.Domain.Tests\bin\Debug\net8.0\IFX.Modules.CRM.Domain.Tests.dll" adapterTypeName="executor://xunit/VsTestRunner2/netcoreapp" className="IFX.Modules.CRM.Domain.Tests.Entities.InvestmentAccountTests" name="Create_WithEmptyTenantId_ThrowsArgumentException" />
    </UnitTest>
    <UnitTest name="IFX.Modules.CRM.Domain.Tests.Entities.InvestmentAccountTests.Create_WithEmptyAccountNumber_ThrowsArgumentException(number: &quot;&quot;)" storage="d:\ifx\tests\ifx.modules.crm.domain.tests\bin\debug\net8.0\ifx.modules.crm.domain.tests.dll" id="8437a3c8-bf5e-1dbe-1edd-751762253ba8">
      <Execution id="04a558a3-9dc2-40a2-a3fd-01be830e8290" />
      <TestMethod codeBase="D:\IFX\tests\IFX.Modules.CRM.Domain.Tests\bin\Debug\net8.0\IFX.Modules.CRM.Domain.Tests.dll" adapterTypeName="executor://xunit/VsTestRunner2/netcoreapp" className="IFX.Modules.CRM.Domain.Tests.Entities.InvestmentAccountTests" name="Create_WithEmptyAccountNumber_ThrowsArgumentException" />
    </UnitTest>
    <UnitTest name="IFX.Modules.CRM.Domain.Tests.Entities.InvestmentAccountTests.Activate_SetsStatusToActive" storage="d:\ifx\tests\ifx.modules.crm.domain.tests\bin\debug\net8.0\ifx.modules.crm.domain.tests.dll" id="29fc15d3-8cac-7fd4-54ca-ad08e426d509">
      <Execution id="03dccc1a-19d9-496a-81ae-5a15289d5592" />
      <TestMethod codeBase="D:\IFX\tests\IFX.Modules.CRM.Domain.Tests\bin\Debug\net8.0\IFX.Modules.CRM.Domain.Tests.dll" adapterTypeName="executor://xunit/VsTestRunner2/netcoreapp" className="IFX.Modules.CRM.Domain.Tests.Entities.InvestmentAccountTests" name="Activate_SetsStatusToActive" />
    </UnitTest>
    <UnitTest name="IFX.Modules.CRM.Domain.Tests.Entities.InvestorTests.Close_SetsStatusToClosed" storage="d:\ifx\tests\ifx.modules.crm.domain.tests\bin\debug\net8.0\ifx.modules.crm.domain.tests.dll" id="56f0de39-f641-f1f4-4364-229969fddf9f">
      <Execution id="483511df-d275-41b6-817a-d62809c828a8" />
      <TestMethod codeBase="D:\IFX\tests\IFX.Modules.CRM.Domain.Tests\bin\Debug\net8.0\IFX.Modules.CRM.Domain.Tests.dll" adapterTypeName="executor://xunit/VsTestRunner2/netcoreapp" className="IFX.Modules.CRM.Domain.Tests.Entities.InvestorTests" name="Close_SetsStatusToClosed" />
    </UnitTest>
    <UnitTest name="IFX.Modules.CRM.Domain.Tests.Entities.InvestmentAccountTests.Create_WithCertificateDate_StoresCertificateDate" storage="d:\ifx\tests\ifx.modules.crm.domain.tests\bin\debug\net8.0\ifx.modules.crm.domain.tests.dll" id="0d0f21b5-3b06-272a-288f-1be8509eb484">
      <Execution id="a5f7ab8e-9a7f-4000-953c-be21e71c9163" />
      <TestMethod codeBase="D:\IFX\tests\IFX.Modules.CRM.Domain.Tests\bin\Debug\net8.0\IFX.Modules.CRM.Domain.Tests.dll" adapterTypeName="executor://xunit/VsTestRunner2/netcoreapp" className="IFX.Modules.CRM.Domain.Tests.Entities.InvestmentAccountTests" name="Create_WithCertificateDate_StoresCertificateDate" />
    </UnitTest>
    <UnitTest name="IFX.Modules.CRM.Domain.Tests.Entities.PartyRelationshipTests.Create_WithEmptyFromPartyId_ThrowsArgumentException" storage="d:\ifx\tests\ifx.modules.crm.domain.tests\bin\debug\net8.0\ifx.modules.crm.domain.tests.dll" id="c8f611ee-8d1e-2741-4e73-b3ee3250f5cd">
      <Execution id="ac39a5c6-5133-400f-bdf7-d18b801c79b8" />
      <TestMethod codeBase="D:\IFX\tests\IFX.Modules.CRM.Domain.Tests\bin\Debug\net8.0\IFX.Modules.CRM.Domain.Tests.dll" adapterTypeName="executor://xunit/VsTestRunner2/netcoreapp" className="IFX.Modules.CRM.Domain.Tests.Entities.PartyRelationshipTests" name="Create_WithEmptyFromPartyId_ThrowsArgumentException" />
    </UnitTest>
    <UnitTest name="IFX.Modules.CRM.Domain.Tests.Entities.AdvisorInvestmentAccountLinkTests.Create_WithValidParameters_ReturnsLink" storage="d:\ifx\tests\ifx.modules.crm.domain.tests\bin\debug\net8.0\ifx.modules.crm.domain.tests.dll" id="24d4d26f-586b-adb3-cb6f-08b2cbf428ca">
      <Execution id="d35189a2-d132-407f-affa-6ac4b34255ce" />
      <TestMethod codeBase="D:\IFX\tests\IFX.Modules.CRM.Domain.Tests\bin\Debug\net8.0\IFX.Modules.CRM.Domain.Tests.dll" adapterTypeName="executor://xunit/VsTestRunner2/netcoreapp" className="IFX.Modules.CRM.Domain.Tests.Entities.AdvisorInvestmentAccountLinkTests" name="Create_WithValidParameters_ReturnsLink" />
    </UnitTest>
    <UnitTest name="IFX.Modules.CRM.Domain.Tests.Entities.InvestorTests.UpdateKyc_CanTransitionToRejected" storage="d:\ifx\tests\ifx.modules.crm.domain.tests\bin\debug\net8.0\ifx.modules.crm.domain.tests.dll" id="c4bef83d-927e-6e6e-7844-f233826a6527">
      <Execution id="2d247952-de5e-43ed-a1d9-f971d2effc94" />
      <TestMethod codeBase="D:\IFX\tests\IFX.Modules.CRM.Domain.Tests\bin\Debug\net8.0\IFX.Modules.CRM.Domain.Tests.dll" adapterTypeName="executor://xunit/VsTestRunner2/netcoreapp" className="IFX.Modules.CRM.Domain.Tests.Entities.InvestorTests" name="UpdateKyc_CanTransitionToRejected" />
    </UnitTest>
    <UnitTest name="IFX.Modules.CRM.Domain.Tests.Entities.PartyRelationshipTests.Create_WithEmptyToPartyId_ThrowsArgumentException" storage="d:\ifx\tests\ifx.modules.crm.domain.tests\bin\debug\net8.0\ifx.modules.crm.domain.tests.dll" id="9356ca15-323d-a286-e69e-902ed5a6447a">
      <Execution id="aea672bd-8472-4b26-9f31-589a02bf9b75" />
      <TestMethod codeBase="D:\IFX\tests\IFX.Modules.CRM.Domain.Tests\bin\Debug\net8.0\IFX.Modules.CRM.Domain.Tests.dll" adapterTypeName="executor://xunit/VsTestRunner2/netcoreapp" className="IFX.Modules.CRM.Domain.Tests.Entities.PartyRelationshipTests" name="Create_WithEmptyToPartyId_ThrowsArgumentException" />
    </UnitTest>
    <UnitTest name="IFX.Modules.CRM.Domain.Tests.Entities.PartyTests.Create_WithEmptyPartyCode_ThrowsArgumentException(code: &quot;&quot;)" storage="d:\ifx\tests\ifx.modules.crm.domain.tests\bin\debug\net8.0\ifx.modules.crm.domain.tests.dll" id="3a75366c-d53a-28f5-8065-adde5ddad48c">
      <Execution id="5e288922-8518-4bcd-8364-524ea150d705" />
      <TestMethod codeBase="D:\IFX\tests\IFX.Modules.CRM.Domain.Tests\bin\Debug\net8.0\IFX.Modules.CRM.Domain.Tests.dll" adapterTypeName="executor://xunit/VsTestRunner2/netcoreapp" className="IFX.Modules.CRM.Domain.Tests.Entities.PartyTests" name="Create_WithEmptyPartyCode_ThrowsArgumentException" />
    </UnitTest>
    <UnitTest name="IFX.Modules.CRM.Domain.Tests.Entities.InvestorTests.UpdateKyc_SetsKycStatusAndTimestamp" storage="d:\ifx\tests\ifx.modules.crm.domain.tests\bin\debug\net8.0\ifx.modules.crm.domain.tests.dll" id="0c6f129f-78ca-f8f3-4258-aa64f2f7de95">
      <Execution id="07a263b9-88ca-4d62-baef-0faeadb74561" />
      <TestMethod codeBase="D:\IFX\tests\IFX.Modules.CRM.Domain.Tests\bin\Debug\net8.0\IFX.Modules.CRM.Domain.Tests.dll" adapterTypeName="executor://xunit/VsTestRunner2/netcoreapp" className="IFX.Modules.CRM.Domain.Tests.Entities.InvestorTests" name="UpdateKyc_SetsKycStatusAndTimestamp" />
    </UnitTest>
    <UnitTest name="IFX.Modules.CRM.Domain.Tests.Entities.AdvisorInvestmentAccountLinkTests.Create_WithInvalidRebateRate_ThrowsArgumentException(rate: 100.01000000000001)" storage="d:\ifx\tests\ifx.modules.crm.domain.tests\bin\debug\net8.0\ifx.modules.crm.domain.tests.dll" id="b3826872-6aa3-4c20-df84-16f5576c6bca">
      <Execution id="ea1e3a79-f89b-4a82-a544-a55b5494d330" />
      <TestMethod codeBase="D:\IFX\tests\IFX.Modules.CRM.Domain.Tests\bin\Debug\net8.0\IFX.Modules.CRM.Domain.Tests.dll" adapterTypeName="executor://xunit/VsTestRunner2/netcoreapp" className="IFX.Modules.CRM.Domain.Tests.Entities.AdvisorInvestmentAccountLinkTests" name="Create_WithInvalidRebateRate_ThrowsArgumentException" />
    </UnitTest>
    <UnitTest name="IFX.Modules.CRM.Domain.Tests.Entities.InvestorTests.UpdateAmlStatus_DefaultsToNotChecked" storage="d:\ifx\tests\ifx.modules.crm.domain.tests\bin\debug\net8.0\ifx.modules.crm.domain.tests.dll" id="3ba62fef-dd04-a9e6-8a98-69c940ceedc6">
      <Execution id="d64e6296-1dd4-4828-b66e-d0df45552b84" />
      <TestMethod codeBase="D:\IFX\tests\IFX.Modules.CRM.Domain.Tests\bin\Debug\net8.0\IFX.Modules.CRM.Domain.Tests.dll" adapterTypeName="executor://xunit/VsTestRunner2/netcoreapp" className="IFX.Modules.CRM.Domain.Tests.Entities.InvestorTests" name="UpdateAmlStatus_DefaultsToNotChecked" />
    </UnitTest>
    <UnitTest name="IFX.Modules.CRM.Domain.Tests.Entities.PartyTests.Create_WithValidParameters_ReturnsParty" storage="d:\ifx\tests\ifx.modules.crm.domain.tests\bin\debug\net8.0\ifx.modules.crm.domain.tests.dll" id="730545cb-b44b-d2a2-c213-ad9b6c519483">
      <Execution id="f7b5bc8f-f917-4bfd-8213-960ab8d7eaa2" />
      <TestMethod codeBase="D:\IFX\tests\IFX.Modules.CRM.Domain.Tests\bin\Debug\net8.0\IFX.Modules.CRM.Domain.Tests.dll" adapterTypeName="executor://xunit/VsTestRunner2/netcoreapp" className="IFX.Modules.CRM.Domain.Tests.Entities.PartyTests" name="Create_WithValidParameters_ReturnsParty" />
    </UnitTest>
    <UnitTest name="IFX.Modules.CRM.Domain.Tests.Entities.InvestorTests.Update_WithValidParameters_UpdatesFields" storage="d:\ifx\tests\ifx.modules.crm.domain.tests\bin\debug\net8.0\ifx.modules.crm.domain.tests.dll" id="d037736d-8f8d-d335-dbcd-18f77b3e63ad">
      <Execution id="59685eda-c343-43db-950b-352ba88850fe" />
      <TestMethod codeBase="D:\IFX\tests\IFX.Modules.CRM.Domain.Tests\bin\Debug\net8.0\IFX.Modules.CRM.Domain.Tests.dll" adapterTypeName="executor://xunit/VsTestRunner2/netcoreapp" className="IFX.Modules.CRM.Domain.Tests.Entities.InvestorTests" name="Update_WithValidParameters_UpdatesFields" />
    </UnitTest>
    <UnitTest name="IFX.Modules.CRM.Domain.Tests.Entities.PartyTests.Create_TrimsWhitespace" storage="d:\ifx\tests\ifx.modules.crm.domain.tests\bin\debug\net8.0\ifx.modules.crm.domain.tests.dll" id="266d35f4-1386-a2b3-112d-24a2584b99ac">
      <Execution id="051e1e07-40fa-4f5f-8a49-66da89489510" />
      <TestMethod codeBase="D:\IFX\tests\IFX.Modules.CRM.Domain.Tests\bin\Debug\net8.0\IFX.Modules.CRM.Domain.Tests.dll" adapterTypeName="executor://xunit/VsTestRunner2/netcoreapp" className="IFX.Modules.CRM.Domain.Tests.Entities.PartyTests" name="Create_TrimsWhitespace" />
    </UnitTest>
    <UnitTest name="IFX.Modules.CRM.Domain.Tests.Entities.AdvisorInvestmentAccountLinkTests.Create_WithEmptyAdvisorId_ThrowsArgumentException" storage="d:\ifx\tests\ifx.modules.crm.domain.tests\bin\debug\net8.0\ifx.modules.crm.domain.tests.dll" id="6d63a999-be80-d8f9-9a2f-15ade938d8cd">
      <Execution id="d6e044c8-c4cd-4a75-856a-ac225a13a359" />
      <TestMethod codeBase="D:\IFX\tests\IFX.Modules.CRM.Domain.Tests\bin\Debug\net8.0\IFX.Modules.CRM.Domain.Tests.dll" adapterTypeName="executor://xunit/VsTestRunner2/netcoreapp" className="IFX.Modules.CRM.Domain.Tests.Entities.AdvisorInvestmentAccountLinkTests" name="Create_WithEmptyAdvisorId_ThrowsArgumentException" />
    </UnitTest>
    <UnitTest name="IFX.Modules.CRM.Domain.Tests.Entities.InvestmentAccountTests.Create_WithEmptyAccountNumber_ThrowsArgumentException(number: &quot;   &quot;)" storage="d:\ifx\tests\ifx.modules.crm.domain.tests\bin\debug\net8.0\ifx.modules.crm.domain.tests.dll" id="eda7313f-289f-4bf4-ff42-334cdead6981">
      <Execution id="72d3d96b-bfc0-470c-803f-7ab8da52421b" />
      <TestMethod codeBase="D:\IFX\tests\IFX.Modules.CRM.Domain.Tests\bin\Debug\net8.0\IFX.Modules.CRM.Domain.Tests.dll" adapterTypeName="executor://xunit/VsTestRunner2/netcoreapp" className="IFX.Modules.CRM.Domain.Tests.Entities.InvestmentAccountTests" name="Create_WithEmptyAccountNumber_ThrowsArgumentException" />
    </UnitTest>
    <UnitTest name="IFX.Modules.CRM.Domain.Tests.Entities.AdvisorInvestmentAccountLinkTests.Create_WithEmptyAccountId_ThrowsArgumentException" storage="d:\ifx\tests\ifx.modules.crm.domain.tests\bin\debug\net8.0\ifx.modules.crm.domain.tests.dll" id="273a368b-ef67-e7a8-2246-ca840d32ba24">
      <Execution id="946cb4d1-7293-4f93-9378-c46c7f5875e6" />
      <TestMethod codeBase="D:\IFX\tests\IFX.Modules.CRM.Domain.Tests\bin\Debug\net8.0\IFX.Modules.CRM.Domain.Tests.dll" adapterTypeName="executor://xunit/VsTestRunner2/netcoreapp" className="IFX.Modules.CRM.Domain.Tests.Entities.AdvisorInvestmentAccountLinkTests" name="Create_WithEmptyAccountId_ThrowsArgumentException" />
    </UnitTest>
    <UnitTest name="IFX.Modules.CRM.Domain.Tests.Entities.PartyRelationshipTests.Create_WithValidParameters_ReturnsRelationship" storage="d:\ifx\tests\ifx.modules.crm.domain.tests\bin\debug\net8.0\ifx.modules.crm.domain.tests.dll" id="9d89a3f9-0c43-a6cf-d05a-09f9561e4681">
      <Execution id="d69484e9-6f79-4ee3-a7e4-9d11f90e11e8" />
      <TestMethod codeBase="D:\IFX\tests\IFX.Modules.CRM.Domain.Tests\bin\Debug\net8.0\IFX.Modules.CRM.Domain.Tests.dll" adapterTypeName="executor://xunit/VsTestRunner2/netcoreapp" className="IFX.Modules.CRM.Domain.Tests.Entities.PartyRelationshipTests" name="Create_WithValidParameters_ReturnsRelationship" />
    </UnitTest>
    <UnitTest name="IFX.Modules.CRM.Domain.Tests.Entities.InvestorTests.Create_WithEmptyTenantId_ThrowsArgumentException" storage="d:\ifx\tests\ifx.modules.crm.domain.tests\bin\debug\net8.0\ifx.modules.crm.domain.tests.dll" id="d4f18515-7ee3-cd4a-d216-7e34b1c5f954">
      <Execution id="45e85b38-c083-48cf-a959-eddd863f07e9" />
      <TestMethod codeBase="D:\IFX\tests\IFX.Modules.CRM.Domain.Tests\bin\Debug\net8.0\IFX.Modules.CRM.Domain.Tests.dll" adapterTypeName="executor://xunit/VsTestRunner2/netcoreapp" className="IFX.Modules.CRM.Domain.Tests.Entities.InvestorTests" name="Create_WithEmptyTenantId_ThrowsArgumentException" />
    </UnitTest>
    <UnitTest name="IFX.Modules.CRM.Domain.Tests.Entities.PartyRelationshipTests.Expire_SetsExpiryDate" storage="d:\ifx\tests\ifx.modules.crm.domain.tests\bin\debug\net8.0\ifx.modules.crm.domain.tests.dll" id="907abe21-3c1b-9e64-0f94-7a884538919a">
      <Execution id="23257c4b-45ca-4db9-8d27-c99ec0bbd178" />
      <TestMethod codeBase="D:\IFX\tests\IFX.Modules.CRM.Domain.Tests\bin\Debug\net8.0\IFX.Modules.CRM.Domain.Tests.dll" adapterTypeName="executor://xunit/VsTestRunner2/netcoreapp" className="IFX.Modules.CRM.Domain.Tests.Entities.PartyRelationshipTests" name="Expire_SetsExpiryDate" />
    </UnitTest>
    <UnitTest name="IFX.Modules.CRM.Domain.Tests.Entities.InvestorTests.Create_WithTaxResidencyCountry_NormalizesToUpperCase" storage="d:\ifx\tests\ifx.modules.crm.domain.tests\bin\debug\net8.0\ifx.modules.crm.domain.tests.dll" id="b0b383e8-947c-7cb9-a0e2-5b8959be0dd7">
      <Execution id="fe0b5b44-71e6-4385-a569-263fa6ee8a7b" />
      <TestMethod codeBase="D:\IFX\tests\IFX.Modules.CRM.Domain.Tests\bin\Debug\net8.0\IFX.Modules.CRM.Domain.Tests.dll" adapterTypeName="executor://xunit/VsTestRunner2/netcoreapp" className="IFX.Modules.CRM.Domain.Tests.Entities.InvestorTests" name="Create_WithTaxResidencyCountry_NormalizesToUpperCase" />
    </UnitTest>
    <UnitTest name="IFX.Modules.CRM.Domain.Tests.Entities.InvestmentAccountTests.Create_NormalizesAccountNumberToUpperCase" storage="d:\ifx\tests\ifx.modules.crm.domain.tests\bin\debug\net8.0\ifx.modules.crm.domain.tests.dll" id="a7d5e35c-0660-24fe-aa09-a544d852a70b">
      <Execution id="cb67aa54-9ed0-4c99-9f66-0776d4888bf7" />
      <TestMethod codeBase="D:\IFX\tests\IFX.Modules.CRM.Domain.Tests\bin\Debug\net8.0\IFX.Modules.CRM.Domain.Tests.dll" adapterTypeName="executor://xunit/VsTestRunner2/netcoreapp" className="IFX.Modules.CRM.Domain.Tests.Entities.InvestmentAccountTests" name="Create_NormalizesAccountNumberToUpperCase" />
    </UnitTest>
    <UnitTest name="IFX.Modules.CRM.Domain.Tests.Entities.InvestmentAccountTests.Update_WithValidParameters_UpdatesFields" storage="d:\ifx\tests\ifx.modules.crm.domain.tests\bin\debug\net8.0\ifx.modules.crm.domain.tests.dll" id="324bf2b5-3d40-b18b-1536-fff8ba4ac6b3">
      <Execution id="527cd249-8fbd-4bb2-8512-58f5d12c407d" />
      <TestMethod codeBase="D:\IFX\tests\IFX.Modules.CRM.Domain.Tests\bin\Debug\net8.0\IFX.Modules.CRM.Domain.Tests.dll" adapterTypeName="executor://xunit/VsTestRunner2/netcoreapp" className="IFX.Modules.CRM.Domain.Tests.Entities.InvestmentAccountTests" name="Update_WithValidParameters_UpdatesFields" />
    </UnitTest>
    <UnitTest name="IFX.Modules.CRM.Domain.Tests.Entities.PartyTests.Create_WithEmptyTenantId_ThrowsArgumentException" storage="d:\ifx\tests\ifx.modules.crm.domain.tests\bin\debug\net8.0\ifx.modules.crm.domain.tests.dll" id="4dc20daa-6824-e1d3-ca3b-8dcebba2d034">
      <Execution id="a2d988c9-9ce1-4079-86e8-99bc4b579b01" />
      <TestMethod codeBase="D:\IFX\tests\IFX.Modules.CRM.Domain.Tests\bin\Debug\net8.0\IFX.Modules.CRM.Domain.Tests.dll" adapterTypeName="executor://xunit/VsTestRunner2/netcoreapp" className="IFX.Modules.CRM.Domain.Tests.Entities.PartyTests" name="Create_WithEmptyTenantId_ThrowsArgumentException" />
    </UnitTest>
    <UnitTest name="IFX.Modules.CRM.Domain.Tests.Entities.PartyRelationshipTests.IsActive_OnEffectiveDate_ReturnsTrue" storage="d:\ifx\tests\ifx.modules.crm.domain.tests\bin\debug\net8.0\ifx.modules.crm.domain.tests.dll" id="70d02112-e54c-20fa-5a0e-588c1f0f9de9">
      <Execution id="0a086715-b992-4279-8751-be0a7cd3bee1" />
      <TestMethod codeBase="D:\IFX\tests\IFX.Modules.CRM.Domain.Tests\bin\Debug\net8.0\IFX.Modules.CRM.Domain.Tests.dll" adapterTypeName="executor://xunit/VsTestRunner2/netcoreapp" className="IFX.Modules.CRM.Domain.Tests.Entities.PartyRelationshipTests" name="IsActive_OnEffectiveDate_ReturnsTrue" />
    </UnitTest>
    <UnitTest name="IFX.Modules.CRM.Domain.Tests.Entities.InvestorTests.Create_WithEmptyName_ThrowsArgumentException(name: &quot;   &quot;)" storage="d:\ifx\tests\ifx.modules.crm.domain.tests\bin\debug\net8.0\ifx.modules.crm.domain.tests.dll" id="6b2a8eda-2e8d-4063-2dcc-07ba21c31aa8">
      <Execution id="79bb4f16-71e9-4dc5-9355-421fbe414575" />
      <TestMethod codeBase="D:\IFX\tests\IFX.Modules.CRM.Domain.Tests\bin\Debug\net8.0\IFX.Modules.CRM.Domain.Tests.dll" adapterTypeName="executor://xunit/VsTestRunner2/netcoreapp" className="IFX.Modules.CRM.Domain.Tests.Entities.InvestorTests" name="Create_WithEmptyName_ThrowsArgumentException" />
    </UnitTest>
    <UnitTest name="IFX.Modules.CRM.Domain.Tests.Entities.PartyTests.Update_WithEmptyName_ThrowsArgumentException(name: &quot;&quot;)" storage="d:\ifx\tests\ifx.modules.crm.domain.tests\bin\debug\net8.0\ifx.modules.crm.domain.tests.dll" id="b29bb96b-d63d-4669-36ea-b88fb46e700a">
      <Execution id="4a35c192-afc7-44bc-9c18-5c8e45e910b9" />
      <TestMethod codeBase="D:\IFX\tests\IFX.Modules.CRM.Domain.Tests\bin\Debug\net8.0\IFX.Modules.CRM.Domain.Tests.dll" adapterTypeName="executor://xunit/VsTestRunner2/netcoreapp" className="IFX.Modules.CRM.Domain.Tests.Entities.PartyTests" name="Update_WithEmptyName_ThrowsArgumentException" />
    </UnitTest>
    <UnitTest name="IFX.Modules.CRM.Domain.Tests.Entities.AdvisorInvestmentAccountLinkTests.Create_WithInvalidRebateRate_ThrowsArgumentException(rate: -0.01)" storage="d:\ifx\tests\ifx.modules.crm.domain.tests\bin\debug\net8.0\ifx.modules.crm.domain.tests.dll" id="833bbddc-5fe1-8099-1f52-be3e9b02d384">
      <Execution id="a2b31742-e917-4be7-b98b-f91edbe7d029" />
      <TestMethod codeBase="D:\IFX\tests\IFX.Modules.CRM.Domain.Tests\bin\Debug\net8.0\IFX.Modules.CRM.Domain.Tests.dll" adapterTypeName="executor://xunit/VsTestRunner2/netcoreapp" className="IFX.Modules.CRM.Domain.Tests.Entities.AdvisorInvestmentAccountLinkTests" name="Create_WithInvalidRebateRate_ThrowsArgumentException" />
    </UnitTest>
    <UnitTest name="IFX.Modules.CRM.Domain.Tests.Entities.InvestorTests.UpdateAmlStatus_SetsAmlFieldsCorrectly" storage="d:\ifx\tests\ifx.modules.crm.domain.tests\bin\debug\net8.0\ifx.modules.crm.domain.tests.dll" id="882026b4-1cf7-1da5-d97e-fa1006162c52">
      <Execution id="03329579-d338-43d6-9a65-49c4d3764721" />
      <TestMethod codeBase="D:\IFX\tests\IFX.Modules.CRM.Domain.Tests\bin\Debug\net8.0\IFX.Modules.CRM.Domain.Tests.dll" adapterTypeName="executor://xunit/VsTestRunner2/netcoreapp" className="IFX.Modules.CRM.Domain.Tests.Entities.InvestorTests" name="UpdateAmlStatus_SetsAmlFieldsCorrectly" />
    </UnitTest>
    <UnitTest name="IFX.Modules.CRM.Domain.Tests.Entities.PartyRelationshipTests.IsActive_BeforeEffectiveDate_ReturnsFalse" storage="d:\ifx\tests\ifx.modules.crm.domain.tests\bin\debug\net8.0\ifx.modules.crm.domain.tests.dll" id="7ef79ecf-08bf-92e9-fde9-27bd46c90f78">
      <Execution id="dcc858b6-9547-4acf-ad07-be13ce0a5529" />
      <TestMethod codeBase="D:\IFX\tests\IFX.Modules.CRM.Domain.Tests\bin\Debug\net8.0\IFX.Modules.CRM.Domain.Tests.dll" adapterTypeName="executor://xunit/VsTestRunner2/netcoreapp" className="IFX.Modules.CRM.Domain.Tests.Entities.PartyRelationshipTests" name="IsActive_BeforeEffectiveDate_ReturnsFalse" />
    </UnitTest>
    <UnitTest name="IFX.Modules.CRM.Domain.Tests.Entities.PartyTests.Close_SetsStatusToClosed" storage="d:\ifx\tests\ifx.modules.crm.domain.tests\bin\debug\net8.0\ifx.modules.crm.domain.tests.dll" id="93dddc5f-81c4-7f08-8ca6-6952b66391fe">
      <Execution id="c9039b52-35cc-4809-b5b1-fed684537784" />
      <TestMethod codeBase="D:\IFX\tests\IFX.Modules.CRM.Domain.Tests\bin\Debug\net8.0\IFX.Modules.CRM.Domain.Tests.dll" adapterTypeName="executor://xunit/VsTestRunner2/netcoreapp" className="IFX.Modules.CRM.Domain.Tests.Entities.PartyTests" name="Close_SetsStatusToClosed" />
    </UnitTest>
    <UnitTest name="IFX.Modules.CRM.Domain.Tests.Entities.AdvisorInvestmentAccountLinkTests.Create_WithEmptyTenantId_ThrowsArgumentException" storage="d:\ifx\tests\ifx.modules.crm.domain.tests\bin\debug\net8.0\ifx.modules.crm.domain.tests.dll" id="f00a83dc-3ce6-632c-9882-93a0c01643b5">
      <Execution id="d9fd104e-acb1-40a6-9578-6e93d370eb8f" />
      <TestMethod codeBase="D:\IFX\tests\IFX.Modules.CRM.Domain.Tests\bin\Debug\net8.0\IFX.Modules.CRM.Domain.Tests.dll" adapterTypeName="executor://xunit/VsTestRunner2/netcoreapp" className="IFX.Modules.CRM.Domain.Tests.Entities.AdvisorInvestmentAccountLinkTests" name="Create_WithEmptyTenantId_ThrowsArgumentException" />
    </UnitTest>
    <UnitTest name="IFX.Modules.CRM.Domain.Tests.Entities.AdvisorInvestmentAccountLinkTests.IsActive_BeforeEffectiveDate_ReturnsFalse" storage="d:\ifx\tests\ifx.modules.crm.domain.tests\bin\debug\net8.0\ifx.modules.crm.domain.tests.dll" id="71e472f1-bd12-b76e-dc19-d890cd5de769">
      <Execution id="5a3f3b75-d420-4f4a-9a93-efbb21e4a984" />
      <TestMethod codeBase="D:\IFX\tests\IFX.Modules.CRM.Domain.Tests\bin\Debug\net8.0\IFX.Modules.CRM.Domain.Tests.dll" adapterTypeName="executor://xunit/VsTestRunner2/netcoreapp" className="IFX.Modules.CRM.Domain.Tests.Entities.AdvisorInvestmentAccountLinkTests" name="IsActive_BeforeEffectiveDate_ReturnsFalse" />
    </UnitTest>
    <UnitTest name="IFX.Modules.CRM.Domain.Tests.Entities.PartyTests.Update_WithEmptyName_ThrowsArgumentException(name: &quot;   &quot;)" storage="d:\ifx\tests\ifx.modules.crm.domain.tests\bin\debug\net8.0\ifx.modules.crm.domain.tests.dll" id="d5e90ddb-73fd-3ff4-8cf7-7efd5d2738c6">
      <Execution id="c5a0890a-5237-4b12-8506-bc676b491c7e" />
      <TestMethod codeBase="D:\IFX\tests\IFX.Modules.CRM.Domain.Tests\bin\Debug\net8.0\IFX.Modules.CRM.Domain.Tests.dll" adapterTypeName="executor://xunit/VsTestRunner2/netcoreapp" className="IFX.Modules.CRM.Domain.Tests.Entities.PartyTests" name="Update_WithEmptyName_ThrowsArgumentException" />
    </UnitTest>
    <UnitTest name="IFX.Modules.CRM.Domain.Tests.Entities.InvestmentAccountTests.Create_WithValidParameters_ReturnsAccount" storage="d:\ifx\tests\ifx.modules.crm.domain.tests\bin\debug\net8.0\ifx.modules.crm.domain.tests.dll" id="4cba8cc0-a187-3955-addf-69c1cf1edeb9">
      <Execution id="3f5a2634-dd59-4aaa-b4c0-67fb05ea7a78" />
      <TestMethod codeBase="D:\IFX\tests\IFX.Modules.CRM.Domain.Tests\bin\Debug\net8.0\IFX.Modules.CRM.Domain.Tests.dll" adapterTypeName="executor://xunit/VsTestRunner2/netcoreapp" className="IFX.Modules.CRM.Domain.Tests.Entities.InvestmentAccountTests" name="Create_WithValidParameters_ReturnsAccount" />
    </UnitTest>
    <UnitTest name="IFX.Modules.CRM.Domain.Tests.Entities.InvestmentAccountTests.Lock_SetsStatusToLocked" storage="d:\ifx\tests\ifx.modules.crm.domain.tests\bin\debug\net8.0\ifx.modules.crm.domain.tests.dll" id="8ad8f7ac-8516-e545-716c-c9b5586a29db">
      <Execution id="f49fd720-0579-4ebd-b768-8919bbe7ca59" />
      <TestMethod codeBase="D:\IFX\tests\IFX.Modules.CRM.Domain.Tests\bin\Debug\net8.0\IFX.Modules.CRM.Domain.Tests.dll" adapterTypeName="executor://xunit/VsTestRunner2/netcoreapp" className="IFX.Modules.CRM.Domain.Tests.Entities.InvestmentAccountTests" name="Lock_SetsStatusToLocked" />
    </UnitTest>
    <UnitTest name="IFX.Modules.CRM.Domain.Tests.Entities.AdvisorInvestmentAccountLinkTests.Create_WithRebateRate_StoresRebateRate" storage="d:\ifx\tests\ifx.modules.crm.domain.tests\bin\debug\net8.0\ifx.modules.crm.domain.tests.dll" id="e3ed56fc-fe18-cf27-0505-8a73b4c106a9">
      <Execution id="83c6df0e-fb0d-49a1-8c46-12e8fe69e57c" />
      <TestMethod codeBase="D:\IFX\tests\IFX.Modules.CRM.Domain.Tests\bin\Debug\net8.0\IFX.Modules.CRM.Domain.Tests.dll" adapterTypeName="executor://xunit/VsTestRunner2/netcoreapp" className="IFX.Modules.CRM.Domain.Tests.Entities.AdvisorInvestmentAccountLinkTests" name="Create_WithRebateRate_StoresRebateRate" />
    </UnitTest>
    <UnitTest name="IFX.Modules.CRM.Domain.Tests.Entities.PartyRelationshipTests.Expire_IsIdempotent" storage="d:\ifx\tests\ifx.modules.crm.domain.tests\bin\debug\net8.0\ifx.modules.crm.domain.tests.dll" id="4e8c3bca-ccef-153f-3692-bedab2bf5a32">
      <Execution id="ca61e473-8290-4027-a3df-e0eca640ed5f" />
      <TestMethod codeBase="D:\IFX\tests\IFX.Modules.CRM.Domain.Tests\bin\Debug\net8.0\IFX.Modules.CRM.Domain.Tests.dll" adapterTypeName="executor://xunit/VsTestRunner2/netcoreapp" className="IFX.Modules.CRM.Domain.Tests.Entities.PartyRelationshipTests" name="Expire_IsIdempotent" />
    </UnitTest>
    <UnitTest name="IFX.Modules.CRM.Domain.Tests.Entities.InvestorTests.Create_WithEmptyInvestorCode_ThrowsArgumentException(code: &quot;   &quot;)" storage="d:\ifx\tests\ifx.modules.crm.domain.tests\bin\debug\net8.0\ifx.modules.crm.domain.tests.dll" id="e1823c80-8391-9c89-1791-5a4ac24b0ae0">
      <Execution id="0b561f42-726b-47b1-9884-90b0f859b931" />
      <TestMethod codeBase="D:\IFX\tests\IFX.Modules.CRM.Domain.Tests\bin\Debug\net8.0\IFX.Modules.CRM.Domain.Tests.dll" adapterTypeName="executor://xunit/VsTestRunner2/netcoreapp" className="IFX.Modules.CRM.Domain.Tests.Entities.InvestorTests" name="Create_WithEmptyInvestorCode_ThrowsArgumentException" />
    </UnitTest>
    <UnitTest name="IFX.Modules.CRM.Domain.Tests.Entities.PartyRelationshipTests.IsActive_AfterExpiry_ReturnsFalse" storage="d:\ifx\tests\ifx.modules.crm.domain.tests\bin\debug\net8.0\ifx.modules.crm.domain.tests.dll" id="959feb1b-388e-6237-e1eb-2359dd6cac64">
      <Execution id="40e6d854-8597-48db-bcb9-74ef4cfad19b" />
      <TestMethod codeBase="D:\IFX\tests\IFX.Modules.CRM.Domain.Tests\bin\Debug\net8.0\IFX.Modules.CRM.Domain.Tests.dll" adapterTypeName="executor://xunit/VsTestRunner2/netcoreapp" className="IFX.Modules.CRM.Domain.Tests.Entities.PartyRelationshipTests" name="IsActive_AfterExpiry_ReturnsFalse" />
    </UnitTest>
    <UnitTest name="IFX.Modules.CRM.Domain.Tests.Entities.AdvisorInvestmentAccountLinkTests.Expire_SetsExpiryDate" storage="d:\ifx\tests\ifx.modules.crm.domain.tests\bin\debug\net8.0\ifx.modules.crm.domain.tests.dll" id="5034a566-40ac-4ddb-be9a-6da717c926a6">
      <Execution id="7d95491d-1537-4ccd-9b40-2c3e26439490" />
      <TestMethod codeBase="D:\IFX\tests\IFX.Modules.CRM.Domain.Tests\bin\Debug\net8.0\IFX.Modules.CRM.Domain.Tests.dll" adapterTypeName="executor://xunit/VsTestRunner2/netcoreapp" className="IFX.Modules.CRM.Domain.Tests.Entities.AdvisorInvestmentAccountLinkTests" name="Expire_SetsExpiryDate" />
    </UnitTest>
    <UnitTest name="IFX.Modules.CRM.Domain.Tests.Entities.PartyRelationshipTests.Create_WhenFromAndToPartySame_ThrowsArgumentException" storage="d:\ifx\tests\ifx.modules.crm.domain.tests\bin\debug\net8.0\ifx.modules.crm.domain.tests.dll" id="2c47bfe6-d201-8abf-5007-396bb0af720c">
      <Execution id="2ac923a5-2657-4488-b797-8c595cb4b831" />
      <TestMethod codeBase="D:\IFX\tests\IFX.Modules.CRM.Domain.Tests\bin\Debug\net8.0\IFX.Modules.CRM.Domain.Tests.dll" adapterTypeName="executor://xunit/VsTestRunner2/netcoreapp" className="IFX.Modules.CRM.Domain.Tests.Entities.PartyRelationshipTests" name="Create_WhenFromAndToPartySame_ThrowsArgumentException" />
    </UnitTest>
    <UnitTest name="IFX.Modules.CRM.Domain.Tests.Entities.PartyTests.Update_WithValidParameters_UpdatesParty" storage="d:\ifx\tests\ifx.modules.crm.domain.tests\bin\debug\net8.0\ifx.modules.crm.domain.tests.dll" id="bf10229a-a493-ccef-79cb-e437531f0abd">
      <Execution id="75e21d3b-f033-4665-969f-27db2f3ccb15" />
      <TestMethod codeBase="D:\IFX\tests\IFX.Modules.CRM.Domain.Tests\bin\Debug\net8.0\IFX.Modules.CRM.Domain.Tests.dll" adapterTypeName="executor://xunit/VsTestRunner2/netcoreapp" className="IFX.Modules.CRM.Domain.Tests.Entities.PartyTests" name="Update_WithValidParameters_UpdatesParty" />
    </UnitTest>
    <UnitTest name="IFX.Modules.CRM.Domain.Tests.Entities.PartyRelationshipTests.Create_WithEmptyTenantId_ThrowsArgumentException" storage="d:\ifx\tests\ifx.modules.crm.domain.tests\bin\debug\net8.0\ifx.modules.crm.domain.tests.dll" id="3929502a-36c6-3a3e-c139-65f4421c00b0">
      <Execution id="2a7574bd-471e-44cd-868b-9c92002a551c" />
      <TestMethod codeBase="D:\IFX\tests\IFX.Modules.CRM.Domain.Tests\bin\Debug\net8.0\IFX.Modules.CRM.Domain.Tests.dll" adapterTypeName="executor://xunit/VsTestRunner2/netcoreapp" className="IFX.Modules.CRM.Domain.Tests.Entities.PartyRelationshipTests" name="Create_WithEmptyTenantId_ThrowsArgumentException" />
    </UnitTest>
    <UnitTest name="IFX.Modules.CRM.Domain.Tests.Entities.InvestorTests.Create_WithEmptyName_ThrowsArgumentException(name: &quot;&quot;)" storage="d:\ifx\tests\ifx.modules.crm.domain.tests\bin\debug\net8.0\ifx.modules.crm.domain.tests.dll" id="eee87a93-d723-493d-f941-8d7038c349b2">
      <Execution id="91137052-e48f-4f72-9e6c-7c8faac1dd55" />
      <TestMethod codeBase="D:\IFX\tests\IFX.Modules.CRM.Domain.Tests\bin\Debug\net8.0\IFX.Modules.CRM.Domain.Tests.dll" adapterTypeName="executor://xunit/VsTestRunner2/netcoreapp" className="IFX.Modules.CRM.Domain.Tests.Entities.InvestorTests" name="Create_WithEmptyName_ThrowsArgumentException" />
    </UnitTest>
    <UnitTest name="IFX.Modules.CRM.Domain.Tests.Entities.InvestmentAccountTests.Deactivate_SetsStatusToInactive" storage="d:\ifx\tests\ifx.modules.crm.domain.tests\bin\debug\net8.0\ifx.modules.crm.domain.tests.dll" id="481bacf1-40ee-1ef3-2730-e5618f6c2eea">
      <Execution id="eb794110-4152-4a9a-a9bf-8247cf770ec7" />
      <TestMethod codeBase="D:\IFX\tests\IFX.Modules.CRM.Domain.Tests\bin\Debug\net8.0\IFX.Modules.CRM.Domain.Tests.dll" adapterTypeName="executor://xunit/VsTestRunner2/netcoreapp" className="IFX.Modules.CRM.Domain.Tests.Entities.InvestmentAccountTests" name="Deactivate_SetsStatusToInactive" />
    </UnitTest>
    <UnitTest name="IFX.Modules.CRM.Domain.Tests.Entities.InvestorTests.UpdateAmlStatus_BlockedStatus_SetsAmlStatusToBlocked" storage="d:\ifx\tests\ifx.modules.crm.domain.tests\bin\debug\net8.0\ifx.modules.crm.domain.tests.dll" id="5680a7a6-3a24-c1d0-4c09-d8a3a704ad6d">
      <Execution id="09eb0e37-a0a3-469e-9109-a23e2700b93b" />
      <TestMethod codeBase="D:\IFX\tests\IFX.Modules.CRM.Domain.Tests\bin\Debug\net8.0\IFX.Modules.CRM.Domain.Tests.dll" adapterTypeName="executor://xunit/VsTestRunner2/netcoreapp" className="IFX.Modules.CRM.Domain.Tests.Entities.InvestorTests" name="UpdateAmlStatus_BlockedStatus_SetsAmlStatusToBlocked" />
    </UnitTest>
    <UnitTest name="IFX.Modules.CRM.Domain.Tests.Entities.AdvisorInvestmentAccountLinkTests.IsActive_OnEffectiveDate_ReturnsTrue" storage="d:\ifx\tests\ifx.modules.crm.domain.tests\bin\debug\net8.0\ifx.modules.crm.domain.tests.dll" id="b7e2dc81-a4e5-4b99-39e9-23480522deb6">
      <Execution id="83ca88f0-ce8d-4f2b-bf97-e59d8a19960c" />
      <TestMethod codeBase="D:\IFX\tests\IFX.Modules.CRM.Domain.Tests\bin\Debug\net8.0\IFX.Modules.CRM.Domain.Tests.dll" adapterTypeName="executor://xunit/VsTestRunner2/netcoreapp" className="IFX.Modules.CRM.Domain.Tests.Entities.AdvisorInvestmentAccountLinkTests" name="IsActive_OnEffectiveDate_ReturnsTrue" />
    </UnitTest>
    <UnitTest name="IFX.Modules.CRM.Domain.Tests.Entities.PartyTests.Create_WithEmptyPartyCode_ThrowsArgumentException(code: &quot;   &quot;)" storage="d:\ifx\tests\ifx.modules.crm.domain.tests\bin\debug\net8.0\ifx.modules.crm.domain.tests.dll" id="da197819-1a98-d25c-148c-4b50fb8829c5">
      <Execution id="3067449c-6942-4f00-9804-7b0d1e1d76f7" />
      <TestMethod codeBase="D:\IFX\tests\IFX.Modules.CRM.Domain.Tests\bin\Debug\net8.0\IFX.Modules.CRM.Domain.Tests.dll" adapterTypeName="executor://xunit/VsTestRunner2/netcoreapp" className="IFX.Modules.CRM.Domain.Tests.Entities.PartyTests" name="Create_WithEmptyPartyCode_ThrowsArgumentException" />
    </UnitTest>
    <UnitTest name="IFX.Modules.CRM.Domain.Tests.Entities.PartyTests.Create_WithEmptyName_ThrowsArgumentException(name: &quot;   &quot;)" storage="d:\ifx\tests\ifx.modules.crm.domain.tests\bin\debug\net8.0\ifx.modules.crm.domain.tests.dll" id="6137a2fc-9166-fbd8-c245-3693a379e3f5">
      <Execution id="0b2c3667-b302-45cd-ba5d-80f1abe26295" />
      <TestMethod codeBase="D:\IFX\tests\IFX.Modules.CRM.Domain.Tests\bin\Debug\net8.0\IFX.Modules.CRM.Domain.Tests.dll" adapterTypeName="executor://xunit/VsTestRunner2/netcoreapp" className="IFX.Modules.CRM.Domain.Tests.Entities.PartyTests" name="Create_WithEmptyName_ThrowsArgumentException" />
    </UnitTest>
    <UnitTest name="IFX.Modules.CRM.Domain.Tests.Entities.PartyTests.Create_WithEmptyName_ThrowsArgumentException(name: &quot;&quot;)" storage="d:\ifx\tests\ifx.modules.crm.domain.tests\bin\debug\net8.0\ifx.modules.crm.domain.tests.dll" id="3db6ffdb-fc7e-c65e-f7b5-1250f3cfaab2">
      <Execution id="884c312d-a890-44f5-b3da-d703c0f82fee" />
      <TestMethod codeBase="D:\IFX\tests\IFX.Modules.CRM.Domain.Tests\bin\Debug\net8.0\IFX.Modules.CRM.Domain.Tests.dll" adapterTypeName="executor://xunit/VsTestRunner2/netcoreapp" className="IFX.Modules.CRM.Domain.Tests.Entities.PartyTests" name="Create_WithEmptyName_ThrowsArgumentException" />
    </UnitTest>
  </TestDefinitions>
  <TestEntries>
    <TestEntry testId="3929502a-36c6-3a3e-c139-65f4421c00b0" executionId="2a7574bd-471e-44cd-868b-9c92002a551c" testListId="8c84fa94-04c1-424b-9868-57a2d4851a1d" />
    <TestEntry testId="c8f611ee-8d1e-2741-4e73-b3ee3250f5cd" executionId="ac39a5c6-5133-400f-bdf7-d18b801c79b8" testListId="8c84fa94-04c1-424b-9868-57a2d4851a1d" />
    <TestEntry testId="eee87a93-d723-493d-f941-8d7038c349b2" executionId="91137052-e48f-4f72-9e6c-7c8faac1dd55" testListId="8c84fa94-04c1-424b-9868-57a2d4851a1d" />
    <TestEntry testId="481bacf1-40ee-1ef3-2730-e5618f6c2eea" executionId="eb794110-4152-4a9a-a9bf-8247cf770ec7" testListId="8c84fa94-04c1-424b-9868-57a2d4851a1d" />
    <TestEntry testId="7ef79ecf-08bf-92e9-fde9-27bd46c90f78" executionId="dcc858b6-9547-4acf-ad07-be13ce0a5529" testListId="8c84fa94-04c1-424b-9868-57a2d4851a1d" />
    <TestEntry testId="5034a566-40ac-4ddb-be9a-6da717c926a6" executionId="7d95491d-1537-4ccd-9b40-2c3e26439490" testListId="8c84fa94-04c1-424b-9868-57a2d4851a1d" />
    <TestEntry testId="833bbddc-5fe1-8099-1f52-be3e9b02d384" executionId="a2b31742-e917-4be7-b98b-f91edbe7d029" testListId="8c84fa94-04c1-424b-9868-57a2d4851a1d" />
    <TestEntry testId="2c47bfe6-d201-8abf-5007-396bb0af720c" executionId="2ac923a5-2657-4488-b797-8c595cb4b831" testListId="8c84fa94-04c1-424b-9868-57a2d4851a1d" />
    <TestEntry testId="b0b383e8-947c-7cb9-a0e2-5b8959be0dd7" executionId="fe0b5b44-71e6-4385-a569-263fa6ee8a7b" testListId="8c84fa94-04c1-424b-9868-57a2d4851a1d" />
    <TestEntry testId="324bf2b5-3d40-b18b-1536-fff8ba4ac6b3" executionId="527cd249-8fbd-4bb2-8512-58f5d12c407d" testListId="8c84fa94-04c1-424b-9868-57a2d4851a1d" />
    <TestEntry testId="959feb1b-388e-6237-e1eb-2359dd6cac64" executionId="40e6d854-8597-48db-bcb9-74ef4cfad19b" testListId="8c84fa94-04c1-424b-9868-57a2d4851a1d" />
    <TestEntry testId="3db6ffdb-fc7e-c65e-f7b5-1250f3cfaab2" executionId="884c312d-a890-44f5-b3da-d703c0f82fee" testListId="8c84fa94-04c1-424b-9868-57a2d4851a1d" />
    <TestEntry testId="273a368b-ef67-e7a8-2246-ca840d32ba24" executionId="946cb4d1-7293-4f93-9378-c46c7f5875e6" testListId="8c84fa94-04c1-424b-9868-57a2d4851a1d" />
    <TestEntry testId="2eb7d05a-e4e4-6b5e-9119-cd3ad8975eec" executionId="f560a9d0-daf9-43d2-a9b7-e930cb112c7a" testListId="8c84fa94-04c1-424b-9868-57a2d4851a1d" />
    <TestEntry testId="9d89a3f9-0c43-a6cf-d05a-09f9561e4681" executionId="d69484e9-6f79-4ee3-a7e4-9d11f90e11e8" testListId="8c84fa94-04c1-424b-9868-57a2d4851a1d" />
    <TestEntry testId="882026b4-1cf7-1da5-d97e-fa1006162c52" executionId="03329579-d338-43d6-9a65-49c4d3764721" testListId="8c84fa94-04c1-424b-9868-57a2d4851a1d" />
    <TestEntry testId="266d35f4-1386-a2b3-112d-24a2584b99ac" executionId="051e1e07-40fa-4f5f-8a49-66da89489510" testListId="8c84fa94-04c1-424b-9868-57a2d4851a1d" />
    <TestEntry testId="eda7313f-289f-4bf4-ff42-334cdead6981" executionId="72d3d96b-bfc0-470c-803f-7ab8da52421b" testListId="8c84fa94-04c1-424b-9868-57a2d4851a1d" />
    <TestEntry testId="d4f18515-7ee3-cd4a-d216-7e34b1c5f954" executionId="45e85b38-c083-48cf-a959-eddd863f07e9" testListId="8c84fa94-04c1-424b-9868-57a2d4851a1d" />
    <TestEntry testId="71e472f1-bd12-b76e-dc19-d890cd5de769" executionId="5a3f3b75-d420-4f4a-9a93-efbb21e4a984" testListId="8c84fa94-04c1-424b-9868-57a2d4851a1d" />
    <TestEntry testId="3a75366c-d53a-28f5-8065-adde5ddad48c" executionId="5e288922-8518-4bcd-8364-524ea150d705" testListId="8c84fa94-04c1-424b-9868-57a2d4851a1d" />
    <TestEntry testId="5680a7a6-3a24-c1d0-4c09-d8a3a704ad6d" executionId="09eb0e37-a0a3-469e-9109-a23e2700b93b" testListId="8c84fa94-04c1-424b-9868-57a2d4851a1d" />
    <TestEntry testId="a73b6791-d5db-d0dc-1ff5-6aab224280c9" executionId="fa0d6c28-c125-4958-9950-a0259343dadf" testListId="8c84fa94-04c1-424b-9868-57a2d4851a1d" />
    <TestEntry testId="6137a2fc-9166-fbd8-c245-3693a379e3f5" executionId="0b2c3667-b302-45cd-ba5d-80f1abe26295" testListId="8c84fa94-04c1-424b-9868-57a2d4851a1d" />
    <TestEntry testId="e1823c80-8391-9c89-1791-5a4ac24b0ae0" executionId="0b561f42-726b-47b1-9884-90b0f859b931" testListId="8c84fa94-04c1-424b-9868-57a2d4851a1d" />
    <TestEntry testId="4e8c3bca-ccef-153f-3692-bedab2bf5a32" executionId="ca61e473-8290-4027-a3df-e0eca640ed5f" testListId="8c84fa94-04c1-424b-9868-57a2d4851a1d" />
    <TestEntry testId="907abe21-3c1b-9e64-0f94-7a884538919a" executionId="23257c4b-45ca-4db9-8d27-c99ec0bbd178" testListId="8c84fa94-04c1-424b-9868-57a2d4851a1d" />
    <TestEntry testId="8437a3c8-bf5e-1dbe-1edd-751762253ba8" executionId="04a558a3-9dc2-40a2-a3fd-01be830e8290" testListId="8c84fa94-04c1-424b-9868-57a2d4851a1d" />
    <TestEntry testId="e3ed56fc-fe18-cf27-0505-8a73b4c106a9" executionId="83c6df0e-fb0d-49a1-8c46-12e8fe69e57c" testListId="8c84fa94-04c1-424b-9868-57a2d4851a1d" />
    <TestEntry testId="3ba62fef-dd04-a9e6-8a98-69c940ceedc6" executionId="d64e6296-1dd4-4828-b66e-d0df45552b84" testListId="8c84fa94-04c1-424b-9868-57a2d4851a1d" />
    <TestEntry testId="0c6f129f-78ca-f8f3-4258-aa64f2f7de95" executionId="07a263b9-88ca-4d62-baef-0faeadb74561" testListId="8c84fa94-04c1-424b-9868-57a2d4851a1d" />
    <TestEntry testId="b3826872-6aa3-4c20-df84-16f5576c6bca" executionId="ea1e3a79-f89b-4a82-a544-a55b5494d330" testListId="8c84fa94-04c1-424b-9868-57a2d4851a1d" />
    <TestEntry testId="f00a83dc-3ce6-632c-9882-93a0c01643b5" executionId="d9fd104e-acb1-40a6-9578-6e93d370eb8f" testListId="8c84fa94-04c1-424b-9868-57a2d4851a1d" />
    <TestEntry testId="0d0f21b5-3b06-272a-288f-1be8509eb484" executionId="a5f7ab8e-9a7f-4000-953c-be21e71c9163" testListId="8c84fa94-04c1-424b-9868-57a2d4851a1d" />
    <TestEntry testId="8ad8f7ac-8516-e545-716c-c9b5586a29db" executionId="f49fd720-0579-4ebd-b768-8919bbe7ca59" testListId="8c84fa94-04c1-424b-9868-57a2d4851a1d" />
    <TestEntry testId="d037736d-8f8d-d335-dbcd-18f77b3e63ad" executionId="59685eda-c343-43db-950b-352ba88850fe" testListId="8c84fa94-04c1-424b-9868-57a2d4851a1d" />
    <TestEntry testId="4dc20daa-6824-e1d3-ca3b-8dcebba2d034" executionId="a2d988c9-9ce1-4079-86e8-99bc4b579b01" testListId="8c84fa94-04c1-424b-9868-57a2d4851a1d" />
    <TestEntry testId="9356ca15-323d-a286-e69e-902ed5a6447a" executionId="aea672bd-8472-4b26-9f31-589a02bf9b75" testListId="8c84fa94-04c1-424b-9868-57a2d4851a1d" />
    <TestEntry testId="4cba8cc0-a187-3955-addf-69c1cf1edeb9" executionId="3f5a2634-dd59-4aaa-b4c0-67fb05ea7a78" testListId="8c84fa94-04c1-424b-9868-57a2d4851a1d" />
    <TestEntry testId="29fc15d3-8cac-7fd4-54ca-ad08e426d509" executionId="03dccc1a-19d9-496a-81ae-5a15289d5592" testListId="8c84fa94-04c1-424b-9868-57a2d4851a1d" />
    <TestEntry testId="b7e2dc81-a4e5-4b99-39e9-23480522deb6" executionId="83ca88f0-ce8d-4f2b-bf97-e59d8a19960c" testListId="8c84fa94-04c1-424b-9868-57a2d4851a1d" />
    <TestEntry testId="b29bb96b-d63d-4669-36ea-b88fb46e700a" executionId="4a35c192-afc7-44bc-9c18-5c8e45e910b9" testListId="8c84fa94-04c1-424b-9868-57a2d4851a1d" />
    <TestEntry testId="24d4d26f-586b-adb3-cb6f-08b2cbf428ca" executionId="d35189a2-d132-407f-affa-6ac4b34255ce" testListId="8c84fa94-04c1-424b-9868-57a2d4851a1d" />
    <TestEntry testId="70d02112-e54c-20fa-5a0e-588c1f0f9de9" executionId="0a086715-b992-4279-8751-be0a7cd3bee1" testListId="8c84fa94-04c1-424b-9868-57a2d4851a1d" />
    <TestEntry testId="56f0de39-f641-f1f4-4364-229969fddf9f" executionId="483511df-d275-41b6-817a-d62809c828a8" testListId="8c84fa94-04c1-424b-9868-57a2d4851a1d" />
    <TestEntry testId="2b6bb680-ee7e-e252-fa92-fb05a05c5574" executionId="95485485-708b-4f3e-80f3-deb300bcc77d" testListId="8c84fa94-04c1-424b-9868-57a2d4851a1d" />
    <TestEntry testId="bf10229a-a493-ccef-79cb-e437531f0abd" executionId="75e21d3b-f033-4665-969f-27db2f3ccb15" testListId="8c84fa94-04c1-424b-9868-57a2d4851a1d" />
    <TestEntry testId="6b2a8eda-2e8d-4063-2dcc-07ba21c31aa8" executionId="79bb4f16-71e9-4dc5-9355-421fbe414575" testListId="8c84fa94-04c1-424b-9868-57a2d4851a1d" />
    <TestEntry testId="c4bef83d-927e-6e6e-7844-f233826a6527" executionId="2d247952-de5e-43ed-a1d9-f971d2effc94" testListId="8c84fa94-04c1-424b-9868-57a2d4851a1d" />
    <TestEntry testId="93dddc5f-81c4-7f08-8ca6-6952b66391fe" executionId="c9039b52-35cc-4809-b5b1-fed684537784" testListId="8c84fa94-04c1-424b-9868-57a2d4851a1d" />
    <TestEntry testId="c0445102-cc34-04d3-d099-bf70cc52dc2d" executionId="be8efb7c-ccf5-4982-b2f5-490f81ac5902" testListId="8c84fa94-04c1-424b-9868-57a2d4851a1d" />
    <TestEntry testId="a7d5e35c-0660-24fe-aa09-a544d852a70b" executionId="cb67aa54-9ed0-4c99-9f66-0776d4888bf7" testListId="8c84fa94-04c1-424b-9868-57a2d4851a1d" />
    <TestEntry testId="da197819-1a98-d25c-148c-4b50fb8829c5" executionId="3067449c-6942-4f00-9804-7b0d1e1d76f7" testListId="8c84fa94-04c1-424b-9868-57a2d4851a1d" />
    <TestEntry testId="d5e90ddb-73fd-3ff4-8cf7-7efd5d2738c6" executionId="c5a0890a-5237-4b12-8506-bc676b491c7e" testListId="8c84fa94-04c1-424b-9868-57a2d4851a1d" />
    <TestEntry testId="730545cb-b44b-d2a2-c213-ad9b6c519483" executionId="f7b5bc8f-f917-4bfd-8213-960ab8d7eaa2" testListId="8c84fa94-04c1-424b-9868-57a2d4851a1d" />
    <TestEntry testId="6d63a999-be80-d8f9-9a2f-15ade938d8cd" executionId="d6e044c8-c4cd-4a75-856a-ac225a13a359" testListId="8c84fa94-04c1-424b-9868-57a2d4851a1d" />
  </TestEntries>
  <TestLists>
    <TestList name="Results Not in a List" id="8c84fa94-04c1-424b-9868-57a2d4851a1d" />
    <TestList name="All Loaded Results" id="19431567-8539-422a-85d7-44ee4e166bda" />
  </TestLists>
  <ResultSummary outcome="Completed">
    <Counters total="56" executed="56" passed="56" failed="0" error="0" timeout="0" aborted="0" inconclusive="0" passedButRunAborted="0" notRunnable="0" notExecuted="0" disconnected="0" warning="0" completed="0" inProgress="0" pending="0" />
    <Output>
      <StdOut>[xUnit.net 00:00:00.00] xUnit.net VSTest Adapter v2.8.2+699d445a1a (64-bit .NET 8.0.28)&#xD;
[xUnit.net 00:00:00.06]   Discovering: IFX.Modules.CRM.Domain.Tests&#xD;
[xUnit.net 00:00:00.21]   Discovered:  IFX.Modules.CRM.Domain.Tests&#xD;
[xUnit.net 00:00:00.21]   Starting:    IFX.Modules.CRM.Domain.Tests&#xD;
[xUnit.net 00:00:00.43]   Finished:    IFX.Modules.CRM.Domain.Tests&#xD;
</StdOut>
    </Output>
  </ResultSummary>
</TestRun>