<?xml version="1.0" encoding="utf-8"?>
<TestRun id="792a4362-aecf-4473-bfdb-ae4d15baf9ae" name="von12@DESKTOP-OVPKDKR 2026-09-08 19:21:52" runUser="DESKTOP-OVPKDKR\von12" xmlns="http://microsoft.com/schemas/VisualStudio/TeamTest/2010">
  <Times creation="2026-09-08T19:21:52.0107462+10:00" queuing="2026-09-08T19:21:52.0107466+10:00" start="2026-09-08T19:21:50.3196974+10:00" finish="2026-09-08T19:22:32.6907582+10:00" />
  <TestSettings name="default" id="ff5a4cb7-c76f-4305-8d05-f13f264f46d5">
    <Deployment runDeploymentRoot="von12_DESKTOP-OVPKDKR_2026-09-08_19_21_52" />
  </TestSettings>
  <Results>
    <UnitTestResult executionId="d2eb3150-50ef-4fb3-95f3-0bd893a3d2d3" testId="75df66fb-be41-4ff6-6190-45514b7bc0cf" testName="IFX.DatabaseBoundary.Tests.SqlServerMigrationMatrixTests.Module_failure_stops_later_modules_and_same_database_can_roll_forward" computerName="DESKTOP-OVPKDKR" duration="00:00:01.9825115" startTime="2026-09-08T19:22:27.9287394+10:00" endTime="2026-09-08T19:22:27.9287398+10:00" testType="13cdc9d9-ddb5-4fa4-a97d-d965ccfc6d4b" outcome="Passed" testListId="8c84fa94-04c1-424b-9868-57a2d4851a1d" relativeResultsDirectory="d2eb3150-50ef-4fb3-95f3-0bd893a3d2d3" />
    <UnitTestResult executionId="2c6330ae-6d88-4363-a216-bc947bd39e17" testId="a7fbbe84-4969-577a-00f8-5b85121c4a1b" testName="IFX.DatabaseBoundary.Tests.ModuleDatabaseBoundaryTests.Registration_uses_a_history_table_in_the_module_schema(schema: &quot;crm&quot;, connectionName: &quot;CrmDatabase&quot;, contextType: typeof(IFX.Modules.CRM.Infrastructure.Persistence.CrmDbContext), register: Action`2 { Method = Void &lt;get_HistoryCases&gt;b__8_1(Microsoft.Extensions.DependencyInjection.IServiceCollection, Microsoft.Extensions.Configuration.IConfiguration), Target = &lt;&gt;c { } })" computerName="DESKTOP-OVPKDKR" duration="00:00:00.1754022" startTime="2026-09-08T19:21:52.8322046+10:00" endTime="2026-09-08T19:21:52.8322049+10:00" testType="13cdc9d9-ddb5-4fa4-a97d-d965ccfc6d4b" outcome="Passed" testListId="8c84fa94-04c1-424b-9868-57a2d4851a1d" relativeResultsDirectory="2c6330ae-6d88-4363-a216-bc947bd39e17" />
    <UnitTestResult executionId="3b92045d-9023-4330-9767-b6211b999fc9" testId="d4903b7e-7719-186a-fe95-09340682882d" testName="IFX.DatabaseBoundary.Tests.MigrationSafetyPolicyTests.Database_runtime_contains_no_automatic_targeted_Down_execution" computerName="DESKTOP-OVPKDKR" duration="00:00:00.0055668" startTime="2026-09-08T19:21:51.9020860+10:00" endTime="2026-09-08T19:21:51.9020860+10:00" testType="13cdc9d9-ddb5-4fa4-a97d-d965ccfc6d4b" outcome="Passed" testListId="8c84fa94-04c1-424b-9868-57a2d4851a1d" relativeResultsDirectory="3b92045d-9023-4330-9767-b6211b999fc9" />
    <UnitTestResult executionId="75c8e8c2-db4b-4429-bbf6-554e4524afad" testId="7f0e9238-63ad-4f11-404b-c238e1be052e" testName="IFX.DatabaseBoundary.Tests.SchemaCompatibilityTests.Missing_required_migration_is_not_ready" computerName="DESKTOP-OVPKDKR" duration="00:00:00.0006121" startTime="2026-09-08T19:21:51.9848793+10:00" endTime="2026-09-08T19:21:51.9848793+10:00" testType="13cdc9d9-ddb5-4fa4-a97d-d965ccfc6d4b" outcome="Passed" testListId="8c84fa94-04c1-424b-9868-57a2d4851a1d" relativeResultsDirectory="75c8e8c2-db4b-4429-bbf6-554e4524afad" />
    <UnitTestResult executionId="8869ef51-2c15-4e53-81ce-0e658d5e5f71" testId="a9351f86-d968-8366-15f8-bb536b1b1267" testName="IFX.DatabaseBoundary.Tests.SchemaCompatibilityTests.Required_schema_is_compatible" computerName="DESKTOP-OVPKDKR" duration="00:00:00.0004913" startTime="2026-09-08T19:21:52.2259904+10:00" endTime="2026-09-08T19:21:52.2259906+10:00" testType="13cdc9d9-ddb5-4fa4-a97d-d965ccfc6d4b" outcome="Passed" testListId="8c84fa94-04c1-424b-9868-57a2d4851a1d" relativeResultsDirectory="8869ef51-2c15-4e53-81ce-0e658d5e5f71" />
    <UnitTestResult executionId="97259b80-d622-4db7-b52e-37768efa1046" testId="6b904006-19ee-27f7-7aed-24e26b9af7be" testName="IFX.DatabaseBoundary.Tests.ModuleDatabaseBoundaryTests.Bootstrap_catalog_is_generated_from_the_current_ef_assembly_and_model(module: &quot;Holdings&quot;, schema: &quot;holdings&quot;, order: 40, contextFactory: Func`1 { Method = Microsoft.EntityFrameworkCore.DbContext &lt;get_CatalogCases&gt;b__4_3(), Target = &lt;&gt;c { } })" computerName="DESKTOP-OVPKDKR" duration="00:00:00.0004291" startTime="2026-09-08T19:21:53.2619063+10:00" endTime="2026-09-08T19:21:53.2619064+10:00" testType="13cdc9d9-ddb5-4fa4-a97d-d965ccfc6d4b" outcome="Passed" testListId="8c84fa94-04c1-424b-9868-57a2d4851a1d" relativeResultsDirectory="97259b80-d622-4db7-b52e-37768efa1046" />
    <UnitTestResult executionId="c1054349-a022-4895-ab55-dc9ed012a859" testId="c330b5c1-27d2-7bef-d064-dcd4c42d38aa" testName="IFX.DatabaseBoundary.Tests.G04DispatcherLeaseConformanceTests.Two_claimants_atomically_claim_disjoint_bounded_batches" computerName="DESKTOP-OVPKDKR" duration="00:00:00.6652589" startTime="2026-09-08T19:22:03.6692873+10:00" endTime="2026-09-08T19:22:03.6692875+10:00" testType="13cdc9d9-ddb5-4fa4-a97d-d965ccfc6d4b" outcome="Passed" testListId="8c84fa94-04c1-424b-9868-57a2d4851a1d" relativeResultsDirectory="c1054349-a022-4895-ab55-dc9ed012a859" />
    <UnitTestResult executionId="66fed24e-1ad3-4102-a294-670c40a2d1ec" testId="47823143-8b6e-5d63-45a0-71410e512309" testName="IFX.DatabaseBoundary.Tests.ModuleDatabaseBoundaryTests.Registration_uses_only_its_dedicated_connection(connectionName: &quot;TransactionDatabase&quot;, contextType: typeof(IFX.Modules.Transaction.Infrastructure.Persistence.TransactionDbContext), register: Action`2 { Method = Void &lt;get_RegistrationCases&gt;b__6_4(Microsoft.Extensions.DependencyInjection.IServiceCollection, Microsoft.Extensions.Configuration.IConfiguration), Target = &lt;&gt;c { } })" computerName="DESKTOP-OVPKDKR" duration="00:00:00.0003370" startTime="2026-09-08T19:21:53.2664682+10:00" endTime="2026-09-08T19:21:53.2664683+10:00" testType="13cdc9d9-ddb5-4fa4-a97d-d965ccfc6d4b" outcome="Passed" testListId="8c84fa94-04c1-424b-9868-57a2d4851a1d" relativeResultsDirectory="66fed24e-1ad3-4102-a294-670c40a2d1ec" />
    <UnitTestResult executionId="35139f3e-94f6-402e-bc9a-42302cf26d95" testId="b8fb4ea1-ba20-a010-43de-aad39280cdf5" testName="IFX.DatabaseBoundary.Tests.SqlServerMigrationMatrixTests.Nonproduction_rollout_rehearsal_verifies_restore_point_and_full_job_sequence" computerName="DESKTOP-OVPKDKR" duration="00:00:02.2043148" startTime="2026-09-08T19:22:30.1333807+10:00" endTime="2026-09-08T19:22:30.1333809+10:00" testType="13cdc9d9-ddb5-4fa4-a97d-d965ccfc6d4b" outcome="Passed" testListId="8c84fa94-04c1-424b-9868-57a2d4851a1d" relativeResultsDirectory="35139f3e-94f6-402e-bc9a-42302cf26d95" />
    <UnitTestResult executionId="f4f47840-1d53-41a7-a2f5-02fea3fe73eb" testId="73d85ca4-fa6a-55c6-a55d-176ff24ac626" testName="IFX.DatabaseBoundary.Tests.MigrationSafetyPolicyTests.Rollout_evidence_template_requires_every_external_phase_8_control" computerName="DESKTOP-OVPKDKR" duration="00:00:00.0103500" startTime="2026-09-08T19:21:51.8994049+10:00" endTime="2026-09-08T19:21:51.8994161+10:00" testType="13cdc9d9-ddb5-4fa4-a97d-d965ccfc6d4b" outcome="Passed" testListId="8c84fa94-04c1-424b-9868-57a2d4851a1d" relativeResultsDirectory="f4f47840-1d53-41a7-a2f5-02fea3fe73eb" />
    <UnitTestResult executionId="5601f889-caed-48ca-9afe-f4772cec5263" testId="a7fbbe84-4969-577a-00f8-5b85121c4a1b" testName="IFX.DatabaseBoundary.Tests.ModuleDatabaseBoundaryTests.Registration_uses_a_history_table_in_the_module_schema(schema: &quot;holdings&quot;, connectionName: &quot;HoldingsDatabase&quot;, contextType: typeof(IFX.Modules.Holdings.Infrastructure.Persistence.HoldingsDbContext), register: Action`2 { Method = Void &lt;get_HistoryCases&gt;b__8_3(Microsoft.Extensions.DependencyInjection.IServiceCollection, Microsoft.Extensions.Configuration.IConfiguration), Target = &lt;&gt;c { } })" computerName="DESKTOP-OVPKDKR" duration="00:00:00.0062242" startTime="2026-09-08T19:21:52.9394878+10:00" endTime="2026-09-08T19:21:52.9394880+10:00" testType="13cdc9d9-ddb5-4fa4-a97d-d965ccfc6d4b" outcome="Passed" testListId="8c84fa94-04c1-424b-9868-57a2d4851a1d" relativeResultsDirectory="5601f889-caed-48ca-9afe-f4772cec5263" />
    <UnitTestResult executionId="9b6bd7a2-cffd-47f7-bd73-52a7fdd84306" testId="6b904006-19ee-27f7-7aed-24e26b9af7be" testName="IFX.DatabaseBoundary.Tests.ModuleDatabaseBoundaryTests.Bootstrap_catalog_is_generated_from_the_current_ef_assembly_and_model(module: &quot;CRM&quot;, schema: &quot;crm&quot;, order: 20, contextFactory: Func`1 { Method = Microsoft.EntityFrameworkCore.DbContext &lt;get_CatalogCases&gt;b__4_1(), Target = &lt;&gt;c { } })" computerName="DESKTOP-OVPKDKR" duration="00:00:00.0008545" startTime="2026-09-08T19:21:53.2608272+10:00" endTime="2026-09-08T19:21:53.2608273+10:00" testType="13cdc9d9-ddb5-4fa4-a97d-d965ccfc6d4b" outcome="Passed" testListId="8c84fa94-04c1-424b-9868-57a2d4851a1d" relativeResultsDirectory="9b6bd7a2-cffd-47f7-bd73-52a7fdd84306" />
    <UnitTestResult executionId="35f33116-bb24-48fb-93da-38ac63cb2424" testId="21b9544a-2d4d-fae8-01fb-3626bc120c29" testName="IFX.DatabaseBoundary.Tests.DatabaseMigratorManifestTests.Versioned_manifest_matches_all_runtime_migration_assemblies" computerName="DESKTOP-OVPKDKR" duration="00:00:00.0340005" startTime="2026-09-08T19:21:53.1557193+10:00" endTime="2026-09-08T19:21:53.1557196+10:00" testType="13cdc9d9-ddb5-4fa4-a97d-d965ccfc6d4b" outcome="Passed" testListId="8c84fa94-04c1-424b-9868-57a2d4851a1d" relativeResultsDirectory="35f33116-bb24-48fb-93da-38ac63cb2424" />
    <UnitTestResult executionId="d539dad0-fdb0-4197-bf18-7ef84fd0ca38" testId="3e5a3c46-51a9-6f93-9b76-f9c1e757ec57" testName="IFX.DatabaseBoundary.Tests.DatabaseMigratorManifestTests.Migrator_project_is_an_executable_without_web_or_composition_dependencies" computerName="DESKTOP-OVPKDKR" duration="00:00:00.0006715" startTime="2026-09-08T19:21:53.0755044+10:00" endTime="2026-09-08T19:21:53.0755046+10:00" testType="13cdc9d9-ddb5-4fa4-a97d-d965ccfc6d4b" outcome="Passed" testListId="8c84fa94-04c1-424b-9868-57a2d4851a1d" relativeResultsDirectory="d539dad0-fdb0-4197-bf18-7ef84fd0ca38" />
    <UnitTestResult executionId="b87c5df3-d0a8-4672-a27d-5ab73829f010" testId="d80f8fd1-b651-9122-9716-d4e0c643ba2a" testName="IFX.DatabaseBoundary.Tests.SqlServerMigrationMatrixTests.Runtime_identity_can_read_and_write_module_schemas_but_cannot_execute_DDL" computerName="DESKTOP-OVPKDKR" duration="00:00:02.0639355" startTime="2026-09-08T19:22:25.9459421+10:00" endTime="2026-09-08T19:22:25.9459423+10:00" testType="13cdc9d9-ddb5-4fa4-a97d-d965ccfc6d4b" outcome="Passed" testListId="8c84fa94-04c1-424b-9868-57a2d4851a1d" relativeResultsDirectory="b87c5df3-d0a8-4672-a27d-5ab73829f010" />
    <UnitTestResult executionId="0e97335b-edb5-4e6b-9454-a3b26774f5f9" testId="6a13c4b0-ebd4-a5a9-6959-6a7294b5401c" testName="IFX.DatabaseBoundary.Tests.DatabaseMigratorManifestTests.Command_line_exposes_each_required_mode(value: &quot;preflight&quot;, expected: Preflight)" computerName="DESKTOP-OVPKDKR" duration="00:00:00.0000055" startTime="2026-09-08T19:21:53.0746825+10:00" endTime="2026-09-08T19:21:53.0746825+10:00" testType="13cdc9d9-ddb5-4fa4-a97d-d965ccfc6d4b" outcome="Passed" testListId="8c84fa94-04c1-424b-9868-57a2d4851a1d" relativeResultsDirectory="0e97335b-edb5-4e6b-9454-a3b26774f5f9" />
    <UnitTestResult executionId="eebbedf8-0323-4baa-bb6d-d3549959ad4d" testId="e7612ce8-194b-9126-b1c1-b6fcdaf5cc01" testName="IFX.DatabaseBoundary.Tests.AuthLegacyAdoptionTests.Explicit_ensure_created_adoption_stamps_the_real_canonical_id" computerName="DESKTOP-OVPKDKR" duration="00:00:00.0002012" startTime="2026-09-08T19:21:52.7302571+10:00" endTime="2026-09-08T19:21:52.7302572+10:00" testType="13cdc9d9-ddb5-4fa4-a97d-d965ccfc6d4b" outcome="Passed" testListId="8c84fa94-04c1-424b-9868-57a2d4851a1d" relativeResultsDirectory="eebbedf8-0323-4baa-bb6d-d3549959ad4d" />
    <UnitTestResult executionId="8815302f-b00a-4d81-a6ec-a4859aaa24c7" testId="65ef5de4-8bba-9e8c-72b4-e2d17b52e1ce" testName="IFX.DatabaseBoundary.Tests.DatabaseMigratorManifestTests.Missing_module_fails_manifest_validation" computerName="DESKTOP-OVPKDKR" duration="00:00:00.0115371" startTime="2026-09-08T19:21:53.1288508+10:00" endTime="2026-09-08T19:21:53.1288510+10:00" testType="13cdc9d9-ddb5-4fa4-a97d-d965ccfc6d4b" outcome="Passed" testListId="8c84fa94-04c1-424b-9868-57a2d4851a1d" relativeResultsDirectory="8815302f-b00a-4d81-a6ec-a4859aaa24c7" />
    <UnitTestResult executionId="ec8b4fea-2803-4e31-8b64-0c563e89cf6a" testId="cfdbd7a7-4cab-ab04-d0f4-babd6c88c214" testName="IFX.DatabaseBoundary.Tests.HistoryBootstrapPlannerTests.Unknown_shared_migration_fails_closed" computerName="DESKTOP-OVPKDKR" duration="00:00:00.0005672" startTime="2026-09-08T19:21:51.9862895+10:00" endTime="2026-09-08T19:21:51.9862896+10:00" testType="13cdc9d9-ddb5-4fa4-a97d-d965ccfc6d4b" outcome="Passed" testListId="8c84fa94-04c1-424b-9868-57a2d4851a1d" relativeResultsDirectory="ec8b4fea-2803-4e31-8b64-0c563e89cf6a" />
    <UnitTestResult executionId="33e3b5e6-c7f2-4064-b98c-6693268c9406" testId="8ec02724-909b-b2ae-e827-250de8d3dc3a" testName="IFX.DatabaseBoundary.Tests.DatabaseMigratorManifestTests.Dry_run_shortcut_is_supported" computerName="DESKTOP-OVPKDKR" duration="00:00:00.0000846" startTime="2026-09-08T19:21:53.0751390+10:00" endTime="2026-09-08T19:21:53.0751391+10:00" testType="13cdc9d9-ddb5-4fa4-a97d-d965ccfc6d4b" outcome="Passed" testListId="8c84fa94-04c1-424b-9868-57a2d4851a1d" relativeResultsDirectory="33e3b5e6-c7f2-4064-b98c-6693268c9406" />
    <UnitTestResult executionId="c10b6b0d-b47e-41fc-b76b-264e484506c5" testId="3b378a6e-7321-40b9-1ef3-d4318d589c41" testName="IFX.DatabaseBoundary.Tests.SchemaCompatibilityTests.ApiHost_has_no_startup_DDL_path_and_carries_the_release_manifest" computerName="DESKTOP-OVPKDKR" duration="00:00:00.0012671" startTime="2026-09-08T19:21:51.9018870+10:00" endTime="2026-09-08T19:21:51.9018871+10:00" testType="13cdc9d9-ddb5-4fa4-a97d-d965ccfc6d4b" outcome="Passed" testListId="8c84fa94-04c1-424b-9868-57a2d4851a1d" relativeResultsDirectory="c10b6b0d-b47e-41fc-b76b-264e484506c5" />
    <UnitTestResult executionId="0540cbd3-d1df-4755-b934-accc090bb1c2" testId="7a1871a9-57ce-cf56-6631-b0e7825ebe42" testName="IFX.DatabaseBoundary.Tests.SchemaCompatibilityTests.Legacy_runtime_migrator_contract_and_module_implementations_are_removed" computerName="DESKTOP-OVPKDKR" duration="00:00:00.2738513" startTime="2026-09-08T19:21:52.2252331+10:00" endTime="2026-09-08T19:21:52.2252333+10:00" testType="13cdc9d9-ddb5-4fa4-a97d-d965ccfc6d4b" outcome="Passed" testListId="8c84fa94-04c1-424b-9868-57a2d4851a1d" relativeResultsDirectory="0540cbd3-d1df-4755-b934-accc090bb1c2" />
    <UnitTestResult executionId="3646b779-40db-4772-b157-77b28118b351" testId="2e4d277a-c537-0de1-a15b-4209785ccbc0" testName="IFX.DatabaseBoundary.Tests.DatabaseBoundaryDocumentationTests.Closeout_is_pre_ready_and_requires_event_and_runtime_callbacks" computerName="DESKTOP-OVPKDKR" duration="00:00:00.0012290" startTime="2026-09-08T19:21:51.9864649+10:00" endTime="2026-09-08T19:21:51.9864649+10:00" testType="13cdc9d9-ddb5-4fa4-a97d-d965ccfc6d4b" outcome="Passed" testListId="8c84fa94-04c1-424b-9868-57a2d4851a1d" relativeResultsDirectory="3646b779-40db-4772-b157-77b28118b351" />
    <UnitTestResult executionId="d553df23-28bc-4c23-bb30-0baba2aa7de5" testId="0eb552ff-411d-ba8f-0d34-21f81698b16f" testName="IFX.DatabaseBoundary.Tests.DatabaseMigratorManifestTests.Duplicate_order_fails_manifest_validation" computerName="DESKTOP-OVPKDKR" duration="00:00:01.1778461" startTime="2026-09-08T19:21:53.0744564+10:00" endTime="2026-09-08T19:21:53.0744566+10:00" testType="13cdc9d9-ddb5-4fa4-a97d-d965ccfc6d4b" outcome="Passed" testListId="8c84fa94-04c1-424b-9868-57a2d4851a1d" relativeResultsDirectory="d553df23-28bc-4c23-bb30-0baba2aa7de5" />
    <UnitTestResult executionId="fb187ae5-afe9-476a-8f93-aa5e264f8847" testId="b3c0725a-7d19-0df6-49a3-80f03fd7bc61" testName="IFX.DatabaseBoundary.Tests.ModuleDatabaseBoundaryTests.Registration_requires_the_dedicated_module_connection(connectionName: &quot;AuthDatabase&quot;, _: typeof(IFX.Modules.Auth.Infrastructure.Persistence.IfxDbContext), register: Action`2 { Method = Void &lt;get_RegistrationCases&gt;b__6_0(Microsoft.Extensions.DependencyInjection.IServiceCollection, Microsoft.Extensions.Configuration.IConfiguration), Target = &lt;&gt;c { } })" computerName="DESKTOP-OVPKDKR" duration="00:00:00.0012096" startTime="2026-09-08T19:21:53.0647509+10:00" endTime="2026-09-08T19:21:53.0647511+10:00" testType="13cdc9d9-ddb5-4fa4-a97d-d965ccfc6d4b" outcome="Passed" testListId="8c84fa94-04c1-424b-9868-57a2d4851a1d" relativeResultsDirectory="fb187ae5-afe9-476a-8f93-aa5e264f8847" />
    <UnitTestResult executionId="874170a5-9550-4595-a02c-e85511a3c25f" testId="b3c0725a-7d19-0df6-49a3-80f03fd7bc61" testName="IFX.DatabaseBoundary.Tests.ModuleDatabaseBoundaryTests.Registration_requires_the_dedicated_module_connection(connectionName: &quot;RegistryDatabase&quot;, _: typeof(IFX.Modules.Registry.Infrastructure.Persistence.RegistryDbContext), register: Action`2 { Method = Void &lt;get_RegistrationCases&gt;b__6_2(Microsoft.Extensions.DependencyInjection.IServiceCollection, Microsoft.Extensions.Configuration.IConfiguration), Target = &lt;&gt;c { } })" computerName="DESKTOP-OVPKDKR" duration="00:00:00.0002567" startTime="2026-09-08T19:21:53.0654738+10:00" endTime="2026-09-08T19:21:53.0654739+10:00" testType="13cdc9d9-ddb5-4fa4-a97d-d965ccfc6d4b" outcome="Passed" testListId="8c84fa94-04c1-424b-9868-57a2d4851a1d" relativeResultsDirectory="874170a5-9550-4595-a02c-e85511a3c25f" />
    <UnitTestResult executionId="43c707e4-dbf1-43e5-bab5-8c19715d2caa" testId="02263d30-c3a1-ed45-ce1e-ce90706cc68e" testName="IFX.DatabaseBoundary.Tests.HistoryBootstrapPlannerTests.Repeated_bootstrap_is_an_idempotent_no_op" computerName="DESKTOP-OVPKDKR" duration="00:00:00.0003263" startTime="2026-09-08T19:21:51.9864251+10:00" endTime="2026-09-08T19:21:51.9864251+10:00" testType="13cdc9d9-ddb5-4fa4-a97d-d965ccfc6d4b" outcome="Passed" testListId="8c84fa94-04c1-424b-9868-57a2d4851a1d" relativeResultsDirectory="43c707e4-dbf1-43e5-bab5-8c19715d2caa" />
    <UnitTestResult executionId="f0cf704a-f354-420e-a279-efdc5e28b764" testId="e09bdb4b-57d2-1636-2325-47887d8079cb" testName="IFX.DatabaseBoundary.Tests.ModuleDatabaseBoundaryTests.Module_schema_and_connection_names_are_unique" computerName="DESKTOP-OVPKDKR" duration="00:00:00.0007877" startTime="2026-09-08T19:21:51.9868857+10:00" endTime="2026-09-08T19:21:51.9868858+10:00" testType="13cdc9d9-ddb5-4fa4-a97d-d965ccfc6d4b" outcome="Passed" testListId="8c84fa94-04c1-424b-9868-57a2d4851a1d" relativeResultsDirectory="f0cf704a-f354-420e-a279-efdc5e28b764" />
    <UnitTestResult executionId="d1316fd5-8ae4-444f-932c-543e88a0354b" testId="adc7066b-55e5-e755-d18e-01b0c960a952" testName="IFX.DatabaseBoundary.Tests.SqlServerMigrationMatrixTests.Known_Auth_history_states_normalize_to_canonical_and_latest(state: &quot;canonical&quot;)" computerName="DESKTOP-OVPKDKR" duration="00:00:02.1778103" startTime="2026-09-08T19:22:15.3456351+10:00" endTime="2026-09-08T19:22:15.3456353+10:00" testType="13cdc9d9-ddb5-4fa4-a97d-d965ccfc6d4b" outcome="Passed" testListId="8c84fa94-04c1-424b-9868-57a2d4851a1d" relativeResultsDirectory="d1316fd5-8ae4-444f-932c-543e88a0354b" />
    <UnitTestResult executionId="11baec61-9556-4367-8e2f-2e5d74a21c42" testId="b3c0725a-7d19-0df6-49a3-80f03fd7bc61" testName="IFX.DatabaseBoundary.Tests.ModuleDatabaseBoundaryTests.Registration_requires_the_dedicated_module_connection(connectionName: &quot;CrmDatabase&quot;, _: typeof(IFX.Modules.CRM.Infrastructure.Persistence.CrmDbContext), register: Action`2 { Method = Void &lt;get_RegistrationCases&gt;b__6_1(Microsoft.Extensions.DependencyInjection.IServiceCollection, Microsoft.Extensions.Configuration.IConfiguration), Target = &lt;&gt;c { } })" computerName="DESKTOP-OVPKDKR" duration="00:00:00.0004252" startTime="2026-09-08T19:21:53.0652025+10:00" endTime="2026-09-08T19:21:53.0652026+10:00" testType="13cdc9d9-ddb5-4fa4-a97d-d965ccfc6d4b" outcome="Passed" testListId="8c84fa94-04c1-424b-9868-57a2d4851a1d" relativeResultsDirectory="11baec61-9556-4367-8e2f-2e5d74a21c42" />
    <UnitTestResult executionId="e908397c-107f-4bd7-8003-c36098e49181" testId="b3c0725a-7d19-0df6-49a3-80f03fd7bc61" testName="IFX.DatabaseBoundary.Tests.ModuleDatabaseBoundaryTests.Registration_requires_the_dedicated_module_connection(connectionName: &quot;HoldingsDatabase&quot;, _: typeof(IFX.Modules.Holdings.Infrastructure.Persistence.HoldingsDbContext), register: Action`2 { Method = Void &lt;get_RegistrationCases&gt;b__6_3(Microsoft.Extensions.DependencyInjection.IServiceCollection, Microsoft.Extensions.Configuration.IConfiguration), Target = &lt;&gt;c { } })" computerName="DESKTOP-OVPKDKR" duration="00:00:00.0002492" startTime="2026-09-08T19:21:53.0659544+10:00" endTime="2026-09-08T19:21:53.0659545+10:00" testType="13cdc9d9-ddb5-4fa4-a97d-d965ccfc6d4b" outcome="Passed" testListId="8c84fa94-04c1-424b-9868-57a2d4851a1d" relativeResultsDirectory="e908397c-107f-4bd7-8003-c36098e49181" />
    <UnitTestResult executionId="a1bfc615-7102-43e7-90e4-5da58f5fe70a" testId="ab435d7e-024b-12c5-adf6-fd29f1c41388" testName="IFX.DatabaseBoundary.Tests.ModuleDatabaseBoundaryTests.Required_connection_rejects_missing_or_blank_values(value: &quot;   &quot;)" computerName="DESKTOP-OVPKDKR" duration="00:00:00.0002011" startTime="2026-09-08T19:21:51.9868561+10:00" endTime="2026-09-08T19:21:51.9868561+10:00" testType="13cdc9d9-ddb5-4fa4-a97d-d965ccfc6d4b" outcome="Passed" testListId="8c84fa94-04c1-424b-9868-57a2d4851a1d" relativeResultsDirectory="a1bfc615-7102-43e7-90e4-5da58f5fe70a" />
    <UnitTestResult executionId="c5746da7-5854-44d2-a5b6-4aa2052bc0c4" testId="d42ec04e-3c6c-a278-04b3-c1d429e0664b" testName="IFX.DatabaseBoundary.Tests.AuthLegacyAdoptionTests.Exact_fourteen_id_shared_legacy_is_adopted_without_mutating_shared_rows" computerName="DESKTOP-OVPKDKR" duration="00:00:00.0011917" startTime="2026-09-08T19:21:52.7311827+10:00" endTime="2026-09-08T19:21:52.7311827+10:00" testType="13cdc9d9-ddb5-4fa4-a97d-d965ccfc6d4b" outcome="Passed" testListId="8c84fa94-04c1-424b-9868-57a2d4851a1d" relativeResultsDirectory="c5746da7-5854-44d2-a5b6-4aa2052bc0c4" />
    <UnitTestResult executionId="4c17c12c-80ae-4197-9c50-6d178d0bf339" testId="4df468fa-3efe-f83c-5176-8e95feda307f" testName="IFX.DatabaseBoundary.Tests.AuthLegacyAdoptionTests.Exact_fourteen_id_target_legacy_is_replaced_atomically" computerName="DESKTOP-OVPKDKR" duration="00:00:00.0396002" startTime="2026-09-08T19:21:52.0563428+10:00" endTime="2026-09-08T19:21:52.0563433+10:00" testType="13cdc9d9-ddb5-4fa4-a97d-d965ccfc6d4b" outcome="Passed" testListId="8c84fa94-04c1-424b-9868-57a2d4851a1d" relativeResultsDirectory="4c17c12c-80ae-4197-9c50-6d178d0bf339" />
    <UnitTestResult executionId="264762cf-1a2a-425d-b7a6-95eaa60a176b" testId="3cf5d77b-13e3-47fe-eb4a-3958b6763ac4" testName="IFX.DatabaseBoundary.Tests.AuthLegacyAdoptionTests.Incorrect_squash_id_is_only_a_legacy_alias" computerName="DESKTOP-OVPKDKR" duration="00:00:00.0320008" startTime="2026-09-08T19:21:52.0152136+10:00" endTime="2026-09-08T19:21:52.0152138+10:00" testType="13cdc9d9-ddb5-4fa4-a97d-d965ccfc6d4b" outcome="Passed" testListId="8c84fa94-04c1-424b-9868-57a2d4851a1d" relativeResultsDirectory="264762cf-1a2a-425d-b7a6-95eaa60a176b" />
    <UnitTestResult executionId="3a0c418c-c194-445b-9f2e-56db7a30faa1" testId="7ff19f61-3ade-e939-7c31-f777f41df74a" testName="IFX.DatabaseBoundary.Tests.AuthLegacyAdoptionTests.Generic_bootstrap_requires_auth_legacy_normalization_then_accepts_canonical_target" computerName="DESKTOP-OVPKDKR" duration="00:00:00.0017156" startTime="2026-09-08T19:21:52.0166066+10:00" endTime="2026-09-08T19:21:52.0166067+10:00" testType="13cdc9d9-ddb5-4fa4-a97d-d965ccfc6d4b" outcome="Passed" testListId="8c84fa94-04c1-424b-9868-57a2d4851a1d" relativeResultsDirectory="3a0c418c-c194-445b-9f2e-56db7a30faa1" />
    <UnitTestResult executionId="19f30b72-8274-488f-8032-4531429788a0" testId="e14bda3a-d16e-2495-28aa-2713078a3b87" testName="IFX.DatabaseBoundary.Tests.DatabaseMigratorManifestTests.Command_line_exposes_each_required_mode(value: &quot;validate&quot;, expected: Validate)" computerName="DESKTOP-OVPKDKR" duration="00:00:00.0000023" startTime="2026-09-08T19:21:53.0747007+10:00" endTime="2026-09-08T19:21:53.0747007+10:00" testType="13cdc9d9-ddb5-4fa4-a97d-d965ccfc6d4b" outcome="Passed" testListId="8c84fa94-04c1-424b-9868-57a2d4851a1d" relativeResultsDirectory="19f30b72-8274-488f-8032-4531429788a0" />
    <UnitTestResult executionId="5ff1a4b6-57b8-4c72-bb2f-ee20480d3ae8" testId="5c84c0a0-01f7-a2e6-0bb3-9fe3708f7a50" testName="IFX.DatabaseBoundary.Tests.SqlServerMigrationMatrixTests.Concurrent_migrators_serialize_and_lock_timeout_is_explicit" computerName="DESKTOP-OVPKDKR" duration="00:00:02.0707439" startTime="2026-09-08T19:22:32.2044064+10:00" endTime="2026-09-08T19:22:32.2044066+10:00" testType="13cdc9d9-ddb5-4fa4-a97d-d965ccfc6d4b" outcome="Passed" testListId="8c84fa94-04c1-424b-9868-57a2d4851a1d" relativeResultsDirectory="5ff1a4b6-57b8-4c72-bb2f-ee20480d3ae8" />
    <UnitTestResult executionId="565aa386-9eeb-42c6-9635-c7295240e3f1" testId="a7fbbe84-4969-577a-00f8-5b85121c4a1b" testName="IFX.DatabaseBoundary.Tests.ModuleDatabaseBoundaryTests.Registration_uses_a_history_table_in_the_module_schema(schema: &quot;transaction&quot;, connectionName: &quot;TransactionDatabase&quot;, contextType: typeof(IFX.Modules.Transaction.Infrastructure.Persistence.TransactionDbContext), register: Action`2 { Method = Void &lt;get_HistoryCases&gt;b__8_4(Microsoft.Extensions.DependencyInjection.IServiceCollection, Microsoft.Extensions.Configuration.IConfiguration), Target = &lt;&gt;c { } })" computerName="DESKTOP-OVPKDKR" duration="00:00:00.1233146" startTime="2026-09-08T19:21:53.0628695+10:00" endTime="2026-09-08T19:21:53.0628697+10:00" testType="13cdc9d9-ddb5-4fa4-a97d-d965ccfc6d4b" outcome="Passed" testListId="8c84fa94-04c1-424b-9868-57a2d4851a1d" relativeResultsDirectory="565aa386-9eeb-42c6-9635-c7295240e3f1" />
    <UnitTestResult executionId="e34371bd-d8f8-4eaa-b51a-700dd38725c6" testId="3b015d12-8998-05ad-9880-073a9e63dff5" testName="IFX.DatabaseBoundary.Tests.AuthLegacyAdoptionTests.Missing_column_changes_the_full_fingerprint" computerName="DESKTOP-OVPKDKR" duration="00:00:00.0742206" startTime="2026-09-08T19:21:52.7296842+10:00" endTime="2026-09-08T19:21:52.7296846+10:00" testType="13cdc9d9-ddb5-4fa4-a97d-d965ccfc6d4b" outcome="Passed" testListId="8c84fa94-04c1-424b-9868-57a2d4851a1d" relativeResultsDirectory="e34371bd-d8f8-4eaa-b51a-700dd38725c6" />
    <UnitTestResult executionId="cbeafe45-49c4-4454-9e7a-78f1bbecbe75" testId="6b904006-19ee-27f7-7aed-24e26b9af7be" testName="IFX.DatabaseBoundary.Tests.ModuleDatabaseBoundaryTests.Bootstrap_catalog_is_generated_from_the_current_ef_assembly_and_model(module: &quot;Auth&quot;, schema: &quot;auth&quot;, order: 10, contextFactory: Func`1 { Method = Microsoft.EntityFrameworkCore.DbContext &lt;get_CatalogCases&gt;b__4_0(), Target = &lt;&gt;c { } })" computerName="DESKTOP-OVPKDKR" duration="00:00:00.0028495" startTime="2026-09-08T19:21:53.2598752+10:00" endTime="2026-09-08T19:21:53.2598754+10:00" testType="13cdc9d9-ddb5-4fa4-a97d-d965ccfc6d4b" outcome="Passed" testListId="8c84fa94-04c1-424b-9868-57a2d4851a1d" relativeResultsDirectory="cbeafe45-49c4-4454-9e7a-78f1bbecbe75" />
    <UnitTestResult executionId="342bc887-6062-45fb-b57f-c339617153ce" testId="ace9ef55-3687-5c5d-d6c9-f6c4ab74bd16" testName="IFX.DatabaseBoundary.Tests.G04DispatcherLeaseConformanceTests.Earlier_sequence_blocks_later_partition_item_but_other_partition_progresses" computerName="DESKTOP-OVPKDKR" duration="00:00:00.5738928" startTime="2026-09-08T19:22:04.8119420+10:00" endTime="2026-09-08T19:22:04.8119426+10:00" testType="13cdc9d9-ddb5-4fa4-a97d-d965ccfc6d4b" outcome="Passed" testListId="8c84fa94-04c1-424b-9868-57a2d4851a1d" relativeResultsDirectory="342bc887-6062-45fb-b57f-c339617153ce" />
    <UnitTestResult executionId="98081c4e-11e6-4d61-920c-8f6dc33462ca" testId="64d4e3d5-52bd-3795-07b5-9ef50b5b6782" testName="IFX.DatabaseBoundary.Tests.ModuleDatabaseBoundaryTests.Model_is_owned_entirely_by_its_module_schema(expectedSchema: &quot;registry&quot;, contextFactory: Func`1 { Method = Microsoft.EntityFrameworkCore.DbContext &lt;get_ModelCases&gt;b__2_2(), Target = &lt;&gt;c { } })" computerName="DESKTOP-OVPKDKR" duration="00:00:00.0108790" startTime="2026-09-08T19:21:53.2080527+10:00" endTime="2026-09-08T19:21:53.2080529+10:00" testType="13cdc9d9-ddb5-4fa4-a97d-d965ccfc6d4b" outcome="Passed" testListId="8c84fa94-04c1-424b-9868-57a2d4851a1d" relativeResultsDirectory="98081c4e-11e6-4d61-920c-8f6dc33462ca" />
    <UnitTestResult executionId="5dc99976-29c6-4b26-842e-2ce5e7b9385b" testId="6b904006-19ee-27f7-7aed-24e26b9af7be" testName="IFX.DatabaseBoundary.Tests.ModuleDatabaseBoundaryTests.Bootstrap_catalog_is_generated_from_the_current_ef_assembly_and_model(module: &quot;Transaction&quot;, schema: &quot;transaction&quot;, order: 50, contextFactory: Func`1 { Method = Microsoft.EntityFrameworkCore.DbContext &lt;get_CatalogCases&gt;b__4_4(), Target = &lt;&gt;c { } })" computerName="DESKTOP-OVPKDKR" duration="00:00:00.0006305" startTime="2026-09-08T19:21:53.2626030+10:00" endTime="2026-09-08T19:21:53.2626031+10:00" testType="13cdc9d9-ddb5-4fa4-a97d-d965ccfc6d4b" outcome="Passed" testListId="8c84fa94-04c1-424b-9868-57a2d4851a1d" relativeResultsDirectory="5dc99976-29c6-4b26-842e-2ce5e7b9385b" />
    <UnitTestResult executionId="c02dd25a-d92c-4d37-8c0c-b84e0c2648ce" testId="f81ea6f9-c93d-5d3f-d723-b30c1f6e583f" testName="IFX.DatabaseBoundary.Tests.DatabaseMigratorManifestTests.Command_line_exposes_each_required_mode(value: &quot;apply&quot;, expected: Apply)" computerName="DESKTOP-OVPKDKR" duration="00:00:00.0001396" startTime="2026-09-08T19:21:53.0746518+10:00" endTime="2026-09-08T19:21:53.0746519+10:00" testType="13cdc9d9-ddb5-4fa4-a97d-d965ccfc6d4b" outcome="Passed" testListId="8c84fa94-04c1-424b-9868-57a2d4851a1d" relativeResultsDirectory="c02dd25a-d92c-4d37-8c0c-b84e0c2648ce" />
    <UnitTestResult executionId="24f718fc-9a82-4ffc-85b7-946453d8f877" testId="fc3221cd-4cc5-40df-fed9-b44404200280" testName="IFX.DatabaseBoundary.Tests.SqlServerMigrationMatrixTests.Complete_historyless_Auth_schema_is_only_adopted_when_explicitly_authorized" computerName="DESKTOP-OVPKDKR" duration="00:00:02.5897231" startTime="2026-09-08T19:22:08.5938573+10:00" endTime="2026-09-08T19:22:08.5938575+10:00" testType="13cdc9d9-ddb5-4fa4-a97d-d965ccfc6d4b" outcome="Passed" testListId="8c84fa94-04c1-424b-9868-57a2d4851a1d" relativeResultsDirectory="24f718fc-9a82-4ffc-85b7-946453d8f877" />
    <UnitTestResult executionId="15770c33-af13-430e-b3b1-ef70c66dd81b" testId="b8fc89b3-d36d-5847-b739-e72c3ede122b" testName="IFX.DatabaseBoundary.Tests.G04DispatcherLeaseConformanceTests.Crash_injection_preserves_truth_before_and_after_send_acknowledgement" computerName="DESKTOP-OVPKDKR" duration="00:00:00.4521361" startTime="2026-09-08T19:22:05.2645146+10:00" endTime="2026-09-08T19:22:05.2645148+10:00" testType="13cdc9d9-ddb5-4fa4-a97d-d965ccfc6d4b" outcome="Passed" testListId="8c84fa94-04c1-424b-9868-57a2d4851a1d" relativeResultsDirectory="15770c33-af13-430e-b3b1-ef70c66dd81b" />
    <UnitTestResult executionId="48c958d0-99dc-4e36-bdf8-cab7643f28a6" testId="e84abff1-78ba-f50e-c602-6a330ad91cd1" testName="IFX.DatabaseBoundary.Tests.HistoryBootstrapPlannerTests.Complete_schema_without_recognized_history_requires_explicit_adoption" computerName="DESKTOP-OVPKDKR" duration="00:00:00.0002790" startTime="2026-09-08T19:21:51.9862542+10:00" endTime="2026-09-08T19:21:51.9862557+10:00" testType="13cdc9d9-ddb5-4fa4-a97d-d965ccfc6d4b" outcome="Passed" testListId="8c84fa94-04c1-424b-9868-57a2d4851a1d" relativeResultsDirectory="48c958d0-99dc-4e36-bdf8-cab7643f28a6" />
    <UnitTestResult executionId="83b40774-a245-4756-b42b-ae5a373f200f" testId="47823143-8b6e-5d63-45a0-71410e512309" testName="IFX.DatabaseBoundary.Tests.ModuleDatabaseBoundaryTests.Registration_uses_only_its_dedicated_connection(connectionName: &quot;RegistryDatabase&quot;, contextType: typeof(IFX.Modules.Registry.Infrastructure.Persistence.RegistryDbContext), register: Action`2 { Method = Void &lt;get_RegistrationCases&gt;b__6_2(Microsoft.Extensions.DependencyInjection.IServiceCollection, Microsoft.Extensions.Configuration.IConfiguration), Target = &lt;&gt;c { } })" computerName="DESKTOP-OVPKDKR" duration="00:00:00.0003888" startTime="2026-09-08T19:21:53.2657504+10:00" endTime="2026-09-08T19:21:53.2657505+10:00" testType="13cdc9d9-ddb5-4fa4-a97d-d965ccfc6d4b" outcome="Passed" testListId="8c84fa94-04c1-424b-9868-57a2d4851a1d" relativeResultsDirectory="83b40774-a245-4756-b42b-ae5a373f200f" />
    <UnitTestResult executionId="e45548e7-5905-4c42-95f2-9f4b56cd5462" testId="b3c0725a-7d19-0df6-49a3-80f03fd7bc61" testName="IFX.DatabaseBoundary.Tests.ModuleDatabaseBoundaryTests.Registration_requires_the_dedicated_module_connection(connectionName: &quot;TransactionDatabase&quot;, _: typeof(IFX.Modules.Transaction.Infrastructure.Persistence.TransactionDbContext), register: Action`2 { Method = Void &lt;get_RegistrationCases&gt;b__6_4(Microsoft.Extensions.DependencyInjection.IServiceCollection, Microsoft.Extensions.Configuration.IConfiguration), Target = &lt;&gt;c { } })" computerName="DESKTOP-OVPKDKR" duration="00:00:00.0002306" startTime="2026-09-08T19:21:53.0659735+10:00" endTime="2026-09-08T19:21:53.0659735+10:00" testType="13cdc9d9-ddb5-4fa4-a97d-d965ccfc6d4b" outcome="Passed" testListId="8c84fa94-04c1-424b-9868-57a2d4851a1d" relativeResultsDirectory="e45548e7-5905-4c42-95f2-9f4b56cd5462" />
    <UnitTestResult executionId="f00b0f69-dc88-4424-816e-73b5fff98a1e" testId="307bfd29-b420-8c01-79aa-9d06c7be0f39" testName="IFX.DatabaseBoundary.Tests.HistoryBootstrapPlannerTests.Product_version_conflict_fails_closed" computerName="DESKTOP-OVPKDKR" duration="00:00:00.0004624" startTime="2026-09-08T19:21:51.9863199+10:00" endTime="2026-09-08T19:21:51.9863199+10:00" testType="13cdc9d9-ddb5-4fa4-a97d-d965ccfc6d4b" outcome="Passed" testListId="8c84fa94-04c1-424b-9868-57a2d4851a1d" relativeResultsDirectory="f00b0f69-dc88-4424-816e-73b5fff98a1e" />
    <UnitTestResult executionId="94aae69d-395c-4cd2-a935-70c924e5a3ad" testId="a7fbbe84-4969-577a-00f8-5b85121c4a1b" testName="IFX.DatabaseBoundary.Tests.ModuleDatabaseBoundaryTests.Registration_uses_a_history_table_in_the_module_schema(schema: &quot;auth&quot;, connectionName: &quot;AuthDatabase&quot;, contextType: typeof(IFX.Modules.Auth.Infrastructure.Persistence.IfxDbContext), register: Action`2 { Method = Void &lt;get_HistoryCases&gt;b__8_0(Microsoft.Extensions.DependencyInjection.IServiceCollection, Microsoft.Extensions.Configuration.IConfiguration), Target = &lt;&gt;c { } })" computerName="DESKTOP-OVPKDKR" duration="00:00:00.6863768" startTime="2026-09-08T19:21:52.6698121+10:00" endTime="2026-09-08T19:21:52.6698122+10:00" testType="13cdc9d9-ddb5-4fa4-a97d-d965ccfc6d4b" outcome="Passed" testListId="8c84fa94-04c1-424b-9868-57a2d4851a1d" relativeResultsDirectory="94aae69d-395c-4cd2-a935-70c924e5a3ad" />
    <UnitTestResult executionId="f02371ae-cca9-4100-acde-f5f666dfe13c" testId="12e68f12-8344-3094-eb51-08065e87b22b" testName="IFX.DatabaseBoundary.Tests.SqlServerMigrationMatrixTests.Known_Auth_history_states_normalize_to_canonical_and_latest(state: &quot;pre-squash&quot;)" computerName="DESKTOP-OVPKDKR" duration="00:00:02.3219123" startTime="2026-09-08T19:22:13.1674435+10:00" endTime="2026-09-08T19:22:13.1674437+10:00" testType="13cdc9d9-ddb5-4fa4-a97d-d965ccfc6d4b" outcome="Passed" testListId="8c84fa94-04c1-424b-9868-57a2d4851a1d" relativeResultsDirectory="f02371ae-cca9-4100-acde-f5f666dfe13c" />
    <UnitTestResult executionId="2da6d23d-52c3-40b7-bf52-b5ad5401b538" testId="7f391ea2-7550-9fb5-b6b2-2c70a77c42ff" testName="IFX.DatabaseBoundary.Tests.AuthLegacyAdoptionTests.Partial_legacy_history_fails_closed" computerName="DESKTOP-OVPKDKR" duration="00:00:00.0006447" startTime="2026-09-08T19:21:52.0158775+10:00" endTime="2026-09-08T19:21:52.0158777+10:00" testType="13cdc9d9-ddb5-4fa4-a97d-d965ccfc6d4b" outcome="Passed" testListId="8c84fa94-04c1-424b-9868-57a2d4851a1d" relativeResultsDirectory="2da6d23d-52c3-40b7-bf52-b5ad5401b538" />
    <UnitTestResult executionId="922ae265-9f9f-49cb-978c-35590e0abc11" testId="569ac408-de83-24d9-bc7d-d1483c9471e7" testName="IFX.DatabaseBoundary.Tests.SchemaCompatibilityTests.Release_schema_manifest_matches_versioned_migration_catalog" computerName="DESKTOP-OVPKDKR" duration="00:00:00.0667883" startTime="2026-09-08T19:21:51.9846513+10:00" endTime="2026-09-08T19:21:51.9846514+10:00" testType="13cdc9d9-ddb5-4fa4-a97d-d965ccfc6d4b" outcome="Passed" testListId="8c84fa94-04c1-424b-9868-57a2d4851a1d" relativeResultsDirectory="922ae265-9f9f-49cb-978c-35590e0abc11" />
    <UnitTestResult executionId="64513540-7ef7-411a-9c7d-30575de3c6ec" testId="64d4e3d5-52bd-3795-07b5-9ef50b5b6782" testName="IFX.DatabaseBoundary.Tests.ModuleDatabaseBoundaryTests.Model_is_owned_entirely_by_its_module_schema(expectedSchema: &quot;auth&quot;, contextFactory: Func`1 { Method = Microsoft.EntityFrameworkCore.DbContext &lt;get_ModelCases&gt;b__2_0(), Target = &lt;&gt;c { } })" computerName="DESKTOP-OVPKDKR" duration="00:00:00.0684136" startTime="2026-09-08T19:21:53.1351427+10:00" endTime="2026-09-08T19:21:53.1351429+10:00" testType="13cdc9d9-ddb5-4fa4-a97d-d965ccfc6d4b" outcome="Passed" testListId="8c84fa94-04c1-424b-9868-57a2d4851a1d" relativeResultsDirectory="64513540-7ef7-411a-9c7d-30575de3c6ec" />
    <UnitTestResult executionId="df0a28d8-b119-4d55-9a97-9316630cfbb0" testId="d69fe54a-92a6-072c-d4f1-a15b26766681" testName="IFX.DatabaseBoundary.Tests.SqlServerMigrationMatrixTests.Previous_release_upgrades_to_latest_without_losing_existing_data" computerName="DESKTOP-OVPKDKR" duration="00:00:02.1217121" startTime="2026-09-08T19:22:19.5232684+10:00" endTime="2026-09-08T19:22:19.5232686+10:00" testType="13cdc9d9-ddb5-4fa4-a97d-d965ccfc6d4b" outcome="Passed" testListId="8c84fa94-04c1-424b-9868-57a2d4851a1d" relativeResultsDirectory="df0a28d8-b119-4d55-9a97-9316630cfbb0" />
    <UnitTestResult executionId="d65e6c41-55d4-4a3a-8f63-f82ea9877a52" testId="91602f2c-46c7-a14a-677d-21a970ac0b40" testName="IFX.DatabaseBoundary.Tests.SqlServerMigrationMatrixTests.Shared_dbo_history_is_copied_exactly_and_retained_read_only" computerName="DESKTOP-OVPKDKR" duration="00:00:02.0872643" startTime="2026-09-08T19:22:21.6109226+10:00" endTime="2026-09-08T19:22:21.6109228+10:00" testType="13cdc9d9-ddb5-4fa4-a97d-d965ccfc6d4b" outcome="Passed" testListId="8c84fa94-04c1-424b-9868-57a2d4851a1d" relativeResultsDirectory="d65e6c41-55d4-4a3a-8f63-f82ea9877a52" />
    <UnitTestResult executionId="061419cf-1a78-49a6-b5fb-d35c2ab9f4f1" testId="e5c8768e-b0c7-471d-1702-fedaec20ebdd" testName="IFX.DatabaseBoundary.Tests.SchemaCompatibilityTests.Compose_requires_successful_one_shot_migrator_before_ApiHost(composeFile: &quot;docker-compose.yml&quot;)" computerName="DESKTOP-OVPKDKR" duration="00:00:00.0003954" startTime="2026-09-08T19:21:51.9848251+10:00" endTime="2026-09-08T19:21:51.9848251+10:00" testType="13cdc9d9-ddb5-4fa4-a97d-d965ccfc6d4b" outcome="Passed" testListId="8c84fa94-04c1-424b-9868-57a2d4851a1d" relativeResultsDirectory="061419cf-1a78-49a6-b5fb-d35c2ab9f4f1" />
    <UnitTestResult executionId="da2090db-60ff-48ea-9826-8e8afb8ab92e" testId="24c7efc6-db10-4ebf-ec8c-1f639b6151f1" testName="IFX.DatabaseBoundary.Tests.SchemaCompatibilityTests.Compose_requires_successful_one_shot_migrator_before_ApiHost(composeFile: &quot;docker-compose.nas.yml&quot;)" computerName="DESKTOP-OVPKDKR" duration="00:00:00.0010317" startTime="2026-09-08T19:21:51.9848062+10:00" endTime="2026-09-08T19:21:51.9848063+10:00" testType="13cdc9d9-ddb5-4fa4-a97d-d965ccfc6d4b" outcome="Passed" testListId="8c84fa94-04c1-424b-9868-57a2d4851a1d" relativeResultsDirectory="da2090db-60ff-48ea-9826-8e8afb8ab92e" />
    <UnitTestResult executionId="d96846f7-5878-4401-a96f-186e00bd24d5" testId="47823143-8b6e-5d63-45a0-71410e512309" testName="IFX.DatabaseBoundary.Tests.ModuleDatabaseBoundaryTests.Registration_uses_only_its_dedicated_connection(connectionName: &quot;CrmDatabase&quot;, contextType: typeof(IFX.Modules.CRM.Infrastructure.Persistence.CrmDbContext), register: Action`2 { Method = Void &lt;get_RegistrationCases&gt;b__6_1(Microsoft.Extensions.DependencyInjection.IServiceCollection, Microsoft.Extensions.Configuration.IConfiguration), Target = &lt;&gt;c { } })" computerName="DESKTOP-OVPKDKR" duration="00:00:00.0008730" startTime="2026-09-08T19:21:53.2653439+10:00" endTime="2026-09-08T19:21:53.2653440+10:00" testType="13cdc9d9-ddb5-4fa4-a97d-d965ccfc6d4b" outcome="Passed" testListId="8c84fa94-04c1-424b-9868-57a2d4851a1d" relativeResultsDirectory="d96846f7-5878-4401-a96f-186e00bd24d5" />
    <UnitTestResult executionId="81cbe75e-edc3-46ba-9ec1-336aa3f60d29" testId="c41e720c-b815-2054-cd67-5468102f6bad" testName="IFX.DatabaseBoundary.Tests.ModuleDatabaseBoundaryTests.Invalid_connection_error_never_echoes_the_connection_or_secret" computerName="DESKTOP-OVPKDKR" duration="00:00:00.0050462" startTime="2026-09-08T19:21:53.2563554+10:00" endTime="2026-09-08T19:21:53.2563556+10:00" testType="13cdc9d9-ddb5-4fa4-a97d-d965ccfc6d4b" outcome="Passed" testListId="8c84fa94-04c1-424b-9868-57a2d4851a1d" relativeResultsDirectory="81cbe75e-edc3-46ba-9ec1-336aa3f60d29" />
    <UnitTestResult executionId="ba72b074-56ba-40f0-961e-d1d56b288cf9" testId="0a3d9f3f-e85d-2860-dbab-b438fd1d4d07" testName="IFX.DatabaseBoundary.Tests.HistoryBootstrapPlannerTests.Partial_schema_fingerprint_fails_closed" computerName="DESKTOP-OVPKDKR" duration="00:00:00.0008433" startTime="2026-09-08T19:21:51.9862089+10:00" endTime="2026-09-08T19:21:51.9862091+10:00" testType="13cdc9d9-ddb5-4fa4-a97d-d965ccfc6d4b" outcome="Passed" testListId="8c84fa94-04c1-424b-9868-57a2d4851a1d" relativeResultsDirectory="ba72b074-56ba-40f0-961e-d1d56b288cf9" />
    <UnitTestResult executionId="1cea3a6e-7d69-4126-aba6-9d9d9ec0c9f5" testId="64d4e3d5-52bd-3795-07b5-9ef50b5b6782" testName="IFX.DatabaseBoundary.Tests.ModuleDatabaseBoundaryTests.Model_is_owned_entirely_by_its_module_schema(expectedSchema: &quot;transaction&quot;, contextFactory: Func`1 { Method = Microsoft.EntityFrameworkCore.DbContext &lt;get_ModelCases&gt;b__2_4(), Target = &lt;&gt;c { } })" computerName="DESKTOP-OVPKDKR" duration="00:00:00.0388333" startTime="2026-09-08T19:21:53.2512244+10:00" endTime="2026-09-08T19:21:53.2512247+10:00" testType="13cdc9d9-ddb5-4fa4-a97d-d965ccfc6d4b" outcome="Passed" testListId="8c84fa94-04c1-424b-9868-57a2d4851a1d" relativeResultsDirectory="1cea3a6e-7d69-4126-aba6-9d9d9ec0c9f5" />
    <UnitTestResult executionId="3759b38a-9acd-4ec9-b545-359e93678672" testId="cea33262-12b1-bef4-5df0-cc87ba5ae2fa" testName="IFX.DatabaseBoundary.Tests.DatabaseBoundaryDocumentationTests.Every_mermaid_source_has_nonempty_svg_and_png_renderings" computerName="DESKTOP-OVPKDKR" duration="00:00:00.0110397" startTime="2026-09-08T19:21:51.9869211+10:00" endTime="2026-09-08T19:21:51.9869212+10:00" testType="13cdc9d9-ddb5-4fa4-a97d-d965ccfc6d4b" outcome="Passed" testListId="8c84fa94-04c1-424b-9868-57a2d4851a1d" relativeResultsDirectory="3759b38a-9acd-4ec9-b545-359e93678672" />
    <UnitTestResult executionId="a64e9ba7-a21f-4d09-b636-f645cb1ea716" testId="b334fc8d-f29a-a399-a4d5-0c0369b2559e" testName="IFX.DatabaseBoundary.Tests.SqlServerMigrationMatrixTests.Empty_database_migrates_to_latest_with_owned_metadata_and_is_idempotent" computerName="DESKTOP-OVPKDKR" duration="00:00:02.0553133" startTime="2026-09-08T19:22:17.4012455+10:00" endTime="2026-09-08T19:22:17.4012457+10:00" testType="13cdc9d9-ddb5-4fa4-a97d-d965ccfc6d4b" outcome="Passed" testListId="8c84fa94-04c1-424b-9868-57a2d4851a1d" relativeResultsDirectory="a64e9ba7-a21f-4d09-b636-f645cb1ea716" />
    <UnitTestResult executionId="4e11d640-22e3-4e11-9724-fb16179474ea" testId="f15b1be0-86c0-dac7-b1d2-58785afe9235" testName="IFX.DatabaseBoundary.Tests.AuthLegacyAdoptionTests.Canonical_history_is_already_normalized_and_idempotent" computerName="DESKTOP-OVPKDKR" duration="00:00:00.0002727" startTime="2026-09-08T19:21:52.0159150+10:00" endTime="2026-09-08T19:21:52.0159150+10:00" testType="13cdc9d9-ddb5-4fa4-a97d-d965ccfc6d4b" outcome="Passed" testListId="8c84fa94-04c1-424b-9868-57a2d4851a1d" relativeResultsDirectory="4e11d640-22e3-4e11-9724-fb16179474ea" />
    <UnitTestResult executionId="852103e3-b22d-4c1c-85cc-fd06cf5856d7" testId="5b77ce79-74a2-f581-64d1-18b2672940ba" testName="IFX.DatabaseBoundary.Tests.AuthLegacyAdoptionTests.Fingerprint_mismatch_fails_closed_without_history_changes" computerName="DESKTOP-OVPKDKR" duration="00:00:00.0015937" startTime="2026-09-08T19:21:52.0152750+10:00" endTime="2026-09-08T19:21:52.0152750+10:00" testType="13cdc9d9-ddb5-4fa4-a97d-d965ccfc6d4b" outcome="Passed" testListId="8c84fa94-04c1-424b-9868-57a2d4851a1d" relativeResultsDirectory="852103e3-b22d-4c1c-85cc-fd06cf5856d7" />
    <UnitTestResult executionId="231ca419-9c59-4093-8bd4-967e097985b4" testId="7c7d5395-2124-0b33-faf2-28da5511fc1b" testName="IFX.DatabaseBoundary.Tests.AuthLegacyAdoptionTests.Complete_historyless_schema_requires_explicit_adoption" computerName="DESKTOP-OVPKDKR" duration="00:00:00.0001792" startTime="2026-09-08T19:21:52.7314097+10:00" endTime="2026-09-08T19:21:52.7314098+10:00" testType="13cdc9d9-ddb5-4fa4-a97d-d965ccfc6d4b" outcome="Passed" testListId="8c84fa94-04c1-424b-9868-57a2d4851a1d" relativeResultsDirectory="231ca419-9c59-4093-8bd4-967e097985b4" />
    <UnitTestResult executionId="57c8701c-5a55-4d3d-ad47-bf42a5f7e3b6" testId="ede21e45-6e89-4a14-a39a-6dae8ba0b97e" testName="IFX.DatabaseBoundary.Tests.G04DispatcherLeaseConformanceTests.Expired_lease_is_reclaimed_with_same_event_identity" computerName="DESKTOP-OVPKDKR" duration="00:00:00.3575202" startTime="2026-09-08T19:22:05.6224156+10:00" endTime="2026-09-08T19:22:05.6224158+10:00" testType="13cdc9d9-ddb5-4fa4-a97d-d965ccfc6d4b" outcome="Passed" testListId="8c84fa94-04c1-424b-9868-57a2d4851a1d" relativeResultsDirectory="57c8701c-5a55-4d3d-ad47-bf42a5f7e3b6" />
    <UnitTestResult executionId="a2aeb11d-7294-4fef-9407-ce5321e2e8d1" testId="6b904006-19ee-27f7-7aed-24e26b9af7be" testName="IFX.DatabaseBoundary.Tests.ModuleDatabaseBoundaryTests.Bootstrap_catalog_is_generated_from_the_current_ef_assembly_and_model(module: &quot;Registry&quot;, schema: &quot;registry&quot;, order: 30, contextFactory: Func`1 { Method = Microsoft.EntityFrameworkCore.DbContext &lt;get_CatalogCases&gt;b__4_2(), Target = &lt;&gt;c { } })" computerName="DESKTOP-OVPKDKR" duration="00:00:00.0005134" startTime="2026-09-08T19:21:53.2614125+10:00" endTime="2026-09-08T19:21:53.2614125+10:00" testType="13cdc9d9-ddb5-4fa4-a97d-d965ccfc6d4b" outcome="Passed" testListId="8c84fa94-04c1-424b-9868-57a2d4851a1d" relativeResultsDirectory="a2aeb11d-7294-4fef-9407-ce5321e2e8d1" />
    <UnitTestResult executionId="956883b2-1503-4483-a485-7751a294651a" testId="abf4e845-46d4-b1cf-4c16-c87432a718c8" testName="IFX.DatabaseBoundary.Tests.MigrationSafetyPolicyTests.Every_high_risk_migration_has_a_hash_bound_review_record" computerName="DESKTOP-OVPKDKR" duration="00:00:00.0114253" startTime="2026-09-08T19:21:51.9020552+10:00" endTime="2026-09-08T19:21:51.9020553+10:00" testType="13cdc9d9-ddb5-4fa4-a97d-d965ccfc6d4b" outcome="Passed" testListId="8c84fa94-04c1-424b-9868-57a2d4851a1d" relativeResultsDirectory="956883b2-1503-4483-a485-7751a294651a" />
    <UnitTestResult executionId="07d5c88c-eb66-4767-90cc-778bb9943fb8" testId="03259dca-6177-9429-5cbf-e4af433adb82" testName="IFX.DatabaseBoundary.Tests.SchemaCompatibilityTests.Local_and_CI_migration_commands_are_explicit" computerName="DESKTOP-OVPKDKR" duration="00:00:00.0003261" startTime="2026-09-08T19:21:51.9848530+10:00" endTime="2026-09-08T19:21:51.9848531+10:00" testType="13cdc9d9-ddb5-4fa4-a97d-d965ccfc6d4b" outcome="Passed" testListId="8c84fa94-04c1-424b-9868-57a2d4851a1d" relativeResultsDirectory="07d5c88c-eb66-4767-90cc-778bb9943fb8" />
    <UnitTestResult executionId="dc571bca-402f-42c7-89a9-a3a5ed6ed5cc" testId="47823143-8b6e-5d63-45a0-71410e512309" testName="IFX.DatabaseBoundary.Tests.ModuleDatabaseBoundaryTests.Registration_uses_only_its_dedicated_connection(connectionName: &quot;AuthDatabase&quot;, contextType: typeof(IFX.Modules.Auth.Infrastructure.Persistence.IfxDbContext), register: Action`2 { Method = Void &lt;get_RegistrationCases&gt;b__6_0(Microsoft.Extensions.DependencyInjection.IServiceCollection, Microsoft.Extensions.Configuration.IConfiguration), Target = &lt;&gt;c { } })" computerName="DESKTOP-OVPKDKR" duration="00:00:00.0015165" startTime="2026-09-08T19:21:53.2644513+10:00" endTime="2026-09-08T19:21:53.2644514+10:00" testType="13cdc9d9-ddb5-4fa4-a97d-d965ccfc6d4b" outcome="Passed" testListId="8c84fa94-04c1-424b-9868-57a2d4851a1d" relativeResultsDirectory="dc571bca-402f-42c7-89a9-a3a5ed6ed5cc" />
    <UnitTestResult executionId="58ebe3ff-7de0-47b9-ac00-c0a3c2b75c96" testId="28d3a2bf-9483-5cac-70a1-53a80d87914f" testName="IFX.DatabaseBoundary.Tests.DatabaseMigratorManifestTests.Runtime_order_is_explicit_and_stable" computerName="DESKTOP-OVPKDKR" duration="00:00:00.0051540" startTime="2026-09-08T19:21:53.1099351+10:00" endTime="2026-09-08T19:21:53.1099356+10:00" testType="13cdc9d9-ddb5-4fa4-a97d-d965ccfc6d4b" outcome="Passed" testListId="8c84fa94-04c1-424b-9868-57a2d4851a1d" relativeResultsDirectory="58ebe3ff-7de0-47b9-ac00-c0a3c2b75c96" />
    <UnitTestResult executionId="84890052-684b-404e-985e-59f7c05bedf1" testId="b99e6e2e-e020-047f-803a-f3c3b5445de9" testName="IFX.DatabaseBoundary.Tests.G04DispatcherLeaseConformanceTests.Renewal_changes_token_and_prevents_stale_completion" computerName="DESKTOP-OVPKDKR" duration="00:00:00.5676210" startTime="2026-09-08T19:22:04.2376407+10:00" endTime="2026-09-08T19:22:04.2376409+10:00" testType="13cdc9d9-ddb5-4fa4-a97d-d965ccfc6d4b" outcome="Passed" testListId="8c84fa94-04c1-424b-9868-57a2d4851a1d" relativeResultsDirectory="84890052-684b-404e-985e-59f7c05bedf1" />
    <UnitTestResult executionId="c6c560e1-c18e-43a6-8b9a-8d101a1a484c" testId="859b80bb-8f18-9c7c-19ff-aebe4083e992" testName="IFX.DatabaseBoundary.Tests.DatabaseBoundaryDocumentationTests.Bilingual_documents_keep_decisions_and_operational_contract_aligned" computerName="DESKTOP-OVPKDKR" duration="00:00:00.0008073" startTime="2026-09-08T19:21:51.9867753+10:00" endTime="2026-09-08T19:21:51.9867753+10:00" testType="13cdc9d9-ddb5-4fa4-a97d-d965ccfc6d4b" outcome="Passed" testListId="8c84fa94-04c1-424b-9868-57a2d4851a1d" relativeResultsDirectory="c6c560e1-c18e-43a6-8b9a-8d101a1a484c" />
    <UnitTestResult executionId="2582cc57-f1bf-4892-9797-e93bcb56456e" testId="26eea7ba-dbad-d83f-edb3-db363ae0d869" testName="IFX.DatabaseBoundary.Tests.SqlServerMigrationMatrixTests.Known_Auth_history_states_normalize_to_canonical_and_latest(state: &quot;incorrect-alias&quot;)" computerName="DESKTOP-OVPKDKR" duration="00:00:02.2509965" startTime="2026-09-08T19:22:10.8451655+10:00" endTime="2026-09-08T19:22:10.8451657+10:00" testType="13cdc9d9-ddb5-4fa4-a97d-d965ccfc6d4b" outcome="Passed" testListId="8c84fa94-04c1-424b-9868-57a2d4851a1d" relativeResultsDirectory="2582cc57-f1bf-4892-9797-e93bcb56456e" />
    <UnitTestResult executionId="0b9df8b3-240b-4c68-82bd-3ee47e535c71" testId="a7fbbe84-4969-577a-00f8-5b85121c4a1b" testName="IFX.DatabaseBoundary.Tests.ModuleDatabaseBoundaryTests.Registration_uses_a_history_table_in_the_module_schema(schema: &quot;registry&quot;, connectionName: &quot;RegistryDatabase&quot;, contextType: typeof(IFX.Modules.Registry.Infrastructure.Persistence.RegistryDbContext), register: Action`2 { Method = Void &lt;get_HistoryCases&gt;b__8_2(Microsoft.Extensions.DependencyInjection.IServiceCollection, Microsoft.Extensions.Configuration.IConfiguration), Target = &lt;&gt;c { } })" computerName="DESKTOP-OVPKDKR" duration="00:00:00.1009831" startTime="2026-09-08T19:21:52.9332301+10:00" endTime="2026-09-08T19:21:52.9332303+10:00" testType="13cdc9d9-ddb5-4fa4-a97d-d965ccfc6d4b" outcome="Passed" testListId="8c84fa94-04c1-424b-9868-57a2d4851a1d" relativeResultsDirectory="0b9df8b3-240b-4c68-82bd-3ee47e535c71" />
    <UnitTestResult executionId="a47fc5a8-1cbd-49ed-bcdc-a3f8f73d16fd" testId="64d4e3d5-52bd-3795-07b5-9ef50b5b6782" testName="IFX.DatabaseBoundary.Tests.ModuleDatabaseBoundaryTests.Model_is_owned_entirely_by_its_module_schema(expectedSchema: &quot;crm&quot;, contextFactory: Func`1 { Method = Microsoft.EntityFrameworkCore.DbContext &lt;get_ModelCases&gt;b__2_1(), Target = &lt;&gt;c { } })" computerName="DESKTOP-OVPKDKR" duration="00:00:00.0619190" startTime="2026-09-08T19:21:53.1971173+10:00" endTime="2026-09-08T19:21:53.1971175+10:00" testType="13cdc9d9-ddb5-4fa4-a97d-d965ccfc6d4b" outcome="Passed" testListId="8c84fa94-04c1-424b-9868-57a2d4851a1d" relativeResultsDirectory="a47fc5a8-1cbd-49ed-bcdc-a3f8f73d16fd" />
    <UnitTestResult executionId="ebe3ca64-06c0-4b9f-8bbc-4792865a416f" testId="29e9b1cb-3d36-481a-f834-85e71bb1d4f7" testName="IFX.DatabaseBoundary.Tests.ModuleDatabaseBoundaryTests.Required_connection_rejects_missing_or_blank_values(value: &quot;&quot;)" computerName="DESKTOP-OVPKDKR" duration="00:00:00.0006280" startTime="2026-09-08T19:21:51.9868363+10:00" endTime="2026-09-08T19:21:51.9868363+10:00" testType="13cdc9d9-ddb5-4fa4-a97d-d965ccfc6d4b" outcome="Passed" testListId="8c84fa94-04c1-424b-9868-57a2d4851a1d" relativeResultsDirectory="ebe3ca64-06c0-4b9f-8bbc-4792865a416f" />
    <UnitTestResult executionId="d9060b23-52b4-4170-a165-f41e2cd1c9f3" testId="1e54fd63-2c12-c335-ef8c-e0c5638746d2" testName="IFX.DatabaseBoundary.Tests.HistoryBootstrapPlannerTests.Shared_history_is_mapped_exactly_and_preserves_product_versions" computerName="DESKTOP-OVPKDKR" duration="00:00:00.0029995" startTime="2026-09-08T19:21:51.9863971+10:00" endTime="2026-09-08T19:21:51.9863972+10:00" testType="13cdc9d9-ddb5-4fa4-a97d-d965ccfc6d4b" outcome="Passed" testListId="8c84fa94-04c1-424b-9868-57a2d4851a1d" relativeResultsDirectory="d9060b23-52b4-4170-a165-f41e2cd1c9f3" />
    <UnitTestResult executionId="8fe5e1d2-1433-4d6d-b40c-cf6b6a7febc5" testId="5faecc77-0a4b-fa9b-4e3d-01b60d7bc6ca" testName="IFX.DatabaseBoundary.Tests.SchemaCompatibilityTests.Newer_expand_compatible_schema_allows_old_release_to_remain_ready" computerName="DESKTOP-OVPKDKR" duration="00:00:00.0016843" startTime="2026-09-08T19:21:51.9847760+10:00" endTime="2026-09-08T19:21:51.9847761+10:00" testType="13cdc9d9-ddb5-4fa4-a97d-d965ccfc6d4b" outcome="Passed" testListId="8c84fa94-04c1-424b-9868-57a2d4851a1d" relativeResultsDirectory="8fe5e1d2-1433-4d6d-b40c-cf6b6a7febc5" />
    <UnitTestResult executionId="a13da894-e4a1-4103-80a2-cc95ddc27e2c" testId="e6c9fda3-b0f5-1e78-8293-b876c010eb62" testName="IFX.DatabaseBoundary.Tests.SchemaCompatibilityTests.Unknown_newer_schema_fails_closed" computerName="DESKTOP-OVPKDKR" duration="00:00:00.0003930" startTime="2026-09-08T19:21:51.9849122+10:00" endTime="2026-09-08T19:21:51.9849122+10:00" testType="13cdc9d9-ddb5-4fa4-a97d-d965ccfc6d4b" outcome="Passed" testListId="8c84fa94-04c1-424b-9868-57a2d4851a1d" relativeResultsDirectory="a13da894-e4a1-4103-80a2-cc95ddc27e2c" />
    <UnitTestResult executionId="4678276b-cfc8-4c6e-acb7-924d697f361a" testId="88c954bf-e512-83c4-290d-f4900a003486" testName="IFX.DatabaseBoundary.Tests.DatabaseMigratorManifestTests.Command_line_exposes_each_required_mode(value: &quot;scripts&quot;, expected: Scripts)" computerName="DESKTOP-OVPKDKR" duration="00:00:00.0000026" startTime="2026-09-08T19:21:53.0747191+10:00" endTime="2026-09-08T19:21:53.0747191+10:00" testType="13cdc9d9-ddb5-4fa4-a97d-d965ccfc6d4b" outcome="Passed" testListId="8c84fa94-04c1-424b-9868-57a2d4851a1d" relativeResultsDirectory="4678276b-cfc8-4c6e-acb7-924d697f361a" />
    <UnitTestResult executionId="9871926d-bbfb-459d-aaf8-b4eea030e7f2" testId="968f70ba-ca5e-7b57-f732-29760da37439" testName="IFX.DatabaseBoundary.Tests.AuthLegacyAdoptionTests.Baseline_fingerprint_covers_tables_columns_keys_foreign_keys_and_indexes" computerName="DESKTOP-OVPKDKR" duration="00:00:00.5989475" startTime="2026-09-08T19:21:52.6697533+10:00" endTime="2026-09-08T19:21:52.6697536+10:00" testType="13cdc9d9-ddb5-4fa4-a97d-d965ccfc6d4b" outcome="Passed" testListId="8c84fa94-04c1-424b-9868-57a2d4851a1d" relativeResultsDirectory="9871926d-bbfb-459d-aaf8-b4eea030e7f2" />
    <UnitTestResult executionId="96168ccd-a4f0-4ed2-b971-291ede09ffe2" testId="64d4e3d5-52bd-3795-07b5-9ef50b5b6782" testName="IFX.DatabaseBoundary.Tests.ModuleDatabaseBoundaryTests.Model_is_owned_entirely_by_its_module_schema(expectedSchema: &quot;holdings&quot;, contextFactory: Func`1 { Method = Microsoft.EntityFrameworkCore.DbContext &lt;get_ModelCases&gt;b__2_3(), Target = &lt;&gt;c { } })" computerName="DESKTOP-OVPKDKR" duration="00:00:00.0042156" startTime="2026-09-08T19:21:53.2123199+10:00" endTime="2026-09-08T19:21:53.2123201+10:00" testType="13cdc9d9-ddb5-4fa4-a97d-d965ccfc6d4b" outcome="Passed" testListId="8c84fa94-04c1-424b-9868-57a2d4851a1d" relativeResultsDirectory="96168ccd-a4f0-4ed2-b971-291ede09ffe2" />
    <UnitTestResult executionId="4e736e3a-8ece-47e8-a866-09a7c382bd64" testId="c4dd2d71-8ca7-3111-16b8-6adfbf195a42" testName="IFX.DatabaseBoundary.Tests.HistoryBootstrapPlannerTests.Module_history_with_foreign_id_fails_closed" computerName="DESKTOP-OVPKDKR" duration="00:00:00.0004633" startTime="2026-09-08T19:21:51.9863737+10:00" endTime="2026-09-08T19:21:51.9863737+10:00" testType="13cdc9d9-ddb5-4fa4-a97d-d965ccfc6d4b" outcome="Passed" testListId="8c84fa94-04c1-424b-9868-57a2d4851a1d" relativeResultsDirectory="4e736e3a-8ece-47e8-a866-09a7c382bd64" />
    <UnitTestResult executionId="7e75c64a-2b88-4917-8015-92ea0078d6a5" testId="cd41f484-6cbf-eaee-f3fc-761b39b29cfa" testName="IFX.DatabaseBoundary.Tests.DatabaseMigratorManifestTests.Command_line_exposes_each_required_mode(value: &quot;dry-run&quot;, expected: DryRun)" computerName="DESKTOP-OVPKDKR" duration="00:00:00.0011250" startTime="2026-09-08T19:21:53.0745082+10:00" endTime="2026-09-08T19:21:53.0745082+10:00" testType="13cdc9d9-ddb5-4fa4-a97d-d965ccfc6d4b" outcome="Passed" testListId="8c84fa94-04c1-424b-9868-57a2d4851a1d" relativeResultsDirectory="7e75c64a-2b88-4917-8015-92ea0078d6a5" />
    <UnitTestResult executionId="8e145d23-d183-48ea-8daf-1ee7710f5d1a" testId="6ac03779-79c9-01e4-0d53-6b61566d7c1d" testName="IFX.DatabaseBoundary.Tests.G04DispatcherLeaseConformanceTests.Completion_is_conditional_on_owner_and_concurrency_token" computerName="DESKTOP-OVPKDKR" duration="00:00:00.3803377" startTime="2026-09-08T19:22:06.0031551+10:00" endTime="2026-09-08T19:22:06.0031554+10:00" testType="13cdc9d9-ddb5-4fa4-a97d-d965ccfc6d4b" outcome="Passed" testListId="8c84fa94-04c1-424b-9868-57a2d4851a1d" relativeResultsDirectory="8e145d23-d183-48ea-8daf-1ee7710f5d1a" />
    <UnitTestResult executionId="84d0c12d-aa90-433f-a3fd-e77768ab1f6c" testId="2bda3da4-ac65-aae2-ed5b-d6b3b934dec4" testName="IFX.DatabaseBoundary.Tests.SqlServerMigrationMatrixTests.Partial_or_fingerprint_mismatched_Auth_schema_fails_without_stamping_history" computerName="DESKTOP-OVPKDKR" duration="00:00:01.3636108" startTime="2026-09-08T19:22:22.9748217+10:00" endTime="2026-09-08T19:22:22.9748219+10:00" testType="13cdc9d9-ddb5-4fa4-a97d-d965ccfc6d4b" outcome="Passed" testListId="8c84fa94-04c1-424b-9868-57a2d4851a1d" relativeResultsDirectory="84d0c12d-aa90-433f-a3fd-e77768ab1f6c" />
    <UnitTestResult executionId="8a4bf262-44d9-4088-9b04-a7b8d8535a86" testId="47823143-8b6e-5d63-45a0-71410e512309" testName="IFX.DatabaseBoundary.Tests.ModuleDatabaseBoundaryTests.Registration_uses_only_its_dedicated_connection(connectionName: &quot;HoldingsDatabase&quot;, contextType: typeof(IFX.Modules.Holdings.Infrastructure.Persistence.HoldingsDbContext), register: Action`2 { Method = Void &lt;get_RegistrationCases&gt;b__6_3(Microsoft.Extensions.DependencyInjection.IServiceCollection, Microsoft.Extensions.Configuration.IConfiguration), Target = &lt;&gt;c { } })" computerName="DESKTOP-OVPKDKR" duration="00:00:00.0003460" startTime="2026-09-08T19:21:53.2661629+10:00" endTime="2026-09-08T19:21:53.2661629+10:00" testType="13cdc9d9-ddb5-4fa4-a97d-d965ccfc6d4b" outcome="Passed" testListId="8c84fa94-04c1-424b-9868-57a2d4851a1d" relativeResultsDirectory="8a4bf262-44d9-4088-9b04-a7b8d8535a86" />
    <UnitTestResult executionId="3715cc4c-bb0d-4b80-a925-6d468b16e292" testId="907dad71-2404-d6b5-2c49-3be24889c57c" testName="IFX.DatabaseBoundary.Tests.ModuleDatabaseBoundaryTests.Required_connection_rejects_missing_or_blank_values(value: null)" computerName="DESKTOP-OVPKDKR" duration="00:00:00.0289543" startTime="2026-09-08T19:21:51.9868085+10:00" endTime="2026-09-08T19:21:51.9868085+10:00" testType="13cdc9d9-ddb5-4fa4-a97d-d965ccfc6d4b" outcome="Passed" testListId="8c84fa94-04c1-424b-9868-57a2d4851a1d" relativeResultsDirectory="3715cc4c-bb0d-4b80-a925-6d468b16e292" />
    <UnitTestResult executionId="76d1b325-a8c9-4eca-bf24-568f4a500717" testId="b73d9b67-6f33-13be-fcc1-cdaa058c6c36" testName="IFX.DatabaseBoundary.Tests.MigrationSafetyPolicyTests.Recovery_and_audit_templates_define_required_controls" computerName="DESKTOP-OVPKDKR" duration="00:00:00.0014335" startTime="2026-09-08T19:21:51.9016305+10:00" endTime="2026-09-08T19:21:51.9016306+10:00" testType="13cdc9d9-ddb5-4fa4-a97d-d965ccfc6d4b" outcome="Passed" testListId="8c84fa94-04c1-424b-9868-57a2d4851a1d" relativeResultsDirectory="76d1b325-a8c9-4eca-bf24-568f4a500717" />
    <UnitTestResult executionId="1cec89b1-1977-4a14-94a7-726c556b824b" testId="53b01cad-ae0f-2e1d-8fcb-4daf492e3a10" testName="IFX.DatabaseBoundary.Tests.HistoryBootstrapPlannerTests.Empty_database_is_fresh_and_needs_no_history_bootstrap" computerName="DESKTOP-OVPKDKR" duration="00:00:00.0247367" startTime="2026-09-08T19:21:51.9477222+10:00" endTime="2026-09-08T19:21:51.9477225+10:00" testType="13cdc9d9-ddb5-4fa4-a97d-d965ccfc6d4b" outcome="Passed" testListId="8c84fa94-04c1-424b-9868-57a2d4851a1d" relativeResultsDirectory="1cec89b1-1977-4a14-94a7-726c556b824b" />
    <UnitTestResult executionId="59320c0d-9e56-4bd5-93cb-4a041244b05f" testId="5e5a8773-f46a-49d8-5afb-ae332a9eb3ad" testName="IFX.DatabaseBoundary.Tests.HistoryBootstrapPlannerTests.Duplicate_migration_ownership_fails_closed" computerName="DESKTOP-OVPKDKR" duration="00:00:00.0005530" startTime="2026-09-08T19:21:51.9863470+10:00" endTime="2026-09-08T19:21:51.9863471+10:00" testType="13cdc9d9-ddb5-4fa4-a97d-d965ccfc6d4b" outcome="Passed" testListId="8c84fa94-04c1-424b-9868-57a2d4851a1d" relativeResultsDirectory="59320c0d-9e56-4bd5-93cb-4a041244b05f" />
    <UnitTestResult executionId="be3c68a8-2e4c-4cd6-acd5-b1fb8f844be2" testId="2dc91c3e-3be9-ef85-8bd5-0032d70193c8" testName="IFX.DatabaseBoundary.Tests.HistoryBootstrapPlannerTests.Duplicate_target_history_rows_fail_closed_without_planner_failure" computerName="DESKTOP-OVPKDKR" duration="00:00:00.0068690" startTime="2026-09-08T19:21:51.9849046+10:00" endTime="2026-09-08T19:21:51.9849047+10:00" testType="13cdc9d9-ddb5-4fa4-a97d-d965ccfc6d4b" outcome="Passed" testListId="8c84fa94-04c1-424b-9868-57a2d4851a1d" relativeResultsDirectory="be3c68a8-2e4c-4cd6-acd5-b1fb8f844be2" />
    <UnitTestResult executionId="cb0cb4f6-75fe-4ad5-8c14-51a36a690963" testId="d70346e1-32f6-4f89-cd3f-e2569aecda42" testName="IFX.DatabaseBoundary.Tests.DatabaseMigratorManifestTests.Cyclic_dependencies_fail_manifest_validation" computerName="DESKTOP-OVPKDKR" duration="00:00:00.0291034" startTime="2026-09-08T19:21:53.1046999+10:00" endTime="2026-09-08T19:21:53.1047001+10:00" testType="13cdc9d9-ddb5-4fa4-a97d-d965ccfc6d4b" outcome="Passed" testListId="8c84fa94-04c1-424b-9868-57a2d4851a1d" relativeResultsDirectory="cb0cb4f6-75fe-4ad5-8c14-51a36a690963" />
    <UnitTestResult executionId="4a40334d-5268-4830-a41a-6bfabca2633d" testId="70c2c739-4e7c-6037-4856-5010718d95df" testName="IFX.DatabaseBoundary.Tests.SqlServerMigrationMatrixTests.Partial_Auth_legacy_history_fails_closed_without_rewriting_source_or_target" computerName="DESKTOP-OVPKDKR" duration="00:00:00.9065186" startTime="2026-09-08T19:22:23.8817080+10:00" endTime="2026-09-08T19:22:23.8817082+10:00" testType="13cdc9d9-ddb5-4fa4-a97d-d965ccfc6d4b" outcome="Passed" testListId="8c84fa94-04c1-424b-9868-57a2d4851a1d" relativeResultsDirectory="4a40334d-5268-4830-a41a-6bfabca2633d" />
  </Results>
  <TestDefinitions>
    <UnitTest name="IFX.DatabaseBoundary.Tests.MigrationSafetyPolicyTests.Database_runtime_contains_no_automatic_targeted_Down_execution" storage="d:\ifx\tests\ifx.databaseboundary.tests\bin\debug\net8.0\ifx.databaseboundary.tests.dll" id="d4903b7e-7719-186a-fe95-09340682882d">
      <Execution id="3b92045d-9023-4330-9767-b6211b999fc9" />
      <TestMethod codeBase="D:\IFX\tests\IFX.DatabaseBoundary.Tests\bin\Debug\net8.0\IFX.DatabaseBoundary.Tests.dll" adapterTypeName="executor://xunit/VsTestRunner2/netcoreapp" className="IFX.DatabaseBoundary.Tests.MigrationSafetyPolicyTests" name="Database_runtime_contains_no_automatic_targeted_Down_execution" />
    </UnitTest>
    <UnitTest name="IFX.DatabaseBoundary.Tests.SchemaCompatibilityTests.Unknown_newer_schema_fails_closed" storage="d:\ifx\tests\ifx.databaseboundary.tests\bin\debug\net8.0\ifx.databaseboundary.tests.dll" id="e6c9fda3-b0f5-1e78-8293-b876c010eb62">
      <Execution id="a13da894-e4a1-4103-80a2-cc95ddc27e2c" />
      <TestMethod codeBase="D:\IFX\tests\IFX.DatabaseBoundary.Tests\bin\Debug\net8.0\IFX.DatabaseBoundary.Tests.dll" adapterTypeName="executor://xunit/VsTestRunner2/netcoreapp" className="IFX.DatabaseBoundary.Tests.SchemaCompatibilityTests" name="Unknown_newer_schema_fails_closed" />
    </UnitTest>
    <UnitTest name="IFX.DatabaseBoundary.Tests.DatabaseMigratorManifestTests.Duplicate_order_fails_manifest_validation" storage="d:\ifx\tests\ifx.databaseboundary.tests\bin\debug\net8.0\ifx.databaseboundary.tests.dll" id="0eb552ff-411d-ba8f-0d34-21f81698b16f">
      <Execution id="d553df23-28bc-4c23-bb30-0baba2aa7de5" />
      <TestMethod codeBase="D:\IFX\tests\IFX.DatabaseBoundary.Tests\bin\Debug\net8.0\IFX.DatabaseBoundary.Tests.dll" adapterTypeName="executor://xunit/VsTestRunner2/netcoreapp" className="IFX.DatabaseBoundary.Tests.DatabaseMigratorManifestTests" name="Duplicate_order_fails_manifest_validation" />
    </UnitTest>
    <UnitTest name="IFX.DatabaseBoundary.Tests.AuthLegacyAdoptionTests.Canonical_history_is_already_normalized_and_idempotent" storage="d:\ifx\tests\ifx.databaseboundary.tests\bin\debug\net8.0\ifx.databaseboundary.tests.dll" id="f15b1be0-86c0-dac7-b1d2-58785afe9235">
      <Execution id="4e11d640-22e3-4e11-9724-fb16179474ea" />
      <TestMethod codeBase="D:\IFX\tests\IFX.DatabaseBoundary.Tests\bin\Debug\net8.0\IFX.DatabaseBoundary.Tests.dll" adapterTypeName="executor://xunit/VsTestRunner2/netcoreapp" className="IFX.DatabaseBoundary.Tests.AuthLegacyAdoptionTests" name="Canonical_history_is_already_normalized_and_idempotent" />
    </UnitTest>
    <UnitTest name="IFX.DatabaseBoundary.Tests.HistoryBootstrapPlannerTests.Empty_database_is_fresh_and_needs_no_history_bootstrap" storage="d:\ifx\tests\ifx.databaseboundary.tests\bin\debug\net8.0\ifx.databaseboundary.tests.dll" id="53b01cad-ae0f-2e1d-8fcb-4daf492e3a10">
      <Execution id="1cec89b1-1977-4a14-94a7-726c556b824b" />
      <TestMethod codeBase="D:\IFX\tests\IFX.DatabaseBoundary.Tests\bin\Debug\net8.0\IFX.DatabaseBoundary.Tests.dll" adapterTypeName="executor://xunit/VsTestRunner2/netcoreapp" className="IFX.DatabaseBoundary.Tests.HistoryBootstrapPlannerTests" name="Empty_database_is_fresh_and_needs_no_history_bootstrap" />
    </UnitTest>
    <UnitTest name="IFX.DatabaseBoundary.Tests.SqlServerMigrationMatrixTests.Shared_dbo_history_is_copied_exactly_and_retained_read_only" storage="d:\ifx\tests\ifx.databaseboundary.tests\bin\debug\net8.0\ifx.databaseboundary.tests.dll" id="91602f2c-46c7-a14a-677d-21a970ac0b40">
      <Execution id="d65e6c41-55d4-4a3a-8f63-f82ea9877a52" />
      <TestMethod codeBase="D:\IFX\tests\IFX.DatabaseBoundary.Tests\bin\Debug\net8.0\IFX.DatabaseBoundary.Tests.dll" adapterTypeName="executor://xunit/VsTestRunner2/netcoreapp" className="IFX.DatabaseBoundary.Tests.SqlServerMigrationMatrixTests" name="Shared_dbo_history_is_copied_exactly_and_retained_read_only" />
    </UnitTest>
    <UnitTest name="IFX.DatabaseBoundary.Tests.HistoryBootstrapPlannerTests.Product_version_conflict_fails_closed" storage="d:\ifx\tests\ifx.databaseboundary.tests\bin\debug\net8.0\ifx.databaseboundary.tests.dll" id="307bfd29-b420-8c01-79aa-9d06c7be0f39">
      <Execution id="f00b0f69-dc88-4424-816e-73b5fff98a1e" />
      <TestMethod codeBase="D:\IFX\tests\IFX.DatabaseBoundary.Tests\bin\Debug\net8.0\IFX.DatabaseBoundary.Tests.dll" adapterTypeName="executor://xunit/VsTestRunner2/netcoreapp" className="IFX.DatabaseBoundary.Tests.HistoryBootstrapPlannerTests" name="Product_version_conflict_fails_closed" />
    </UnitTest>
    <UnitTest name="IFX.DatabaseBoundary.Tests.DatabaseMigratorManifestTests.Dry_run_shortcut_is_supported" storage="d:\ifx\tests\ifx.databaseboundary.tests\bin\debug\net8.0\ifx.databaseboundary.tests.dll" id="8ec02724-909b-b2ae-e827-250de8d3dc3a">
      <Execution id="33e3b5e6-c7f2-4064-b98c-6693268c9406" />
      <TestMethod codeBase="D:\IFX\tests\IFX.DatabaseBoundary.Tests\bin\Debug\net8.0\IFX.DatabaseBoundary.Tests.dll" adapterTypeName="executor://xunit/VsTestRunner2/netcoreapp" className="IFX.DatabaseBoundary.Tests.DatabaseMigratorManifestTests" name="Dry_run_shortcut_is_supported" />
    </UnitTest>
    <UnitTest name="IFX.DatabaseBoundary.Tests.DatabaseMigratorManifestTests.Command_line_exposes_each_required_mode(value: &quot;dry-run&quot;, expected: DryRun)" storage="d:\ifx\tests\ifx.databaseboundary.tests\bin\debug\net8.0\ifx.databaseboundary.tests.dll" id="cd41f484-6cbf-eaee-f3fc-761b39b29cfa">
      <Execution id="7e75c64a-2b88-4917-8015-92ea0078d6a5" />
      <TestMethod codeBase="D:\IFX\tests\IFX.DatabaseBoundary.Tests\bin\Debug\net8.0\IFX.DatabaseBoundary.Tests.dll" adapterTypeName="executor://xunit/VsTestRunner2/netcoreapp" className="IFX.DatabaseBoundary.Tests.DatabaseMigratorManifestTests" name="Command_line_exposes_each_required_mode" />
    </UnitTest>
    <UnitTest name="IFX.DatabaseBoundary.Tests.ModuleDatabaseBoundaryTests.Registration_uses_a_history_table_in_the_module_schema" storage="d:\ifx\tests\ifx.databaseboundary.tests\bin\debug\net8.0\ifx.databaseboundary.tests.dll" id="a7fbbe84-4969-577a-00f8-5b85121c4a1b">
      <Execution id="94aae69d-395c-4cd2-a935-70c924e5a3ad" />
      <TestMethod codeBase="D:\IFX\tests\IFX.DatabaseBoundary.Tests\bin\Debug\net8.0\IFX.DatabaseBoundary.Tests.dll" adapterTypeName="executor://xunit/VsTestRunner2/netcoreapp" className="IFX.DatabaseBoundary.Tests.ModuleDatabaseBoundaryTests" name="Registration_uses_a_history_table_in_the_module_schema" />
    </UnitTest>
    <UnitTest name="IFX.DatabaseBoundary.Tests.SqlServerMigrationMatrixTests.Partial_or_fingerprint_mismatched_Auth_schema_fails_without_stamping_history" storage="d:\ifx\tests\ifx.databaseboundary.tests\bin\debug\net8.0\ifx.databaseboundary.tests.dll" id="2bda3da4-ac65-aae2-ed5b-d6b3b934dec4">
      <Execution id="84d0c12d-aa90-433f-a3fd-e77768ab1f6c" />
      <TestMethod codeBase="D:\IFX\tests\IFX.DatabaseBoundary.Tests\bin\Debug\net8.0\IFX.DatabaseBoundary.Tests.dll" adapterTypeName="executor://xunit/VsTestRunner2/netcoreapp" className="IFX.DatabaseBoundary.Tests.SqlServerMigrationMatrixTests" name="Partial_or_fingerprint_mismatched_Auth_schema_fails_without_stamping_history" />
    </UnitTest>
    <UnitTest name="IFX.DatabaseBoundary.Tests.DatabaseMigratorManifestTests.Runtime_order_is_explicit_and_stable" storage="d:\ifx\tests\ifx.databaseboundary.tests\bin\debug\net8.0\ifx.databaseboundary.tests.dll" id="28d3a2bf-9483-5cac-70a1-53a80d87914f">
      <Execution id="58ebe3ff-7de0-47b9-ac00-c0a3c2b75c96" />
      <TestMethod codeBase="D:\IFX\tests\IFX.DatabaseBoundary.Tests\bin\Debug\net8.0\IFX.DatabaseBoundary.Tests.dll" adapterTypeName="executor://xunit/VsTestRunner2/netcoreapp" className="IFX.DatabaseBoundary.Tests.DatabaseMigratorManifestTests" name="Runtime_order_is_explicit_and_stable" />
    </UnitTest>
    <UnitTest name="IFX.DatabaseBoundary.Tests.SqlServerMigrationMatrixTests.Runtime_identity_can_read_and_write_module_schemas_but_cannot_execute_DDL" storage="d:\ifx\tests\ifx.databaseboundary.tests\bin\debug\net8.0\ifx.databaseboundary.tests.dll" id="d80f8fd1-b651-9122-9716-d4e0c643ba2a">
      <Execution id="b87c5df3-d0a8-4672-a27d-5ab73829f010" />
      <TestMethod codeBase="D:\IFX\tests\IFX.DatabaseBoundary.Tests\bin\Debug\net8.0\IFX.DatabaseBoundary.Tests.dll" adapterTypeName="executor://xunit/VsTestRunner2/netcoreapp" className="IFX.DatabaseBoundary.Tests.SqlServerMigrationMatrixTests" name="Runtime_identity_can_read_and_write_module_schemas_but_cannot_execute_DDL" />
    </UnitTest>
    <UnitTest name="IFX.DatabaseBoundary.Tests.AuthLegacyAdoptionTests.Exact_fourteen_id_shared_legacy_is_adopted_without_mutating_shared_rows" storage="d:\ifx\tests\ifx.databaseboundary.tests\bin\debug\net8.0\ifx.databaseboundary.tests.dll" id="d42ec04e-3c6c-a278-04b3-c1d429e0664b">
      <Execution id="c5746da7-5854-44d2-a5b6-4aa2052bc0c4" />
      <TestMethod codeBase="D:\IFX\tests\IFX.DatabaseBoundary.Tests\bin\Debug\net8.0\IFX.DatabaseBoundary.Tests.dll" adapterTypeName="executor://xunit/VsTestRunner2/netcoreapp" className="IFX.DatabaseBoundary.Tests.AuthLegacyAdoptionTests" name="Exact_fourteen_id_shared_legacy_is_adopted_without_mutating_shared_rows" />
    </UnitTest>
    <UnitTest name="IFX.DatabaseBoundary.Tests.AuthLegacyAdoptionTests.Partial_legacy_history_fails_closed" storage="d:\ifx\tests\ifx.databaseboundary.tests\bin\debug\net8.0\ifx.databaseboundary.tests.dll" id="7f391ea2-7550-9fb5-b6b2-2c70a77c42ff">
      <Execution id="2da6d23d-52c3-40b7-bf52-b5ad5401b538" />
      <TestMethod codeBase="D:\IFX\tests\IFX.DatabaseBoundary.Tests\bin\Debug\net8.0\IFX.DatabaseBoundary.Tests.dll" adapterTypeName="executor://xunit/VsTestRunner2/netcoreapp" className="IFX.DatabaseBoundary.Tests.AuthLegacyAdoptionTests" name="Partial_legacy_history_fails_closed" />
    </UnitTest>
    <UnitTest name="IFX.DatabaseBoundary.Tests.G04DispatcherLeaseConformanceTests.Completion_is_conditional_on_owner_and_concurrency_token" storage="d:\ifx\tests\ifx.databaseboundary.tests\bin\debug\net8.0\ifx.databaseboundary.tests.dll" id="6ac03779-79c9-01e4-0d53-6b61566d7c1d">
      <Execution id="8e145d23-d183-48ea-8daf-1ee7710f5d1a" />
      <TestMethod codeBase="D:\IFX\tests\IFX.DatabaseBoundary.Tests\bin\Debug\net8.0\IFX.DatabaseBoundary.Tests.dll" adapterTypeName="executor://xunit/VsTestRunner2/netcoreapp" className="IFX.DatabaseBoundary.Tests.G04DispatcherLeaseConformanceTests" name="Completion_is_conditional_on_owner_and_concurrency_token" />
    </UnitTest>
    <UnitTest name="IFX.DatabaseBoundary.Tests.DatabaseBoundaryDocumentationTests.Bilingual_documents_keep_decisions_and_operational_contract_aligned" storage="d:\ifx\tests\ifx.databaseboundary.tests\bin\debug\net8.0\ifx.databaseboundary.tests.dll" id="859b80bb-8f18-9c7c-19ff-aebe4083e992">
      <Execution id="c6c560e1-c18e-43a6-8b9a-8d101a1a484c" />
      <TestMethod codeBase="D:\IFX\tests\IFX.DatabaseBoundary.Tests\bin\Debug\net8.0\IFX.DatabaseBoundary.Tests.dll" adapterTypeName="executor://xunit/VsTestRunner2/netcoreapp" className="IFX.DatabaseBoundary.Tests.DatabaseBoundaryDocumentationTests" name="Bilingual_documents_keep_decisions_and_operational_contract_aligned" />
    </UnitTest>
    <UnitTest name="IFX.DatabaseBoundary.Tests.SqlServerMigrationMatrixTests.Nonproduction_rollout_rehearsal_verifies_restore_point_and_full_job_sequence" storage="d:\ifx\tests\ifx.databaseboundary.tests\bin\debug\net8.0\ifx.databaseboundary.tests.dll" id="b8fb4ea1-ba20-a010-43de-aad39280cdf5">
      <Execution id="35139f3e-94f6-402e-bc9a-42302cf26d95" />
      <TestMethod codeBase="D:\IFX\tests\IFX.DatabaseBoundary.Tests\bin\Debug\net8.0\IFX.DatabaseBoundary.Tests.dll" adapterTypeName="executor://xunit/VsTestRunner2/netcoreapp" className="IFX.DatabaseBoundary.Tests.SqlServerMigrationMatrixTests" name="Nonproduction_rollout_rehearsal_verifies_restore_point_and_full_job_sequence" />
    </UnitTest>
    <UnitTest name="IFX.DatabaseBoundary.Tests.SchemaCompatibilityTests.Compose_requires_successful_one_shot_migrator_before_ApiHost(composeFile: &quot;docker-compose.nas.yml&quot;)" storage="d:\ifx\tests\ifx.databaseboundary.tests\bin\debug\net8.0\ifx.databaseboundary.tests.dll" id="24c7efc6-db10-4ebf-ec8c-1f639b6151f1">
      <Execution id="da2090db-60ff-48ea-9826-8e8afb8ab92e" />
      <TestMethod codeBase="D:\IFX\tests\IFX.DatabaseBoundary.Tests\bin\Debug\net8.0\IFX.DatabaseBoundary.Tests.dll" adapterTypeName="executor://xunit/VsTestRunner2/netcoreapp" className="IFX.DatabaseBoundary.Tests.SchemaCompatibilityTests" name="Compose_requires_successful_one_shot_migrator_before_ApiHost" />
    </UnitTest>
    <UnitTest name="IFX.DatabaseBoundary.Tests.ModuleDatabaseBoundaryTests.Bootstrap_catalog_is_generated_from_the_current_ef_assembly_and_model" storage="d:\ifx\tests\ifx.databaseboundary.tests\bin\debug\net8.0\ifx.databaseboundary.tests.dll" id="6b904006-19ee-27f7-7aed-24e26b9af7be">
      <Execution id="cbeafe45-49c4-4454-9e7a-78f1bbecbe75" />
      <TestMethod codeBase="D:\IFX\tests\IFX.DatabaseBoundary.Tests\bin\Debug\net8.0\IFX.DatabaseBoundary.Tests.dll" adapterTypeName="executor://xunit/VsTestRunner2/netcoreapp" className="IFX.DatabaseBoundary.Tests.ModuleDatabaseBoundaryTests" name="Bootstrap_catalog_is_generated_from_the_current_ef_assembly_and_model" />
    </UnitTest>
    <UnitTest name="IFX.DatabaseBoundary.Tests.SqlServerMigrationMatrixTests.Empty_database_migrates_to_latest_with_owned_metadata_and_is_idempotent" storage="d:\ifx\tests\ifx.databaseboundary.tests\bin\debug\net8.0\ifx.databaseboundary.tests.dll" id="b334fc8d-f29a-a399-a4d5-0c0369b2559e">
      <Execution id="a64e9ba7-a21f-4d09-b636-f645cb1ea716" />
      <TestMethod codeBase="D:\IFX\tests\IFX.DatabaseBoundary.Tests\bin\Debug\net8.0\IFX.DatabaseBoundary.Tests.dll" adapterTypeName="executor://xunit/VsTestRunner2/netcoreapp" className="IFX.DatabaseBoundary.Tests.SqlServerMigrationMatrixTests" name="Empty_database_migrates_to_latest_with_owned_metadata_and_is_idempotent" />
    </UnitTest>
    <UnitTest name="IFX.DatabaseBoundary.Tests.SqlServerMigrationMatrixTests.Partial_Auth_legacy_history_fails_closed_without_rewriting_source_or_target" storage="d:\ifx\tests\ifx.databaseboundary.tests\bin\debug\net8.0\ifx.databaseboundary.tests.dll" id="70c2c739-4e7c-6037-4856-5010718d95df">
      <Execution id="4a40334d-5268-4830-a41a-6bfabca2633d" />
      <TestMethod codeBase="D:\IFX\tests\IFX.DatabaseBoundary.Tests\bin\Debug\net8.0\IFX.DatabaseBoundary.Tests.dll" adapterTypeName="executor://xunit/VsTestRunner2/netcoreapp" className="IFX.DatabaseBoundary.Tests.SqlServerMigrationMatrixTests" name="Partial_Auth_legacy_history_fails_closed_without_rewriting_source_or_target" />
    </UnitTest>
    <UnitTest name="IFX.DatabaseBoundary.Tests.SchemaCompatibilityTests.ApiHost_has_no_startup_DDL_path_and_carries_the_release_manifest" storage="d:\ifx\tests\ifx.databaseboundary.tests\bin\debug\net8.0\ifx.databaseboundary.tests.dll" id="3b378a6e-7321-40b9-1ef3-d4318d589c41">
      <Execution id="c10b6b0d-b47e-41fc-b76b-264e484506c5" />
      <TestMethod codeBase="D:\IFX\tests\IFX.DatabaseBoundary.Tests\bin\Debug\net8.0\IFX.DatabaseBoundary.Tests.dll" adapterTypeName="executor://xunit/VsTestRunner2/netcoreapp" className="IFX.DatabaseBoundary.Tests.SchemaCompatibilityTests" name="ApiHost_has_no_startup_DDL_path_and_carries_the_release_manifest" />
    </UnitTest>
[...]
      <TestMethod codeBase="D:\IFX\tests\IFX.DatabaseBoundary.Tests\bin\Debug\net8.0\IFX.DatabaseBoundary.Tests.dll" adapterTypeName="executor://xunit/VsTestRunner2/netcoreapp" className="IFX.DatabaseBoundary.Tests.SchemaCompatibilityTests" name="Legacy_runtime_migrator_contract_and_module_implementations_are_removed" />
    </UnitTest>
    <UnitTest name="IFX.DatabaseBoundary.Tests.DatabaseMigratorManifestTests.Migrator_project_is_an_executable_without_web_or_composition_dependencies" storage="d:\ifx\tests\ifx.databaseboundary.tests\bin\debug\net8.0\ifx.databaseboundary.tests.dll" id="3e5a3c46-51a9-6f93-9b76-f9c1e757ec57">
      <Execution id="d539dad0-fdb0-4197-bf18-7ef84fd0ca38" />
      <TestMethod codeBase="D:\IFX\tests\IFX.DatabaseBoundary.Tests\bin\Debug\net8.0\IFX.DatabaseBoundary.Tests.dll" adapterTypeName="executor://xunit/VsTestRunner2/netcoreapp" className="IFX.DatabaseBoundary.Tests.DatabaseMigratorManifestTests" name="Migrator_project_is_an_executable_without_web_or_composition_dependencies" />
    </UnitTest>
  </TestDefinitions>
  <TestEntries>
    <TestEntry testId="75df66fb-be41-4ff6-6190-45514b7bc0cf" executionId="d2eb3150-50ef-4fb3-95f3-0bd893a3d2d3" testListId="8c84fa94-04c1-424b-9868-57a2d4851a1d" />
    <TestEntry testId="a7fbbe84-4969-577a-00f8-5b85121c4a1b" executionId="2c6330ae-6d88-4363-a216-bc947bd39e17" testListId="8c84fa94-04c1-424b-9868-57a2d4851a1d" />
    <TestEntry testId="d4903b7e-7719-186a-fe95-09340682882d" executionId="3b92045d-9023-4330-9767-b6211b999fc9" testListId="8c84fa94-04c1-424b-9868-57a2d4851a1d" />
    <TestEntry testId="7f0e9238-63ad-4f11-404b-c238e1be052e" executionId="75c8e8c2-db4b-4429-bbf6-554e4524afad" testListId="8c84fa94-04c1-424b-9868-57a2d4851a1d" />
    <TestEntry testId="a9351f86-d968-8366-15f8-bb536b1b1267" executionId="8869ef51-2c15-4e53-81ce-0e658d5e5f71" testListId="8c84fa94-04c1-424b-9868-57a2d4851a1d" />
    <TestEntry testId="6b904006-19ee-27f7-7aed-24e26b9af7be" executionId="97259b80-d622-4db7-b52e-37768efa1046" testListId="8c84fa94-04c1-424b-9868-57a2d4851a1d" />
    <TestEntry testId="c330b5c1-27d2-7bef-d064-dcd4c42d38aa" executionId="c1054349-a022-4895-ab55-dc9ed012a859" testListId="8c84fa94-04c1-424b-9868-57a2d4851a1d" />
    <TestEntry testId="47823143-8b6e-5d63-45a0-71410e512309" executionId="66fed24e-1ad3-4102-a294-670c40a2d1ec" testListId="8c84fa94-04c1-424b-9868-57a2d4851a1d" />
    <TestEntry testId="b8fb4ea1-ba20-a010-43de-aad39280cdf5" executionId="35139f3e-94f6-402e-bc9a-42302cf26d95" testListId="8c84fa94-04c1-424b-9868-57a2d4851a1d" />
    <TestEntry testId="73d85ca4-fa6a-55c6-a55d-176ff24ac626" executionId="f4f47840-1d53-41a7-a2f5-02fea3fe73eb" testListId="8c84fa94-04c1-424b-9868-57a2d4851a1d" />
    <TestEntry testId="a7fbbe84-4969-577a-00f8-5b85121c4a1b" executionId="5601f889-caed-48ca-9afe-f4772cec5263" testListId="8c84fa94-04c1-424b-9868-57a2d4851a1d" />
    <TestEntry testId="6b904006-19ee-27f7-7aed-24e26b9af7be" executionId="9b6bd7a2-cffd-47f7-bd73-52a7fdd84306" testListId="8c84fa94-04c1-424b-9868-57a2d4851a1d" />
    <TestEntry testId="21b9544a-2d4d-fae8-01fb-3626bc120c29" executionId="35f33116-bb24-48fb-93da-38ac63cb2424" testListId="8c84fa94-04c1-424b-9868-57a2d4851a1d" />
    <TestEntry testId="3e5a3c46-51a9-6f93-9b76-f9c1e757ec57" executionId="d539dad0-fdb0-4197-bf18-7ef84fd0ca38" testListId="8c84fa94-04c1-424b-9868-57a2d4851a1d" />
    <TestEntry testId="d80f8fd1-b651-9122-9716-d4e0c643ba2a" executionId="b87c5df3-d0a8-4672-a27d-5ab73829f010" testListId="8c84fa94-04c1-424b-9868-57a2d4851a1d" />
    <TestEntry testId="6a13c4b0-ebd4-a5a9-6959-6a7294b5401c" executionId="0e97335b-edb5-4e6b-9454-a3b26774f5f9" testListId="8c84fa94-04c1-424b-9868-57a2d4851a1d" />
    <TestEntry testId="e7612ce8-194b-9126-b1c1-b6fcdaf5cc01" executionId="eebbedf8-0323-4baa-bb6d-d3549959ad4d" testListId="8c84fa94-04c1-424b-9868-57a2d4851a1d" />
    <TestEntry testId="65ef5de4-8bba-9e8c-72b4-e2d17b52e1ce" executionId="8815302f-b00a-4d81-a6ec-a4859aaa24c7" testListId="8c84fa94-04c1-424b-9868-57a2d4851a1d" />
    <TestEntry testId="cfdbd7a7-4cab-ab04-d0f4-babd6c88c214" executionId="ec8b4fea-2803-4e31-8b64-0c563e89cf6a" testListId="8c84fa94-04c1-424b-9868-57a2d4851a1d" />
    <TestEntry testId="8ec02724-909b-b2ae-e827-250de8d3dc3a" executionId="33e3b5e6-c7f2-4064-b98c-6693268c9406" testListId="8c84fa94-04c1-424b-9868-57a2d4851a1d" />
    <TestEntry testId="3b378a6e-7321-40b9-1ef3-d4318d589c41" executionId="c10b6b0d-b47e-41fc-b76b-264e484506c5" testListId="8c84fa94-04c1-424b-9868-57a2d4851a1d" />
    <TestEntry testId="7a1871a9-57ce-cf56-6631-b0e7825ebe42" executionId="0540cbd3-d1df-4755-b934-accc090bb1c2" testListId="8c84fa94-04c1-424b-9868-57a2d4851a1d" />
    <TestEntry testId="2e4d277a-c537-0de1-a15b-4209785ccbc0" executionId="3646b779-40db-4772-b157-77b28118b351" testListId="8c84fa94-04c1-424b-9868-57a2d4851a1d" />
    <TestEntry testId="0eb552ff-411d-ba8f-0d34-21f81698b16f" executionId="d553df23-28bc-4c23-bb30-0baba2aa7de5" testListId="8c84fa94-04c1-424b-9868-57a2d4851a1d" />
    <TestEntry testId="b3c0725a-7d19-0df6-49a3-80f03fd7bc61" executionId="fb187ae5-afe9-476a-8f93-aa5e264f8847" testListId="8c84fa94-04c1-424b-9868-57a2d4851a1d" />
    <TestEntry testId="b3c0725a-7d19-0df6-49a3-80f03fd7bc61" executionId="874170a5-9550-4595-a02c-e85511a3c25f" testListId="8c84fa94-04c1-424b-9868-57a2d4851a1d" />
    <TestEntry testId="02263d30-c3a1-ed45-ce1e-ce90706cc68e" executionId="43c707e4-dbf1-43e5-bab5-8c19715d2caa" testListId="8c84fa94-04c1-424b-9868-57a2d4851a1d" />
    <TestEntry testId="e09bdb4b-57d2-1636-2325-47887d8079cb" executionId="f0cf704a-f354-420e-a279-efdc5e28b764" testListId="8c84fa94-04c1-424b-9868-57a2d4851a1d" />
    <TestEntry testId="adc7066b-55e5-e755-d18e-01b0c960a952" executionId="d1316fd5-8ae4-444f-932c-543e88a0354b" testListId="8c84fa94-04c1-424b-9868-57a2d4851a1d" />
    <TestEntry testId="b3c0725a-7d19-0df6-49a3-80f03fd7bc61" executionId="11baec61-9556-4367-8e2f-2e5d74a21c42" testListId="8c84fa94-04c1-424b-9868-57a2d4851a1d" />
    <TestEntry testId="b3c0725a-7d19-0df6-49a3-80f03fd7bc61" executionId="e908397c-107f-4bd7-8003-c36098e49181" testListId="8c84fa94-04c1-424b-9868-57a2d4851a1d" />
    <TestEntry testId="ab435d7e-024b-12c5-adf6-fd29f1c41388" executionId="a1bfc615-7102-43e7-90e4-5da58f5fe70a" testListId="8c84fa94-04c1-424b-9868-57a2d4851a1d" />
    <TestEntry testId="d42ec04e-3c6c-a278-04b3-c1d429e0664b" executionId="c5746da7-5854-44d2-a5b6-4aa2052bc0c4" testListId="8c84fa94-04c1-424b-9868-57a2d4851a1d" />
    <TestEntry testId="4df468fa-3efe-f83c-5176-8e95feda307f" executionId="4c17c12c-80ae-4197-9c50-6d178d0bf339" testListId="8c84fa94-04c1-424b-9868-57a2d4851a1d" />
    <TestEntry testId="3cf5d77b-13e3-47fe-eb4a-3958b6763ac4" executionId="264762cf-1a2a-425d-b7a6-95eaa60a176b" testListId="8c84fa94-04c1-424b-9868-57a2d4851a1d" />
    <TestEntry testId="7ff19f61-3ade-e939-7c31-f777f41df74a" executionId="3a0c418c-c194-445b-9f2e-56db7a30faa1" testListId="8c84fa94-04c1-424b-9868-57a2d4851a1d" />
    <TestEntry testId="e14bda3a-d16e-2495-28aa-2713078a3b87" executionId="19f30b72-8274-488f-8032-4531429788a0" testListId="8c84fa94-04c1-424b-9868-57a2d4851a1d" />
    <TestEntry testId="5c84c0a0-01f7-a2e6-0bb3-9fe3708f7a50" executionId="5ff1a4b6-57b8-4c72-bb2f-ee20480d3ae8" testListId="8c84fa94-04c1-424b-9868-57a2d4851a1d" />
    <TestEntry testId="a7fbbe84-4969-577a-00f8-5b85121c4a1b" executionId="565aa386-9eeb-42c6-9635-c7295240e3f1" testListId="8c84fa94-04c1-424b-9868-57a2d4851a1d" />
    <TestEntry testId="3b015d12-8998-05ad-9880-073a9e63dff5" executionId="e34371bd-d8f8-4eaa-b51a-700dd38725c6" testListId="8c84fa94-04c1-424b-9868-57a2d4851a1d" />
    <TestEntry testId="6b904006-19ee-27f7-7aed-24e26b9af7be" executionId="cbeafe45-49c4-4454-9e7a-78f1bbecbe75" testListId="8c84fa94-04c1-424b-9868-57a2d4851a1d" />
    <TestEntry testId="ace9ef55-3687-5c5d-d6c9-f6c4ab74bd16" executionId="342bc887-6062-45fb-b57f-c339617153ce" testListId="8c84fa94-04c1-424b-9868-57a2d4851a1d" />
    <TestEntry testId="64d4e3d5-52bd-3795-07b5-9ef50b5b6782" executionId="98081c4e-11e6-4d61-920c-8f6dc33462ca" testListId="8c84fa94-04c1-424b-9868-57a2d4851a1d" />
    <TestEntry testId="6b904006-19ee-27f7-7aed-24e26b9af7be" executionId="5dc99976-29c6-4b26-842e-2ce5e7b9385b" testListId="8c84fa94-04c1-424b-9868-57a2d4851a1d" />
    <TestEntry testId="f81ea6f9-c93d-5d3f-d723-b30c1f6e583f" executionId="c02dd25a-d92c-4d37-8c0c-b84e0c2648ce" testListId="8c84fa94-04c1-424b-9868-57a2d4851a1d" />
    <TestEntry testId="fc3221cd-4cc5-40df-fed9-b44404200280" executionId="24f718fc-9a82-4ffc-85b7-946453d8f877" testListId="8c84fa94-04c1-424b-9868-57a2d4851a1d" />
    <TestEntry testId="b8fc89b3-d36d-5847-b739-e72c3ede122b" executionId="15770c33-af13-430e-b3b1-ef70c66dd81b" testListId="8c84fa94-04c1-424b-9868-57a2d4851a1d" />
    <TestEntry testId="e84abff1-78ba-f50e-c602-6a330ad91cd1" executionId="48c958d0-99dc-4e36-bdf8-cab7643f28a6" testListId="8c84fa94-04c1-424b-9868-57a2d4851a1d" />
    <TestEntry testId="47823143-8b6e-5d63-45a0-71410e512309" executionId="83b40774-a245-4756-b42b-ae5a373f200f" testListId="8c84fa94-04c1-424b-9868-57a2d4851a1d" />
    <TestEntry testId="b3c0725a-7d19-0df6-49a3-80f03fd7bc61" executionId="e45548e7-5905-4c42-95f2-9f4b56cd5462" testListId="8c84fa94-04c1-424b-9868-57a2d4851a1d" />
    <TestEntry testId="307bfd29-b420-8c01-79aa-9d06c7be0f39" executionId="f00b0f69-dc88-4424-816e-73b5fff98a1e" testListId="8c84fa94-04c1-424b-9868-57a2d4851a1d" />
    <TestEntry testId="a7fbbe84-4969-577a-00f8-5b85121c4a1b" executionId="94aae69d-395c-4cd2-a935-70c924e5a3ad" testListId="8c84fa94-04c1-424b-9868-57a2d4851a1d" />
    <TestEntry testId="12e68f12-8344-3094-eb51-08065e87b22b" executionId="f02371ae-cca9-4100-acde-f5f666dfe13c" testListId="8c84fa94-04c1-424b-9868-57a2d4851a1d" />
    <TestEntry testId="7f391ea2-7550-9fb5-b6b2-2c70a77c42ff" executionId="2da6d23d-52c3-40b7-bf52-b5ad5401b538" testListId="8c84fa94-04c1-424b-9868-57a2d4851a1d" />
    <TestEntry testId="569ac408-de83-24d9-bc7d-d1483c9471e7" executionId="922ae265-9f9f-49cb-978c-35590e0abc11" testListId="8c84fa94-04c1-424b-9868-57a2d4851a1d" />
    <TestEntry testId="64d4e3d5-52bd-3795-07b5-9ef50b5b6782" executionId="64513540-7ef7-411a-9c7d-30575de3c6ec" testListId="8c84fa94-04c1-424b-9868-57a2d4851a1d" />
    <TestEntry testId="d69fe54a-92a6-072c-d4f1-a15b26766681" executionId="df0a28d8-b119-4d55-9a97-9316630cfbb0" testListId="8c84fa94-04c1-424b-9868-57a2d4851a1d" />
    <TestEntry testId="91602f2c-46c7-a14a-677d-21a970ac0b40" executionId="d65e6c41-55d4-4a3a-8f63-f82ea9877a52" testListId="8c84fa94-04c1-424b-9868-57a2d4851a1d" />
    <TestEntry testId="e5c8768e-b0c7-471d-1702-fedaec20ebdd" executionId="061419cf-1a78-49a6-b5fb-d35c2ab9f4f1" testListId="8c84fa94-04c1-424b-9868-57a2d4851a1d" />
    <TestEntry testId="24c7efc6-db10-4ebf-ec8c-1f639b6151f1" executionId="da2090db-60ff-48ea-9826-8e8afb8ab92e" testListId="8c84fa94-04c1-424b-9868-57a2d4851a1d" />
    <TestEntry testId="47823143-8b6e-5d63-45a0-71410e512309" executionId="d96846f7-5878-4401-a96f-186e00bd24d5" testListId="8c84fa94-04c1-424b-9868-57a2d4851a1d" />
    <TestEntry testId="c41e720c-b815-2054-cd67-5468102f6bad" executionId="81cbe75e-edc3-46ba-9ec1-336aa3f60d29" testListId="8c84fa94-04c1-424b-9868-57a2d4851a1d" />
    <TestEntry testId="0a3d9f3f-e85d-2860-dbab-b438fd1d4d07" executionId="ba72b074-56ba-40f0-961e-d1d56b288cf9" testListId="8c84fa94-04c1-424b-9868-57a2d4851a1d" />
    <TestEntry testId="64d4e3d5-52bd-3795-07b5-9ef50b5b6782" executionId="1cea3a6e-7d69-4126-aba6-9d9d9ec0c9f5" testListId="8c84fa94-04c1-424b-9868-57a2d4851a1d" />
    <TestEntry testId="cea33262-12b1-bef4-5df0-cc87ba5ae2fa" executionId="3759b38a-9acd-4ec9-b545-359e93678672" testListId="8c84fa94-04c1-424b-9868-57a2d4851a1d" />
    <TestEntry testId="b334fc8d-f29a-a399-a4d5-0c0369b2559e" executionId="a64e9ba7-a21f-4d09-b636-f645cb1ea716" testListId="8c84fa94-04c1-424b-9868-57a2d4851a1d" />
    <TestEntry testId="f15b1be0-86c0-dac7-b1d2-58785afe9235" executionId="4e11d640-22e3-4e11-9724-fb16179474ea" testListId="8c84fa94-04c1-424b-9868-57a2d4851a1d" />
    <TestEntry testId="5b77ce79-74a2-f581-64d1-18b2672940ba" executionId="852103e3-b22d-4c1c-85cc-fd06cf5856d7" testListId="8c84fa94-04c1-424b-9868-57a2d4851a1d" />
    <TestEntry testId="7c7d5395-2124-0b33-faf2-28da5511fc1b" executionId="231ca419-9c59-4093-8bd4-967e097985b4" testListId="8c84fa94-04c1-424b-9868-57a2d4851a1d" />
    <TestEntry testId="ede21e45-6e89-4a14-a39a-6dae8ba0b97e" executionId="57c8701c-5a55-4d3d-ad47-bf42a5f7e3b6" testListId="8c84fa94-04c1-424b-9868-57a2d4851a1d" />
    <TestEntry testId="6b904006-19ee-27f7-7aed-24e26b9af7be" executionId="a2aeb11d-7294-4fef-9407-ce5321e2e8d1" testListId="8c84fa94-04c1-424b-9868-57a2d4851a1d" />
    <TestEntry testId="abf4e845-46d4-b1cf-4c16-c87432a718c8" executionId="956883b2-1503-4483-a485-7751a294651a" testListId="8c84fa94-04c1-424b-9868-57a2d4851a1d" />
    <TestEntry testId="03259dca-6177-9429-5cbf-e4af433adb82" executionId="07d5c88c-eb66-4767-90cc-778bb9943fb8" testListId="8c84fa94-04c1-424b-9868-57a2d4851a1d" />
    <TestEntry testId="47823143-8b6e-5d63-45a0-71410e512309" executionId="dc571bca-402f-42c7-89a9-a3a5ed6ed5cc" testListId="8c84fa94-04c1-424b-9868-57a2d4851a1d" />
    <TestEntry testId="28d3a2bf-9483-5cac-70a1-53a80d87914f" executionId="58ebe3ff-7de0-47b9-ac00-c0a3c2b75c96" testListId="8c84fa94-04c1-424b-9868-57a2d4851a1d" />
    <TestEntry testId="b99e6e2e-e020-047f-803a-f3c3b5445de9" executionId="84890052-684b-404e-985e-59f7c05bedf1" testListId="8c84fa94-04c1-424b-9868-57a2d4851a1d" />
    <TestEntry testId="859b80bb-8f18-9c7c-19ff-aebe4083e992" executionId="c6c560e1-c18e-43a6-8b9a-8d101a1a484c" testListId="8c84fa94-04c1-424b-9868-57a2d4851a1d" />
    <TestEntry testId="26eea7ba-dbad-d83f-edb3-db363ae0d869" executionId="2582cc57-f1bf-4892-9797-e93bcb56456e" testListId="8c84fa94-04c1-424b-9868-57a2d4851a1d" />
    <TestEntry testId="a7fbbe84-4969-577a-00f8-5b85121c4a1b" executionId="0b9df8b3-240b-4c68-82bd-3ee47e535c71" testListId="8c84fa94-04c1-424b-9868-57a2d4851a1d" />
    <TestEntry testId="64d4e3d5-52bd-3795-07b5-9ef50b5b6782" executionId="a47fc5a8-1cbd-49ed-bcdc-a3f8f73d16fd" testListId="8c84fa94-04c1-424b-9868-57a2d4851a1d" />
    <TestEntry testId="29e9b1cb-3d36-481a-f834-85e71bb1d4f7" executionId="ebe3ca64-06c0-4b9f-8bbc-4792865a416f" testListId="8c84fa94-04c1-424b-9868-57a2d4851a1d" />
    <TestEntry testId="1e54fd63-2c12-c335-ef8c-e0c5638746d2" executionId="d9060b23-52b4-4170-a165-f41e2cd1c9f3" testListId="8c84fa94-04c1-424b-9868-57a2d4851a1d" />
    <TestEntry testId="5faecc77-0a4b-fa9b-4e3d-01b60d7bc6ca" executionId="8fe5e1d2-1433-4d6d-b40c-cf6b6a7febc5" testListId="8c84fa94-04c1-424b-9868-57a2d4851a1d" />
    <TestEntry testId="e6c9fda3-b0f5-1e78-8293-b876c010eb62" executionId="a13da894-e4a1-4103-80a2-cc95ddc27e2c" testListId="8c84fa94-04c1-424b-9868-57a2d4851a1d" />
    <TestEntry testId="88c954bf-e512-83c4-290d-f4900a003486" executionId="4678276b-cfc8-4c6e-acb7-924d697f361a" testListId="8c84fa94-04c1-424b-9868-57a2d4851a1d" />
    <TestEntry testId="968f70ba-ca5e-7b57-f732-29760da37439" executionId="9871926d-bbfb-459d-aaf8-b4eea030e7f2" testListId="8c84fa94-04c1-424b-9868-57a2d4851a1d" />
    <TestEntry testId="64d4e3d5-52bd-3795-07b5-9ef50b5b6782" executionId="96168ccd-a4f0-4ed2-b971-291ede09ffe2" testListId="8c84fa94-04c1-424b-9868-57a2d4851a1d" />
    <TestEntry testId="c4dd2d71-8ca7-3111-16b8-6adfbf195a42" executionId="4e736e3a-8ece-47e8-a866-09a7c382bd64" testListId="8c84fa94-04c1-424b-9868-57a2d4851a1d" />
    <TestEntry testId="cd41f484-6cbf-eaee-f3fc-761b39b29cfa" executionId="7e75c64a-2b88-4917-8015-92ea0078d6a5" testListId="8c84fa94-04c1-424b-9868-57a2d4851a1d" />
    <TestEntry testId="6ac03779-79c9-01e4-0d53-6b61566d7c1d" executionId="8e145d23-d183-48ea-8daf-1ee7710f5d1a" testListId="8c84fa94-04c1-424b-9868-57a2d4851a1d" />
    <TestEntry testId="2bda3da4-ac65-aae2-ed5b-d6b3b934dec4" executionId="84d0c12d-aa90-433f-a3fd-e77768ab1f6c" testListId="8c84fa94-04c1-424b-9868-57a2d4851a1d" />
    <TestEntry testId="47823143-8b6e-5d63-45a0-71410e512309" executionId="8a4bf262-44d9-4088-9b04-a7b8d8535a86" testListId="8c84fa94-04c1-424b-9868-57a2d4851a1d" />
    <TestEntry testId="907dad71-2404-d6b5-2c49-3be24889c57c" executionId="3715cc4c-bb0d-4b80-a925-6d468b16e292" testListId="8c84fa94-04c1-424b-9868-57a2d4851a1d" />
    <TestEntry testId="b73d9b67-6f33-13be-fcc1-cdaa058c6c36" executionId="76d1b325-a8c9-4eca-bf24-568f4a500717" testListId="8c84fa94-04c1-424b-9868-57a2d4851a1d" />
    <TestEntry testId="53b01cad-ae0f-2e1d-8fcb-4daf492e3a10" executionId="1cec89b1-1977-4a14-94a7-726c556b824b" testListId="8c84fa94-04c1-424b-9868-57a2d4851a1d" />
    <TestEntry testId="5e5a8773-f46a-49d8-5afb-ae332a9eb3ad" executionId="59320c0d-9e56-4bd5-93cb-4a041244b05f" testListId="8c84fa94-04c1-424b-9868-57a2d4851a1d" />
    <TestEntry testId="2dc91c3e-3be9-ef85-8bd5-0032d70193c8" executionId="be3c68a8-2e4c-4cd6-acd5-b1fb8f844be2" testListId="8c84fa94-04c1-424b-9868-57a2d4851a1d" />
    <TestEntry testId="d70346e1-32f6-4f89-cd3f-e2569aecda42" executionId="cb0cb4f6-75fe-4ad5-8c14-51a36a690963" testListId="8c84fa94-04c1-424b-9868-57a2d4851a1d" />
    <TestEntry testId="70c2c739-4e7c-6037-4856-5010718d95df" executionId="4a40334d-5268-4830-a41a-6bfabca2633d" testListId="8c84fa94-04c1-424b-9868-57a2d4851a1d" />
  </TestEntries>
  <TestLists>
    <TestList name="Results Not in a List" id="8c84fa94-04c1-424b-9868-57a2d4851a1d" />
    <TestList name="All Loaded Results" id="19431567-8539-422a-85d7-44ee4e166bda" />
  </TestLists>
  <ResultSummary outcome="Completed">
    <Counters total="99" executed="99" passed="99" failed="0" error="0" timeout="0" aborted="0" inconclusive="0" passedButRunAborted="0" notRunnable="0" notExecuted="0" disconnected="0" warning="0" completed="0" inProgress="0" pending="0" />
    <Output>
      <StdOut>[xUnit.net 00:00:00.00] xUnit.net VSTest Adapter v2.8.2+699d445a1a (64-bit .NET 8.0.28)&#xD;
[xUnit.net 00:00:00.12]   Discovering: IFX.DatabaseBoundary.Tests&#xD;
[xUnit.net 00:00:00.22]   Discovered:  IFX.DatabaseBoundary.Tests&#xD;
[xUnit.net 00:00:00.22]   Starting:    IFX.DatabaseBoundary.Tests&#xD;
[testcontainers.org 00:00:00.13] Connected to Docker:&#xD;
  Host: npipe://./pipe/docker_engine&#xD;
  Server Version: 29.7.2&#xD;
  Kernel Version: 6.6.87.1-microsoft-standard-WSL2&#xD;
  API Version: 1.55&#xD;
  Operating System: Docker Desktop&#xD;
  Total Memory: 15.18 GB&#xD;
  Labels: &#xD;
    com.docker.desktop.address=npipe://\\.\pipe\docker_cli&#xD;
[testcontainers.org 00:00:00.39] Docker container 6d7d84e6d63d created&#xD;
[testcontainers.org 00:00:00.46] Start Docker container 6d7d84e6d63d&#xD;
[testcontainers.org 00:00:00.79] Wait for Docker container 6d7d84e6d63d to complete readiness checks&#xD;
[testcontainers.org 00:00:00.79] Docker container 6d7d84e6d63d ready&#xD;
[testcontainers.org 00:00:00.97] Docker container be8a6c5b3f03 created&#xD;
[testcontainers.org 00:00:01.16] Start Docker container be8a6c5b3f03&#xD;
[testcontainers.org 00:00:01.75] Wait for Docker container be8a6c5b3f03 to complete readiness checks&#xD;
[testcontainers.org 00:00:01.76] Execute "/bin/sh -c find /opt/mssql-tools*/bin/sqlcmd -type f -print -quit" at Docker container be8a6c5b3f03&#xD;
[testcontainers.org 00:00:01.85] Execute "/opt/mssql-tools18/bin/sqlcmd -C -Q SELECT 1;" at Docker container be8a6c5b3f03&#xD;
[testcontainers.org 00:00:08.45] Execute "/opt/mssql-tools18/bin/sqlcmd -C -Q SELECT 1;" at Docker container be8a6c5b3f03&#xD;
[testcontainers.org 00:00:09.54] Execute "/opt/mssql-tools18/bin/sqlcmd -C -Q SELECT 1;" at Docker container be8a6c5b3f03&#xD;
[testcontainers.org 00:00:09.62] Docker container be8a6c5b3f03 ready&#xD;
[testcontainers.org 00:00:38.83] Delete Docker container be8a6c5b3f03&#xD;
[xUnit.net 00:00:41.05]   Finished:    IFX.DatabaseBoundary.Tests&#xD;
</StdOut>
    </Output>
  </ResultSummary>
</TestRun>