<?xml version="1.0" encoding="utf-8"?>
<TestRun id="19329801-595c-4b86-b305-5729813c189a" name="von12@DESKTOP-OVPKDKR 2026-09-08 19:21:48" runUser="DESKTOP-OVPKDKR\von12" xmlns="http://microsoft.com/schemas/VisualStudio/TeamTest/2010">
  <Times creation="2026-09-08T19:21:48.5252621+10:00" queuing="2026-09-08T19:21:48.5252625+10:00" start="2026-09-08T19:21:47.2063960+10:00" finish="2026-09-08T19:21:48.6834362+10:00" />
  <TestSettings name="default" id="d1c76489-31c9-4b22-8934-ddc47a3f2958">
    <Deployment runDeploymentRoot="von12_DESKTOP-OVPKDKR_2026-09-08_19_21_48" />
  </TestSettings>
  <Results>
    <UnitTestResult executionId="4775eb0f-c17c-453c-ac5f-1cd4bd466e46" testId="5f11eabf-9295-b87f-4ec4-bb8f6bde7c56" testName="IFX.Modules.CRM.Application.Tests.Contracts.AccountComplianceContractTests.CheckAsync_MapsProviderFailureWithoutLeakingInternalException" computerName="DESKTOP-OVPKDKR" duration="00:00:00.0014134" startTime="2026-09-08T19:21:48.5252293+10:00" endTime="2026-09-08T19:21:48.5252294+10:00" testType="13cdc9d9-ddb5-4fa4-a97d-d965ccfc6d4b" outcome="Passed" testListId="8c84fa94-04c1-424b-9868-57a2d4851a1d" relativeResultsDirectory="4775eb0f-c17c-453c-ac5f-1cd4bd466e46" />
    <UnitTestResult executionId="5cf7d5cc-7fdf-4a19-ac2e-649c2b140ede" testId="1879402e-1c3e-115e-4847-4a231bdedf0e" testName="IFX.Modules.CRM.Application.Tests.Handlers.Investors.UpdateInvestorKycCommandHandlerTests.Handle_WhenInvestorNotFound_ReturnsFailure" computerName="DESKTOP-OVPKDKR" duration="00:00:00.0016088" startTime="2026-09-08T19:21:48.5296802+10:00" endTime="2026-09-08T19:21:48.5296803+10:00" testType="13cdc9d9-ddb5-4fa4-a97d-d965ccfc6d4b" outcome="Passed" testListId="8c84fa94-04c1-424b-9868-57a2d4851a1d" relativeResultsDirectory="5cf7d5cc-7fdf-4a19-ac2e-649c2b140ede" />
    <UnitTestResult executionId="9c085d0c-a1a7-4fb9-b907-c2927b90cf1c" testId="1d506f19-508d-2c59-1b88-d3464bef7acd" testName="IFX.Modules.CRM.Application.Tests.Handlers.InvestmentAccounts.CreateInvestmentAccountCommandHandlerTests.Handle_WhenAccountNumberExists_ReturnsFailure" computerName="DESKTOP-OVPKDKR" duration="00:00:00.0013744" startTime="2026-09-08T19:21:48.5020387+10:00" endTime="2026-09-08T19:21:48.5020388+10:00" testType="13cdc9d9-ddb5-4fa4-a97d-d965ccfc6d4b" outcome="Passed" testListId="8c84fa94-04c1-424b-9868-57a2d4851a1d" relativeResultsDirectory="9c085d0c-a1a7-4fb9-b907-c2927b90cf1c" />
    <UnitTestResult executionId="b907f601-81e4-4e77-baca-fcbd26eb60d1" testId="2e1658ed-7db9-a8a0-1f41-fc3ac2826581" testName="IFX.Modules.CRM.Application.Tests.Handlers.Parties.CreatePartyCommandHandlerTests.Handle_WithNewCode_CreatesPartyAndReturnsDto" computerName="DESKTOP-OVPKDKR" duration="00:00:00.0031135" startTime="2026-09-08T19:21:48.5030009+10:00" endTime="2026-09-08T19:21:48.5030010+10:00" testType="13cdc9d9-ddb5-4fa4-a97d-d965ccfc6d4b" outcome="Passed" testListId="8c84fa94-04c1-424b-9868-57a2d4851a1d" relativeResultsDirectory="b907f601-81e4-4e77-baca-fcbd26eb60d1" />
    <UnitTestResult executionId="e38cb041-7d32-46c4-9722-43798c23a3d1" testId="bf9a5c47-2329-c4da-a243-bf0766f45677" testName="IFX.Modules.CRM.Application.Tests.Handlers.Parties.CreatePartyCommandHandlerTests.Handle_WhenCodeAlreadyExists_ReturnsFailure" computerName="DESKTOP-OVPKDKR" duration="00:00:00.0012570" startTime="2026-09-08T19:21:48.5031118+10:00" endTime="2026-09-08T19:21:48.5031118+10:00" testType="13cdc9d9-ddb5-4fa4-a97d-d965ccfc6d4b" outcome="Passed" testListId="8c84fa94-04c1-424b-9868-57a2d4851a1d" relativeResultsDirectory="e38cb041-7d32-46c4-9722-43798c23a3d1" />
    <UnitTestResult executionId="0566ff83-bae1-4460-a955-a47d658a52d1" testId="c775384c-8713-f4d1-7e63-feb35724aee7" testName="IFX.Modules.CRM.Application.Tests.Handlers.Investors.CreateInvestorCommandHandlerTests.Handle_WhenCodeAlreadyExists_ReturnsFailure" computerName="DESKTOP-OVPKDKR" duration="00:00:00.0011837" startTime="2026-09-08T19:21:48.5016985+10:00" endTime="2026-09-08T19:21:48.5016986+10:00" testType="13cdc9d9-ddb5-4fa4-a97d-d965ccfc6d4b" outcome="Passed" testListId="8c84fa94-04c1-424b-9868-57a2d4851a1d" relativeResultsDirectory="0566ff83-bae1-4460-a955-a47d658a52d1" />
    <UnitTestResult executionId="d60909c2-7c83-474d-8915-f65853b9e1bb" testId="6022bbc0-54a8-8e87-7900-a57885bdc82b" testName="IFX.Modules.CRM.Application.Tests.Handlers.Investors.UpdateInvestorAmlCommandHandlerTests.Handle_BlockedStatus_UpdatesAmlStatusToBlocked" computerName="DESKTOP-OVPKDKR" duration="00:00:00.0024248" startTime="2026-09-08T19:21:48.5039544+10:00" endTime="2026-09-08T19:21:48.5039545+10:00" testType="13cdc9d9-ddb5-4fa4-a97d-d965ccfc6d4b" outcome="Passed" testListId="8c84fa94-04c1-424b-9868-57a2d4851a1d" relativeResultsDirectory="d60909c2-7c83-474d-8915-f65853b9e1bb" />
    <UnitTestResult executionId="2b1baf86-7287-4f07-8135-8471017fbeb4" testId="0d1a3f88-67d2-2cb3-0a42-8f41dcd1536a" testName="IFX.Modules.CRM.Application.Tests.Handlers.InvestmentAccounts.LinkAdvisorToAccountCommandHandlerTests.Handle_WhenAccountNotFound_ReturnsFailure" computerName="DESKTOP-OVPKDKR" duration="00:00:00.0472628" startTime="2026-09-08T19:21:48.5061129+10:00" endTime="2026-09-08T19:21:48.5061130+10:00" testType="13cdc9d9-ddb5-4fa4-a97d-d965ccfc6d4b" outcome="Passed" testListId="8c84fa94-04c1-424b-9868-57a2d4851a1d" relativeResultsDirectory="2b1baf86-7287-4f07-8135-8471017fbeb4" />
    <UnitTestResult executionId="6044bfbd-f253-48c6-a9c1-e49604e9c6d8" testId="24fdb896-fb93-c64d-3ff9-85f640c61edd" testName="IFX.Modules.CRM.Application.Tests.Contracts.AccountComplianceContractTests.CheckAsync_ReturnsCurrentCommittedDecision(approved: True)" computerName="DESKTOP-OVPKDKR" duration="00:00:00.0005998" startTime="2026-09-08T19:21:48.5172977+10:00" endTime="2026-09-08T19:21:48.5172979+10:00" testType="13cdc9d9-ddb5-4fa4-a97d-d965ccfc6d4b" outcome="Passed" testListId="8c84fa94-04c1-424b-9868-57a2d4851a1d" relativeResultsDirectory="6044bfbd-f253-48c6-a9c1-e49604e9c6d8" />
    <UnitTestResult executionId="59c50466-db4a-488f-9586-02c2df52d6d2" testId="9e84dfbb-8f69-5d5f-eb16-0370c43f244f" testName="IFX.Modules.CRM.Application.Tests.Handlers.Parties.CreatePartyRelationshipCommandHandlerTests.Handle_WhenActiveRelationshipExists_ReturnsFailure" computerName="DESKTOP-OVPKDKR" duration="00:00:00.0040802" startTime="2026-09-08T19:21:48.5019281+10:00" endTime="2026-09-08T19:21:48.5019281+10:00" testType="13cdc9d9-ddb5-4fa4-a97d-d965ccfc6d4b" outcome="Passed" testListId="8c84fa94-04c1-424b-9868-57a2d4851a1d" relativeResultsDirectory="59c50466-db4a-488f-9586-02c2df52d6d2" />
    <UnitTestResult executionId="16580822-c0e6-4bbf-a6cc-5f110299e80c" testId="6e10e36a-bf8e-6f4b-630b-8cb4f10dac5d" testName="IFX.Modules.CRM.Application.Tests.Handlers.Parties.CreatePartyRelationshipCommandHandlerTests.Handle_AuthorizedToAdvise_WithAdvisoryFromParty_CreatesRelationshipAndPublishesEvent" computerName="DESKTOP-OVPKDKR" duration="00:00:00.0039851" startTime="2026-09-08T19:21:48.4817424+10:00" endTime="2026-09-08T19:21:48.4817425+10:00" testType="13cdc9d9-ddb5-4fa4-a97d-d965ccfc6d4b" outcome="Passed" testListId="8c84fa94-04c1-424b-9868-57a2d4851a1d" relativeResultsDirectory="16580822-c0e6-4bbf-a6cc-5f110299e80c" />
    <UnitTestResult executionId="36e57b6f-49b3-4658-ad53-9a409f33ec49" testId="dfc84faa-d945-038a-8029-675b21c2d7ff" testName="IFX.Modules.CRM.Application.Tests.Handlers.Parties.CreatePartyCommandHandlerTests.Handle_SetsCreatedByFromCurrentUser" computerName="DESKTOP-OVPKDKR" duration="00:00:00.0094389" startTime="2026-09-08T19:21:48.5020687+10:00" endTime="2026-09-08T19:21:48.5020687+10:00" testType="13cdc9d9-ddb5-4fa4-a97d-d965ccfc6d4b" outcome="Passed" testListId="8c84fa94-04c1-424b-9868-57a2d4851a1d" relativeResultsDirectory="36e57b6f-49b3-4658-ad53-9a409f33ec49" />
    <UnitTestResult executionId="3ba125ab-f069-4b20-8fcb-16ba3f4e749a" testId="d429c8d4-29e4-5325-6c6d-be8d3bf2b4e9" testName="IFX.Modules.CRM.Application.Tests.Handlers.InvestmentAccounts.LinkAdvisorToAccountCommandHandlerTests.Handle_WhenNoTenantContext_ReturnsFailure" computerName="DESKTOP-OVPKDKR" duration="00:00:00.0008326" startTime="2026-09-08T19:21:48.5088534+10:00" endTime="2026-09-08T19:21:48.5088535+10:00" testType="13cdc9d9-ddb5-4fa4-a97d-d965ccfc6d4b" outcome="Passed" testListId="8c84fa94-04c1-424b-9868-57a2d4851a1d" relativeResultsDirectory="3ba125ab-f069-4b20-8fcb-16ba3f4e749a" />
    <UnitTestResult executionId="8c442d84-a976-4149-9756-d54d2eff3822" testId="3c75f3dc-fe8e-8f4e-b6d3-74f24653da09" testName="IFX.Modules.CRM.Application.Tests.Contracts.AccountComplianceContractTests.CheckAsync_ReturnsCurrentCommittedDecision(approved: False)" computerName="DESKTOP-OVPKDKR" duration="00:00:00.0051697" startTime="2026-09-08T19:21:48.5166354+10:00" endTime="2026-09-08T19:21:48.5166355+10:00" testType="13cdc9d9-ddb5-4fa4-a97d-d965ccfc6d4b" outcome="Passed" testListId="8c84fa94-04c1-424b-9868-57a2d4851a1d" relativeResultsDirectory="8c442d84-a976-4149-9756-d54d2eff3822" />
    <UnitTestResult executionId="b21359a0-e102-49b8-bc6e-a04feb2b068b" testId="216f3186-c3f2-44d7-3823-ade9dff92f2e" testName="IFX.Modules.CRM.Application.Tests.Handlers.Investors.UpdateInvestorAmlCommandHandlerTests.Handle_WhenInvestorNotFound_ReturnsFailure" computerName="DESKTOP-OVPKDKR" duration="00:00:00.0159340" startTime="2026-09-08T19:21:48.5030597+10:00" endTime="2026-09-08T19:21:48.5030598+10:00" testType="13cdc9d9-ddb5-4fa4-a97d-d965ccfc6d4b" outcome="Passed" testListId="8c84fa94-04c1-424b-9868-57a2d4851a1d" relativeResultsDirectory="b21359a0-e102-49b8-bc6e-a04feb2b068b" />
    <UnitTestResult executionId="06f88052-ed55-415f-baba-d3079af18a41" testId="e56baf04-27ca-3a48-c6cb-789acc53d35b" testName="IFX.Modules.CRM.Application.Tests.Handlers.InvestmentAccounts.CreateInvestmentAccountCommandHandlerTests.Handle_WhenNoTenantContext_ReturnsFailure" computerName="DESKTOP-OVPKDKR" duration="00:00:00.0223746" startTime="2026-09-08T19:21:48.5158668+10:00" endTime="2026-09-08T19:21:48.5158669+10:00" testType="13cdc9d9-ddb5-4fa4-a97d-d965ccfc6d4b" outcome="Passed" testListId="8c84fa94-04c1-424b-9868-57a2d4851a1d" relativeResultsDirectory="06f88052-ed55-415f-baba-d3079af18a41" />
    <UnitTestResult executionId="8b6d1c8c-3fca-480b-bf48-7911f3c04f16" testId="0bf84b58-1044-49a5-f41f-8f1354a64f75" testName="IFX.Modules.CRM.Application.Tests.Handlers.InvestmentAccounts.LinkAdvisorToAccountCommandHandlerTests.Handle_WhenAdvisorLacksRole_ReturnsFailure" computerName="DESKTOP-OVPKDKR" duration="00:00:00.0018015" startTime="2026-09-08T19:21:48.5079650+10:00" endTime="2026-09-08T19:21:48.5079651+10:00" testType="13cdc9d9-ddb5-4fa4-a97d-d965ccfc6d4b" outcome="Passed" testListId="8c84fa94-04c1-424b-9868-57a2d4851a1d" relativeResultsDirectory="8b6d1c8c-3fca-480b-bf48-7911f3c04f16" />
    <UnitTestResult executionId="99523a3a-b5af-4e8b-8a39-0eb7aa8ad3a1" testId="c2688533-3e96-0f17-b177-554f86cb02a4" testName="IFX.Modules.CRM.Application.Tests.Handlers.Investors.AddInvestorDocumentCommandHandlerTests.Handle_WhenInvestorNotFound_ReturnsFailure" computerName="DESKTOP-OVPKDKR" duration="00:00:00.0015984" startTime="2026-09-08T19:21:48.4829833+10:00" endTime="2026-09-08T19:21:48.4829835+10:00" testType="13cdc9d9-ddb5-4fa4-a97d-d965ccfc6d4b" outcome="Passed" testListId="8c84fa94-04c1-424b-9868-57a2d4851a1d" relativeResultsDirectory="99523a3a-b5af-4e8b-8a39-0eb7aa8ad3a1" />
    <UnitTestResult executionId="df92b133-3e26-41fc-92f2-86772e9a4797" testId="3729825c-3bcf-67f2-f67a-abd69851f8f7" testName="IFX.Modules.CRM.Application.Tests.Contracts.AccountComplianceContractTests.CheckAsync_PropagatesCancellation" computerName="DESKTOP-OVPKDKR" duration="00:00:00.0146770" startTime="2026-09-08T19:21:48.5113951+10:00" endTime="2026-09-08T19:21:48.5113952+10:00" testType="13cdc9d9-ddb5-4fa4-a97d-d965ccfc6d4b" outcome="Passed" testListId="8c84fa94-04c1-424b-9868-57a2d4851a1d" relativeResultsDirectory="df92b133-3e26-41fc-92f2-86772e9a4797" />
    <UnitTestResult executionId="f9212acd-19ba-4863-9f49-67b02203f675" testId="b3f1165d-331d-2e78-e2b4-ec55721ff537" testName="IFX.Modules.CRM.Application.Tests.Handlers.Parties.CreatePartyRelationshipCommandHandlerTests.Handle_AuthorizedToAdvise_WhenFromPartyLacksAdvisoryRole_ReturnsFailure" computerName="DESKTOP-OVPKDKR" duration="00:00:00.0829301" startTime="2026-09-08T19:21:48.4804749+10:00" endTime="2026-09-08T19:21:48.4804750+10:00" testType="13cdc9d9-ddb5-4fa4-a97d-d965ccfc6d4b" outcome="Passed" testListId="8c84fa94-04c1-424b-9868-57a2d4851a1d" relativeResultsDirectory="f9212acd-19ba-4863-9f49-67b02203f675" />
    <UnitTestResult executionId="b7fe94eb-7455-492e-bc76-77250c2e3adf" testId="9a67fe26-a96b-629a-390f-0d590cadf5f2" testName="IFX.Modules.CRM.Application.Tests.Handlers.InvestmentAccounts.LinkAdvisorToAccountCommandHandlerTests.Handle_WithValidAdvisor_LinksAdvisorToAccount" computerName="DESKTOP-OVPKDKR" duration="00:00:00.0022556" startTime="2026-09-08T19:21:48.5139079+10:00" endTime="2026-09-08T19:21:48.5139080+10:00" testType="13cdc9d9-ddb5-4fa4-a97d-d965ccfc6d4b" outcome="Passed" testListId="8c84fa94-04c1-424b-9868-57a2d4851a1d" relativeResultsDirectory="b7fe94eb-7455-492e-bc76-77250c2e3adf" />
    <UnitTestResult executionId="c702e6a0-8eb5-4b8c-b07d-e269f3fbb3dc" testId="ec9f503e-1de8-6c72-4636-1704d25337ab" testName="IFX.Modules.CRM.Application.Tests.Handlers.Investors.UpdateInvestorKycCommandHandlerTests.Handle_WhenNoTenantContext_ReturnsFailure" computerName="DESKTOP-OVPKDKR" duration="00:00:00.0034852" startTime="2026-09-08T19:21:48.5230149+10:00" endTime="2026-09-08T19:21:48.5230151+10:00" testType="13cdc9d9-ddb5-4fa4-a97d-d965ccfc6d4b" outcome="Passed" testListId="8c84fa94-04c1-424b-9868-57a2d4851a1d" relativeResultsDirectory="c702e6a0-8eb5-4b8c-b07d-e269f3fbb3dc" />
    <UnitTestResult executionId="dcbdf86f-dde6-4f7d-ad84-dac032f3b75c" testId="1cd6e9ca-eafd-d001-5eb9-d4eae395c07b" testName="IFX.Modules.CRM.Application.Tests.Contracts.AccountComplianceContractTests.CheckAsync_CreatesIsolatedTrustedProviderScope" computerName="DESKTOP-OVPKDKR" duration="00:00:00.0031942" startTime="2026-09-08T19:21:48.5205529+10:00" endTime="2026-09-08T19:21:48.5205530+10:00" testType="13cdc9d9-ddb5-4fa4-a97d-d965ccfc6d4b" outcome="Passed" testListId="8c84fa94-04c1-424b-9868-57a2d4851a1d" relativeResultsDirectory="dcbdf86f-dde6-4f7d-ad84-dac032f3b75c" />
    <UnitTestResult executionId="8dffbb7a-5109-43ee-ab43-29fec2a807a6" testId="c73aeab2-b858-7f74-38a9-32952f2723b4" testName="IFX.Modules.CRM.Application.Tests.Handlers.InvestmentAccounts.CreateInvestmentAccountCommandHandlerTests.Handle_WithNewAccountNumber_CreatesAccountAndPublishesEvent" computerName="DESKTOP-OVPKDKR" duration="00:00:00.0074697" startTime="2026-09-08T19:21:48.5020142+10:00" endTime="2026-09-08T19:21:48.5020143+10:00" testType="13cdc9d9-ddb5-4fa4-a97d-d965ccfc6d4b" outcome="Passed" testListId="8c84fa94-04c1-424b-9868-57a2d4851a1d" relativeResultsDirectory="8dffbb7a-5109-43ee-ab43-29fec2a807a6" />
    <UnitTestResult executionId="814bbc55-ecb1-4104-ac7d-cbf4a3d4463f" testId="c651bc22-f483-462c-6f6e-bc06f10a35cf" testName="IFX.Modules.CRM.Application.Tests.Handlers.Investors.CreateInvestorCommandHandlerTests.Handle_WithNewCode_CreatesInvestorAndReturnsDto" computerName="DESKTOP-OVPKDKR" duration="00:00:00.0041425" startTime="2026-09-08T19:21:48.4817931+10:00" endTime="2026-09-08T19:21:48.4817932+10:00" testType="13cdc9d9-ddb5-4fa4-a97d-d965ccfc6d4b" outcome="Passed" testListId="8c84fa94-04c1-424b-9868-57a2d4851a1d" relativeResultsDirectory="814bbc55-ecb1-4104-ac7d-cbf4a3d4463f" />
    <UnitTestResult executionId="985a927e-bc04-4ee5-b3fd-85aed16a6ed9" testId="56a2b622-ee6c-1a92-60d1-0583248587b5" testName="IFX.Modules.CRM.Application.Tests.Contracts.AccountComplianceContractTests.CheckAsync_RejectsUnknownConsumerBeforeOtherContextFailures" computerName="DESKTOP-OVPKDKR" duration="00:00:00.0005840" startTime="2026-09-08T19:21:48.5237735+10:00" endTime="2026-09-08T19:21:48.5237736+10:00" testType="13cdc9d9-ddb5-4fa4-a97d-d965ccfc6d4b" outcome="Passed" testListId="8c84fa94-04c1-424b-9868-57a2d4851a1d" relativeResultsDirectory="985a927e-bc04-4ee5-b3fd-85aed16a6ed9" />
    <UnitTestResult executionId="f64d4ef7-064b-47ed-ad05-faa49214403e" testId="c24ec507-c23f-3459-a882-9e0cde62b4c8" testName="IFX.Modules.CRM.Application.Tests.Handlers.Parties.CreatePartyCommandHandlerTests.Handle_WhenNoTenantContext_ReturnsFailure" computerName="DESKTOP-OVPKDKR" duration="00:00:00.0006677" startTime="2026-09-08T19:21:48.5030344+10:00" endTime="2026-09-08T19:21:48.5030344+10:00" testType="13cdc9d9-ddb5-4fa4-a97d-d965ccfc6d4b" outcome="Passed" testListId="8c84fa94-04c1-424b-9868-57a2d4851a1d" relativeResultsDirectory="f64d4ef7-064b-47ed-ad05-faa49214403e" />
    <UnitTestResult executionId="7331ac1d-8764-406c-9175-ba2a89bd8e4f" testId="e6970efb-f0aa-d9d9-9988-01015e8907a0" testName="IFX.Modules.CRM.Application.Tests.Handlers.Parties.CreatePartyRelationshipCommandHandlerTests.Handle_WhenNoTenantContext_ReturnsFailure" computerName="DESKTOP-OVPKDKR" duration="00:00:00.0008226" startTime="2026-09-08T19:21:48.5019651+10:00" endTime="2026-09-08T19:21:48.5019651+10:00" testType="13cdc9d9-ddb5-4fa4-a97d-d965ccfc6d4b" outcome="Passed" testListId="8c84fa94-04c1-424b-9868-57a2d4851a1d" relativeResultsDirectory="7331ac1d-8764-406c-9175-ba2a89bd8e4f" />
    <UnitTestResult executionId="c0a92f64-0707-46b9-b923-02c3f590d5da" testId="085a172d-ab84-bfd7-b65e-a2486ef2b042" testName="IFX.Modules.CRM.Application.Tests.Handlers.Investors.UpdateInvestorAmlCommandHandlerTests.Handle_WhenNoTenantContext_ReturnsFailure" computerName="DESKTOP-OVPKDKR" duration="00:00:00.0008556" startTime="2026-09-08T19:21:48.5030867+10:00" endTime="2026-09-08T19:21:48.5030867+10:00" testType="13cdc9d9-ddb5-4fa4-a97d-d965ccfc6d4b" outcome="Passed" testListId="8c84fa94-04c1-424b-9868-57a2d4851a1d" relativeResultsDirectory="c0a92f64-0707-46b9-b923-02c3f590d5da" />
    <UnitTestResult executionId="b8b7cccd-4dd1-40d2-8e28-9f8d41780ae4" testId="5819c4c2-c637-b3fa-dcd5-6459e8d441a5" testName="IFX.Modules.CRM.Application.Tests.Handlers.Investors.UpdateInvestorAmlCommandHandlerTests.Handle_WithExistingInvestor_UpdatesAmlAndReturnsDto" computerName="DESKTOP-OVPKDKR" duration="00:00:00.0014339" startTime="2026-09-08T19:21:48.5054411+10:00" endTime="2026-09-08T19:21:48.5054412+10:00" testType="13cdc9d9-ddb5-4fa4-a97d-d965ccfc6d4b" outcome="Passed" testListId="8c84fa94-04c1-424b-9868-57a2d4851a1d" relativeResultsDirectory="b8b7cccd-4dd1-40d2-8e28-9f8d41780ae4" />
    <UnitTestResult executionId="3e4a1f84-f640-4ad0-b9bf-b2f10dfa15bd" testId="bdc814b6-1695-cf9e-831b-5799abd95259" testName="IFX.Modules.CRM.Application.Tests.Handlers.Investors.CreateInvestorCommandHandlerTests.Handle_WhenNoTenantContext_ReturnsFailure" computerName="DESKTOP-OVPKDKR" duration="00:00:00.0412145" startTime="2026-09-08T19:21:48.4781528+10:00" endTime="2026-09-08T19:21:48.4781665+10:00" testType="13cdc9d9-ddb5-4fa4-a97d-d965ccfc6d4b" outcome="Passed" testListId="8c84fa94-04c1-424b-9868-57a2d4851a1d" relativeResultsDirectory="3e4a1f84-f640-4ad0-b9bf-b2f10dfa15bd" />
    <UnitTestResult executionId="debc27d8-b9f3-42c5-b6f3-2acf5caa749a" testId="545f09a5-0181-8333-0509-59c28a2872c8" testName="IFX.Modules.CRM.Application.Tests.Handlers.InvestmentAccounts.LinkAdvisorToAccountCommandHandlerTests.Handle_WhenAdvisorAlreadyLinked_ReturnsFailure" computerName="DESKTOP-OVPKDKR" duration="00:00:00.0026912" startTime="2026-09-08T19:21:48.5116071+10:00" endTime="2026-09-08T19:21:48.5116073+10:00" testType="13cdc9d9-ddb5-4fa4-a97d-d965ccfc6d4b" outcome="Passed" testListId="8c84fa94-04c1-424b-9868-57a2d4851a1d" relativeResultsDirectory="debc27d8-b9f3-42c5-b6f3-2acf5caa749a" />
    <UnitTestResult executionId="c3123f67-5427-4c67-ba78-6bf51033a235" testId="abb92da8-cd82-978d-47fb-65f7a610419d" testName="IFX.Modules.CRM.Application.Tests.Handlers.Investors.AddInvestorDocumentCommandHandlerTests.Handle_WhenNoTenantContext_ReturnsFailure" computerName="DESKTOP-OVPKDKR" duration="00:00:00.0007318" startTime="2026-09-08T19:21:48.5018447+10:00" endTime="2026-09-08T19:21:48.5018447+10:00" testType="13cdc9d9-ddb5-4fa4-a97d-d965ccfc6d4b" outcome="Passed" testListId="8c84fa94-04c1-424b-9868-57a2d4851a1d" relativeResultsDirectory="c3123f67-5427-4c67-ba78-6bf51033a235" />
    <UnitTestResult executionId="774b8e0a-4fcc-4ca1-8ca2-72a7b78e6123" testId="e8494388-f3b4-82df-912e-6482cbffc7fc" testName="IFX.Modules.CRM.Application.Tests.Handlers.Investors.AddInvestorDocumentCommandHandlerTests.Handle_WithExistingInvestor_AddsDocument" computerName="DESKTOP-OVPKDKR" duration="00:00:00.0134672" startTime="2026-09-08T19:21:48.4813729+10:00" endTime="2026-09-08T19:21:48.4813730+10:00" testType="13cdc9d9-ddb5-4fa4-a97d-d965ccfc6d4b" outcome="Passed" testListId="8c84fa94-04c1-424b-9868-57a2d4851a1d" relativeResultsDirectory="774b8e0a-4fcc-4ca1-8ca2-72a7b78e6123" />
    <UnitTestResult executionId="c26a2b97-ce1e-40fd-8016-af502a8ec8b8" testId="23d1503d-42a8-e518-d119-3bcd98e349b2" testName="IFX.Modules.CRM.Application.Tests.Handlers.Investors.UpdateInvestorKycCommandHandlerTests.Handle_WhenInvestorExists_UpdatesKycAndPublishesEvent" computerName="DESKTOP-OVPKDKR" duration="00:00:00.0049359" startTime="2026-09-08T19:21:48.5280105+10:00" endTime="2026-09-08T19:21:48.5280106+10:00" testType="13cdc9d9-ddb5-4fa4-a97d-d965ccfc6d4b" outcome="Passed" testListId="8c84fa94-04c1-424b-9868-57a2d4851a1d" relativeResultsDirectory="c26a2b97-ce1e-40fd-8016-af502a8ec8b8" />
    <UnitTestResult executionId="775f89b8-11c9-4fae-99c5-856e44672b0a" testId="6f5e6808-007b-5013-8bb7-6c4286da31da" testName="IFX.Modules.CRM.Application.Tests.Handlers.Investors.UpdateInvestorKycCommandHandlerTests.Handle_PublishesEventWithOldAndNewStatus" computerName="DESKTOP-OVPKDKR" duration="00:00:00.0021996" startTime="2026-09-08T19:21:48.5319373+10:00" endTime="2026-09-08T19:21:48.5319374+10:00" testType="13cdc9d9-ddb5-4fa4-a97d-d965ccfc6d4b" outcome="Passed" testListId="8c84fa94-04c1-424b-9868-57a2d4851a1d" relativeResultsDirectory="775f89b8-11c9-4fae-99c5-856e44672b0a" />
    <UnitTestResult executionId="d4f795e9-933a-4408-a793-0241db1b5567" testId="2f7dee9a-e133-020b-311f-765e041bc3f9" testName="IFX.Modules.CRM.Application.Tests.Contracts.AccountComplianceContractTests.CheckAsync_RejectsTenantMismatch" computerName="DESKTOP-OVPKDKR" duration="00:00:00.0025199" startTime="2026-09-08T19:21:48.5231384+10:00" endTime="2026-09-08T19:21:48.5231385+10:00" testType="13cdc9d9-ddb5-4fa4-a97d-d965ccfc6d4b" outcome="Passed" testListId="8c84fa94-04c1-424b-9868-57a2d4851a1d" relativeResultsDirectory="d4f795e9-933a-4408-a793-0241db1b5567" />
  </Results>
  <TestDefinitions>
    <UnitTest name="IFX.Modules.CRM.Application.Tests.Contracts.AccountComplianceContractTests.CheckAsync_CreatesIsolatedTrustedProviderScope" storage="d:\ifx\tests\ifx.modules.crm.application.tests\bin\debug\net8.0\ifx.modules.crm.application.tests.dll" id="1cd6e9ca-eafd-d001-5eb9-d4eae395c07b">
      <Execution id="dcbdf86f-dde6-4f7d-ad84-dac032f3b75c" />
      <TestMethod codeBase="D:\IFX\tests\IFX.Modules.CRM.Application.Tests\bin\Debug\net8.0\IFX.Modules.CRM.Application.Tests.dll" adapterTypeName="executor://xunit/VsTestRunner2/netcoreapp" className="IFX.Modules.CRM.Application.Tests.Contracts.AccountComplianceContractTests" name="CheckAsync_CreatesIsolatedTrustedProviderScope" />
    </UnitTest>
    <UnitTest name="IFX.Modules.CRM.Application.Tests.Handlers.InvestmentAccounts.LinkAdvisorToAccountCommandHandlerTests.Handle_WhenAdvisorLacksRole_ReturnsFailure" storage="d:\ifx\tests\ifx.modules.crm.application.tests\bin\debug\net8.0\ifx.modules.crm.application.tests.dll" id="0bf84b58-1044-49a5-f41f-8f1354a64f75">
      <Execution id="8b6d1c8c-3fca-480b-bf48-7911f3c04f16" />
      <TestMethod codeBase="D:\IFX\tests\IFX.Modules.CRM.Application.Tests\bin\Debug\net8.0\IFX.Modules.CRM.Application.Tests.dll" adapterTypeName="executor://xunit/VsTestRunner2/netcoreapp" className="IFX.Modules.CRM.Application.Tests.Handlers.InvestmentAccounts.LinkAdvisorToAccountCommandHandlerTests" name="Handle_WhenAdvisorLacksRole_ReturnsFailure" />
    </UnitTest>
    <UnitTest name="IFX.Modules.CRM.Application.Tests.Handlers.Investors.CreateInvestorCommandHandlerTests.Handle_WhenNoTenantContext_ReturnsFailure" storage="d:\ifx\tests\ifx.modules.crm.application.tests\bin\debug\net8.0\ifx.modules.crm.application.tests.dll" id="bdc814b6-1695-cf9e-831b-5799abd95259">
      <Execution id="3e4a1f84-f640-4ad0-b9bf-b2f10dfa15bd" />
      <TestMethod codeBase="D:\IFX\tests\IFX.Modules.CRM.Application.Tests\bin\Debug\net8.0\IFX.Modules.CRM.Application.Tests.dll" adapterTypeName="executor://xunit/VsTestRunner2/netcoreapp" className="IFX.Modules.CRM.Application.Tests.Handlers.Investors.CreateInvestorCommandHandlerTests" name="Handle_WhenNoTenantContext_ReturnsFailure" />
    </UnitTest>
    <UnitTest name="IFX.Modules.CRM.Application.Tests.Handlers.Investors.UpdateInvestorAmlCommandHandlerTests.Handle_BlockedStatus_UpdatesAmlStatusToBlocked" storage="d:\ifx\tests\ifx.modules.crm.application.tests\bin\debug\net8.0\ifx.modules.crm.application.tests.dll" id="6022bbc0-54a8-8e87-7900-a57885bdc82b">
      <Execution id="d60909c2-7c83-474d-8915-f65853b9e1bb" />
      <TestMethod codeBase="D:\IFX\tests\IFX.Modules.CRM.Application.Tests\bin\Debug\net8.0\IFX.Modules.CRM.Application.Tests.dll" adapterTypeName="executor://xunit/VsTestRunner2/netcoreapp" className="IFX.Modules.CRM.Application.Tests.Handlers.Investors.UpdateInvestorAmlCommandHandlerTests" name="Handle_BlockedStatus_UpdatesAmlStatusToBlocked" />
    </UnitTest>
    <UnitTest name="IFX.Modules.CRM.Application.Tests.Handlers.Parties.CreatePartyCommandHandlerTests.Handle_WhenNoTenantContext_ReturnsFailure" storage="d:\ifx\tests\ifx.modules.crm.application.tests\bin\debug\net8.0\ifx.modules.crm.application.tests.dll" id="c24ec507-c23f-3459-a882-9e0cde62b4c8">
      <Execution id="f64d4ef7-064b-47ed-ad05-faa49214403e" />
      <TestMethod codeBase="D:\IFX\tests\IFX.Modules.CRM.Application.Tests\bin\Debug\net8.0\IFX.Modules.CRM.Application.Tests.dll" adapterTypeName="executor://xunit/VsTestRunner2/netcoreapp" className="IFX.Modules.CRM.Application.Tests.Handlers.Parties.CreatePartyCommandHandlerTests" name="Handle_WhenNoTenantContext_ReturnsFailure" />
    </UnitTest>
    <UnitTest name="IFX.Modules.CRM.Application.Tests.Handlers.InvestmentAccounts.LinkAdvisorToAccountCommandHandlerTests.Handle_WhenAccountNotFound_ReturnsFailure" storage="d:\ifx\tests\ifx.modules.crm.application.tests\bin\debug\net8.0\ifx.modules.crm.application.tests.dll" id="0d1a3f88-67d2-2cb3-0a42-8f41dcd1536a">
      <Execution id="2b1baf86-7287-4f07-8135-8471017fbeb4" />
      <TestMethod codeBase="D:\IFX\tests\IFX.Modules.CRM.Application.Tests\bin\Debug\net8.0\IFX.Modules.CRM.Application.Tests.dll" adapterTypeName="executor://xunit/VsTestRunner2/netcoreapp" className="IFX.Modules.CRM.Application.Tests.Handlers.InvestmentAccounts.LinkAdvisorToAccountCommandHandlerTests" name="Handle_WhenAccountNotFound_ReturnsFailure" />
    </UnitTest>
    <UnitTest name="IFX.Modules.CRM.Application.Tests.Contracts.AccountComplianceContractTests.CheckAsync_ReturnsCurrentCommittedDecision(approved: False)" storage="d:\ifx\tests\ifx.modules.crm.application.tests\bin\debug\net8.0\ifx.modules.crm.application.tests.dll" id="3c75f3dc-fe8e-8f4e-b6d3-74f24653da09">
      <Execution id="8c442d84-a976-4149-9756-d54d2eff3822" />
      <TestMethod codeBase="D:\IFX\tests\IFX.Modules.CRM.Application.Tests\bin\Debug\net8.0\IFX.Modules.CRM.Application.Tests.dll" adapterTypeName="executor://xunit/VsTestRunner2/netcoreapp" className="IFX.Modules.CRM.Application.Tests.Contracts.AccountComplianceContractTests" name="CheckAsync_ReturnsCurrentCommittedDecision" />
    </UnitTest>
    <UnitTest name="IFX.Modules.CRM.Application.Tests.Handlers.Investors.CreateInvestorCommandHandlerTests.Handle_WhenCodeAlreadyExists_ReturnsFailure" storage="d:\ifx\tests\ifx.modules.crm.application.tests\bin\debug\net8.0\ifx.modules.crm.application.tests.dll" id="c775384c-8713-f4d1-7e63-feb35724aee7">
      <Execution id="0566ff83-bae1-4460-a955-a47d658a52d1" />
      <TestMethod codeBase="D:\IFX\tests\IFX.Modules.CRM.Application.Tests\bin\Debug\net8.0\IFX.Modules.CRM.Application.Tests.dll" adapterTypeName="executor://xunit/VsTestRunner2/netcoreapp" className="IFX.Modules.CRM.Application.Tests.Handlers.Investors.CreateInvestorCommandHandlerTests" name="Handle_WhenCodeAlreadyExists_ReturnsFailure" />
    </UnitTest>
    <UnitTest name="IFX.Modules.CRM.Application.Tests.Handlers.InvestmentAccounts.LinkAdvisorToAccountCommandHandlerTests.Handle_WhenNoTenantContext_ReturnsFailure" storage="d:\ifx\tests\ifx.modules.crm.application.tests\bin\debug\net8.0\ifx.modules.crm.application.tests.dll" id="d429c8d4-29e4-5325-6c6d-be8d3bf2b4e9">
      <Execution id="3ba125ab-f069-4b20-8fcb-16ba3f4e749a" />
      <TestMethod codeBase="D:\IFX\tests\IFX.Modules.CRM.Application.Tests\bin\Debug\net8.0\IFX.Modules.CRM.Application.Tests.dll" adapterTypeName="executor://xunit/VsTestRunner2/netcoreapp" className="IFX.Modules.CRM.Application.Tests.Handlers.InvestmentAccounts.LinkAdvisorToAccountCommandHandlerTests" name="Handle_WhenNoTenantContext_ReturnsFailure" />
    </UnitTest>
    <UnitTest name="IFX.Modules.CRM.Application.Tests.Contracts.AccountComplianceContractTests.CheckAsync_RejectsTenantMismatch" storage="d:\ifx\tests\ifx.modules.crm.application.tests\bin\debug\net8.0\ifx.modules.crm.application.tests.dll" id="2f7dee9a-e133-020b-311f-765e041bc3f9">
      <Execution id="d4f795e9-933a-4408-a793-0241db1b5567" />
      <TestMethod codeBase="D:\IFX\tests\IFX.Modules.CRM.Application.Tests\bin\Debug\net8.0\IFX.Modules.CRM.Application.Tests.dll" adapterTypeName="executor://xunit/VsTestRunner2/netcoreapp" className="IFX.Modules.CRM.Application.Tests.Contracts.AccountComplianceContractTests" name="CheckAsync_RejectsTenantMismatch" />
    </UnitTest>
    <UnitTest name="IFX.Modules.CRM.Application.Tests.Contracts.AccountComplianceContractTests.CheckAsync_PropagatesCancellation" storage="d:\ifx\tests\ifx.modules.crm.application.tests\bin\debug\net8.0\ifx.modules.crm.application.tests.dll" id="3729825c-3bcf-67f2-f67a-abd69851f8f7">
      <Execution id="df92b133-3e26-41fc-92f2-86772e9a4797" />
      <TestMethod codeBase="D:\IFX\tests\IFX.Modules.CRM.Application.Tests\bin\Debug\net8.0\IFX.Modules.CRM.Application.Tests.dll" adapterTypeName="executor://xunit/VsTestRunner2/netcoreapp" className="IFX.Modules.CRM.Application.Tests.Contracts.AccountComplianceContractTests" name="CheckAsync_PropagatesCancellation" />
    </UnitTest>
    <UnitTest name="IFX.Modules.CRM.Application.Tests.Handlers.InvestmentAccounts.CreateInvestmentAccountCommandHandlerTests.Handle_WithNewAccountNumber_CreatesAccountAndPublishesEvent" storage="d:\ifx\tests\ifx.modules.crm.application.tests\bin\debug\net8.0\ifx.modules.crm.application.tests.dll" id="c73aeab2-b858-7f74-38a9-32952f2723b4">
      <Execution id="8dffbb7a-5109-43ee-ab43-29fec2a807a6" />
      <TestMethod codeBase="D:\IFX\tests\IFX.Modules.CRM.Application.Tests\bin\Debug\net8.0\IFX.Modules.CRM.Application.Tests.dll" adapterTypeName="executor://xunit/VsTestRunner2/netcoreapp" className="IFX.Modules.CRM.Application.Tests.Handlers.InvestmentAccounts.CreateInvestmentAccountCommandHandlerTests" name="Handle_WithNewAccountNumber_CreatesAccountAndPublishesEvent" />
    </UnitTest>
    <UnitTest name="IFX.Modules.CRM.Application.Tests.Handlers.Investors.UpdateInvestorKycCommandHandlerTests.Handle_WhenInvestorExists_UpdatesKycAndPublishesEvent" storage="d:\ifx\tests\ifx.modules.crm.application.tests\bin\debug\net8.0\ifx.modules.crm.application.tests.dll" id="23d1503d-42a8-e518-d119-3bcd98e349b2">
      <Execution id="c26a2b97-ce1e-40fd-8016-af502a8ec8b8" />
      <TestMethod codeBase="D:\IFX\tests\IFX.Modules.CRM.Application.Tests\bin\Debug\net8.0\IFX.Modules.CRM.Application.Tests.dll" adapterTypeName="executor://xunit/VsTestRunner2/netcoreapp" className="IFX.Modules.CRM.Application.Tests.Handlers.Investors.UpdateInvestorKycCommandHandlerTests" name="Handle_WhenInvestorExists_UpdatesKycAndPublishesEvent" />
    </UnitTest>
    <UnitTest name="IFX.Modules.CRM.Application.Tests.Handlers.InvestmentAccounts.LinkAdvisorToAccountCommandHandlerTests.Handle_WhenAdvisorAlreadyLinked_ReturnsFailure" storage="d:\ifx\tests\ifx.modules.crm.application.tests\bin\debug\net8.0\ifx.modules.crm.application.tests.dll" id="545f09a5-0181-8333-0509-59c28a2872c8">
      <Execution id="debc27d8-b9f3-42c5-b6f3-2acf5caa749a" />
      <TestMethod codeBase="D:\IFX\tests\IFX.Modules.CRM.Application.Tests\bin\Debug\net8.0\IFX.Modules.CRM.Application.Tests.dll" adapterTypeName="executor://xunit/VsTestRunner2/netcoreapp" className="IFX.Modules.CRM.Application.Tests.Handlers.InvestmentAccounts.LinkAdvisorToAccountCommandHandlerTests" name="Handle_WhenAdvisorAlreadyLinked_ReturnsFailure" />
    </UnitTest>
    <UnitTest name="IFX.Modules.CRM.Application.Tests.Handlers.InvestmentAccounts.LinkAdvisorToAccountCommandHandlerTests.Handle_WithValidAdvisor_LinksAdvisorToAccount" storage="d:\ifx\tests\ifx.modules.crm.application.tests\bin\debug\net8.0\ifx.modules.crm.application.tests.dll" id="9a67fe26-a96b-629a-390f-0d590cadf5f2">
      <Execution id="b7fe94eb-7455-492e-bc76-77250c2e3adf" />
      <TestMethod codeBase="D:\IFX\tests\IFX.Modules.CRM.Application.Tests\bin\Debug\net8.0\IFX.Modules.CRM.Application.Tests.dll" adapterTypeName="executor://xunit/VsTestRunner2/netcoreapp" className="IFX.Modules.CRM.Application.Tests.Handlers.InvestmentAccounts.LinkAdvisorToAccountCommandHandlerTests" name="Handle_WithValidAdvisor_LinksAdvisorToAccount" />
    </UnitTest>
    <UnitTest name="IFX.Modules.CRM.Application.Tests.Handlers.Parties.CreatePartyCommandHandlerTests.Handle_WithNewCode_CreatesPartyAndReturnsDto" storage="d:\ifx\tests\ifx.modules.crm.application.tests\bin\debug\net8.0\ifx.modules.crm.application.tests.dll" id="2e1658ed-7db9-a8a0-1f41-fc3ac2826581">
      <Execution id="b907f601-81e4-4e77-baca-fcbd26eb60d1" />
      <TestMethod codeBase="D:\IFX\tests\IFX.Modules.CRM.Application.Tests\bin\Debug\net8.0\IFX.Modules.CRM.Application.Tests.dll" adapterTypeName="executor://xunit/VsTestRunner2/netcoreapp" className="IFX.Modules.CRM.Application.Tests.Handlers.Parties.CreatePartyCommandHandlerTests" name="Handle_WithNewCode_CreatesPartyAndReturnsDto" />
    </UnitTest>
    <UnitTest name="IFX.Modules.CRM.Application.Tests.Handlers.Parties.CreatePartyRelationshipCommandHandlerTests.Handle_WhenNoTenantContext_ReturnsFailure" storage="d:\ifx\tests\ifx.modules.crm.application.tests\bin\debug\net8.0\ifx.modules.crm.application.tests.dll" id="e6970efb-f0aa-d9d9-9988-01015e8907a0">
      <Execution id="7331ac1d-8764-406c-9175-ba2a89bd8e4f" />
      <TestMethod codeBase="D:\IFX\tests\IFX.Modules.CRM.Application.Tests\bin\Debug\net8.0\IFX.Modules.CRM.Application.Tests.dll" adapterTypeName="executor://xunit/VsTestRunner2/netcoreapp" className="IFX.Modules.CRM.Application.Tests.Handlers.Parties.CreatePartyRelationshipCommandHandlerTests" name="Handle_WhenNoTenantContext_ReturnsFailure" />
    </UnitTest>
    <UnitTest name="IFX.Modules.CRM.Application.Tests.Handlers.Parties.CreatePartyRelationshipCommandHandlerTests.Handle_AuthorizedToAdvise_WithAdvisoryFromParty_CreatesRelationshipAndPublishesEvent" storage="d:\ifx\tests\ifx.modules.crm.application.tests\bin\debug\net8.0\ifx.modules.crm.application.tests.dll" id="6e10e36a-bf8e-6f4b-630b-8cb4f10dac5d">
      <Execution id="16580822-c0e6-4bbf-a6cc-5f110299e80c" />
      <TestMethod codeBase="D:\IFX\tests\IFX.Modules.CRM.Application.Tests\bin\Debug\net8.0\IFX.Modules.CRM.Application.Tests.dll" adapterTypeName="executor://xunit/VsTestRunner2/netcoreapp" className="IFX.Modules.CRM.Application.Tests.Handlers.Parties.CreatePartyRelationshipCommandHandlerTests" name="Handle_AuthorizedToAdvise_WithAdvisoryFromParty_CreatesRelationshipAndPublishesEvent" />
    </UnitTest>
    <UnitTest name="IFX.Modules.CRM.Application.Tests.Handlers.Investors.UpdateInvestorAmlCommandHandlerTests.Handle_WhenNoTenantContext_ReturnsFailure" storage="d:\ifx\tests\ifx.modules.crm.application.tests\bin\debug\net8.0\ifx.modules.crm.application.tests.dll" id="085a172d-ab84-bfd7-b65e-a2486ef2b042">
      <Execution id="c0a92f64-0707-46b9-b923-02c3f590d5da" />
      <TestMethod codeBase="D:\IFX\tests\IFX.Modules.CRM.Application.Tests\bin\Debug\net8.0\IFX.Modules.CRM.Application.Tests.dll" adapterTypeName="executor://xunit/VsTestRunner2/netcoreapp" className="IFX.Modules.CRM.Application.Tests.Handlers.Investors.UpdateInvestorAmlCommandHandlerTests" name="Handle_WhenNoTenantContext_ReturnsFailure" />
    </UnitTest>
    <UnitTest name="IFX.Modules.CRM.Application.Tests.Handlers.Parties.CreatePartyRelationshipCommandHandlerTests.Handle_WhenActiveRelationshipExists_ReturnsFailure" storage="d:\ifx\tests\ifx.modules.crm.application.tests\bin\debug\net8.0\ifx.modules.crm.application.tests.dll" id="9e84dfbb-8f69-5d5f-eb16-0370c43f244f">
      <Execution id="59c50466-db4a-488f-9586-02c2df52d6d2" />
      <TestMethod codeBase="D:\IFX\tests\IFX.Modules.CRM.Application.Tests\bin\Debug\net8.0\IFX.Modules.CRM.Application.Tests.dll" adapterTypeName="executor://xunit/VsTestRunner2/netcoreapp" className="IFX.Modules.CRM.Application.Tests.Handlers.Parties.CreatePartyRelationshipCommandHandlerTests" name="Handle_WhenActiveRelationshipExists_ReturnsFailure" />
    </UnitTest>
    <UnitTest name="IFX.Modules.CRM.Application.Tests.Handlers.InvestmentAccounts.CreateInvestmentAccountCommandHandlerTests.Handle_WhenAccountNumberExists_ReturnsFailure" storage="d:\ifx\tests\ifx.modules.crm.application.tests\bin\debug\net8.0\ifx.modules.crm.application.tests.dll" id="1d506f19-508d-2c59-1b88-d3464bef7acd">
      <Execution id="9c085d0c-a1a7-4fb9-b907-c2927b90cf1c" />
      <TestMethod codeBase="D:\IFX\tests\IFX.Modules.CRM.Application.Tests\bin\Debug\net8.0\IFX.Modules.CRM.Application.Tests.dll" adapterTypeName="executor://xunit/VsTestRunner2/netcoreapp" className="IFX.Modules.CRM.Application.Tests.Handlers.InvestmentAccounts.CreateInvestmentAccountCommandHandlerTests" name="Handle_WhenAccountNumberExists_ReturnsFailure" />
    </UnitTest>
    <UnitTest name="IFX.Modules.CRM.Application.Tests.Contracts.AccountComplianceContractTests.CheckAsync_ReturnsCurrentCommittedDecision(approved: True)" storage="d:\ifx\tests\ifx.modules.crm.application.tests\bin\debug\net8.0\ifx.modules.crm.application.tests.dll" id="24fdb896-fb93-c64d-3ff9-85f640c61edd">
      <Execution id="6044bfbd-f253-48c6-a9c1-e49604e9c6d8" />
      <TestMethod codeBase="D:\IFX\tests\IFX.Modules.CRM.Application.Tests\bin\Debug\net8.0\IFX.Modules.CRM.Application.Tests.dll" adapterTypeName="executor://xunit/VsTestRunner2/netcoreapp" className="IFX.Modules.CRM.Application.Tests.Contracts.AccountComplianceContractTests" name="CheckAsync_ReturnsCurrentCommittedDecision" />
    </UnitTest>
    <UnitTest name="IFX.Modules.CRM.Application.Tests.Contracts.AccountComplianceContractTests.CheckAsync_MapsProviderFailureWithoutLeakingInternalException" storage="d:\ifx\tests\ifx.modules.crm.application.tests\bin\debug\net8.0\ifx.modules.crm.application.tests.dll" id="5f11eabf-9295-b87f-4ec4-bb8f6bde7c56">
      <Execution id="4775eb0f-c17c-453c-ac5f-1cd4bd466e46" />
      <TestMethod codeBase="D:\IFX\tests\IFX.Modules.CRM.Application.Tests\bin\Debug\net8.0\IFX.Modules.CRM.Application.Tests.dll" adapterTypeName="executor://xunit/VsTestRunner2/netcoreapp" className="IFX.Modules.CRM.Application.Tests.Contracts.AccountComplianceContractTests" name="CheckAsync_MapsProviderFailureWithoutLeakingInternalException" />
    </UnitTest>
    <UnitTest name="IFX.Modules.CRM.Application.Tests.Handlers.Investors.UpdateInvestorKycCommandHandlerTests.Handle_WhenNoTenantContext_ReturnsFailure" storage="d:\ifx\tests\ifx.modules.crm.application.tests\bin\debug\net8.0\ifx.modules.crm.application.tests.dll" id="ec9f503e-1de8-6c72-4636-1704d25337ab">
      <Execution id="c702e6a0-8eb5-4b8c-b07d-e269f3fbb3dc" />
      <TestMethod codeBase="D:\IFX\tests\IFX.Modules.CRM.Application.Tests\bin\Debug\net8.0\IFX.Modules.CRM.Application.Tests.dll" adapterTypeName="executor://xunit/VsTestRunner2/netcoreapp" className="IFX.Modules.CRM.Application.Tests.Handlers.Investors.UpdateInvestorKycCommandHandlerTests" name="Handle_WhenNoTenantContext_ReturnsFailure" />
    </UnitTest>
    <UnitTest name="IFX.Modules.CRM.Application.Tests.Handlers.Investors.AddInvestorDocumentCommandHandlerTests.Handle_WithExistingInvestor_AddsDocument" storage="d:\ifx\tests\ifx.modules.crm.application.tests\bin\debug\net8.0\ifx.modules.crm.application.tests.dll" id="e8494388-f3b4-82df-912e-6482cbffc7fc">
      <Execution id="774b8e0a-4fcc-4ca1-8ca2-72a7b78e6123" />
      <TestMethod codeBase="D:\IFX\tests\IFX.Modules.CRM.Application.Tests\bin\Debug\net8.0\IFX.Modules.CRM.Application.Tests.dll" adapterTypeName="executor://xunit/VsTestRunner2/netcoreapp" className="IFX.Modules.CRM.Application.Tests.Handlers.Investors.AddInvestorDocumentCommandHandlerTests" name="Handle_WithExistingInvestor_AddsDocument" />
    </UnitTest>
    <UnitTest name="IFX.Modules.CRM.Application.Tests.Handlers.Investors.UpdateInvestorKycCommandHandlerTests.Handle_WhenInvestorNotFound_ReturnsFailure" storage="d:\ifx\tests\ifx.modules.crm.application.tests\bin\debug\net8.0\ifx.modules.crm.application.tests.dll" id="1879402e-1c3e-115e-4847-4a231bdedf0e">
      <Execution id="5cf7d5cc-7fdf-4a19-ac2e-649c2b140ede" />
      <TestMethod codeBase="D:\IFX\tests\IFX.Modules.CRM.Application.Tests\bin\Debug\net8.0\IFX.Modules.CRM.Application.Tests.dll" adapterTypeName="executor://xunit/VsTestRunner2/netcoreapp" className="IFX.Modules.CRM.Application.Tests.Handlers.Investors.UpdateInvestorKycCommandHandlerTests" name="Handle_WhenInvestorNotFound_ReturnsFailure" />
    </UnitTest>
    <UnitTest name="IFX.Modules.CRM.Application.Tests.Handlers.Investors.UpdateInvestorAmlCommandHandlerTests.Handle_WithExistingInvestor_UpdatesAmlAndReturnsDto" storage="d:\ifx\tests\ifx.modules.crm.application.tests\bin\debug\net8.0\ifx.modules.crm.application.tests.dll" id="5819c4c2-c637-b3fa-dcd5-6459e8d441a5">
      <Execution id="b8b7cccd-4dd1-40d2-8e28-9f8d41780ae4" />
      <TestMethod codeBase="D:\IFX\tests\IFX.Modules.CRM.Application.Tests\bin\Debug\net8.0\IFX.Modules.CRM.Application.Tests.dll" adapterTypeName="executor://xunit/VsTestRunner2/netcoreapp" className="IFX.Modules.CRM.Application.Tests.Handlers.Investors.UpdateInvestorAmlCommandHandlerTests" name="Handle_WithExistingInvestor_UpdatesAmlAndReturnsDto" />
    </UnitTest>
    <UnitTest name="IFX.Modules.CRM.Application.Tests.Handlers.Parties.CreatePartyCommandHandlerTests.Handle_WhenCodeAlreadyExists_ReturnsFailure" storage="d:\ifx\tests\ifx.modules.crm.application.tests\bin\debug\net8.0\ifx.modules.crm.application.tests.dll" id="bf9a5c47-2329-c4da-a243-bf0766f45677">
      <Execution id="e38cb041-7d32-46c4-9722-43798c23a3d1" />
      <TestMethod codeBase="D:\IFX\tests\IFX.Modules.CRM.Application.Tests\bin\Debug\net8.0\IFX.Modules.CRM.Application.Tests.dll" adapterTypeName="executor://xunit/VsTestRunner2/netcoreapp" className="IFX.Modules.CRM.Application.Tests.Handlers.Parties.CreatePartyCommandHandlerTests" name="Handle_WhenCodeAlreadyExists_ReturnsFailure" />
    </UnitTest>
    <UnitTest name="IFX.Modules.CRM.Application.Tests.Handlers.Investors.UpdateInvestorKycCommandHandlerTests.Handle_PublishesEventWithOldAndNewStatus" storage="d:\ifx\tests\ifx.modules.crm.application.tests\bin\debug\net8.0\ifx.modules.crm.application.tests.dll" id="6f5e6808-007b-5013-8bb7-6c4286da31da">
      <Execution id="775f89b8-11c9-4fae-99c5-856e44672b0a" />
      <TestMethod codeBase="D:\IFX\tests\IFX.Modules.CRM.Application.Tests\bin\Debug\net8.0\IFX.Modules.CRM.Application.Tests.dll" adapterTypeName="executor://xunit/VsTestRunner2/netcoreapp" className="IFX.Modules.CRM.Application.Tests.Handlers.Investors.UpdateInvestorKycCommandHandlerTests" name="Handle_PublishesEventWithOldAndNewStatus" />
    </UnitTest>
    <UnitTest name="IFX.Modules.CRM.Application.Tests.Handlers.Investors.AddInvestorDocumentCommandHandlerTests.Handle_WhenNoTenantContext_ReturnsFailure" storage="d:\ifx\tests\ifx.modules.crm.application.tests\bin\debug\net8.0\ifx.modules.crm.application.tests.dll" id="abb92da8-cd82-978d-47fb-65f7a610419d">
      <Execution id="c3123f67-5427-4c67-ba78-6bf51033a235" />
      <TestMethod codeBase="D:\IFX\tests\IFX.Modules.CRM.Application.Tests\bin\Debug\net8.0\IFX.Modules.CRM.Application.Tests.dll" adapterTypeName="executor://xunit/VsTestRunner2/netcoreapp" className="IFX.Modules.CRM.Application.Tests.Handlers.Investors.AddInvestorDocumentCommandHandlerTests" name="Handle_WhenNoTenantContext_ReturnsFailure" />
    </UnitTest>
    <UnitTest name="IFX.Modules.CRM.Application.Tests.Handlers.Investors.AddInvestorDocumentCommandHandlerTests.Handle_WhenInvestorNotFound_ReturnsFailure" storage="d:\ifx\tests\ifx.modules.crm.application.tests\bin\debug\net8.0\ifx.modules.crm.application.tests.dll" id="c2688533-3e96-0f17-b177-554f86cb02a4">
      <Execution id="99523a3a-b5af-4e8b-8a39-0eb7aa8ad3a1" />
      <TestMethod codeBase="D:\IFX\tests\IFX.Modules.CRM.Application.Tests\bin\Debug\net8.0\IFX.Modules.CRM.Application.Tests.dll" adapterTypeName="executor://xunit/VsTestRunner2/netcoreapp" className="IFX.Modules.CRM.Application.Tests.Handlers.Investors.AddInvestorDocumentCommandHandlerTests" name="Handle_WhenInvestorNotFound_ReturnsFailure" />
    </UnitTest>
    <UnitTest name="IFX.Modules.CRM.Application.Tests.Handlers.Investors.CreateInvestorCommandHandlerTests.Handle_WithNewCode_CreatesInvestorAndReturnsDto" storage="d:\ifx\tests\ifx.modules.crm.application.tests\bin\debug\net8.0\ifx.modules.crm.application.tests.dll" id="c651bc22-f483-462c-6f6e-bc06f10a35cf">
      <Execution id="814bbc55-ecb1-4104-ac7d-cbf4a3d4463f" />
      <TestMethod codeBase="D:\IFX\tests\IFX.Modules.CRM.Application.Tests\bin\Debug\net8.0\IFX.Modules.CRM.Application.Tests.dll" adapterTypeName="executor://xunit/VsTestRunner2/netcoreapp" className="IFX.Modules.CRM.Application.Tests.Handlers.Investors.CreateInvestorCommandHandlerTests" name="Handle_WithNewCode_CreatesInvestorAndReturnsDto" />
    </UnitTest>
    <UnitTest name="IFX.Modules.CRM.Application.Tests.Handlers.InvestmentAccounts.CreateInvestmentAccountCommandHandlerTests.Handle_WhenNoTenantContext_ReturnsFailure" storage="d:\ifx\tests\ifx.modules.crm.application.tests\bin\debug\net8.0\ifx.modules.crm.application.tests.dll" id="e56baf04-27ca-3a48-c6cb-789acc53d35b">
      <Execution id="06f88052-ed55-415f-baba-d3079af18a41" />
      <TestMethod codeBase="D:\IFX\tests\IFX.Modules.CRM.Application.Tests\bin\Debug\net8.0\IFX.Modules.CRM.Application.Tests.dll" adapterTypeName="executor://xunit/VsTestRunner2/netcoreapp" className="IFX.Modules.CRM.Application.Tests.Handlers.InvestmentAccounts.CreateInvestmentAccountCommandHandlerTests" name="Handle_WhenNoTenantContext_ReturnsFailure" />
    </UnitTest>
    <UnitTest name="IFX.Modules.CRM.Application.Tests.Handlers.Investors.UpdateInvestorAmlCommandHandlerTests.Handle_WhenInvestorNotFound_ReturnsFailure" storage="d:\ifx\tests\ifx.modules.crm.application.tests\bin\debug\net8.0\ifx.modules.crm.application.tests.dll" id="216f3186-c3f2-44d7-3823-ade9dff92f2e">
      <Execution id="b21359a0-e102-49b8-bc6e-a04feb2b068b" />
      <TestMethod codeBase="D:\IFX\tests\IFX.Modules.CRM.Application.Tests\bin\Debug\net8.0\IFX.Modules.CRM.Application.Tests.dll" adapterTypeName="executor://xunit/VsTestRunner2/netcoreapp" className="IFX.Modules.CRM.Application.Tests.Handlers.Investors.UpdateInvestorAmlCommandHandlerTests" name="Handle_WhenInvestorNotFound_ReturnsFailure" />
    </UnitTest>
    <UnitTest name="IFX.Modules.CRM.Application.Tests.Contracts.AccountComplianceContractTests.CheckAsync_RejectsUnknownConsumerBeforeOtherContextFailures" storage="d:\ifx\tests\ifx.modules.crm.application.tests\bin\debug\net8.0\ifx.modules.crm.application.tests.dll" id="56a2b622-ee6c-1a92-60d1-0583248587b5">
      <Execution id="985a927e-bc04-4ee5-b3fd-85aed16a6ed9" />
      <TestMethod codeBase="D:\IFX\tests\IFX.Modules.CRM.Application.Tests\bin\Debug\net8.0\IFX.Modules.CRM.Application.Tests.dll" adapterTypeName="executor://xunit/VsTestRunner2/netcoreapp" className="IFX.Modules.CRM.Application.Tests.Contracts.AccountComplianceContractTests" name="CheckAsync_RejectsUnknownConsumerBeforeOtherContextFailures" />
    </UnitTest>
    <UnitTest name="IFX.Modules.CRM.Application.Tests.Handlers.Parties.CreatePartyCommandHandlerTests.Handle_SetsCreatedByFromCurrentUser" storage="d:\ifx\tests\ifx.modules.crm.application.tests\bin\debug\net8.0\ifx.modules.crm.application.tests.dll" id="dfc84faa-d945-038a-8029-675b21c2d7ff">
      <Execution id="36e57b6f-49b3-4658-ad53-9a409f33ec49" />
      <TestMethod codeBase="D:\IFX\tests\IFX.Modules.CRM.Application.Tests\bin\Debug\net8.0\IFX.Modules.CRM.Application.Tests.dll" adapterTypeName="executor://xunit/VsTestRunner2/netcoreapp" className="IFX.Modules.CRM.Application.Tests.Handlers.Parties.CreatePartyCommandHandlerTests" name="Handle_SetsCreatedByFromCurrentUser" />
    </UnitTest>
    <UnitTest name="IFX.Modules.CRM.Application.Tests.Handlers.Parties.CreatePartyRelationshipCommandHandlerTests.Handle_AuthorizedToAdvise_WhenFromPartyLacksAdvisoryRole_ReturnsFailure" storage="d:\ifx\tests\ifx.modules.crm.application.tests\bin\debug\net8.0\ifx.modules.crm.application.tests.dll" id="b3f1165d-331d-2e78-e2b4-ec55721ff537">
      <Execution id="f9212acd-19ba-4863-9f49-67b02203f675" />
      <TestMethod codeBase="D:\IFX\tests\IFX.Modules.CRM.Application.Tests\bin\Debug\net8.0\IFX.Modules.CRM.Application.Tests.dll" adapterTypeName="executor://xunit/VsTestRunner2/netcoreapp" className="IFX.Modules.CRM.Application.Tests.Handlers.Parties.CreatePartyRelationshipCommandHandlerTests" name="Handle_AuthorizedToAdvise_WhenFromPartyLacksAdvisoryRole_ReturnsFailure" />
    </UnitTest>
  </TestDefinitions>
  <TestEntries>
    <TestEntry testId="5f11eabf-9295-b87f-4ec4-bb8f6bde7c56" executionId="4775eb0f-c17c-453c-ac5f-1cd4bd466e46" testListId="8c84fa94-04c1-424b-9868-57a2d4851a1d" />
    <TestEntry testId="1879402e-1c3e-115e-4847-4a231bdedf0e" executionId="5cf7d5cc-7fdf-4a19-ac2e-649c2b140ede" testListId="8c84fa94-04c1-424b-9868-57a2d4851a1d" />
    <TestEntry testId="1d506f19-508d-2c59-1b88-d3464bef7acd" executionId="9c085d0c-a1a7-4fb9-b907-c2927b90cf1c" testListId="8c84fa94-04c1-424b-9868-57a2d4851a1d" />
    <TestEntry testId="2e1658ed-7db9-a8a0-1f41-fc3ac2826581" executionId="b907f601-81e4-4e77-baca-fcbd26eb60d1" testListId="8c84fa94-04c1-424b-9868-57a2d4851a1d" />
    <TestEntry testId="bf9a5c47-2329-c4da-a243-bf0766f45677" executionId="e38cb041-7d32-46c4-9722-43798c23a3d1" testListId="8c84fa94-04c1-424b-9868-57a2d4851a1d" />
    <TestEntry testId="c775384c-8713-f4d1-7e63-feb35724aee7" executionId="0566ff83-bae1-4460-a955-a47d658a52d1" testListId="8c84fa94-04c1-424b-9868-57a2d4851a1d" />
    <TestEntry testId="6022bbc0-54a8-8e87-7900-a57885bdc82b" executionId="d60909c2-7c83-474d-8915-f65853b9e1bb" testListId="8c84fa94-04c1-424b-9868-57a2d4851a1d" />
    <TestEntry testId="0d1a3f88-67d2-2cb3-0a42-8f41dcd1536a" executionId="2b1baf86-7287-4f07-8135-8471017fbeb4" testListId="8c84fa94-04c1-424b-9868-57a2d4851a1d" />
    <TestEntry testId="24fdb896-fb93-c64d-3ff9-85f640c61edd" executionId="6044bfbd-f253-48c6-a9c1-e49604e9c6d8" testListId="8c84fa94-04c1-424b-9868-57a2d4851a1d" />
    <TestEntry testId="9e84dfbb-8f69-5d5f-eb16-0370c43f244f" executionId="59c50466-db4a-488f-9586-02c2df52d6d2" testListId="8c84fa94-04c1-424b-9868-57a2d4851a1d" />
    <TestEntry testId="6e10e36a-bf8e-6f4b-630b-8cb4f10dac5d" executionId="16580822-c0e6-4bbf-a6cc-5f110299e80c" testListId="8c84fa94-04c1-424b-9868-57a2d4851a1d" />
    <TestEntry testId="dfc84faa-d945-038a-8029-675b21c2d7ff" executionId="36e57b6f-49b3-4658-ad53-9a409f33ec49" testListId="8c84fa94-04c1-424b-9868-57a2d4851a1d" />
    <TestEntry testId="d429c8d4-29e4-5325-6c6d-be8d3bf2b4e9" executionId="3ba125ab-f069-4b20-8fcb-16ba3f4e749a" testListId="8c84fa94-04c1-424b-9868-57a2d4851a1d" />
    <TestEntry testId="3c75f3dc-fe8e-8f4e-b6d3-74f24653da09" executionId="8c442d84-a976-4149-9756-d54d2eff3822" testListId="8c84fa94-04c1-424b-9868-57a2d4851a1d" />
    <TestEntry testId="216f3186-c3f2-44d7-3823-ade9dff92f2e" executionId="b21359a0-e102-49b8-bc6e-a04feb2b068b" testListId="8c84fa94-04c1-424b-9868-57a2d4851a1d" />
    <TestEntry testId="e56baf04-27ca-3a48-c6cb-789acc53d35b" executionId="06f88052-ed55-415f-baba-d3079af18a41" testListId="8c84fa94-04c1-424b-9868-57a2d4851a1d" />
    <TestEntry testId="0bf84b58-1044-49a5-f41f-8f1354a64f75" executionId="8b6d1c8c-3fca-480b-bf48-7911f3c04f16" testListId="8c84fa94-04c1-424b-9868-57a2d4851a1d" />
    <TestEntry testId="c2688533-3e96-0f17-b177-554f86cb02a4" executionId="99523a3a-b5af-4e8b-8a39-0eb7aa8ad3a1" testListId="8c84fa94-04c1-424b-9868-57a2d4851a1d" />
    <TestEntry testId="3729825c-3bcf-67f2-f67a-abd69851f8f7" executionId="df92b133-3e26-41fc-92f2-86772e9a4797" testListId="8c84fa94-04c1-424b-9868-57a2d4851a1d" />
    <TestEntry testId="b3f1165d-331d-2e78-e2b4-ec55721ff537" executionId="f9212acd-19ba-4863-9f49-67b02203f675" testListId="8c84fa94-04c1-424b-9868-57a2d4851a1d" />
    <TestEntry testId="9a67fe26-a96b-629a-390f-0d590cadf5f2" executionId="b7fe94eb-7455-492e-bc76-77250c2e3adf" testListId="8c84fa94-04c1-424b-9868-57a2d4851a1d" />
    <TestEntry testId="ec9f503e-1de8-6c72-4636-1704d25337ab" executionId="c702e6a0-8eb5-4b8c-b07d-e269f3fbb3dc" testListId="8c84fa94-04c1-424b-9868-57a2d4851a1d" />
    <TestEntry testId="1cd6e9ca-eafd-d001-5eb9-d4eae395c07b" executionId="dcbdf86f-dde6-4f7d-ad84-dac032f3b75c" testListId="8c84fa94-04c1-424b-9868-57a2d4851a1d" />
    <TestEntry testId="c73aeab2-b858-7f74-38a9-32952f2723b4" executionId="8dffbb7a-5109-43ee-ab43-29fec2a807a6" testListId="8c84fa94-04c1-424b-9868-57a2d4851a1d" />
    <TestEntry testId="c651bc22-f483-462c-6f6e-bc06f10a35cf" executionId="814bbc55-ecb1-4104-ac7d-cbf4a3d4463f" testListId="8c84fa94-04c1-424b-9868-57a2d4851a1d" />
    <TestEntry testId="56a2b622-ee6c-1a92-60d1-0583248587b5" executionId="985a927e-bc04-4ee5-b3fd-85aed16a6ed9" testListId="8c84fa94-04c1-424b-9868-57a2d4851a1d" />
    <TestEntry testId="c24ec507-c23f-3459-a882-9e0cde62b4c8" executionId="f64d4ef7-064b-47ed-ad05-faa49214403e" testListId="8c84fa94-04c1-424b-9868-57a2d4851a1d" />
    <TestEntry testId="e6970efb-f0aa-d9d9-9988-01015e8907a0" executionId="7331ac1d-8764-406c-9175-ba2a89bd8e4f" testListId="8c84fa94-04c1-424b-9868-57a2d4851a1d" />
    <TestEntry testId="085a172d-ab84-bfd7-b65e-a2486ef2b042" executionId="c0a92f64-0707-46b9-b923-02c3f590d5da" testListId="8c84fa94-04c1-424b-9868-57a2d4851a1d" />
    <TestEntry testId="5819c4c2-c637-b3fa-dcd5-6459e8d441a5" executionId="b8b7cccd-4dd1-40d2-8e28-9f8d41780ae4" testListId="8c84fa94-04c1-424b-9868-57a2d4851a1d" />
    <TestEntry testId="bdc814b6-1695-cf9e-831b-5799abd95259" executionId="3e4a1f84-f640-4ad0-b9bf-b2f10dfa15bd" testListId="8c84fa94-04c1-424b-9868-57a2d4851a1d" />
    <TestEntry testId="545f09a5-0181-8333-0509-59c28a2872c8" executionId="debc27d8-b9f3-42c5-b6f3-2acf5caa749a" testListId="8c84fa94-04c1-424b-9868-57a2d4851a1d" />
    <TestEntry testId="abb92da8-cd82-978d-47fb-65f7a610419d" executionId="c3123f67-5427-4c67-ba78-6bf51033a235" testListId="8c84fa94-04c1-424b-9868-57a2d4851a1d" />
    <TestEntry testId="e8494388-f3b4-82df-912e-6482cbffc7fc" executionId="774b8e0a-4fcc-4ca1-8ca2-72a7b78e6123" testListId="8c84fa94-04c1-424b-9868-57a2d4851a1d" />
    <TestEntry testId="23d1503d-42a8-e518-d119-3bcd98e349b2" executionId="c26a2b97-ce1e-40fd-8016-af502a8ec8b8" testListId="8c84fa94-04c1-424b-9868-57a2d4851a1d" />
    <TestEntry testId="6f5e6808-007b-5013-8bb7-6c4286da31da" executionId="775f89b8-11c9-4fae-99c5-856e44672b0a" testListId="8c84fa94-04c1-424b-9868-57a2d4851a1d" />
    <TestEntry testId="2f7dee9a-e133-020b-311f-765e041bc3f9" executionId="d4f795e9-933a-4408-a793-0241db1b5567" testListId="8c84fa94-04c1-424b-9868-57a2d4851a1d" />
  </TestEntries>
  <TestLists>
    <TestList name="Results Not in a List" id="8c84fa94-04c1-424b-9868-57a2d4851a1d" />
    <TestList name="All Loaded Results" id="19431567-8539-422a-85d7-44ee4e166bda" />
  </TestLists>
  <ResultSummary outcome="Completed">
    <Counters total="37" executed="37" passed="37" failed="0" error="0" timeout="0" aborted="0" inconclusive="0" passedButRunAborted="0" notRunnable="0" notExecuted="0" disconnected="0" warning="0" completed="0" inProgress="0" pending="0" />
    <Output>
      <StdOut>[xUnit.net 00:00:00.00] xUnit.net VSTest Adapter v2.8.2+699d445a1a (64-bit .NET 8.0.28)&#xD;
[xUnit.net 00:00:00.08]   Discovering: IFX.Modules.CRM.Application.Tests&#xD;
[xUnit.net 00:00:00.30]   Discovered:  IFX.Modules.CRM.Application.Tests&#xD;
[xUnit.net 00:00:00.30]   Starting:    IFX.Modules.CRM.Application.Tests&#xD;
[xUnit.net 00:00:00.56]   Finished:    IFX.Modules.CRM.Application.Tests&#xD;
</StdOut>
    </Output>
  </ResultSummary>
</TestRun>