<?xml version="1.0" encoding="utf-8"?>
<TestRun id="b49a08aa-6848-4b41-98b3-b23a45660e03" name="von12@DESKTOP-OVPKDKR 2026-09-08 19:21:48" runUser="DESKTOP-OVPKDKR\von12" xmlns="http://microsoft.com/schemas/VisualStudio/TeamTest/2010">
  <Times creation="2026-09-08T19:21:48.8926899+10:00" queuing="2026-09-08T19:21:48.8926903+10:00" start="2026-09-08T19:21:47.4552253+10:00" finish="2026-09-08T19:21:48.9983087+10:00" />
  <TestSettings name="default" id="0fae3f78-a645-46ee-82c5-b5c2cdc74c76">
    <Deployment runDeploymentRoot="von12_DESKTOP-OVPKDKR_2026-09-08_19_21_48" />
  </TestSettings>
  <Results>
    <UnitTestResult executionId="448df39f-43c6-4096-8f24-85da4b268140" testId="5a40e282-ca7b-68b0-5599-e1dfa5c8bdac" testName="IFX.Modules.Registry.Domain.Tests.Entities.FundTests.Create_WithEmptyFundCode_ThrowsArgumentException(code: &quot;&quot;)" computerName="DESKTOP-OVPKDKR" duration="00:00:00.0002594" startTime="2026-09-08T19:21:48.8706634+10:00" endTime="2026-09-08T19:21:48.8706634+10:00" testType="13cdc9d9-ddb5-4fa4-a97d-d965ccfc6d4b" outcome="Passed" testListId="8c84fa94-04c1-424b-9868-57a2d4851a1d" relativeResultsDirectory="448df39f-43c6-4096-8f24-85da4b268140" />
    <UnitTestResult executionId="2d01a7b2-6f0b-4eeb-bc3f-b0773796bb86" testId="74ed8709-423c-550a-af2b-18362f2fb4a3" testName="IFX.Modules.Registry.Domain.Tests.Entities.FundTests.SetProduct_WithNull_ClearsProductId" computerName="DESKTOP-OVPKDKR" duration="00:00:00.0001256" startTime="2026-09-08T19:21:48.8701786+10:00" endTime="2026-09-08T19:21:48.8701786+10:00" testType="13cdc9d9-ddb5-4fa4-a97d-d965ccfc6d4b" outcome="Passed" testListId="8c84fa94-04c1-424b-9868-57a2d4851a1d" relativeResultsDirectory="2d01a7b2-6f0b-4eeb-bc3f-b0773796bb86" />
    <UnitTestResult executionId="a226f6db-6ee6-46d4-bf0d-22e437419d22" testId="100e269d-b108-ca3c-18ff-df7633d8ea9e" testName="IFX.Modules.Registry.Domain.Tests.Entities.FundTests.Create_WithEmptyFundName_ThrowsArgumentException(name: &quot;&quot;)" computerName="DESKTOP-OVPKDKR" duration="00:00:00.0003537" startTime="2026-09-08T19:21:48.8706940+10:00" endTime="2026-09-08T19:21:48.8706940+10:00" testType="13cdc9d9-ddb5-4fa4-a97d-d965ccfc6d4b" outcome="Passed" testListId="8c84fa94-04c1-424b-9868-57a2d4851a1d" relativeResultsDirectory="a226f6db-6ee6-46d4-bf0d-22e437419d22" />
    <UnitTestResult executionId="90ed6cc9-bf0a-42e9-8d03-51e457127504" testId="a5eb8699-29dc-75d9-67fa-50719047c23d" testName="IFX.Modules.Registry.Domain.Tests.Entities.ProductTests.Create_WithInvalidCurrency_ThrowsArgumentException(currency: &quot;AU&quot;)" computerName="DESKTOP-OVPKDKR" duration="00:00:00.0002508" startTime="2026-09-08T19:21:48.8684546+10:00" endTime="2026-09-08T19:21:48.8684547+10:00" testType="13cdc9d9-ddb5-4fa4-a97d-d965ccfc6d4b" outcome="Passed" testListId="8c84fa94-04c1-424b-9868-57a2d4851a1d" relativeResultsDirectory="90ed6cc9-bf0a-42e9-8d03-51e457127504" />
    <UnitTestResult executionId="512c7307-8df9-4a72-aad8-54cd09f2776f" testId="9c719337-6e5b-6de0-43b7-062534a9164a" testName="IFX.Modules.Registry.Domain.Tests.Entities.FundTests.Create_WithInvalidCurrency_ThrowsArgumentException(currency: &quot;US&quot;)" computerName="DESKTOP-OVPKDKR" duration="00:00:00.0001374" startTime="2026-09-08T19:21:48.8483149+10:00" endTime="2026-09-08T19:21:48.8483151+10:00" testType="13cdc9d9-ddb5-4fa4-a97d-d965ccfc6d4b" outcome="Passed" testListId="8c84fa94-04c1-424b-9868-57a2d4851a1d" relativeResultsDirectory="512c7307-8df9-4a72-aad8-54cd09f2776f" />
    <UnitTestResult executionId="06d9427f-6ece-4666-8315-d5f318a6d84f" testId="c95a39c6-fbb3-487f-d8fe-198e9abf872f" testName="IFX.Modules.Registry.Domain.Tests.Entities.FundTests.SetProduct_AssignsProductId" computerName="DESKTOP-OVPKDKR" duration="00:00:00.0005936" startTime="2026-09-08T19:21:48.8697364+10:00" endTime="2026-09-08T19:21:48.8697364+10:00" testType="13cdc9d9-ddb5-4fa4-a97d-d965ccfc6d4b" outcome="Passed" testListId="8c84fa94-04c1-424b-9868-57a2d4851a1d" relativeResultsDirectory="06d9427f-6ece-4666-8315-d5f318a6d84f" />
    <UnitTestResult executionId="d48b77e5-ff57-4ae5-8241-9a49f6ea6ff5" testId="5cfe31d7-c019-b827-21cd-d7594010c6b3" testName="IFX.Modules.Registry.Domain.Tests.Entities.ProductTests.Create_InitiallyHasEmptyFundsCollection" computerName="DESKTOP-OVPKDKR" duration="00:00:00.0017722" startTime="2026-09-08T19:21:48.8710829+10:00" endTime="2026-09-08T19:21:48.8710829+10:00" testType="13cdc9d9-ddb5-4fa4-a97d-d965ccfc6d4b" outcome="Passed" testListId="8c84fa94-04c1-424b-9868-57a2d4851a1d" relativeResultsDirectory="d48b77e5-ff57-4ae5-8241-9a49f6ea6ff5" />
    <UnitTestResult executionId="c9747fb2-526c-487a-993b-ea5283d49961" testId="f0891759-7874-9efb-1162-48d2e76fac20" testName="IFX.Modules.Registry.Domain.Tests.Entities.ProductTests.Update_WithEmptyName_ThrowsArgumentException(name: &quot;   &quot;)" computerName="DESKTOP-OVPKDKR" duration="00:00:00.0002437" startTime="2026-09-08T19:21:48.8697632+10:00" endTime="2026-09-08T19:21:48.8697632+10:00" testType="13cdc9d9-ddb5-4fa4-a97d-d965ccfc6d4b" outcome="Passed" testListId="8c84fa94-04c1-424b-9868-57a2d4851a1d" relativeResultsDirectory="c9747fb2-526c-487a-993b-ea5283d49961" />
    <UnitTestResult executionId="2756ab53-635e-4d43-b724-b55c232d683f" testId="59923fa5-2e5c-a720-aa56-96d877ba348d" testName="IFX.Modules.Registry.Domain.Tests.Entities.FundClassTests.IsOpenForSubscription_WhenClosed_ReturnsFalse" computerName="DESKTOP-OVPKDKR" duration="00:00:00.0001661" startTime="2026-09-08T19:21:48.8714318+10:00" endTime="2026-09-08T19:21:48.8714318+10:00" testType="13cdc9d9-ddb5-4fa4-a97d-d965ccfc6d4b" outcome="Passed" testListId="8c84fa94-04c1-424b-9868-57a2d4851a1d" relativeResultsDirectory="2756ab53-635e-4d43-b724-b55c232d683f" />
    <UnitTestResult executionId="8fadfdc1-e9da-4f89-bd03-619400309910" testId="6ef1634f-6b61-96a4-3568-70d873eb94d0" testName="IFX.Modules.Registry.Domain.Tests.Entities.FundTests.Create_NormalizesFundCodeToUpperCase" computerName="DESKTOP-OVPKDKR" duration="00:00:00.0001245" startTime="2026-09-08T19:21:48.8709897+10:00" endTime="2026-09-08T19:21:48.8709897+10:00" testType="13cdc9d9-ddb5-4fa4-a97d-d965ccfc6d4b" outcome="Passed" testListId="8c84fa94-04c1-424b-9868-57a2d4851a1d" relativeResultsDirectory="8fadfdc1-e9da-4f89-bd03-619400309910" />
    <UnitTestResult executionId="93c04f27-4519-4715-a1f9-991e94f1a450" testId="e59e9a9b-1f1c-2c65-1f9e-ed46f3ee6fed" testName="IFX.Modules.Registry.Domain.Tests.Entities.ProductTests.Update_ClearsOptionalFieldsWhenPassedNull" computerName="DESKTOP-OVPKDKR" duration="00:00:00.0001451" startTime="2026-09-08T19:21:48.8702855+10:00" endTime="2026-09-08T19:21:48.8702856+10:00" testType="13cdc9d9-ddb5-4fa4-a97d-d965ccfc6d4b" outcome="Passed" testListId="8c84fa94-04c1-424b-9868-57a2d4851a1d" relativeResultsDirectory="93c04f27-4519-4715-a1f9-991e94f1a450" />
    <UnitTestResult executionId="11b236b1-75a0-4aff-a206-372cbcbdb06f" testId="042ca19f-8c08-d39d-caf4-15c4f2332442" testName="IFX.Modules.Registry.Domain.Tests.Entities.ProductTests.Create_WithInvalidCurrency_ThrowsArgumentException(currency: &quot;AUDD&quot;)" computerName="DESKTOP-OVPKDKR" duration="00:00:00.0001276" startTime="2026-09-08T19:21:48.8685057+10:00" endTime="2026-09-08T19:21:48.8685057+10:00" testType="13cdc9d9-ddb5-4fa4-a97d-d965ccfc6d4b" outcome="Passed" testListId="8c84fa94-04c1-424b-9868-57a2d4851a1d" relativeResultsDirectory="11b236b1-75a0-4aff-a206-372cbcbdb06f" />
    <UnitTestResult executionId="3cd5d87a-c44e-4a02-a7cc-3f06547352c8" testId="38c78b65-ebc6-2c89-9192-867802a37e0d" testName="IFX.Modules.Registry.Domain.Tests.Entities.ProductTests.Close_SetsStatusToClosed" computerName="DESKTOP-OVPKDKR" duration="00:00:00.0030507" startTime="2026-09-08T19:21:48.8484463+10:00" endTime="2026-09-08T19:21:48.8484464+10:00" testType="13cdc9d9-ddb5-4fa4-a97d-d965ccfc6d4b" outcome="Passed" testListId="8c84fa94-04c1-424b-9868-57a2d4851a1d" relativeResultsDirectory="3cd5d87a-c44e-4a02-a7cc-3f06547352c8" />
    <UnitTestResult executionId="53c6ec12-2f55-4797-beab-88b2a8ec7649" testId="fe7bc7fc-eb2c-7184-876a-46c46f907434" testName="IFX.Modules.Registry.Domain.Tests.Entities.FundClassTests.Update_WithValidParameters_UpdatesFundClass" computerName="DESKTOP-OVPKDKR" duration="00:00:00.0017210" startTime="2026-09-08T19:21:48.8711112+10:00" endTime="2026-09-08T19:21:48.8711112+10:00" testType="13cdc9d9-ddb5-4fa4-a97d-d965ccfc6d4b" outcome="Passed" testListId="8c84fa94-04c1-424b-9868-57a2d4851a1d" relativeResultsDirectory="53c6ec12-2f55-4797-beab-88b2a8ec7649" />
    <UnitTestResult executionId="af317aa0-af57-4f4f-bd9a-ac0865fdfa38" testId="7a9cf2f4-1e88-fbc2-0303-7d1c148c8fe0" testName="IFX.Modules.Registry.Domain.Tests.Entities.FundClassTests.Create_WithEmptyFundId_ThrowsArgumentException" computerName="DESKTOP-OVPKDKR" duration="00:00:00.0003605" startTime="2026-09-08T19:21:48.8710553+10:00" endTime="2026-09-08T19:21:48.8710554+10:00" testType="13cdc9d9-ddb5-4fa4-a97d-d965ccfc6d4b" outcome="Passed" testListId="8c84fa94-04c1-424b-9868-57a2d4851a1d" relativeResultsDirectory="af317aa0-af57-4f4f-bd9a-ac0865fdfa38" />
    <UnitTestResult executionId="6f31add4-dcdd-4a99-a63d-e7051b8b8e00" testId="bb39f86b-da6c-a20a-fe42-2facf1b6e81d" testName="IFX.Modules.Registry.Domain.Tests.Entities.ProductTests.Create_WithOptionalFields_SetsNormalisedValues" computerName="DESKTOP-OVPKDKR" duration="00:00:00.0001463" startTime="2026-09-08T19:21:48.8700951+10:00" endTime="2026-09-08T19:21:48.8700952+10:00" testType="13cdc9d9-ddb5-4fa4-a97d-d965ccfc6d4b" outcome="Passed" testListId="8c84fa94-04c1-424b-9868-57a2d4851a1d" relativeResultsDirectory="6f31add4-dcdd-4a99-a63d-e7051b8b8e00" />
    <UnitTestResult executionId="bdd2e179-c24c-47bc-a8ba-2d713f40f842" testId="27517645-be45-8ba9-699c-10942dfe8390" testName="IFX.Modules.Registry.Domain.Tests.Entities.FundTests.Update_WithValidParameters_UpdatesFund" computerName="DESKTOP-OVPKDKR" duration="00:00:00.0015019" startTime="2026-09-08T19:21:48.8696907+10:00" endTime="2026-09-08T19:21:48.8696907+10:00" testType="13cdc9d9-ddb5-4fa4-a97d-d965ccfc6d4b" outcome="Passed" testListId="8c84fa94-04c1-424b-9868-57a2d4851a1d" relativeResultsDirectory="bdd2e179-c24c-47bc-a8ba-2d713f40f842" />
    <UnitTestResult executionId="82f51f43-85ee-47af-8200-5ffbf978250d" testId="0b7a4201-020e-768b-1843-938fd8803f60" testName="IFX.Modules.Registry.Domain.Tests.Entities.FundTests.Update_WithInvalidCurrency_ThrowsArgumentException(currency: &quot;US&quot;)" computerName="DESKTOP-OVPKDKR" duration="00:00:00.0026731" startTime="2026-09-08T19:21:48.8682705+10:00" endTime="2026-09-08T19:21:48.8682707+10:00" testType="13cdc9d9-ddb5-4fa4-a97d-d965ccfc6d4b" outcome="Passed" testListId="8c84fa94-04c1-424b-9868-57a2d4851a1d" relativeResultsDirectory="82f51f43-85ee-47af-8200-5ffbf978250d" />
    <UnitTestResult executionId="9e277631-7037-4eee-86aa-55ee4e69dc74" testId="d8bd12e7-da30-c1f7-6e96-bda6ea299c4a" testName="IFX.Modules.Registry.Domain.Tests.Entities.ProductTests.Create_NormalizesCodeAndCurrencyToUpperCase" computerName="DESKTOP-OVPKDKR" duration="00:00:00.0001015" startTime="2026-09-08T19:21:48.8706059+10:00" endTime="2026-09-08T19:21:48.8706059+10:00" testType="13cdc9d9-ddb5-4fa4-a97d-d965ccfc6d4b" outcome="Passed" testListId="8c84fa94-04c1-424b-9868-57a2d4851a1d" relativeResultsDirectory="9e277631-7037-4eee-86aa-55ee4e69dc74" />
    <UnitTestResult executionId="30ad621f-e9a0-432a-99b6-cab16f0c1d96" testId="f7d59517-4e16-6f3a-9462-635e84211639" testName="IFX.Modules.Registry.Domain.Tests.Entities.ProductTests.Create_WithNullOptionalFields_LeavesThemNull" computerName="DESKTOP-OVPKDKR" duration="00:00:00.0005681" startTime="2026-09-08T19:21:48.8697889+10:00" endTime="2026-09-08T19:21:48.8697889+10:00" testType="13cdc9d9-ddb5-4fa4-a97d-d965ccfc6d4b" outcome="Passed" testListId="8c84fa94-04c1-424b-9868-57a2d4851a1d" relativeResultsDirectory="30ad621f-e9a0-432a-99b6-cab16f0c1d96" />
    <UnitTestResult executionId="6c123f00-7fd7-42ec-9d44-422db7234512" testId="1048bd80-71ce-75e1-96ae-23c445ec1ef9" testName="IFX.Modules.Registry.Domain.Tests.Entities.ProductTests.Create_WithInvalidCurrency_ThrowsArgumentException(currency: &quot;&quot;)" computerName="DESKTOP-OVPKDKR" duration="00:00:00.0003941" startTime="2026-09-08T19:21:48.8684353+10:00" endTime="2026-09-08T19:21:48.8684353+10:00" testType="13cdc9d9-ddb5-4fa4-a97d-d965ccfc6d4b" outcome="Passed" testListId="8c84fa94-04c1-424b-9868-57a2d4851a1d" relativeResultsDirectory="6c123f00-7fd7-42ec-9d44-422db7234512" />
    <UnitTestResult executionId="e2ba74c7-be8b-499c-b0b9-e1299af881c5" testId="4241ca7e-a1d7-d87b-c4b2-c678e66cc5a4" testName="IFX.Modules.Registry.Domain.Tests.Entities.FundTests.Create_WithInvalidCurrency_ThrowsArgumentException(currency: &quot;&quot;)" computerName="DESKTOP-OVPKDKR" duration="00:00:00.0003503" startTime="2026-09-08T19:21:48.8480874+10:00" endTime="2026-09-08T19:21:48.8480875+10:00" testType="13cdc9d9-ddb5-4fa4-a97d-d965ccfc6d4b" outcome="Passed" testListId="8c84fa94-04c1-424b-9868-57a2d4851a1d" relativeResultsDirectory="e2ba74c7-be8b-499c-b0b9-e1299af881c5" />
    <UnitTestResult executionId="4741734c-bfe0-454b-a1a5-7ca35c8b9731" testId="aad8d242-c831-9b56-1362-b179481ade33" testName="IFX.Modules.Registry.Domain.Tests.Entities.FundTests.Create_WithInvalidCurrency_ThrowsArgumentException(currency: &quot;USDD&quot;)" computerName="DESKTOP-OVPKDKR" duration="00:00:00.0080349" startTime="2026-09-08T19:21:48.8474249+10:00" endTime="2026-09-08T19:21:48.8474251+10:00" testType="13cdc9d9-ddb5-4fa4-a97d-d965ccfc6d4b" outcome="Passed" testListId="8c84fa94-04c1-424b-9868-57a2d4851a1d" relativeResultsDirectory="4741734c-bfe0-454b-a1a5-7ca35c8b9731" />
    <UnitTestResult executionId="d7a37daa-7c2c-46f2-a3fb-a5a3aeffaa3c" testId="ad4122dd-be21-0650-f899-46f45a4c35b0" testName="IFX.Modules.Registry.Domain.Tests.Entities.ProductTests.Update_WithEmptyName_ThrowsArgumentException(name: &quot;&quot;)" computerName="DESKTOP-OVPKDKR" duration="00:00:00.0005463" startTime="2026-09-08T19:21:48.8697154+10:00" endTime="2026-09-08T19:21:48.8697155+10:00" testType="13cdc9d9-ddb5-4fa4-a97d-d965ccfc6d4b" outcome="Passed" testListId="8c84fa94-04c1-424b-9868-57a2d4851a1d" relativeResultsDirectory="d7a37daa-7c2c-46f2-a3fb-a5a3aeffaa3c" />
    <UnitTestResult executionId="5a11c161-3afd-4996-9fb1-bdf779e7de37" testId="81edc6aa-4723-ac81-3042-3d7b291626f3" testName="IFX.Modules.Registry.Domain.Tests.Entities.FundClassTests.Create_NormalizesCodeAndCurrencyToUpperCase" computerName="DESKTOP-OVPKDKR" duration="00:00:00.0001144" startTime="2026-09-08T19:21:48.8711956+10:00" endTime="2026-09-08T19:21:48.8711956+10:00" testType="13cdc9d9-ddb5-4fa4-a97d-d965ccfc6d4b" outcome="Passed" testListId="8c84fa94-04c1-424b-9868-57a2d4851a1d" relativeResultsDirectory="5a11c161-3afd-4996-9fb1-bdf779e7de37" />
    <UnitTestResult executionId="033d02ee-c5fc-4e60-851b-cd3ba8ea7f9c" testId="98c483e6-a3c1-bbe9-7cfb-868d6b4fb6cc" testName="IFX.Modules.Registry.Domain.Tests.Entities.FundClassTests.Create_WithInvalidCurrency_ThrowsArgumentException(currency: &quot;USDD&quot;)" computerName="DESKTOP-OVPKDKR" duration="00:00:00.0158692" startTime="2026-09-08T19:21:48.8458761+10:00" endTime="2026-09-08T19:21:48.8458873+10:00" testType="13cdc9d9-ddb5-4fa4-a97d-d965ccfc6d4b" outcome="Passed" testListId="8c84fa94-04c1-424b-9868-57a2d4851a1d" relativeResultsDirectory="033d02ee-c5fc-4e60-851b-cd3ba8ea7f9c" />
    <UnitTestResult executionId="d4bee236-5dff-446f-be0d-c9b06a0942a4" testId="0e9f3876-98f1-d5aa-6e34-de116e012b1c" testName="IFX.Modules.Registry.Domain.Tests.Entities.FundTests.Create_WithValidParameters_ReturnsFund" computerName="DESKTOP-OVPKDKR" duration="00:00:00.0010490" startTime="2026-09-08T19:21:48.8701262+10:00" endTime="2026-09-08T19:21:48.8701263+10:00" testType="13cdc9d9-ddb5-4fa4-a97d-d965ccfc6d4b" outcome="Passed" testListId="8c84fa94-04c1-424b-9868-57a2d4851a1d" relativeResultsDirectory="d4bee236-5dff-446f-be0d-c9b06a0942a4" />
    <UnitTestResult executionId="689f6703-e1bc-4bfc-b99b-7b965f455593" testId="ffb40986-ba68-80ff-fb9d-be8623babac9" testName="IFX.Modules.Registry.Domain.Tests.Entities.FundClassTests.Create_WithEmptyTenantId_ThrowsArgumentException" computerName="DESKTOP-OVPKDKR" duration="00:00:00.0006128" startTime="2026-09-08T19:21:48.8707177+10:00" endTime="2026-09-08T19:21:48.8707177+10:00" testType="13cdc9d9-ddb5-4fa4-a97d-d965ccfc6d4b" outcome="Passed" testListId="8c84fa94-04c1-424b-9868-57a2d4851a1d" relativeResultsDirectory="689f6703-e1bc-4bfc-b99b-7b965f455593" />
    <UnitTestResult executionId="2556b77d-cded-49ce-bb2b-ffdb6c76f22c" testId="7c147068-56c2-cdc7-f10c-06d0dc20a717" testName="IFX.Modules.Registry.Domain.Tests.Entities.ProductTests.Update_WithValidParameters_UpdatesFields" computerName="DESKTOP-OVPKDKR" duration="00:00:00.0002146" startTime="2026-09-08T19:21:48.8705746+10:00" endTime="2026-09-08T19:21:48.8705746+10:00" testType="13cdc9d9-ddb5-4fa4-a97d-d965ccfc6d4b" outcome="Passed" testListId="8c84fa94-04c1-424b-9868-57a2d4851a1d" relativeResultsDirectory="2556b77d-cded-49ce-bb2b-ffdb6c76f22c" />
    <UnitTestResult executionId="f7b292d9-7a28-436d-b549-6efab9581535" testId="97b8c46f-b1d9-d572-ba02-726c61ff6360" testName="IFX.Modules.Registry.Domain.Tests.Entities.FundTests.Create_WithEmptyFundName_ThrowsArgumentException(name: &quot;   &quot;)" computerName="DESKTOP-OVPKDKR" duration="00:00:00.0002476" startTime="2026-09-08T19:21:48.8709577+10:00" endTime="2026-09-08T19:21:48.8709577+10:00" testType="13cdc9d9-ddb5-4fa4-a97d-d965ccfc6d4b" outcome="Passed" testListId="8c84fa94-04c1-424b-9868-57a2d4851a1d" relativeResultsDirectory="f7b292d9-7a28-436d-b549-6efab9581535" />
    <UnitTestResult executionId="799e77d9-d56c-4610-a7be-ad848fe01c5e" testId="34691cbf-adec-b883-4dba-15232b260598" testName="IFX.Modules.Registry.Domain.Tests.Entities.ProductTests.Suspend_SetsStatusToSuspended" computerName="DESKTOP-OVPKDKR" duration="00:00:00.0001106" startTime="2026-09-08T19:21:48.8698151+10:00" endTime="2026-09-08T19:21:48.8698152+10:00" testType="13cdc9d9-ddb5-4fa4-a97d-d965ccfc6d4b" outcome="Passed" testListId="8c84fa94-04c1-424b-9868-57a2d4851a1d" relativeResultsDirectory="799e77d9-d56c-4610-a7be-ad848fe01c5e" />
    <UnitTestResult executionId="0886d070-a8b8-4502-a4c6-75efa29e2245" testId="1c15d3bf-5d3e-48c4-c247-1918ac7f77e0" testName="IFX.Modules.Registry.Domain.Tests.Entities.FundTests.Create_HasNullProductIdByDefault" computerName="DESKTOP-OVPKDKR" duration="00:00:00.0001759" startTime="2026-09-08T19:21:48.8701510+10:00" endTime="2026-09-08T19:21:48.8701510+10:00" testType="13cdc9d9-ddb5-4fa4-a97d-d965ccfc6d4b" outcome="Passed" testListId="8c84fa94-04c1-424b-9868-57a2d4851a1d" relativeResultsDirectory="0886d070-a8b8-4502-a4c6-75efa29e2245" />
    <UnitTestResult executionId="cb05bcc7-c60c-4b82-af63-fd79be9bb5eb" testId="cfa050f6-ba6e-d51c-5b49-31e52f583286" testName="IFX.Modules.Registry.Domain.Tests.Entities.FundTests.Create_WithEmptyFundCode_ThrowsArgumentException(code: &quot;   &quot;)" computerName="DESKTOP-OVPKDKR" duration="00:00:00.0003257" startTime="2026-09-08T19:21:48.8705484+10:00" endTime="2026-09-08T19:21:48.8705484+10:00" testType="13cdc9d9-ddb5-4fa4-a97d-d965ccfc6d4b" outcome="Passed" testListId="8c84fa94-04c1-424b-9868-57a2d4851a1d" relativeResultsDirectory="cb05bcc7-c60c-4b82-af63-fd79be9bb5eb" />
    <UnitTestResult executionId="14567f52-9373-4370-8497-cf77cd6374d4" testId="59103459-5d6c-d31f-65e2-446f840008c8" testName="IFX.Modules.Registry.Domain.Tests.Entities.ProductTests.Create_WithEmptyProductCode_ThrowsArgumentException(code: &quot;&quot;)" computerName="DESKTOP-OVPKDKR" duration="00:00:00.0003736" startTime="2026-09-08T19:21:48.8685388+10:00" endTime="2026-09-08T19:21:48.8685388+10:00" testType="13cdc9d9-ddb5-4fa4-a97d-d965ccfc6d4b" outcome="Passed" testListId="8c84fa94-04c1-424b-9868-57a2d4851a1d" relativeResultsDirectory="14567f52-9373-4370-8497-cf77cd6374d4" />
    <UnitTestResult executionId="f772d908-9f13-4765-b280-e89f81d49e4a" testId="5e29c27e-fc95-cf1e-41b6-bb4a855540ab" testName="IFX.Modules.Registry.Domain.Tests.Entities.ProductTests.Reactivate_SetsStatusToActive" computerName="DESKTOP-OVPKDKR" duration="00:00:00.0001279" startTime="2026-09-08T19:21:48.8702590+10:00" endTime="2026-09-08T19:21:48.8702590+10:00" testType="13cdc9d9-ddb5-4fa4-a97d-d965ccfc6d4b" outcome="Passed" testListId="8c84fa94-04c1-424b-9868-57a2d4851a1d" relativeResultsDirectory="f772d908-9f13-4765-b280-e89f81d49e4a" />
    <UnitTestResult executionId="c5f5d24c-bcf9-48f9-89b6-6ad41f9fc88d" testId="1596099e-c8a2-c77a-7813-17f87103112a" testName="IFX.Modules.Registry.Domain.Tests.Entities.FundClassTests.Create_WithInvalidCurrency_ThrowsArgumentException(currency: &quot;&quot;)" computerName="DESKTOP-OVPKDKR" duration="00:00:00.0081890" startTime="2026-09-08T19:21:48.8706014+10:00" endTime="2026-09-08T19:21:48.8706015+10:00" testType="13cdc9d9-ddb5-4fa4-a97d-d965ccfc6d4b" outcome="Passed" testListId="8c84fa94-04c1-424b-9868-57a2d4851a1d" relativeResultsDirectory="c5f5d24c-bcf9-48f9-89b6-6ad41f9fc88d" />
    <UnitTestResult executionId="be8c09c2-1f21-43a5-96c0-ac2d270898c2" testId="e056ac3a-ae2a-af84-c039-9f1831c1a1b8" testName="IFX.Modules.Registry.Domain.Tests.Entities.FundClassTests.Close_SetsStatusToClosed" computerName="DESKTOP-OVPKDKR" duration="00:00:00.0003746" startTime="2026-09-08T19:21:48.8711387+10:00" endTime="2026-09-08T19:21:48.8711387+10:00" testType="13cdc9d9-ddb5-4fa4-a97d-d965ccfc6d4b" outcome="Passed" testListId="8c84fa94-04c1-424b-9868-57a2d4851a1d" relativeResultsDirectory="be8c09c2-1f21-43a5-96c0-ac2d270898c2" />
    <UnitTestResult executionId="86ce9b28-df98-4283-80cb-e7f317e793da" testId="840632e3-bad0-0f20-cb02-33ce0d0fff1c" testName="IFX.Modules.Registry.Domain.Tests.Entities.FundClassTests.Create_WithInvalidCurrency_ThrowsArgumentException(currency: &quot;US&quot;)" computerName="DESKTOP-OVPKDKR" duration="00:00:00.0003821" startTime="2026-09-08T19:21:48.8480775+10:00" endTime="2026-09-08T19:21:48.8480776+10:00" testType="13cdc9d9-ddb5-4fa4-a97d-d965ccfc6d4b" outcome="Passed" testListId="8c84fa94-04c1-424b-9868-57a2d4851a1d" relativeResultsDirectory="86ce9b28-df98-4283-80cb-e7f317e793da" />
    <UnitTestResult executionId="3c9390ee-fba0-4ab3-a1ae-0d6a431059b9" testId="a603fdb9-af52-08bc-dbe7-45ddb09d86cf" testName="IFX.Modules.Registry.Domain.Tests.Entities.ProductTests.Create_WithEmptyTenantId_ThrowsArgumentException" computerName="DESKTOP-OVPKDKR" duration="00:00:00.0048247" startTime="2026-09-08T19:21:48.8475950+10:00" endTime="2026-09-08T19:21:48.8475950+10:00" testType="13cdc9d9-ddb5-4fa4-a97d-d965ccfc6d4b" outcome="Passed" testListId="8c84fa94-04c1-424b-9868-57a2d4851a1d" relativeResultsDirectory="3c9390ee-fba0-4ab3-a1ae-0d6a431059b9" />
    <UnitTestResult executionId="b258bfae-b18f-4f1b-81d6-31c61d1a4ef2" testId="747648b2-4ed1-ea80-0885-c3e9a0d62bf6" testName="IFX.Modules.Registry.Domain.Tests.Entities.FundTests.Update_WithInvalidCurrency_ThrowsArgumentException(currency: &quot;&quot;)" computerName="DESKTOP-OVPKDKR" duration="00:00:00.0002556" startTime="2026-09-08T19:21:48.8684014+10:00" endTime="2026-09-08T19:21:48.8684015+10:00" testType="13cdc9d9-ddb5-4fa4-a97d-d965ccfc6d4b" outcome="Passed" testListId="8c84fa94-04c1-424b-9868-57a2d4851a1d" relativeResultsDirectory="b258bfae-b18f-4f1b-81d6-31c61d1a4ef2" />
    <UnitTestResult executionId="dfa34819-2b40-49d6-96cd-ade04b61e60a" testId="97777d81-f2ac-9fc0-cf93-5b5d96bca00b" testName="IFX.Modules.Registry.Domain.Tests.Entities.ProductTests.Create_WithEmptyProductCode_ThrowsArgumentException(code: &quot;   &quot;)" computerName="DESKTOP-OVPKDKR" duration="00:00:00.0002635" startTime="2026-09-08T19:21:48.8685572+10:00" endTime="2026-09-08T19:21:48.8685572+10:00" testType="13cdc9d9-ddb5-4fa4-a97d-d965ccfc6d4b" outcome="Passed" testListId="8c84fa94-04c1-424b-9868-57a2d4851a1d" relativeResultsDirectory="dfa34819-2b40-49d6-96cd-ade04b61e60a" />
    <UnitTestResult executionId="911db7ec-deaa-4073-be73-0f515e5e1464" testId="7cce6ffd-04d2-0408-b719-3649d74d5072" testName="IFX.Modules.Registry.Domain.Tests.Entities.ProductTests.Create_WithValidParameters_ReturnsProduct" computerName="DESKTOP-OVPKDKR" duration="00:00:00.0006942" startTime="2026-09-08T19:21:48.8702061+10:00" endTime="2026-09-08T19:21:48.8702061+10:00" testType="13cdc9d9-ddb5-4fa4-a97d-d965ccfc6d4b" outcome="Passed" testListId="8c84fa94-04c1-424b-9868-57a2d4851a1d" relativeResultsDirectory="911db7ec-deaa-4073-be73-0f515e5e1464" />
    <UnitTestResult executionId="4a50cfb2-7e56-44c8-bdc3-987be56eff9c" testId="0ceb0eca-86f7-5daa-7fa7-2d50f7b02972" testName="IFX.Modules.Registry.Domain.Tests.Entities.FundTests.Close_SetsStatusToClosed" computerName="DESKTOP-OVPKDKR" duration="00:00:00.0003753" startTime="2026-09-08T19:21:48.8684771+10:00" endTime="2026-09-08T19:21:48.8684772+10:00" testType="13cdc9d9-ddb5-4fa4-a97d-d965ccfc6d4b" outcome="Passed" testListId="8c84fa94-04c1-424b-9868-57a2d4851a1d" relativeResultsDirectory="4a50cfb2-7e56-44c8-bdc3-987be56eff9c" />
    <UnitTestResult executionId="a8305fd2-2202-46c8-a1ff-ad1ee0b194b5" testId="90254901-414b-aea1-14bd-b83ebe7d41ee" testName="IFX.Modules.Registry.Domain.Tests.Entities.FundTests.Create_WithEmptyTenantId_ThrowsArgumentException" computerName="DESKTOP-OVPKDKR" duration="00:00:00.0004007" startTime="2026-09-08T19:21:48.8702327+10:00" endTime="2026-09-08T19:21:48.8702327+10:00" testType="13cdc9d9-ddb5-4fa4-a97d-d965ccfc6d4b" outcome="Passed" testListId="8c84fa94-04c1-424b-9868-57a2d4851a1d" relativeResultsDirectory="a8305fd2-2202-46c8-a1ff-ad1ee0b194b5" />
    <UnitTestResult executionId="f4abba13-adf6-41ef-ac7a-a8bc19580114" testId="5dff0556-406b-2498-8f06-dfdba9ff228e" testName="IFX.Modules.Registry.Domain.Tests.Entities.FundClassTests.Create_WithValidParameters_ReturnsFundClass" computerName="DESKTOP-OVPKDKR" duration="00:00:00.0004653" startTime="2026-09-08T19:21:48.8711666+10:00" endTime="2026-09-08T19:21:48.8711666+10:00" testType="13cdc9d9-ddb5-4fa4-a97d-d965ccfc6d4b" outcome="Passed" testListId="8c84fa94-04c1-424b-9868-57a2d4851a1d" relativeResultsDirectory="f4abba13-adf6-41ef-ac7a-a8bc19580114" />
    <UnitTestResult executionId="ede7935e-d02d-4588-b008-5f7ff7febd64" testId="33bb1c09-4e68-dac4-1112-a09d9b550b4f" testName="IFX.Modules.Registry.Domain.Tests.Entities.ProductTests.Create_WithEmptyProductName_ThrowsArgumentException(name: &quot;&quot;)" computerName="DESKTOP-OVPKDKR" duration="00:00:00.0003468" startTime="2026-09-08T19:21:48.8696295+10:00" endTime="2026-09-08T19:21:48.8696295+10:00" testType="13cdc9d9-ddb5-4fa4-a97d-d965ccfc6d4b" outcome="Passed" testListId="8c84fa94-04c1-424b-9868-57a2d4851a1d" relativeResultsDirectory="ede7935e-d02d-4588-b008-5f7ff7febd64" />
    <UnitTestResult executionId="11cd36cb-c892-4797-8242-f24829bcbd22" testId="bdb51092-8ffb-da97-8d5c-573dd037e0b5" testName="IFX.Modules.Registry.Domain.Tests.Entities.ProductTests.Create_WithEmptyProductName_ThrowsArgumentException(name: &quot;   &quot;)" computerName="DESKTOP-OVPKDKR" duration="00:00:00.0002270" startTime="2026-09-08T19:21:48.8696618+10:00" endTime="2026-09-08T19:21:48.8696618+10:00" testType="13cdc9d9-ddb5-4fa4-a97d-d965ccfc6d4b" outcome="Passed" testListId="8c84fa94-04c1-424b-9868-57a2d4851a1d" relativeResultsDirectory="11cd36cb-c892-4797-8242-f24829bcbd22" />
    <UnitTestResult executionId="ad540444-0e7c-4e1a-ae54-a898c0a0b488" testId="db3e26de-4369-6ae0-7164-66ffc41281dc" testName="IFX.Modules.Registry.Domain.Tests.Entities.FundClassTests.IsOpenForSubscription_WhenActive_ReturnsTrue" computerName="DESKTOP-OVPKDKR" duration="00:00:00.0005620" startTime="2026-09-08T19:21:48.8710017+10:00" endTime="2026-09-08T19:21:48.8710017+10:00" testType="13cdc9d9-ddb5-4fa4-a97d-d965ccfc6d4b" outcome="Passed" testListId="8c84fa94-04c1-424b-9868-57a2d4851a1d" relativeResultsDirectory="ad540444-0e7c-4e1a-ae54-a898c0a0b488" />
  </Results>
  <TestDefinitions>
    <UnitTest name="IFX.Modules.Registry.Domain.Tests.Entities.FundTests.Create_WithEmptyFundName_ThrowsArgumentException(name: &quot;&quot;)" storage="d:\ifx\tests\ifx.modules.registry.domain.tests\bin\debug\net8.0\ifx.modules.registry.domain.tests.dll" id="100e269d-b108-ca3c-18ff-df7633d8ea9e">
      <Execution id="a226f6db-6ee6-46d4-bf0d-22e437419d22" />
      <TestMethod codeBase="D:\IFX\tests\IFX.Modules.Registry.Domain.Tests\bin\Debug\net8.0\IFX.Modules.Registry.Domain.Tests.dll" adapterTypeName="executor://xunit/VsTestRunner2/netcoreapp" className="IFX.Modules.Registry.Domain.Tests.Entities.FundTests" name="Create_WithEmptyFundName_ThrowsArgumentException" />
    </UnitTest>
    <UnitTest name="IFX.Modules.Registry.Domain.Tests.Entities.FundTests.Create_WithValidParameters_ReturnsFund" storage="d:\ifx\tests\ifx.modules.registry.domain.tests\bin\debug\net8.0\ifx.modules.registry.domain.tests.dll" id="0e9f3876-98f1-d5aa-6e34-de116e012b1c">
      <Execution id="d4bee236-5dff-446f-be0d-c9b06a0942a4" />
      <TestMethod codeBase="D:\IFX\tests\IFX.Modules.Registry.Domain.Tests\bin\Debug\net8.0\IFX.Modules.Registry.Domain.Tests.dll" adapterTypeName="executor://xunit/VsTestRunner2/netcoreapp" className="IFX.Modules.Registry.Domain.Tests.Entities.FundTests" name="Create_WithValidParameters_ReturnsFund" />
    </UnitTest>
    <UnitTest name="IFX.Modules.Registry.Domain.Tests.Entities.FundClassTests.Create_WithEmptyFundId_ThrowsArgumentException" storage="d:\ifx\tests\ifx.modules.registry.domain.tests\bin\debug\net8.0\ifx.modules.registry.domain.tests.dll" id="7a9cf2f4-1e88-fbc2-0303-7d1c148c8fe0">
      <Execution id="af317aa0-af57-4f4f-bd9a-ac0865fdfa38" />
      <TestMethod codeBase="D:\IFX\tests\IFX.Modules.Registry.Domain.Tests\bin\Debug\net8.0\IFX.Modules.Registry.Domain.Tests.dll" adapterTypeName="executor://xunit/VsTestRunner2/netcoreapp" className="IFX.Modules.Registry.Domain.Tests.Entities.FundClassTests" name="Create_WithEmptyFundId_ThrowsArgumentException" />
    </UnitTest>
    <UnitTest name="IFX.Modules.Registry.Domain.Tests.Entities.FundTests.Close_SetsStatusToClosed" storage="d:\ifx\tests\ifx.modules.registry.domain.tests\bin\debug\net8.0\ifx.modules.registry.domain.tests.dll" id="0ceb0eca-86f7-5daa-7fa7-2d50f7b02972">
      <Execution id="4a50cfb2-7e56-44c8-bdc3-987be56eff9c" />
      <TestMethod codeBase="D:\IFX\tests\IFX.Modules.Registry.Domain.Tests\bin\Debug\net8.0\IFX.Modules.Registry.Domain.Tests.dll" adapterTypeName="executor://xunit/VsTestRunner2/netcoreapp" className="IFX.Modules.Registry.Domain.Tests.Entities.FundTests" name="Close_SetsStatusToClosed" />
    </UnitTest>
    <UnitTest name="IFX.Modules.Registry.Domain.Tests.Entities.FundClassTests.Create_WithValidParameters_ReturnsFundClass" storage="d:\ifx\tests\ifx.modules.registry.domain.tests\bin\debug\net8.0\ifx.modules.registry.domain.tests.dll" id="5dff0556-406b-2498-8f06-dfdba9ff228e">
      <Execution id="f4abba13-adf6-41ef-ac7a-a8bc19580114" />
      <TestMethod codeBase="D:\IFX\tests\IFX.Modules.Registry.Domain.Tests\bin\Debug\net8.0\IFX.Modules.Registry.Domain.Tests.dll" adapterTypeName="executor://xunit/VsTestRunner2/netcoreapp" className="IFX.Modules.Registry.Domain.Tests.Entities.FundClassTests" name="Create_WithValidParameters_ReturnsFundClass" />
    </UnitTest>
    <UnitTest name="IFX.Modules.Registry.Domain.Tests.Entities.FundClassTests.Create_WithEmptyTenantId_ThrowsArgumentException" storage="d:\ifx\tests\ifx.modules.registry.domain.tests\bin\debug\net8.0\ifx.modules.registry.domain.tests.dll" id="ffb40986-ba68-80ff-fb9d-be8623babac9">
      <Execution id="689f6703-e1bc-4bfc-b99b-7b965f455593" />
      <TestMethod codeBase="D:\IFX\tests\IFX.Modules.Registry.Domain.Tests\bin\Debug\net8.0\IFX.Modules.Registry.Domain.Tests.dll" adapterTypeName="executor://xunit/VsTestRunner2/netcoreapp" className="IFX.Modules.Registry.Domain.Tests.Entities.FundClassTests" name="Create_WithEmptyTenantId_ThrowsArgumentException" />
    </UnitTest>
    <UnitTest name="IFX.Modules.Registry.Domain.Tests.Entities.ProductTests.Update_WithEmptyName_ThrowsArgumentException(name: &quot;   &quot;)" storage="d:\ifx\tests\ifx.modules.registry.domain.tests\bin\debug\net8.0\ifx.modules.registry.domain.tests.dll" id="f0891759-7874-9efb-1162-48d2e76fac20">
      <Execution id="c9747fb2-526c-487a-993b-ea5283d49961" />
      <TestMethod codeBase="D:\IFX\tests\IFX.Modules.Registry.Domain.Tests\bin\Debug\net8.0\IFX.Modules.Registry.Domain.Tests.dll" adapterTypeName="executor://xunit/VsTestRunner2/netcoreapp" className="IFX.Modules.Registry.Domain.Tests.Entities.ProductTests" name="Update_WithEmptyName_ThrowsArgumentException" />
    </UnitTest>
    <UnitTest name="IFX.Modules.Registry.Domain.Tests.Entities.ProductTests.Close_SetsStatusToClosed" storage="d:\ifx\tests\ifx.modules.registry.domain.tests\bin\debug\net8.0\ifx.modules.registry.domain.tests.dll" id="38c78b65-ebc6-2c89-9192-867802a37e0d">
      <Execution id="3cd5d87a-c44e-4a02-a7cc-3f06547352c8" />
      <TestMethod codeBase="D:\IFX\tests\IFX.Modules.Registry.Domain.Tests\bin\Debug\net8.0\IFX.Modules.Registry.Domain.Tests.dll" adapterTypeName="executor://xunit/VsTestRunner2/netcoreapp" className="IFX.Modules.Registry.Domain.Tests.Entities.ProductTests" name="Close_SetsStatusToClosed" />
    </UnitTest>
    <UnitTest name="IFX.Modules.Registry.Domain.Tests.Entities.ProductTests.Create_WithOptionalFields_SetsNormalisedValues" storage="d:\ifx\tests\ifx.modules.registry.domain.tests\bin\debug\net8.0\ifx.modules.registry.domain.tests.dll" id="bb39f86b-da6c-a20a-fe42-2facf1b6e81d">
      <Execution id="6f31add4-dcdd-4a99-a63d-e7051b8b8e00" />
      <TestMethod codeBase="D:\IFX\tests\IFX.Modules.Registry.Domain.Tests\bin\Debug\net8.0\IFX.Modules.Registry.Domain.Tests.dll" adapterTypeName="executor://xunit/VsTestRunner2/netcoreapp" className="IFX.Modules.Registry.Domain.Tests.Entities.ProductTests" name="Create_WithOptionalFields_SetsNormalisedValues" />
    </UnitTest>
    <UnitTest name="IFX.Modules.Registry.Domain.Tests.Entities.FundTests.Create_WithEmptyFundCode_ThrowsArgumentException(code: &quot;&quot;)" storage="d:\ifx\tests\ifx.modules.registry.domain.tests\bin\debug\net8.0\ifx.modules.registry.domain.tests.dll" id="5a40e282-ca7b-68b0-5599-e1dfa5c8bdac">
      <Execution id="448df39f-43c6-4096-8f24-85da4b268140" />
      <TestMethod codeBase="D:\IFX\tests\IFX.Modules.Registry.Domain.Tests\bin\Debug\net8.0\IFX.Modules.Registry.Domain.Tests.dll" adapterTypeName="executor://xunit/VsTestRunner2/netcoreapp" className="IFX.Modules.Registry.Domain.Tests.Entities.FundTests" name="Create_WithEmptyFundCode_ThrowsArgumentException" />
    </UnitTest>
    <UnitTest name="IFX.Modules.Registry.Domain.Tests.Entities.ProductTests.Create_WithValidParameters_ReturnsProduct" storage="d:\ifx\tests\ifx.modules.registry.domain.tests\bin\debug\net8.0\ifx.modules.registry.domain.tests.dll" id="7cce6ffd-04d2-0408-b719-3649d74d5072">
      <Execution id="911db7ec-deaa-4073-be73-0f515e5e1464" />
      <TestMethod codeBase="D:\IFX\tests\IFX.Modules.Registry.Domain.Tests\bin\Debug\net8.0\IFX.Modules.Registry.Domain.Tests.dll" adapterTypeName="executor://xunit/VsTestRunner2/netcoreapp" className="IFX.Modules.Registry.Domain.Tests.Entities.ProductTests" name="Create_WithValidParameters_ReturnsProduct" />
    </UnitTest>
    <UnitTest name="IFX.Modules.Registry.Domain.Tests.Entities.FundClassTests.Create_NormalizesCodeAndCurrencyToUpperCase" storage="d:\ifx\tests\ifx.modules.registry.domain.tests\bin\debug\net8.0\ifx.modules.registry.domain.tests.dll" id="81edc6aa-4723-ac81-3042-3d7b291626f3">
      <Execution id="5a11c161-3afd-4996-9fb1-bdf779e7de37" />
      <TestMethod codeBase="D:\IFX\tests\IFX.Modules.Registry.Domain.Tests\bin\Debug\net8.0\IFX.Modules.Registry.Domain.Tests.dll" adapterTypeName="executor://xunit/VsTestRunner2/netcoreapp" className="IFX.Modules.Registry.Domain.Tests.Entities.FundClassTests" name="Create_NormalizesCodeAndCurrencyToUpperCase" />
    </UnitTest>
    <UnitTest name="IFX.Modules.Registry.Domain.Tests.Entities.ProductTests.Update_ClearsOptionalFieldsWhenPassedNull" storage="d:\ifx\tests\ifx.modules.registry.domain.tests\bin\debug\net8.0\ifx.modules.registry.domain.tests.dll" id="e59e9a9b-1f1c-2c65-1f9e-ed46f3ee6fed">
      <Execution id="93c04f27-4519-4715-a1f9-991e94f1a450" />
      <TestMethod codeBase="D:\IFX\tests\IFX.Modules.Registry.Domain.Tests\bin\Debug\net8.0\IFX.Modules.Registry.Domain.Tests.dll" adapterTypeName="executor://xunit/VsTestRunner2/netcoreapp" className="IFX.Modules.Registry.Domain.Tests.Entities.ProductTests" name="Update_ClearsOptionalFieldsWhenPassedNull" />
    </UnitTest>
    <UnitTest name="IFX.Modules.Registry.Domain.Tests.Entities.FundClassTests.Create_WithInvalidCurrency_ThrowsArgumentException(currency: &quot;USDD&quot;)" storage="d:\ifx\tests\ifx.modules.registry.domain.tests\bin\debug\net8.0\ifx.modules.registry.domain.tests.dll" id="98c483e6-a3c1-bbe9-7cfb-868d6b4fb6cc">
      <Execution id="033d02ee-c5fc-4e60-851b-cd3ba8ea7f9c" />
      <TestMethod codeBase="D:\IFX\tests\IFX.Modules.Registry.Domain.Tests\bin\Debug\net8.0\IFX.Modules.Registry.Domain.Tests.dll" adapterTypeName="executor://xunit/VsTestRunner2/netcoreapp" className="IFX.Modules.Registry.Domain.Tests.Entities.FundClassTests" name="Create_WithInvalidCurrency_ThrowsArgumentException" />
    </UnitTest>
    <UnitTest name="IFX.Modules.Registry.Domain.Tests.Entities.FundClassTests.Create_WithInvalidCurrency_ThrowsArgumentException(currency: &quot;US&quot;)" storage="d:\ifx\tests\ifx.modules.registry.domain.tests\bin\debug\net8.0\ifx.modules.registry.domain.tests.dll" id="840632e3-bad0-0f20-cb02-33ce0d0fff1c">
      <Execution id="86ce9b28-df98-4283-80cb-e7f317e793da" />
      <TestMethod codeBase="D:\IFX\tests\IFX.Modules.Registry.Domain.Tests\bin\Debug\net8.0\IFX.Modules.Registry.Domain.Tests.dll" adapterTypeName="executor://xunit/VsTestRunner2/netcoreapp" className="IFX.Modules.Registry.Domain.Tests.Entities.FundClassTests" name="Create_WithInvalidCurrency_ThrowsArgumentException" />
    </UnitTest>
    <UnitTest name="IFX.Modules.Registry.Domain.Tests.Entities.ProductTests.Create_NormalizesCodeAndCurrencyToUpperCase" storage="d:\ifx\tests\ifx.modules.registry.domain.tests\bin\debug\net8.0\ifx.modules.registry.domain.tests.dll" id="d8bd12e7-da30-c1f7-6e96-bda6ea299c4a">
      <Execution id="9e277631-7037-4eee-86aa-55ee4e69dc74" />
      <TestMethod codeBase="D:\IFX\tests\IFX.Modules.Registry.Domain.Tests\bin\Debug\net8.0\IFX.Modules.Registry.Domain.Tests.dll" adapterTypeName="executor://xunit/VsTestRunner2/netcoreapp" className="IFX.Modules.Registry.Domain.Tests.Entities.ProductTests" name="Create_NormalizesCodeAndCurrencyToUpperCase" />
    </UnitTest>
    <UnitTest name="IFX.Modules.Registry.Domain.Tests.Entities.FundTests.Update_WithInvalidCurrency_ThrowsArgumentException(currency: &quot;&quot;)" storage="d:\ifx\tests\ifx.modules.registry.domain.tests\bin\debug\net8.0\ifx.modules.registry.domain.tests.dll" id="747648b2-4ed1-ea80-0885-c3e9a0d62bf6">
      <Execution id="b258bfae-b18f-4f1b-81d6-31c61d1a4ef2" />
      <TestMethod codeBase="D:\IFX\tests\IFX.Modules.Registry.Domain.Tests\bin\Debug\net8.0\IFX.Modules.Registry.Domain.Tests.dll" adapterTypeName="executor://xunit/VsTestRunner2/netcoreapp" className="IFX.Modules.Registry.Domain.Tests.Entities.FundTests" name="Update_WithInvalidCurrency_ThrowsArgumentException" />
    </UnitTest>
    <UnitTest name="IFX.Modules.Registry.Domain.Tests.Entities.FundTests.Create_HasNullProductIdByDefault" storage="d:\ifx\tests\ifx.modules.registry.domain.tests\bin\debug\net8.0\ifx.modules.registry.domain.tests.dll" id="1c15d3bf-5d3e-48c4-c247-1918ac7f77e0">
      <Execution id="0886d070-a8b8-4502-a4c6-75efa29e2245" />
      <TestMethod codeBase="D:\IFX\tests\IFX.Modules.Registry.Domain.Tests\bin\Debug\net8.0\IFX.Modules.Registry.Domain.Tests.dll" adapterTypeName="executor://xunit/VsTestRunner2/netcoreapp" className="IFX.Modules.Registry.Domain.Tests.Entities.FundTests" name="Create_HasNullProductIdByDefault" />
    </UnitTest>
    <UnitTest name="IFX.Modules.Registry.Domain.Tests.Entities.ProductTests.Update_WithEmptyName_ThrowsArgumentException(name: &quot;&quot;)" storage="d:\ifx\tests\ifx.modules.registry.domain.tests\bin\debug\net8.0\ifx.modules.registry.domain.tests.dll" id="ad4122dd-be21-0650-f899-46f45a4c35b0">
      <Execution id="d7a37daa-7c2c-46f2-a3fb-a5a3aeffaa3c" />
      <TestMethod codeBase="D:\IFX\tests\IFX.Modules.Registry.Domain.Tests\bin\Debug\net8.0\IFX.Modules.Registry.Domain.Tests.dll" adapterTypeName="executor://xunit/VsTestRunner2/netcoreapp" className="IFX.Modules.Registry.Domain.Tests.Entities.ProductTests" name="Update_WithEmptyName_ThrowsArgumentException" />
    </UnitTest>
    <UnitTest name="IFX.Modules.Registry.Domain.Tests.Entities.ProductTests.Create_WithInvalidCurrency_ThrowsArgumentException(currency: &quot;&quot;)" storage="d:\ifx\tests\ifx.modules.registry.domain.tests\bin\debug\net8.0\ifx.modules.registry.domain.tests.dll" id="1048bd80-71ce-75e1-96ae-23c445ec1ef9">
      <Execution id="6c123f00-7fd7-42ec-9d44-422db7234512" />
      <TestMethod codeBase="D:\IFX\tests\IFX.Modules.Registry.Domain.Tests\bin\Debug\net8.0\IFX.Modules.Registry.Domain.Tests.dll" adapterTypeName="executor://xunit/VsTestRunner2/netcoreapp" className="IFX.Modules.Registry.Domain.Tests.Entities.ProductTests" name="Create_WithInvalidCurrency_ThrowsArgumentException" />
    </UnitTest>
    <UnitTest name="IFX.Modules.Registry.Domain.Tests.Entities.FundTests.Create_WithInvalidCurrency_ThrowsArgumentException(currency: &quot;&quot;)" storage="d:\ifx\tests\ifx.modules.registry.domain.tests\bin\debug\net8.0\ifx.modules.registry.domain.tests.dll" id="4241ca7e-a1d7-d87b-c4b2-c678e66cc5a4">
      <Execution id="e2ba74c7-be8b-499c-b0b9-e1299af881c5" />
      <TestMethod codeBase="D:\IFX\tests\IFX.Modules.Registry.Domain.Tests\bin\Debug\net8.0\IFX.Modules.Registry.Domain.Tests.dll" adapterTypeName="executor://xunit/VsTestRunner2/netcoreapp" className="IFX.Modules.Registry.Domain.Tests.Entities.FundTests" name="Create_WithInvalidCurrency_ThrowsArgumentException" />
    </UnitTest>
    <UnitTest name="IFX.Modules.Registry.Domain.Tests.Entities.FundTests.Update_WithInvalidCurrency_ThrowsArgumentException(currency: &quot;US&quot;)" storage="d:\ifx\tests\ifx.modules.registry.domain.tests\bin\debug\net8.0\ifx.modules.registry.domain.tests.dll" id="0b7a4201-020e-768b-1843-938fd8803f60">
      <Execution id="82f51f43-85ee-47af-8200-5ffbf978250d" />
      <TestMethod codeBase="D:\IFX\tests\IFX.Modules.Registry.Domain.Tests\bin\Debug\net8.0\IFX.Modules.Registry.Domain.Tests.dll" adapterTypeName="executor://xunit/VsTestRunner2/netcoreapp" className="IFX.Modules.Registry.Domain.Tests.Entities.FundTests" name="Update_WithInvalidCurrency_ThrowsArgumentException" />
    </UnitTest>
    <UnitTest name="IFX.Modules.Registry.Domain.Tests.Entities.FundClassTests.Update_WithValidParameters_UpdatesFundClass" storage="d:\ifx\tests\ifx.modules.registry.domain.tests\bin\debug\net8.0\ifx.modules.registry.domain.tests.dll" id="fe7bc7fc-eb2c-7184-876a-46c46f907434">
      <Execution id="53c6ec12-2f55-4797-beab-88b2a8ec7649" />
      <TestMethod codeBase="D:\IFX\tests\IFX.Modules.Registry.Domain.Tests\bin\Debug\net8.0\IFX.Modules.Registry.Domain.Tests.dll" adapterTypeName="executor://xunit/VsTestRunner2/netcoreapp" className="IFX.Modules.Registry.Domain.Tests.Entities.FundClassTests" name="Update_WithValidParameters_UpdatesFundClass" />
    </UnitTest>
    <UnitTest name="IFX.Modules.Registry.Domain.Tests.Entities.FundTests.Update_WithValidParameters_UpdatesFund" storage="d:\ifx\tests\ifx.modules.registry.domain.tests\bin\debug\net8.0\ifx.modules.registry.domain.tests.dll" id="27517645-be45-8ba9-699c-10942dfe8390">
      <Execution id="bdd2e179-c24c-47bc-a8ba-2d713f40f842" />
      <TestMethod codeBase="D:\IFX\tests\IFX.Modules.Registry.Domain.Tests\bin\Debug\net8.0\IFX.Modules.Registry.Domain.Tests.dll" adapterTypeName="executor://xunit/VsTestRunner2/netcoreapp" className="IFX.Modules.Registry.Domain.Tests.Entities.FundTests" name="Update_WithValidParameters_UpdatesFund" />
    </UnitTest>
    <UnitTest name="IFX.Modules.Registry.Domain.Tests.Entities.FundClassTests.Close_SetsStatusToClosed" storage="d:\ifx\tests\ifx.modules.registry.domain.tests\bin\debug\net8.0\ifx.modules.registry.domain.tests.dll" id="e056ac3a-ae2a-af84-c039-9f1831c1a1b8">
      <Execution id="be8c09c2-1f21-43a5-96c0-ac2d270898c2" />
      <TestMethod codeBase="D:\IFX\tests\IFX.Modules.Registry.Domain.Tests\bin\Debug\net8.0\IFX.Modules.Registry.Domain.Tests.dll" adapterTypeName="executor://xunit/VsTestRunner2/netcoreapp" className="IFX.Modules.Registry.Domain.Tests.Entities.FundClassTests" name="Close_SetsStatusToClosed" />
    </UnitTest>
    <UnitTest name="IFX.Modules.Registry.Domain.Tests.Entities.ProductTests.Create_WithEmptyProductCode_ThrowsArgumentException(code: &quot;   &quot;)" storage="d:\ifx\tests\ifx.modules.registry.domain.tests\bin\debug\net8.0\ifx.modules.registry.domain.tests.dll" id="97777d81-f2ac-9fc0-cf93-5b5d96bca00b">
      <Execution id="dfa34819-2b40-49d6-96cd-ade04b61e60a" />
      <TestMethod codeBase="D:\IFX\tests\IFX.Modules.Registry.Domain.Tests\bin\Debug\net8.0\IFX.Modules.Registry.Domain.Tests.dll" adapterTypeName="executor://xunit/VsTestRunner2/netcoreapp" className="IFX.Modules.Registry.Domain.Tests.Entities.ProductTests" name="Create_WithEmptyProductCode_ThrowsArgumentException" />
    </UnitTest>
    <UnitTest name="IFX.Modules.Registry.Domain.Tests.Entities.ProductTests.Create_InitiallyHasEmptyFundsCollection" storage="d:\ifx\tests\ifx.modules.registry.domain.tests\bin\debug\net8.0\ifx.modules.registry.domain.tests.dll" id="5cfe31d7-c019-b827-21cd-d7594010c6b3">
      <Execution id="d48b77e5-ff57-4ae5-8241-9a49f6ea6ff5" />
      <TestMethod codeBase="D:\IFX\tests\IFX.Modules.Registry.Domain.Tests\bin\Debug\net8.0\IFX.Modules.Registry.Domain.Tests.dll" adapterTypeName="executor://xunit/VsTestRunner2/netcoreapp" className="IFX.Modules.Registry.Domain.Tests.Entities.ProductTests" name="Create_InitiallyHasEmptyFundsCollection" />
    </UnitTest>
    <UnitTest name="IFX.Modules.Registry.Domain.Tests.Entities.ProductTests.Create_WithEmptyProductName_ThrowsArgumentException(name: &quot;   &quot;)" storage="d:\ifx\tests\ifx.modules.registry.domain.tests\bin\debug\net8.0\ifx.modules.registry.domain.tests.dll" id="bdb51092-8ffb-da97-8d5c-573dd037e0b5">
      <Execution id="11cd36cb-c892-4797-8242-f24829bcbd22" />
      <TestMethod codeBase="D:\IFX\tests\IFX.Modules.Registry.Domain.Tests\bin\Debug\net8.0\IFX.Modules.Registry.Domain.Tests.dll" adapterTypeName="executor://xunit/VsTestRunner2/netcoreapp" className="IFX.Modules.Registry.Domain.Tests.Entities.ProductTests" name="Create_WithEmptyProductName_ThrowsArgumentException" />
    </UnitTest>
    <UnitTest name="IFX.Modules.Registry.Domain.Tests.Entities.ProductTests.Suspend_SetsStatusToSuspended" storage="d:\ifx\tests\ifx.modules.registry.domain.tests\bin\debug\net8.0\ifx.modules.registry.domain.tests.dll" id="34691cbf-adec-b883-4dba-15232b260598">
      <Execution id="799e77d9-d56c-4610-a7be-ad848fe01c5e" />
      <TestMethod codeBase="D:\IFX\tests\IFX.Modules.Registry.Domain.Tests\bin\Debug\net8.0\IFX.Modules.Registry.Domain.Tests.dll" adapterTypeName="executor://xunit/VsTestRunner2/netcoreapp" className="IFX.Modules.Registry.Domain.Tests.Entities.ProductTests" name="Suspend_SetsStatusToSuspended" />
    </UnitTest>
    <UnitTest name="IFX.Modules.Registry.Domain.Tests.Entities.ProductTests.Create_WithEmptyProductCode_ThrowsArgumentException(code: &quot;&quot;)" storage="d:\ifx\tests\ifx.modules.registry.domain.tests\bin\debug\net8.0\ifx.modules.registry.domain.tests.dll" id="59103459-5d6c-d31f-65e2-446f840008c8">
      <Execution id="14567f52-9373-4370-8497-cf77cd6374d4" />
      <TestMethod codeBase="D:\IFX\tests\IFX.Modules.Registry.Domain.Tests\bin\Debug\net8.0\IFX.Modules.Registry.Domain.Tests.dll" adapterTypeName="executor://xunit/VsTestRunner2/netcoreapp" className="IFX.Modules.Registry.Domain.Tests.Entities.ProductTests" name="Create_WithEmptyProductCode_ThrowsArgumentException" />
    </UnitTest>
    <UnitTest name="IFX.Modules.Registry.Domain.Tests.Entities.FundTests.Create_WithEmptyFundName_ThrowsArgumentException(name: &quot;   &quot;)" storage="d:\ifx\tests\ifx.modules.registry.domain.tests\bin\debug\net8.0\ifx.modules.registry.domain.tests.dll" id="97b8c46f-b1d9-d572-ba02-726c61ff6360">
      <Execution id="f7b292d9-7a28-436d-b549-6efab9581535" />
      <TestMethod codeBase="D:\IFX\tests\IFX.Modules.Registry.Domain.Tests\bin\Debug\net8.0\IFX.Modules.Registry.Domain.Tests.dll" adapterTypeName="executor://xunit/VsTestRunner2/netcoreapp" className="IFX.Modules.Registry.Domain.Tests.Entities.FundTests" name="Create_WithEmptyFundName_ThrowsArgumentException" />
    </UnitTest>
    <UnitTest name="IFX.Modules.Registry.Domain.Tests.Entities.FundTests.Create_WithEmptyTenantId_ThrowsArgumentException" storage="d:\ifx\tests\ifx.modules.registry.domain.tests\bin\debug\net8.0\ifx.modules.registry.domain.tests.dll" id="90254901-414b-aea1-14bd-b83ebe7d41ee">
      <Execution id="a8305fd2-2202-46c8-a1ff-ad1ee0b194b5" />
      <TestMethod codeBase="D:\IFX\tests\IFX.Modules.Registry.Domain.Tests\bin\Debug\net8.0\IFX.Modules.Registry.Domain.Tests.dll" adapterTypeName="executor://xunit/VsTestRunner2/netcoreapp" className="IFX.Modules.Registry.Domain.Tests.Entities.FundTests" name="Create_WithEmptyTenantId_ThrowsArgumentException" />
    </UnitTest>
    <UnitTest name="IFX.Modules.Registry.Domain.Tests.Entities.ProductTests.Create_WithInvalidCurrency_ThrowsArgumentException(currency: &quot;AU&quot;)" storage="d:\ifx\tests\ifx.modules.registry.domain.tests\bin\debug\net8.0\ifx.modules.registry.domain.tests.dll" id="a5eb8699-29dc-75d9-67fa-50719047c23d">
      <Execution id="90ed6cc9-bf0a-42e9-8d03-51e457127504" />
      <TestMethod codeBase="D:\IFX\tests\IFX.Modules.Registry.Domain.Tests\bin\Debug\net8.0\IFX.Modules.Registry.Domain.Tests.dll" adapterTypeName="executor://xunit/VsTestRunner2/netcoreapp" className="IFX.Modules.Registry.Domain.Tests.Entities.ProductTests" name="Create_WithInvalidCurrency_ThrowsArgumentException" />
    </UnitTest>
    <UnitTest name="IFX.Modules.Registry.Domain.Tests.Entities.FundClassTests.Create_WithInvalidCurrency_ThrowsArgumentException(currency: &quot;&quot;)" storage="d:\ifx\tests\ifx.modules.registry.domain.tests\bin\debug\net8.0\ifx.modules.registry.domain.tests.dll" id="1596099e-c8a2-c77a-7813-17f87103112a">
      <Execution id="c5f5d24c-bcf9-48f9-89b6-6ad41f9fc88d" />
      <TestMethod codeBase="D:\IFX\tests\IFX.Modules.Registry.Domain.Tests\bin\Debug\net8.0\IFX.Modules.Registry.Domain.Tests.dll" adapterTypeName="executor://xunit/VsTestRunner2/netcoreapp" className="IFX.Modules.Registry.Domain.Tests.Entities.FundClassTests" name="Create_WithInvalidCurrency_ThrowsArgumentException" />
    </UnitTest>
    <UnitTest name="IFX.Modules.Registry.Domain.Tests.Entities.FundTests.Create_NormalizesFundCodeToUpperCase" storage="d:\ifx\tests\ifx.modules.registry.domain.tests\bin\debug\net8.0\ifx.modules.registry.domain.tests.dll" id="6ef1634f-6b61-96a4-3568-70d873eb94d0">
      <Execution id="8fadfdc1-e9da-4f89-bd03-619400309910" />
      <TestMethod codeBase="D:\IFX\tests\IFX.Modules.Registry.Domain.Tests\bin\Debug\net8.0\IFX.Modules.Registry.Domain.Tests.dll" adapterTypeName="executor://xunit/VsTestRunner2/netcoreapp" className="IFX.Modules.Registry.Domain.Tests.Entities.FundTests" name="Create_NormalizesFundCodeToUpperCase" />
    </UnitTest>
    <UnitTest name="IFX.Modules.Registry.Domain.Tests.Entities.FundClassTests.IsOpenForSubscription_WhenActive_ReturnsTrue" storage="d:\ifx\tests\ifx.modules.registry.domain.tests\bin\debug\net8.0\ifx.modules.registry.domain.tests.dll" id="db3e26de-4369-6ae0-7164-66ffc41281dc">
      <Execution id="ad540444-0e7c-4e1a-ae54-a898c0a0b488" />
      <TestMethod codeBase="D:\IFX\tests\IFX.Modules.Registry.Domain.Tests\bin\Debug\net8.0\IFX.Modules.Registry.Domain.Tests.dll" adapterTypeName="executor://xunit/VsTestRunner2/netcoreapp" className="IFX.Modules.Registry.Domain.Tests.Entities.FundClassTests" name="IsOpenForSubscription_WhenActive_ReturnsTrue" />
    </UnitTest>
    <UnitTest name="IFX.Modules.Registry.Domain.Tests.Entities.ProductTests.Create_WithNullOptionalFields_LeavesThemNull" storage="d:\ifx\tests\ifx.modules.registry.domain.tests\bin\debug\net8.0\ifx.modules.registry.domain.tests.dll" id="f7d59517-4e16-6f3a-9462-635e84211639">
      <Execution id="30ad621f-e9a0-432a-99b6-cab16f0c1d96" />
      <TestMethod codeBase="D:\IFX\tests\IFX.Modules.Registry.Domain.Tests\bin\Debug\net8.0\IFX.Modules.Registry.Domain.Tests.dll" adapterTypeName="executor://xunit/VsTestRunner2/netcoreapp" className="IFX.Modules.Registry.Domain.Tests.Entities.ProductTests" name="Create_WithNullOptionalFields_LeavesThemNull" />
    </UnitTest>
    <UnitTest name="IFX.Modules.Registry.Domain.Tests.Entities.FundTests.Create_WithInvalidCurrency_ThrowsArgumentException(currency: &quot;US&quot;)" storage="d:\ifx\tests\ifx.modules.registry.domain.tests\bin\debug\net8.0\ifx.modules.registry.domain.tests.dll" id="9c719337-6e5b-6de0-43b7-062534a9164a">
      <Execution id="512c7307-8df9-4a72-aad8-54cd09f2776f" />
      <TestMethod codeBase="D:\IFX\tests\IFX.Modules.Registry.Domain.Tests\bin\Debug\net8.0\IFX.Modules.Registry.Domain.Tests.dll" adapterTypeName="executor://xunit/VsTestRunner2/netcoreapp" className="IFX.Modules.Registry.Domain.Tests.Entities.FundTests" name="Create_WithInvalidCurrency_ThrowsArgumentException" />
    </UnitTest>
    <UnitTest name="IFX.Modules.Registry.Domain.Tests.Entities.ProductTests.Reactivate_SetsStatusToActive" storage="d:\ifx\tests\ifx.modules.registry.domain.tests\bin\debug\net8.0\ifx.modules.registry.domain.tests.dll" id="5e29c27e-fc95-cf1e-41b6-bb4a855540ab">
      <Execution id="f772d908-9f13-4765-b280-e89f81d49e4a" />
      <TestMethod codeBase="D:\IFX\tests\IFX.Modules.Registry.Domain.Tests\bin\Debug\net8.0\IFX.Modules.Registry.Domain.Tests.dll" adapterTypeName="executor://xunit/VsTestRunner2/netcoreapp" className="IFX.Modules.Registry.Domain.Tests.Entities.ProductTests" name="Reactivate_SetsStatusToActive" />
    </UnitTest>
    <UnitTest name="IFX.Modules.Registry.Domain.Tests.Entities.FundClassTests.IsOpenForSubscription_WhenClosed_ReturnsFalse" storage="d:\ifx\tests\ifx.modules.registry.domain.tests\bin\debug\net8.0\ifx.modules.registry.domain.tests.dll" id="59923fa5-2e5c-a720-aa56-96d877ba348d">
      <Execution id="2756ab53-635e-4d43-b724-b55c232d683f" />
      <TestMethod codeBase="D:\IFX\tests\IFX.Modules.Registry.Domain.Tests\bin\Debug\net8.0\IFX.Modules.Registry.Domain.Tests.dll" adapterTypeName="executor://xunit/VsTestRunner2/netcoreapp" className="IFX.Modules.Registry.Domain.Tests.Entities.FundClassTests" name="IsOpenForSubscription_WhenClosed_ReturnsFalse" />
    </UnitTest>
    <UnitTest name="IFX.Modules.Registry.Domain.Tests.Entities.FundTests.Create_WithEmptyFundCode_ThrowsArgumentException(code: &quot;   &quot;)" storage="d:\ifx\tests\ifx.modules.registry.domain.tests\bin\debug\net8.0\ifx.modules.registry.domain.tests.dll" id="cfa050f6-ba6e-d51c-5b49-31e52f583286">
      <Execution id="cb05bcc7-c60c-4b82-af63-fd79be9bb5eb" />
      <TestMethod codeBase="D:\IFX\tests\IFX.Modules.Registry.Domain.Tests\bin\Debug\net8.0\IFX.Modules.Registry.Domain.Tests.dll" adapterTypeName="executor://xunit/VsTestRunner2/netcoreapp" className="IFX.Modules.Registry.Domain.Tests.Entities.FundTests" name="Create_WithEmptyFundCode_ThrowsArgumentException" />
    </UnitTest>
    <UnitTest name="IFX.Modules.Registry.Domain.Tests.Entities.FundTests.SetProduct_AssignsProductId" storage="d:\ifx\tests\ifx.modules.registry.domain.tests\bin\debug\net8.0\ifx.modules.registry.domain.tests.dll" id="c95a39c6-fbb3-487f-d8fe-198e9abf872f">
      <Execution id="06d9427f-6ece-4666-8315-d5f318a6d84f" />
      <TestMethod codeBase="D:\IFX\tests\IFX.Modules.Registry.Domain.Tests\bin\Debug\net8.0\IFX.Modules.Registry.Domain.Tests.dll" adapterTypeName="executor://xunit/VsTestRunner2/netcoreapp" className="IFX.Modules.Registry.Domain.Tests.Entities.FundTests" name="SetProduct_AssignsProductId" />
    </UnitTest>
    <UnitTest name="IFX.Modules.Registry.Domain.Tests.Entities.FundTests.Create_WithInvalidCurrency_ThrowsArgumentException(currency: &quot;USDD&quot;)" storage="d:\ifx\tests\ifx.modules.registry.domain.tests\bin\debug\net8.0\ifx.modules.registry.domain.tests.dll" id="aad8d242-c831-9b56-1362-b179481ade33">
      <Execution id="4741734c-bfe0-454b-a1a5-7ca35c8b9731" />
      <TestMethod codeBase="D:\IFX\tests\IFX.Modules.Registry.Domain.Tests\bin\Debug\net8.0\IFX.Modules.Registry.Domain.Tests.dll" adapterTypeName="executor://xunit/VsTestRunner2/netcoreapp" className="IFX.Modules.Registry.Domain.Tests.Entities.FundTests" name="Create_WithInvalidCurrency_ThrowsArgumentException" />
    </UnitTest>
    <UnitTest name="IFX.Modules.Registry.Domain.Tests.Entities.ProductTests.Create_WithInvalidCurrency_ThrowsArgumentException(currency: &quot;AUDD&quot;)" storage="d:\ifx\tests\ifx.modules.registry.domain.tests\bin\debug\net8.0\ifx.modules.registry.domain.tests.dll" id="042ca19f-8c08-d39d-caf4-15c4f2332442">
      <Execution id="11b236b1-75a0-4aff-a206-372cbcbdb06f" />
      <TestMethod codeBase="D:\IFX\tests\IFX.Modules.Registry.Domain.Tests\bin\Debug\net8.0\IFX.Modules.Registry.Domain.Tests.dll" adapterTypeName="executor://xunit/VsTestRunner2/netcoreapp" className="IFX.Modules.Registry.Domain.Tests.Entities.ProductTests" name="Create_WithInvalidCurrency_ThrowsArgumentException" />
    </UnitTest>
    <UnitTest name="IFX.Modules.Registry.Domain.Tests.Entities.FundTests.SetProduct_WithNull_ClearsProductId" storage="d:\ifx\tests\ifx.modules.registry.domain.tests\bin\debug\net8.0\ifx.modules.registry.domain.tests.dll" id="74ed8709-423c-550a-af2b-18362f2fb4a3">
      <Execution id="2d01a7b2-6f0b-4eeb-bc3f-b0773796bb86" />
      <TestMethod codeBase="D:\IFX\tests\IFX.Modules.Registry.Domain.Tests\bin\Debug\net8.0\IFX.Modules.Registry.Domain.Tests.dll" adapterTypeName="executor://xunit/VsTestRunner2/netcoreapp" className="IFX.Modules.Registry.Domain.Tests.Entities.FundTests" name="SetProduct_WithNull_ClearsProductId" />
    </UnitTest>
    <UnitTest name="IFX.Modules.Registry.Domain.Tests.Entities.ProductTests.Create_WithEmptyTenantId_ThrowsArgumentException" storage="d:\ifx\tests\ifx.modules.registry.domain.tests\bin\debug\net8.0\ifx.modules.registry.domain.tests.dll" id="a603fdb9-af52-08bc-dbe7-45ddb09d86cf">
      <Execution id="3c9390ee-fba0-4ab3-a1ae-0d6a431059b9" />
      <TestMethod codeBase="D:\IFX\tests\IFX.Modules.Registry.Domain.Tests\bin\Debug\net8.0\IFX.Modules.Registry.Domain.Tests.dll" adapterTypeName="executor://xunit/VsTestRunner2/netcoreapp" className="IFX.Modules.Registry.Domain.Tests.Entities.ProductTests" name="Create_WithEmptyTenantId_ThrowsArgumentException" />
    </UnitTest>
    <UnitTest name="IFX.Modules.Registry.Domain.Tests.Entities.ProductTests.Update_WithValidParameters_UpdatesFields" storage="d:\ifx\tests\ifx.modules.registry.domain.tests\bin\debug\net8.0\ifx.modules.registry.domain.tests.dll" id="7c147068-56c2-cdc7-f10c-06d0dc20a717">
      <Execution id="2556b77d-cded-49ce-bb2b-ffdb6c76f22c" />
      <TestMethod codeBase="D:\IFX\tests\IFX.Modules.Registry.Domain.Tests\bin\Debug\net8.0\IFX.Modules.Registry.Domain.Tests.dll" adapterTypeName="executor://xunit/VsTestRunner2/netcoreapp" className="IFX.Modules.Registry.Domain.Tests.Entities.ProductTests" name="Update_WithValidParameters_UpdatesFields" />
    </UnitTest>
    <UnitTest name="IFX.Modules.Registry.Domain.Tests.Entities.ProductTests.Create_WithEmptyProductName_ThrowsArgumentException(name: &quot;&quot;)" storage="d:\ifx\tests\ifx.modules.registry.domain.tests\bin\debug\net8.0\ifx.modules.registry.domain.tests.dll" id="33bb1c09-4e68-dac4-1112-a09d9b550b4f">
      <Execution id="ede7935e-d02d-4588-b008-5f7ff7febd64" />
      <TestMethod codeBase="D:\IFX\tests\IFX.Modules.Registry.Domain.Tests\bin\Debug\net8.0\IFX.Modules.Registry.Domain.Tests.dll" adapterTypeName="executor://xunit/VsTestRunner2/netcoreapp" className="IFX.Modules.Registry.Domain.Tests.Entities.ProductTests" name="Create_WithEmptyProductName_ThrowsArgumentException" />
    </UnitTest>
  </TestDefinitions>
  <TestEntries>
    <TestEntry testId="5a40e282-ca7b-68b0-5599-e1dfa5c8bdac" executionId="448df39f-43c6-4096-8f24-85da4b268140" testListId="8c84fa94-04c1-424b-9868-57a2d4851a1d" />
    <TestEntry testId="74ed8709-423c-550a-af2b-18362f2fb4a3" executionId="2d01a7b2-6f0b-4eeb-bc3f-b0773796bb86" testListId="8c84fa94-04c1-424b-9868-57a2d4851a1d" />
    <TestEntry testId="100e269d-b108-ca3c-18ff-df7633d8ea9e" executionId="a226f6db-6ee6-46d4-bf0d-22e437419d22" testListId="8c84fa94-04c1-424b-9868-57a2d4851a1d" />
    <TestEntry testId="a5eb8699-29dc-75d9-67fa-50719047c23d" executionId="90ed6cc9-bf0a-42e9-8d03-51e457127504" testListId="8c84fa94-04c1-424b-9868-57a2d4851a1d" />
    <TestEntry testId="9c719337-6e5b-6de0-43b7-062534a9164a" executionId="512c7307-8df9-4a72-aad8-54cd09f2776f" testListId="8c84fa94-04c1-424b-9868-57a2d4851a1d" />
    <TestEntry testId="c95a39c6-fbb3-487f-d8fe-198e9abf872f" executionId="06d9427f-6ece-4666-8315-d5f318a6d84f" testListId="8c84fa94-04c1-424b-9868-57a2d4851a1d" />
    <TestEntry testId="5cfe31d7-c019-b827-21cd-d7594010c6b3" executionId="d48b77e5-ff57-4ae5-8241-9a49f6ea6ff5" testListId="8c84fa94-04c1-424b-9868-57a2d4851a1d" />
    <TestEntry testId="f0891759-7874-9efb-1162-48d2e76fac20" executionId="c9747fb2-526c-487a-993b-ea5283d49961" testListId="8c84fa94-04c1-424b-9868-57a2d4851a1d" />
    <TestEntry testId="59923fa5-2e5c-a720-aa56-96d877ba348d" executionId="2756ab53-635e-4d43-b724-b55c232d683f" testListId="8c84fa94-04c1-424b-9868-57a2d4851a1d" />
    <TestEntry testId="6ef1634f-6b61-96a4-3568-70d873eb94d0" executionId="8fadfdc1-e9da-4f89-bd03-619400309910" testListId="8c84fa94-04c1-424b-9868-57a2d4851a1d" />
    <TestEntry testId="e59e9a9b-1f1c-2c65-1f9e-ed46f3ee6fed" executionId="93c04f27-4519-4715-a1f9-991e94f1a450" testListId="8c84fa94-04c1-424b-9868-57a2d4851a1d" />
    <TestEntry testId="042ca19f-8c08-d39d-caf4-15c4f2332442" executionId="11b236b1-75a0-4aff-a206-372cbcbdb06f" testListId="8c84fa94-04c1-424b-9868-57a2d4851a1d" />
    <TestEntry testId="38c78b65-ebc6-2c89-9192-867802a37e0d" executionId="3cd5d87a-c44e-4a02-a7cc-3f06547352c8" testListId="8c84fa94-04c1-424b-9868-57a2d4851a1d" />
    <TestEntry testId="fe7bc7fc-eb2c-7184-876a-46c46f907434" executionId="53c6ec12-2f55-4797-beab-88b2a8ec7649" testListId="8c84fa94-04c1-424b-9868-57a2d4851a1d" />
    <TestEntry testId="7a9cf2f4-1e88-fbc2-0303-7d1c148c8fe0" executionId="af317aa0-af57-4f4f-bd9a-ac0865fdfa38" testListId="8c84fa94-04c1-424b-9868-57a2d4851a1d" />
    <TestEntry testId="bb39f86b-da6c-a20a-fe42-2facf1b6e81d" executionId="6f31add4-dcdd-4a99-a63d-e7051b8b8e00" testListId="8c84fa94-04c1-424b-9868-57a2d4851a1d" />
    <TestEntry testId="27517645-be45-8ba9-699c-10942dfe8390" executionId="bdd2e179-c24c-47bc-a8ba-2d713f40f842" testListId="8c84fa94-04c1-424b-9868-57a2d4851a1d" />
    <TestEntry testId="0b7a4201-020e-768b-1843-938fd8803f60" executionId="82f51f43-85ee-47af-8200-5ffbf978250d" testListId="8c84fa94-04c1-424b-9868-57a2d4851a1d" />
    <TestEntry testId="d8bd12e7-da30-c1f7-6e96-bda6ea299c4a" executionId="9e277631-7037-4eee-86aa-55ee4e69dc74" testListId="8c84fa94-04c1-424b-9868-57a2d4851a1d" />
    <TestEntry testId="f7d59517-4e16-6f3a-9462-635e84211639" executionId="30ad621f-e9a0-432a-99b6-cab16f0c1d96" testListId="8c84fa94-04c1-424b-9868-57a2d4851a1d" />
    <TestEntry testId="1048bd80-71ce-75e1-96ae-23c445ec1ef9" executionId="6c123f00-7fd7-42ec-9d44-422db7234512" testListId="8c84fa94-04c1-424b-9868-57a2d4851a1d" />
    <TestEntry testId="4241ca7e-a1d7-d87b-c4b2-c678e66cc5a4" executionId="e2ba74c7-be8b-499c-b0b9-e1299af881c5" testListId="8c84fa94-04c1-424b-9868-57a2d4851a1d" />
    <TestEntry testId="aad8d242-c831-9b56-1362-b179481ade33" executionId="4741734c-bfe0-454b-a1a5-7ca35c8b9731" testListId="8c84fa94-04c1-424b-9868-57a2d4851a1d" />
    <TestEntry testId="ad4122dd-be21-0650-f899-46f45a4c35b0" executionId="d7a37daa-7c2c-46f2-a3fb-a5a3aeffaa3c" testListId="8c84fa94-04c1-424b-9868-57a2d4851a1d" />
    <TestEntry testId="81edc6aa-4723-ac81-3042-3d7b291626f3" executionId="5a11c161-3afd-4996-9fb1-bdf779e7de37" testListId="8c84fa94-04c1-424b-9868-57a2d4851a1d" />
    <TestEntry testId="98c483e6-a3c1-bbe9-7cfb-868d6b4fb6cc" executionId="033d02ee-c5fc-4e60-851b-cd3ba8ea7f9c" testListId="8c84fa94-04c1-424b-9868-57a2d4851a1d" />
    <TestEntry testId="0e9f3876-98f1-d5aa-6e34-de116e012b1c" executionId="d4bee236-5dff-446f-be0d-c9b06a0942a4" testListId="8c84fa94-04c1-424b-9868-57a2d4851a1d" />
    <TestEntry testId="ffb40986-ba68-80ff-fb9d-be8623babac9" executionId="689f6703-e1bc-4bfc-b99b-7b965f455593" testListId="8c84fa94-04c1-424b-9868-57a2d4851a1d" />
    <TestEntry testId="7c147068-56c2-cdc7-f10c-06d0dc20a717" executionId="2556b77d-cded-49ce-bb2b-ffdb6c76f22c" testListId="8c84fa94-04c1-424b-9868-57a2d4851a1d" />
    <TestEntry testId="97b8c46f-b1d9-d572-ba02-726c61ff6360" executionId="f7b292d9-7a28-436d-b549-6efab9581535" testListId="8c84fa94-04c1-424b-9868-57a2d4851a1d" />
    <TestEntry testId="34691cbf-adec-b883-4dba-15232b260598" executionId="799e77d9-d56c-4610-a7be-ad848fe01c5e" testListId="8c84fa94-04c1-424b-9868-57a2d4851a1d" />
    <TestEntry testId="1c15d3bf-5d3e-48c4-c247-1918ac7f77e0" executionId="0886d070-a8b8-4502-a4c6-75efa29e2245" testListId="8c84fa94-04c1-424b-9868-57a2d4851a1d" />
    <TestEntry testId="cfa050f6-ba6e-d51c-5b49-31e52f583286" executionId="cb05bcc7-c60c-4b82-af63-fd79be9bb5eb" testListId="8c84fa94-04c1-424b-9868-57a2d4851a1d" />
    <TestEntry testId="59103459-5d6c-d31f-65e2-446f840008c8" executionId="14567f52-9373-4370-8497-cf77cd6374d4" testListId="8c84fa94-04c1-424b-9868-57a2d4851a1d" />
    <TestEntry testId="5e29c27e-fc95-cf1e-41b6-bb4a855540ab" executionId="f772d908-9f13-4765-b280-e89f81d49e4a" testListId="8c84fa94-04c1-424b-9868-57a2d4851a1d" />
    <TestEntry testId="1596099e-c8a2-c77a-7813-17f87103112a" executionId="c5f5d24c-bcf9-48f9-89b6-6ad41f9fc88d" testListId="8c84fa94-04c1-424b-9868-57a2d4851a1d" />
    <TestEntry testId="e056ac3a-ae2a-af84-c039-9f1831c1a1b8" executionId="be8c09c2-1f21-43a5-96c0-ac2d270898c2" testListId="8c84fa94-04c1-424b-9868-57a2d4851a1d" />
    <TestEntry testId="840632e3-bad0-0f20-cb02-33ce0d0fff1c" executionId="86ce9b28-df98-4283-80cb-e7f317e793da" testListId="8c84fa94-04c1-424b-9868-57a2d4851a1d" />
    <TestEntry testId="a603fdb9-af52-08bc-dbe7-45ddb09d86cf" executionId="3c9390ee-fba0-4ab3-a1ae-0d6a431059b9" testListId="8c84fa94-04c1-424b-9868-57a2d4851a1d" />
    <TestEntry testId="747648b2-4ed1-ea80-0885-c3e9a0d62bf6" executionId="b258bfae-b18f-4f1b-81d6-31c61d1a4ef2" testListId="8c84fa94-04c1-424b-9868-57a2d4851a1d" />
    <TestEntry testId="97777d81-f2ac-9fc0-cf93-5b5d96bca00b" executionId="dfa34819-2b40-49d6-96cd-ade04b61e60a" testListId="8c84fa94-04c1-424b-9868-57a2d4851a1d" />
    <TestEntry testId="7cce6ffd-04d2-0408-b719-3649d74d5072" executionId="911db7ec-deaa-4073-be73-0f515e5e1464" testListId="8c84fa94-04c1-424b-9868-57a2d4851a1d" />
    <TestEntry testId="0ceb0eca-86f7-5daa-7fa7-2d50f7b02972" executionId="4a50cfb2-7e56-44c8-bdc3-987be56eff9c" testListId="8c84fa94-04c1-424b-9868-57a2d4851a1d" />
    <TestEntry testId="90254901-414b-aea1-14bd-b83ebe7d41ee" executionId="a8305fd2-2202-46c8-a1ff-ad1ee0b194b5" testListId="8c84fa94-04c1-424b-9868-57a2d4851a1d" />
    <TestEntry testId="5dff0556-406b-2498-8f06-dfdba9ff228e" executionId="f4abba13-adf6-41ef-ac7a-a8bc19580114" testListId="8c84fa94-04c1-424b-9868-57a2d4851a1d" />
    <TestEntry testId="33bb1c09-4e68-dac4-1112-a09d9b550b4f" executionId="ede7935e-d02d-4588-b008-5f7ff7febd64" testListId="8c84fa94-04c1-424b-9868-57a2d4851a1d" />
    <TestEntry testId="bdb51092-8ffb-da97-8d5c-573dd037e0b5" executionId="11cd36cb-c892-4797-8242-f24829bcbd22" testListId="8c84fa94-04c1-424b-9868-57a2d4851a1d" />
    <TestEntry testId="db3e26de-4369-6ae0-7164-66ffc41281dc" executionId="ad540444-0e7c-4e1a-ae54-a898c0a0b488" testListId="8c84fa94-04c1-424b-9868-57a2d4851a1d" />
  </TestEntries>
  <TestLists>
    <TestList name="Results Not in a List" id="8c84fa94-04c1-424b-9868-57a2d4851a1d" />
    <TestList name="All Loaded Results" id="19431567-8539-422a-85d7-44ee4e166bda" />
  </TestLists>
  <ResultSummary outcome="Completed">
    <Counters total="48" executed="48" passed="48" failed="0" error="0" timeout="0" aborted="0" inconclusive="0" passedButRunAborted="0" notRunnable="0" notExecuted="0" disconnected="0" warning="0" completed="0" inProgress="0" pending="0" />
    <Output>
      <StdOut>[xUnit.net 00:00:00.00] xUnit.net VSTest Adapter v2.8.2+699d445a1a (64-bit .NET 8.0.28)&#xD;
[xUnit.net 00:00:00.07]   Discovering: IFX.Modules.Registry.Domain.Tests&#xD;
[xUnit.net 00:00:00.19]   Discovered:  IFX.Modules.Registry.Domain.Tests&#xD;
[xUnit.net 00:00:00.19]   Starting:    IFX.Modules.Registry.Domain.Tests&#xD;
[xUnit.net 00:00:00.31]   Finished:    IFX.Modules.Registry.Domain.Tests&#xD;
</StdOut>
    </Output>
  </ResultSummary>
</TestRun>