<?xml version="1.0" encoding="utf-8"?>
<TestRun id="5be3cc85-5c23-454b-aba4-253872627b50" name="von12@DESKTOP-OVPKDKR 2026-09-15 10:40:11" runUser="DESKTOP-OVPKDKR\von12" xmlns="http://microsoft.com/schemas/VisualStudio/TeamTest/2010">
  <Times creation="2026-09-15T10:40:11.3230463+10:00" queuing="2026-09-15T10:40:11.3230466+10:00" start="2026-09-15T10:40:07.3162793+10:00" finish="2026-09-15T10:40:11.3745400+10:00" />
  <TestSettings name="default" id="c6de7e2e-63e7-4f7b-8b8c-16a854bd281f">
    <Deployment runDeploymentRoot="von12_DESKTOP-OVPKDKR_2026-09-15_10_40_11" />
  </TestSettings>
  <Results>
    <UnitTestResult executionId="c9727d97-d4fb-4d03-8daf-4fe6839e90e8" testId="f4bea2ea-c2d4-cc53-b1eb-35d9408de4ab" testName="IFX.BuildingBlocks.Application.Tests.PipelineRegistrationTests.Duplicate_pipeline_registration_fails_fast" computerName="DESKTOP-OVPKDKR" duration="00:00:00.0093271" startTime="2026-09-15T10:40:11.0892964+10:00" endTime="2026-09-15T10:40:11.0892967+10:00" testType="13cdc9d9-ddb5-4fa4-a97d-d965ccfc6d4b" outcome="Passed" testListId="8c84fa94-04c1-424b-9868-57a2d4851a1d" relativeResultsDirectory="c9727d97-d4fb-4d03-8daf-4fe6839e90e8" />
    <UnitTestResult executionId="399b72b5-cec6-4da6-937a-03cca0b7b8cd" testId="16ffa648-d159-5219-cd02-e79e3bd9ebc7" testName="IFX.BuildingBlocks.Application.Tests.TransactionBehaviorTests.Deferred_failure_discards_without_persisting_or_dispatching" computerName="DESKTOP-OVPKDKR" duration="00:00:00.0032552" startTime="2026-09-15T10:40:11.2998164+10:00" endTime="2026-09-15T10:40:11.2998164+10:00" testType="13cdc9d9-ddb5-4fa4-a97d-d965ccfc6d4b" outcome="Passed" testListId="8c84fa94-04c1-424b-9868-57a2d4851a1d" relativeResultsDirectory="399b72b5-cec6-4da6-937a-03cca0b7b8cd" />
    <UnitTestResult executionId="4df1a018-c2cc-4a6f-8b68-514392c5de0f" testId="ed5cf2bd-a2a2-7906-55a6-94d9d879d249" testName="IFX.BuildingBlocks.Application.Tests.TransactionBehaviorTests.Resolution_failure_happens_before_handler_execution" computerName="DESKTOP-OVPKDKR" duration="00:00:00.0021274" startTime="2026-09-15T10:40:11.2996000+10:00" endTime="2026-09-15T10:40:11.2996001+10:00" testType="13cdc9d9-ddb5-4fa4-a97d-d965ccfc6d4b" outcome="Passed" testListId="8c84fa94-04c1-424b-9868-57a2d4851a1d" relativeResultsDirectory="4df1a018-c2cc-4a6f-8b68-514392c5de0f" />
    <UnitTestResult executionId="bfbddb0b-eb11-4389-9cdf-0bbf8746a68f" testId="2848297a-99d4-7d95-dc1d-313d44bde111" testName="IFX.BuildingBlocks.Application.Tests.TransactionBehaviorTests.Cancellation_propagates_without_becoming_a_failure_result" computerName="DESKTOP-OVPKDKR" duration="00:00:00.0017260" startTime="2026-09-15T10:40:11.2998496+10:00" endTime="2026-09-15T10:40:11.2998496+10:00" testType="13cdc9d9-ddb5-4fa4-a97d-d965ccfc6d4b" outcome="Passed" testListId="8c84fa94-04c1-424b-9868-57a2d4851a1d" relativeResultsDirectory="bfbddb0b-eb11-4389-9cdf-0bbf8746a68f" />
    <UnitTestResult executionId="a01fc510-08bb-45a5-b36b-765532f75cb2" testId="15a4c098-4916-5c48-8d46-65732cd11c95" testName="IFX.BuildingBlocks.Application.Tests.PipelineRegistrationTests.Registers_each_shared_behavior_once_in_the_required_order" computerName="DESKTOP-OVPKDKR" duration="00:00:00.2915329" startTime="2026-09-15T10:40:11.0802292+10:00" endTime="2026-09-15T10:40:11.0802395+10:00" testType="13cdc9d9-ddb5-4fa4-a97d-d965ccfc6d4b" outcome="Passed" testListId="8c84fa94-04c1-424b-9868-57a2d4851a1d" relativeResultsDirectory="a01fc510-08bb-45a5-b36b-765532f75cb2" />
    <UnitTestResult executionId="d388bfd4-b2ab-4171-bd49-6ce1beeae45a" testId="0b6c1a49-80df-a04f-72d0-648a04160c76" testName="IFX.BuildingBlocks.Application.Tests.TransactionBehaviorTests.Query_bypasses_transaction_resolution" computerName="DESKTOP-OVPKDKR" duration="00:00:00.0022529" startTime="2026-09-15T10:40:11.2999035+10:00" endTime="2026-09-15T10:40:11.2999035+10:00" testType="13cdc9d9-ddb5-4fa4-a97d-d965ccfc6d4b" outcome="Passed" testListId="8c84fa94-04c1-424b-9868-57a2d4851a1d" relativeResultsDirectory="d388bfd4-b2ab-4171-bd49-6ce1beeae45a" />
    <UnitTestResult executionId="c12693dd-da02-468c-88d7-a48392dbc42a" testId="e29c5af5-0db9-1cf4-288b-ace76e994052" testName="IFX.BuildingBlocks.Application.Tests.TransactionBehaviorTests.Inbox_profile_runs_handler_and_participant_inside_atomic_transaction" computerName="DESKTOP-OVPKDKR" duration="00:00:00.0026476" startTime="2026-09-15T10:40:11.2997546+10:00" endTime="2026-09-15T10:40:11.2997547+10:00" testType="13cdc9d9-ddb5-4fa4-a97d-d965ccfc6d4b" outcome="Passed" testListId="8c84fa94-04c1-424b-9868-57a2d4851a1d" relativeResultsDirectory="c12693dd-da02-468c-88d7-a48392dbc42a" />
    <UnitTestResult executionId="26910306-2ed3-4fb5-983f-024f43c7b2f4" testId="9c7de85e-ca84-f030-fc5a-32bd01a4b636" testName="IFX.BuildingBlocks.Application.Tests.TransactionBehaviorTests.Persistence_retry_reprepares_records_without_rerunning_handler_or_dispatch" computerName="DESKTOP-OVPKDKR" duration="00:00:00.0016027" startTime="2026-09-15T10:40:11.2998775+10:00" endTime="2026-09-15T10:40:11.2998776+10:00" testType="13cdc9d9-ddb5-4fa4-a97d-d965ccfc6d4b" outcome="Passed" testListId="8c84fa94-04c1-424b-9868-57a2d4851a1d" relativeResultsDirectory="26910306-2ed3-4fb5-983f-024f43c7b2f4" />
    <UnitTestResult executionId="db79261f-0fe3-4541-9c8a-60c87347670e" testId="8b471223-5818-ee58-d463-b1cff451060c" testName="IFX.BuildingBlocks.Application.Tests.PipelineRegistrationTests.Multiple_executors_for_one_owner_fail_fast" computerName="DESKTOP-OVPKDKR" duration="00:00:00.1538425" startTime="2026-09-15T10:40:11.2435601+10:00" endTime="2026-09-15T10:40:11.2435605+10:00" testType="13cdc9d9-ddb5-4fa4-a97d-d965ccfc6d4b" outcome="Passed" testListId="8c84fa94-04c1-424b-9868-57a2d4851a1d" relativeResultsDirectory="db79261f-0fe3-4541-9c8a-60c87347670e" />
    <UnitTestResult executionId="0739f0f1-089e-4cbc-98fc-88b91f28444f" testId="393533ca-56cc-a72a-4ec4-f4cd4a7de71e" testName="IFX.BuildingBlocks.Application.Tests.TransactionBehaviorTests.Unexpected_exception_propagates_and_clears_pending_events" computerName="DESKTOP-OVPKDKR" duration="00:00:00.4869293" startTime="2026-09-15T10:40:11.2696088+10:00" endTime="2026-09-15T10:40:11.2696093+10:00" testType="13cdc9d9-ddb5-4fa4-a97d-d965ccfc6d4b" outcome="Passed" testListId="8c84fa94-04c1-424b-9868-57a2d4851a1d" relativeResultsDirectory="0739f0f1-089e-4cbc-98fc-88b91f28444f" />
    <UnitTestResult executionId="71fc8a16-c557-4d73-aaf5-528da11836cc" testId="40a4e802-f9c6-e74a-8791-e4ee6fa0114b" testName="IFX.BuildingBlocks.Application.Tests.TransactionBehaviorTests.Inbox_failure_rolls_back_semantically_and_does_not_dispatch" computerName="DESKTOP-OVPKDKR" duration="00:00:00.0011145" startTime="2026-09-15T10:40:11.2997805+10:00" endTime="2026-09-15T10:40:11.2997805+10:00" testType="13cdc9d9-ddb5-4fa4-a97d-d965ccfc6d4b" outcome="Passed" testListId="8c84fa94-04c1-424b-9868-57a2d4851a1d" relativeResultsDirectory="71fc8a16-c557-4d73-aaf5-528da11836cc" />
    <UnitTestResult executionId="8d26f907-0d31-42e0-90f8-7d30b2bf0a32" testId="068c6790-17be-9f9a-dbc0-a6904160224a" testName="IFX.BuildingBlocks.Application.Tests.TransactionBehaviorTests.Deferred_success_persists_once_then_dispatches" computerName="DESKTOP-OVPKDKR" duration="00:00:00.0029205" startTime="2026-09-15T10:40:11.2997248+10:00" endTime="2026-09-15T10:40:11.2997248+10:00" testType="13cdc9d9-ddb5-4fa4-a97d-d965ccfc6d4b" outcome="Passed" testListId="8c84fa94-04c1-424b-9868-57a2d4851a1d" relativeResultsDirectory="8d26f907-0d31-42e0-90f8-7d30b2bf0a32" />
  </Results>
  <TestDefinitions>
    <UnitTest name="IFX.BuildingBlocks.Application.Tests.TransactionBehaviorTests.Cancellation_propagates_without_becoming_a_failure_result" storage="d:\ifx\tests\ifx.buildingblocks.application.tests\bin\debug\net8.0\ifx.buildingblocks.application.tests.dll" id="2848297a-99d4-7d95-dc1d-313d44bde111">
      <Execution id="bfbddb0b-eb11-4389-9cdf-0bbf8746a68f" />
      <TestMethod codeBase="D:\IFX\tests\IFX.BuildingBlocks.Application.Tests\bin\Debug\net8.0\IFX.BuildingBlocks.Application.Tests.dll" adapterTypeName="executor://xunit/VsTestRunner2/netcoreapp" className="IFX.BuildingBlocks.Application.Tests.TransactionBehaviorTests" name="Cancellation_propagates_without_becoming_a_failure_result" />
    </UnitTest>
    <UnitTest name="IFX.BuildingBlocks.Application.Tests.TransactionBehaviorTests.Deferred_failure_discards_without_persisting_or_dispatching" storage="d:\ifx\tests\ifx.buildingblocks.application.tests\bin\debug\net8.0\ifx.buildingblocks.application.tests.dll" id="16ffa648-d159-5219-cd02-e79e3bd9ebc7">
      <Execution id="399b72b5-cec6-4da6-937a-03cca0b7b8cd" />
      <TestMethod codeBase="D:\IFX\tests\IFX.BuildingBlocks.Application.Tests\bin\Debug\net8.0\IFX.BuildingBlocks.Application.Tests.dll" adapterTypeName="executor://xunit/VsTestRunner2/netcoreapp" className="IFX.BuildingBlocks.Application.Tests.TransactionBehaviorTests" name="Deferred_failure_discards_without_persisting_or_dispatching" />
    </UnitTest>
    <UnitTest name="IFX.BuildingBlocks.Application.Tests.TransactionBehaviorTests.Inbox_profile_runs_handler_and_participant_inside_atomic_transaction" storage="d:\ifx\tests\ifx.buildingblocks.application.tests\bin\debug\net8.0\ifx.buildingblocks.application.tests.dll" id="e29c5af5-0db9-1cf4-288b-ace76e994052">
      <Execution id="c12693dd-da02-468c-88d7-a48392dbc42a" />
      <TestMethod codeBase="D:\IFX\tests\IFX.BuildingBlocks.Application.Tests\bin\Debug\net8.0\IFX.BuildingBlocks.Application.Tests.dll" adapterTypeName="executor://xunit/VsTestRunner2/netcoreapp" className="IFX.BuildingBlocks.Application.Tests.TransactionBehaviorTests" name="Inbox_profile_runs_handler_and_participant_inside_atomic_transaction" />
    </UnitTest>
    <UnitTest name="IFX.BuildingBlocks.Application.Tests.TransactionBehaviorTests.Resolution_failure_happens_before_handler_execution" storage="d:\ifx\tests\ifx.buildingblocks.application.tests\bin\debug\net8.0\ifx.buildingblocks.application.tests.dll" id="ed5cf2bd-a2a2-7906-55a6-94d9d879d249">
      <Execution id="4df1a018-c2cc-4a6f-8b68-514392c5de0f" />
      <TestMethod codeBase="D:\IFX\tests\IFX.BuildingBlocks.Application.Tests\bin\Debug\net8.0\IFX.BuildingBlocks.Application.Tests.dll" adapterTypeName="executor://xunit/VsTestRunner2/netcoreapp" className="IFX.BuildingBlocks.Application.Tests.TransactionBehaviorTests" name="Resolution_failure_happens_before_handler_execution" />
    </UnitTest>
    <UnitTest name="IFX.BuildingBlocks.Application.Tests.TransactionBehaviorTests.Query_bypasses_transaction_resolution" storage="d:\ifx\tests\ifx.buildingblocks.application.tests\bin\debug\net8.0\ifx.buildingblocks.application.tests.dll" id="0b6c1a49-80df-a04f-72d0-648a04160c76">
      <Execution id="d388bfd4-b2ab-4171-bd49-6ce1beeae45a" />
      <TestMethod codeBase="D:\IFX\tests\IFX.BuildingBlocks.Application.Tests\bin\Debug\net8.0\IFX.BuildingBlocks.Application.Tests.dll" adapterTypeName="executor://xunit/VsTestRunner2/netcoreapp" className="IFX.BuildingBlocks.Application.Tests.TransactionBehaviorTests" name="Query_bypasses_transaction_resolution" />
    </UnitTest>
    <UnitTest name="IFX.BuildingBlocks.Application.Tests.PipelineRegistrationTests.Registers_each_shared_behavior_once_in_the_required_order" storage="d:\ifx\tests\ifx.buildingblocks.application.tests\bin\debug\net8.0\ifx.buildingblocks.application.tests.dll" id="15a4c098-4916-5c48-8d46-65732cd11c95">
      <Execution id="a01fc510-08bb-45a5-b36b-765532f75cb2" />
      <TestMethod codeBase="D:\IFX\tests\IFX.BuildingBlocks.Application.Tests\bin\Debug\net8.0\IFX.BuildingBlocks.Application.Tests.dll" adapterTypeName="executor://xunit/VsTestRunner2/netcoreapp" className="IFX.BuildingBlocks.Application.Tests.PipelineRegistrationTests" name="Registers_each_shared_behavior_once_in_the_required_order" />
    </UnitTest>
    <UnitTest name="IFX.BuildingBlocks.Application.Tests.TransactionBehaviorTests.Persistence_retry_reprepares_records_without_rerunning_handler_or_dispatch" storage="d:\ifx\tests\ifx.buildingblocks.application.tests\bin\debug\net8.0\ifx.buildingblocks.application.tests.dll" id="9c7de85e-ca84-f030-fc5a-32bd01a4b636">
      <Execution id="26910306-2ed3-4fb5-983f-024f43c7b2f4" />
      <TestMethod codeBase="D:\IFX\tests\IFX.BuildingBlocks.Application.Tests\bin\Debug\net8.0\IFX.BuildingBlocks.Application.Tests.dll" adapterTypeName="executor://xunit/VsTestRunner2/netcoreapp" className="IFX.BuildingBlocks.Application.Tests.TransactionBehaviorTests" name="Persistence_retry_reprepares_records_without_rerunning_handler_or_dispatch" />
    </UnitTest>
    <UnitTest name="IFX.BuildingBlocks.Application.Tests.TransactionBehaviorTests.Deferred_success_persists_once_then_dispatches" storage="d:\ifx\tests\ifx.buildingblocks.application.tests\bin\debug\net8.0\ifx.buildingblocks.application.tests.dll" id="068c6790-17be-9f9a-dbc0-a6904160224a">
      <Execution id="8d26f907-0d31-42e0-90f8-7d30b2bf0a32" />
      <TestMethod codeBase="D:\IFX\tests\IFX.BuildingBlocks.Application.Tests\bin\Debug\net8.0\IFX.BuildingBlocks.Application.Tests.dll" adapterTypeName="executor://xunit/VsTestRunner2/netcoreapp" className="IFX.BuildingBlocks.Application.Tests.TransactionBehaviorTests" name="Deferred_success_persists_once_then_dispatches" />
    </UnitTest>
    <UnitTest name="IFX.BuildingBlocks.Application.Tests.TransactionBehaviorTests.Inbox_failure_rolls_back_semantically_and_does_not_dispatch" storage="d:\ifx\tests\ifx.buildingblocks.application.tests\bin\debug\net8.0\ifx.buildingblocks.application.tests.dll" id="40a4e802-f9c6-e74a-8791-e4ee6fa0114b">
      <Execution id="71fc8a16-c557-4d73-aaf5-528da11836cc" />
      <TestMethod codeBase="D:\IFX\tests\IFX.BuildingBlocks.Application.Tests\bin\Debug\net8.0\IFX.BuildingBlocks.Application.Tests.dll" adapterTypeName="executor://xunit/VsTestRunner2/netcoreapp" className="IFX.BuildingBlocks.Application.Tests.TransactionBehaviorTests" name="Inbox_failure_rolls_back_semantically_and_does_not_dispatch" />
    </UnitTest>
    <UnitTest name="IFX.BuildingBlocks.Application.Tests.PipelineRegistrationTests.Duplicate_pipeline_registration_fails_fast" storage="d:\ifx\tests\ifx.buildingblocks.application.tests\bin\debug\net8.0\ifx.buildingblocks.application.tests.dll" id="f4bea2ea-c2d4-cc53-b1eb-35d9408de4ab">
      <Execution id="c9727d97-d4fb-4d03-8daf-4fe6839e90e8" />
      <TestMethod codeBase="D:\IFX\tests\IFX.BuildingBlocks.Application.Tests\bin\Debug\net8.0\IFX.BuildingBlocks.Application.Tests.dll" adapterTypeName="executor://xunit/VsTestRunner2/netcoreapp" className="IFX.BuildingBlocks.Application.Tests.PipelineRegistrationTests" name="Duplicate_pipeline_registration_fails_fast" />
    </UnitTest>
    <UnitTest name="IFX.BuildingBlocks.Application.Tests.PipelineRegistrationTests.Multiple_executors_for_one_owner_fail_fast" storage="d:\ifx\tests\ifx.buildingblocks.application.tests\bin\debug\net8.0\ifx.buildingblocks.application.tests.dll" id="8b471223-5818-ee58-d463-b1cff451060c">
      <Execution id="db79261f-0fe3-4541-9c8a-60c87347670e" />
      <TestMethod codeBase="D:\IFX\tests\IFX.BuildingBlocks.Application.Tests\bin\Debug\net8.0\IFX.BuildingBlocks.Application.Tests.dll" adapterTypeName="executor://xunit/VsTestRunner2/netcoreapp" className="IFX.BuildingBlocks.Application.Tests.PipelineRegistrationTests" name="Multiple_executors_for_one_owner_fail_fast" />
    </UnitTest>
    <UnitTest name="IFX.BuildingBlocks.Application.Tests.TransactionBehaviorTests.Unexpected_exception_propagates_and_clears_pending_events" storage="d:\ifx\tests\ifx.buildingblocks.application.tests\bin\debug\net8.0\ifx.buildingblocks.application.tests.dll" id="393533ca-56cc-a72a-4ec4-f4cd4a7de71e">
      <Execution id="0739f0f1-089e-4cbc-98fc-88b91f28444f" />
      <TestMethod codeBase="D:\IFX\tests\IFX.BuildingBlocks.Application.Tests\bin\Debug\net8.0\IFX.BuildingBlocks.Application.Tests.dll" adapterTypeName="executor://xunit/VsTestRunner2/netcoreapp" className="IFX.BuildingBlocks.Application.Tests.TransactionBehaviorTests" name="Unexpected_exception_propagates_and_clears_pending_events" />
    </UnitTest>
  </TestDefinitions>
  <TestEntries>
    <TestEntry testId="f4bea2ea-c2d4-cc53-b1eb-35d9408de4ab" executionId="c9727d97-d4fb-4d03-8daf-4fe6839e90e8" testListId="8c84fa94-04c1-424b-9868-57a2d4851a1d" />
    <TestEntry testId="16ffa648-d159-5219-cd02-e79e3bd9ebc7" executionId="399b72b5-cec6-4da6-937a-03cca0b7b8cd" testListId="8c84fa94-04c1-424b-9868-57a2d4851a1d" />
    <TestEntry testId="ed5cf2bd-a2a2-7906-55a6-94d9d879d249" executionId="4df1a018-c2cc-4a6f-8b68-514392c5de0f" testListId="8c84fa94-04c1-424b-9868-57a2d4851a1d" />
    <TestEntry testId="2848297a-99d4-7d95-dc1d-313d44bde111" executionId="bfbddb0b-eb11-4389-9cdf-0bbf8746a68f" testListId="8c84fa94-04c1-424b-9868-57a2d4851a1d" />
    <TestEntry testId="15a4c098-4916-5c48-8d46-65732cd11c95" executionId="a01fc510-08bb-45a5-b36b-765532f75cb2" testListId="8c84fa94-04c1-424b-9868-57a2d4851a1d" />
    <TestEntry testId="0b6c1a49-80df-a04f-72d0-648a04160c76" executionId="d388bfd4-b2ab-4171-bd49-6ce1beeae45a" testListId="8c84fa94-04c1-424b-9868-57a2d4851a1d" />
    <TestEntry testId="e29c5af5-0db9-1cf4-288b-ace76e994052" executionId="c12693dd-da02-468c-88d7-a48392dbc42a" testListId="8c84fa94-04c1-424b-9868-57a2d4851a1d" />
    <TestEntry testId="9c7de85e-ca84-f030-fc5a-32bd01a4b636" executionId="26910306-2ed3-4fb5-983f-024f43c7b2f4" testListId="8c84fa94-04c1-424b-9868-57a2d4851a1d" />
    <TestEntry testId="8b471223-5818-ee58-d463-b1cff451060c" executionId="db79261f-0fe3-4541-9c8a-60c87347670e" testListId="8c84fa94-04c1-424b-9868-57a2d4851a1d" />
    <TestEntry testId="393533ca-56cc-a72a-4ec4-f4cd4a7de71e" executionId="0739f0f1-089e-4cbc-98fc-88b91f28444f" testListId="8c84fa94-04c1-424b-9868-57a2d4851a1d" />
    <TestEntry testId="40a4e802-f9c6-e74a-8791-e4ee6fa0114b" executionId="71fc8a16-c557-4d73-aaf5-528da11836cc" testListId="8c84fa94-04c1-424b-9868-57a2d4851a1d" />
    <TestEntry testId="068c6790-17be-9f9a-dbc0-a6904160224a" executionId="8d26f907-0d31-42e0-90f8-7d30b2bf0a32" testListId="8c84fa94-04c1-424b-9868-57a2d4851a1d" />
  </TestEntries>
  <TestLists>
    <TestList name="Results Not in a List" id="8c84fa94-04c1-424b-9868-57a2d4851a1d" />
    <TestList name="All Loaded Results" id="19431567-8539-422a-85d7-44ee4e166bda" />
  </TestLists>
  <ResultSummary outcome="Completed">
    <Counters total="12" executed="12" passed="12" failed="0" error="0" timeout="0" aborted="0" inconclusive="0" passedButRunAborted="0" notRunnable="0" notExecuted="0" disconnected="0" warning="0" completed="0" inProgress="0" pending="0" />
    <Output>
      <StdOut>[xUnit.net 00:00:00.00] xUnit.net VSTest Adapter v2.8.2+699d445a1a (64-bit .NET 8.0.28)&#xD;
[xUnit.net 00:00:00.80]   Discovering: IFX.BuildingBlocks.Application.Tests&#xD;
[xUnit.net 00:00:00.88]   Discovered:  IFX.BuildingBlocks.Application.Tests&#xD;
[xUnit.net 00:00:00.88]   Starting:    IFX.BuildingBlocks.Application.Tests&#xD;
[xUnit.net 00:00:01.47]   Finished:    IFX.BuildingBlocks.Application.Tests&#xD;
</StdOut>
    </Output>
  </ResultSummary>
</TestRun>